[2025-08-07T00:23:41.074+0000] {processor.py:153} INFO - Started process (PID=2847) to work on /opt/airflow/dags/count.py
[2025-08-07T00:23:41.075+0000] {processor.py:743} INFO - Processing file /opt/airflow/dags/count.py for tasks to queue
[2025-08-07T00:23:41.076+0000] {logging_mixin.py:137} INFO - [2025-08-07T00:23:41.076+0000] {dagbag.py:538} INFO - Filling up the DagBag from /opt/airflow/dags/count.py
[2025-08-07T00:23:41.098+0000] {processor.py:753} INFO - DAG(s) dict_keys(['number_counting_dag']) retrieved from /opt/airflow/dags/count.py
[2025-08-07T00:23:41.127+0000] {logging_mixin.py:137} INFO - [2025-08-07T00:23:41.127+0000] {dag.py:2676} INFO - Sync 1 DAGs
[2025-08-07T00:23:41.144+0000] {logging_mixin.py:137} INFO - [2025-08-07T00:23:41.144+0000] {dag.py:3427} INFO - Setting next_dagrun for number_counting_dag to 2025-08-06T15:34:39.195887+00:00, run_after=2025-08-07T15:34:39.195887+00:00
[2025-08-07T00:23:41.153+0000] {processor.py:175} INFO - Processing /opt/airflow/dags/count.py took 0.083 seconds
[2025-08-07T01:45:25.489+0000] {processor.py:153} INFO - Started process (PID=2881) to work on /opt/airflow/dags/count.py
[2025-08-07T01:45:25.491+0000] {processor.py:743} INFO - Processing file /opt/airflow/dags/count.py for tasks to queue
[2025-08-07T01:45:25.495+0000] {logging_mixin.py:137} INFO - [2025-08-07T01:45:25.494+0000] {dagbag.py:538} INFO - Filling up the DagBag from /opt/airflow/dags/count.py
[2025-08-07T01:45:25.539+0000] {processor.py:753} INFO - DAG(s) dict_keys(['number_counting_dag']) retrieved from /opt/airflow/dags/count.py
[2025-08-07T01:45:25.636+0000] {logging_mixin.py:137} INFO - [2025-08-07T01:45:25.635+0000] {dag.py:2676} INFO - Sync 1 DAGs
[2025-08-07T01:45:25.664+0000] {logging_mixin.py:137} INFO - [2025-08-07T01:45:25.664+0000] {dag.py:3427} INFO - Setting next_dagrun for number_counting_dag to 2025-08-06T15:34:39.195887+00:00, run_after=2025-08-07T15:34:39.195887+00:00
[2025-08-07T01:45:25.674+0000] {processor.py:175} INFO - Processing /opt/airflow/dags/count.py took 0.195 seconds
[2025-08-07T03:47:18.688+0000] {processor.py:153} INFO - Started process (PID=2931) to work on /opt/airflow/dags/count.py
[2025-08-07T03:47:18.691+0000] {processor.py:743} INFO - Processing file /opt/airflow/dags/count.py for tasks to queue
[2025-08-07T03:47:18.693+0000] {logging_mixin.py:137} INFO - [2025-08-07T03:47:18.693+0000] {dagbag.py:538} INFO - Filling up the DagBag from /opt/airflow/dags/count.py
[2025-08-07T03:47:18.742+0000] {processor.py:753} INFO - DAG(s) dict_keys(['number_counting_dag']) retrieved from /opt/airflow/dags/count.py
[2025-08-07T03:47:18.808+0000] {logging_mixin.py:137} INFO - [2025-08-07T03:47:18.808+0000] {dag.py:2676} INFO - Sync 1 DAGs
[2025-08-07T03:47:18.860+0000] {logging_mixin.py:137} INFO - [2025-08-07T03:47:18.860+0000] {dag.py:3427} INFO - Setting next_dagrun for number_counting_dag to 2025-08-06T15:34:39.195887+00:00, run_after=2025-08-07T15:34:39.195887+00:00
[2025-08-07T03:47:18.902+0000] {processor.py:175} INFO - Processing /opt/airflow/dags/count.py took 0.221 seconds
[2025-08-07T05:05:23.929+0000] {processor.py:153} INFO - Started process (PID=2981) to work on /opt/airflow/dags/count.py
[2025-08-07T05:05:23.935+0000] {processor.py:743} INFO - Processing file /opt/airflow/dags/count.py for tasks to queue
[2025-08-07T05:05:23.939+0000] {logging_mixin.py:137} INFO - [2025-08-07T05:05:23.939+0000] {dagbag.py:538} INFO - Filling up the DagBag from /opt/airflow/dags/count.py
[2025-08-07T05:05:23.977+0000] {processor.py:753} INFO - DAG(s) dict_keys(['number_counting_dag']) retrieved from /opt/airflow/dags/count.py
[2025-08-07T05:05:24.074+0000] {logging_mixin.py:137} INFO - [2025-08-07T05:05:24.074+0000] {dag.py:2676} INFO - Sync 1 DAGs
[2025-08-07T05:05:24.150+0000] {logging_mixin.py:137} INFO - [2025-08-07T05:05:24.150+0000] {dag.py:3427} INFO - Setting next_dagrun for number_counting_dag to 2025-08-06T15:34:39.195887+00:00, run_after=2025-08-07T15:34:39.195887+00:00
[2025-08-07T05:05:24.182+0000] {processor.py:175} INFO - Processing /opt/airflow/dags/count.py took 0.261 seconds
[2025-08-07T06:38:07.217+0000] {processor.py:153} INFO - Started process (PID=3015) to work on /opt/airflow/dags/count.py
[2025-08-07T06:38:07.218+0000] {processor.py:743} INFO - Processing file /opt/airflow/dags/count.py for tasks to queue
[2025-08-07T06:38:07.219+0000] {logging_mixin.py:137} INFO - [2025-08-07T06:38:07.219+0000] {dagbag.py:538} INFO - Filling up the DagBag from /opt/airflow/dags/count.py
[2025-08-07T06:38:07.233+0000] {processor.py:753} INFO - DAG(s) dict_keys(['number_counting_dag']) retrieved from /opt/airflow/dags/count.py
[2025-08-07T06:38:07.279+0000] {logging_mixin.py:137} INFO - [2025-08-07T06:38:07.279+0000] {dag.py:2676} INFO - Sync 1 DAGs
[2025-08-07T06:38:07.308+0000] {logging_mixin.py:137} INFO - [2025-08-07T06:38:07.308+0000] {dag.py:3427} INFO - Setting next_dagrun for number_counting_dag to 2025-08-06T15:34:39.195887+00:00, run_after=2025-08-07T15:34:39.195887+00:00
[2025-08-07T06:38:07.329+0000] {processor.py:175} INFO - Processing /opt/airflow/dags/count.py took 0.114 seconds
[2025-08-07T08:08:03.749+0000] {processor.py:153} INFO - Started process (PID=3065) to work on /opt/airflow/dags/count.py
[2025-08-07T08:08:03.750+0000] {processor.py:743} INFO - Processing file /opt/airflow/dags/count.py for tasks to queue
[2025-08-07T08:08:03.752+0000] {logging_mixin.py:137} INFO - [2025-08-07T08:08:03.752+0000] {dagbag.py:538} INFO - Filling up the DagBag from /opt/airflow/dags/count.py
[2025-08-07T08:08:03.783+0000] {processor.py:753} INFO - DAG(s) dict_keys(['number_counting_dag']) retrieved from /opt/airflow/dags/count.py
[2025-08-07T08:08:03.833+0000] {logging_mixin.py:137} INFO - [2025-08-07T08:08:03.833+0000] {dag.py:2676} INFO - Sync 1 DAGs
[2025-08-07T08:08:03.865+0000] {logging_mixin.py:137} INFO - [2025-08-07T08:08:03.865+0000] {dag.py:3427} INFO - Setting next_dagrun for number_counting_dag to 2025-08-06T15:34:39.195887+00:00, run_after=2025-08-07T15:34:39.195887+00:00
[2025-08-07T08:08:03.897+0000] {processor.py:175} INFO - Processing /opt/airflow/dags/count.py took 0.153 seconds
[2025-08-07T09:38:53.198+0000] {processor.py:153} INFO - Started process (PID=3115) to work on /opt/airflow/dags/count.py
[2025-08-07T09:38:53.199+0000] {processor.py:743} INFO - Processing file /opt/airflow/dags/count.py for tasks to queue
[2025-08-07T09:38:53.202+0000] {logging_mixin.py:137} INFO - [2025-08-07T09:38:53.200+0000] {dagbag.py:538} INFO - Filling up the DagBag from /opt/airflow/dags/count.py
[2025-08-07T09:38:53.220+0000] {processor.py:753} INFO - DAG(s) dict_keys(['number_counting_dag']) retrieved from /opt/airflow/dags/count.py
[2025-08-07T09:38:53.255+0000] {logging_mixin.py:137} INFO - [2025-08-07T09:38:53.254+0000] {dag.py:2676} INFO - Sync 1 DAGs
[2025-08-07T09:38:53.274+0000] {logging_mixin.py:137} INFO - [2025-08-07T09:38:53.274+0000] {dag.py:3427} INFO - Setting next_dagrun for number_counting_dag to 2025-08-06T15:34:39.195887+00:00, run_after=2025-08-07T15:34:39.195887+00:00
[2025-08-07T09:38:53.290+0000] {processor.py:175} INFO - Processing /opt/airflow/dags/count.py took 0.095 seconds
[2025-08-07T11:23:20.336+0000] {processor.py:153} INFO - Started process (PID=3149) to work on /opt/airflow/dags/count.py
[2025-08-07T11:23:20.336+0000] {processor.py:743} INFO - Processing file /opt/airflow/dags/count.py for tasks to queue
[2025-08-07T11:23:20.337+0000] {logging_mixin.py:137} INFO - [2025-08-07T11:23:20.337+0000] {dagbag.py:538} INFO - Filling up the DagBag from /opt/airflow/dags/count.py
[2025-08-07T11:23:20.351+0000] {processor.py:753} INFO - DAG(s) dict_keys(['number_counting_dag']) retrieved from /opt/airflow/dags/count.py
[2025-08-07T11:23:20.377+0000] {logging_mixin.py:137} INFO - [2025-08-07T11:23:20.377+0000] {dag.py:2676} INFO - Sync 1 DAGs
[2025-08-07T11:23:20.390+0000] {logging_mixin.py:137} INFO - [2025-08-07T11:23:20.390+0000] {dag.py:3427} INFO - Setting next_dagrun for number_counting_dag to 2025-08-06T15:34:39.195887+00:00, run_after=2025-08-07T15:34:39.195887+00:00
[2025-08-07T11:23:20.399+0000] {processor.py:175} INFO - Processing /opt/airflow/dags/count.py took 0.066 seconds
[2025-08-07T12:55:33.353+0000] {processor.py:153} INFO - Started process (PID=3199) to work on /opt/airflow/dags/count.py
[2025-08-07T12:55:33.354+0000] {processor.py:743} INFO - Processing file /opt/airflow/dags/count.py for tasks to queue
[2025-08-07T12:55:33.355+0000] {logging_mixin.py:137} INFO - [2025-08-07T12:55:33.355+0000] {dagbag.py:538} INFO - Filling up the DagBag from /opt/airflow/dags/count.py
[2025-08-07T12:55:33.377+0000] {processor.py:753} INFO - DAG(s) dict_keys(['number_counting_dag']) retrieved from /opt/airflow/dags/count.py
[2025-08-07T12:55:33.402+0000] {logging_mixin.py:137} INFO - [2025-08-07T12:55:33.402+0000] {dag.py:2676} INFO - Sync 1 DAGs
[2025-08-07T12:55:33.415+0000] {logging_mixin.py:137} INFO - [2025-08-07T12:55:33.415+0000] {dag.py:3427} INFO - Setting next_dagrun for number_counting_dag to 2025-08-06T15:34:39.195887+00:00, run_after=2025-08-07T15:34:39.195887+00:00
[2025-08-07T12:55:33.424+0000] {processor.py:175} INFO - Processing /opt/airflow/dags/count.py took 0.075 seconds
[2025-08-07T14:13:40.553+0000] {processor.py:153} INFO - Started process (PID=3233) to work on /opt/airflow/dags/count.py
[2025-08-07T14:13:40.555+0000] {processor.py:743} INFO - Processing file /opt/airflow/dags/count.py for tasks to queue
[2025-08-07T14:13:40.557+0000] {logging_mixin.py:137} INFO - [2025-08-07T14:13:40.556+0000] {dagbag.py:538} INFO - Filling up the DagBag from /opt/airflow/dags/count.py
[2025-08-07T14:13:40.616+0000] {processor.py:753} INFO - DAG(s) dict_keys(['number_counting_dag']) retrieved from /opt/airflow/dags/count.py
[2025-08-07T14:13:40.683+0000] {logging_mixin.py:137} INFO - [2025-08-07T14:13:40.683+0000] {dag.py:2676} INFO - Sync 1 DAGs
[2025-08-07T14:13:40.722+0000] {logging_mixin.py:137} INFO - [2025-08-07T14:13:40.721+0000] {dag.py:3427} INFO - Setting next_dagrun for number_counting_dag to 2025-08-06T15:34:39.195887+00:00, run_after=2025-08-07T15:34:39.195887+00:00
[2025-08-07T14:13:40.749+0000] {processor.py:175} INFO - Processing /opt/airflow/dags/count.py took 0.202 seconds
[2025-08-07T15:48:50.819+0000] {processor.py:153} INFO - Started process (PID=3283) to work on /opt/airflow/dags/count.py
[2025-08-07T15:48:50.821+0000] {processor.py:743} INFO - Processing file /opt/airflow/dags/count.py for tasks to queue
[2025-08-07T15:48:50.824+0000] {logging_mixin.py:137} INFO - [2025-08-07T15:48:50.824+0000] {dagbag.py:538} INFO - Filling up the DagBag from /opt/airflow/dags/count.py
[2025-08-07T15:48:50.888+0000] {processor.py:753} INFO - DAG(s) dict_keys(['number_counting_dag']) retrieved from /opt/airflow/dags/count.py
[2025-08-07T15:48:50.980+0000] {logging_mixin.py:137} INFO - [2025-08-07T15:48:50.980+0000] {dag.py:2676} INFO - Sync 1 DAGs
[2025-08-07T15:48:51.011+0000] {logging_mixin.py:137} INFO - [2025-08-07T15:48:51.010+0000] {dag.py:3427} INFO - Setting next_dagrun for number_counting_dag to 2025-08-07T15:34:39.195887+00:00, run_after=2025-08-08T15:34:39.195887+00:00
[2025-08-07T15:48:51.040+0000] {processor.py:175} INFO - Processing /opt/airflow/dags/count.py took 0.227 seconds
[2025-08-07T16:04:10.236+0000] {processor.py:153} INFO - Started process (PID=3333) to work on /opt/airflow/dags/count.py
[2025-08-07T16:04:10.241+0000] {processor.py:743} INFO - Processing file /opt/airflow/dags/count.py for tasks to queue
[2025-08-07T16:04:10.243+0000] {logging_mixin.py:137} INFO - [2025-08-07T16:04:10.243+0000] {dagbag.py:538} INFO - Filling up the DagBag from /opt/airflow/dags/count.py
[2025-08-07T16:04:10.296+0000] {processor.py:753} INFO - DAG(s) dict_keys(['number_counting_dag']) retrieved from /opt/airflow/dags/count.py
[2025-08-07T16:04:10.359+0000] {logging_mixin.py:137} INFO - [2025-08-07T16:04:10.358+0000] {dag.py:2676} INFO - Sync 1 DAGs
[2025-08-07T16:04:10.385+0000] {logging_mixin.py:137} INFO - [2025-08-07T16:04:10.384+0000] {dag.py:3427} INFO - Setting next_dagrun for number_counting_dag to 2025-08-07T15:34:39.195887+00:00, run_after=2025-08-08T15:34:39.195887+00:00
[2025-08-07T16:04:10.408+0000] {processor.py:175} INFO - Processing /opt/airflow/dags/count.py took 0.180 seconds
[2025-08-07T16:04:10.615+0000] {processor.py:153} INFO - Started process (PID=3335) to work on /opt/airflow/dags/count.py
[2025-08-07T16:04:10.617+0000] {processor.py:743} INFO - Processing file /opt/airflow/dags/count.py for tasks to queue
[2025-08-07T16:04:10.618+0000] {logging_mixin.py:137} INFO - [2025-08-07T16:04:10.617+0000] {dagbag.py:538} INFO - Filling up the DagBag from /opt/airflow/dags/count.py
[2025-08-07T16:04:10.640+0000] {processor.py:753} INFO - DAG(s) dict_keys(['number_counting_dag']) retrieved from /opt/airflow/dags/count.py
[2025-08-07T16:04:10.683+0000] {logging_mixin.py:137} INFO - [2025-08-07T16:04:10.682+0000] {taskinstance.py:1774} ERROR - {'DAG Id': 'number_counting_dag', 'Task Id': 'count_30', 'Run Id': 'scheduled__2025-08-06T15:34:39.195887+00:00', 'Hostname': 'ac9b20df240e', 'External Executor Id': '2a728605-cc33-4fb0-8f7b-9aee58ba3b85'}
[2025-08-07T16:04:10.718+0000] {logging_mixin.py:137} INFO - [2025-08-07T16:04:10.718+0000] {taskinstance.py:1327} INFO - Marking task as UP_FOR_RETRY. dag_id=number_counting_dag, task_id=count_30, execution_date=20250806T153439, start_date=20250807T154912, end_date=20250807T160410
[2025-08-07T16:04:10.737+0000] {processor.py:713} INFO - Executed failure callback for <TaskInstance: number_counting_dag.count_30 scheduled__2025-08-06T15:34:39.195887+00:00 [up_for_retry]> in state up_for_retry
[2025-08-07T16:04:10.779+0000] {logging_mixin.py:137} INFO - [2025-08-07T16:04:10.779+0000] {dag.py:2676} INFO - Sync 1 DAGs
[2025-08-07T16:04:10.813+0000] {logging_mixin.py:137} INFO - [2025-08-07T16:04:10.813+0000] {dag.py:3427} INFO - Setting next_dagrun for number_counting_dag to 2025-08-07T15:34:39.195887+00:00, run_after=2025-08-08T15:34:39.195887+00:00
[2025-08-07T16:04:10.842+0000] {processor.py:175} INFO - Processing /opt/airflow/dags/count.py took 0.231 seconds
[2025-08-07T17:49:04.389+0000] {processor.py:153} INFO - Started process (PID=3368) to work on /opt/airflow/dags/count.py
[2025-08-07T17:49:04.390+0000] {processor.py:743} INFO - Processing file /opt/airflow/dags/count.py for tasks to queue
[2025-08-07T17:49:04.392+0000] {logging_mixin.py:137} INFO - [2025-08-07T17:49:04.392+0000] {dagbag.py:538} INFO - Filling up the DagBag from /opt/airflow/dags/count.py
[2025-08-07T17:49:04.423+0000] {processor.py:753} INFO - DAG(s) dict_keys(['number_counting_dag']) retrieved from /opt/airflow/dags/count.py
[2025-08-07T17:49:04.454+0000] {logging_mixin.py:137} INFO - [2025-08-07T17:49:04.453+0000] {dag.py:2676} INFO - Sync 1 DAGs
[2025-08-07T17:49:04.469+0000] {logging_mixin.py:137} INFO - [2025-08-07T17:49:04.469+0000] {dag.py:3427} INFO - Setting next_dagrun for number_counting_dag to 2025-08-07T15:34:39.195887+00:00, run_after=2025-08-08T15:34:39.195887+00:00
[2025-08-07T17:49:04.481+0000] {processor.py:175} INFO - Processing /opt/airflow/dags/count.py took 0.096 seconds
[2025-08-07T19:26:09.399+0000] {processor.py:153} INFO - Started process (PID=3418) to work on /opt/airflow/dags/count.py
[2025-08-07T19:26:09.401+0000] {processor.py:743} INFO - Processing file /opt/airflow/dags/count.py for tasks to queue
[2025-08-07T19:26:09.403+0000] {logging_mixin.py:137} INFO - [2025-08-07T19:26:09.402+0000] {dagbag.py:538} INFO - Filling up the DagBag from /opt/airflow/dags/count.py
[2025-08-07T19:26:09.438+0000] {processor.py:753} INFO - DAG(s) dict_keys(['number_counting_dag']) retrieved from /opt/airflow/dags/count.py
[2025-08-07T19:26:09.501+0000] {logging_mixin.py:137} INFO - [2025-08-07T19:26:09.501+0000] {dag.py:2676} INFO - Sync 1 DAGs
[2025-08-07T19:26:09.536+0000] {logging_mixin.py:137} INFO - [2025-08-07T19:26:09.535+0000] {dag.py:3427} INFO - Setting next_dagrun for number_counting_dag to 2025-08-07T15:34:39.195887+00:00, run_after=2025-08-08T15:34:39.195887+00:00
[2025-08-07T19:26:09.566+0000] {processor.py:175} INFO - Processing /opt/airflow/dags/count.py took 0.171 seconds
[2025-08-07T21:04:38.455+0000] {processor.py:153} INFO - Started process (PID=3466) to work on /opt/airflow/dags/count.py
[2025-08-07T21:04:38.457+0000] {processor.py:743} INFO - Processing file /opt/airflow/dags/count.py for tasks to queue
[2025-08-07T21:04:38.460+0000] {logging_mixin.py:137} INFO - [2025-08-07T21:04:38.460+0000] {dagbag.py:538} INFO - Filling up the DagBag from /opt/airflow/dags/count.py
[2025-08-07T21:04:38.488+0000] {processor.py:753} INFO - DAG(s) dict_keys(['number_counting_dag']) retrieved from /opt/airflow/dags/count.py
[2025-08-07T21:04:38.531+0000] {logging_mixin.py:137} INFO - [2025-08-07T21:04:38.531+0000] {dag.py:2676} INFO - Sync 1 DAGs
[2025-08-07T21:04:38.555+0000] {logging_mixin.py:137} INFO - [2025-08-07T21:04:38.555+0000] {dag.py:3427} INFO - Setting next_dagrun for number_counting_dag to 2025-08-07T15:34:39.195887+00:00, run_after=2025-08-08T15:34:39.195887+00:00
[2025-08-07T21:04:38.586+0000] {processor.py:175} INFO - Processing /opt/airflow/dags/count.py took 0.138 seconds
[2025-08-07T22:43:52.426+0000] {processor.py:153} INFO - Started process (PID=3500) to work on /opt/airflow/dags/count.py
[2025-08-07T22:43:52.431+0000] {processor.py:743} INFO - Processing file /opt/airflow/dags/count.py for tasks to queue
[2025-08-07T22:43:52.434+0000] {logging_mixin.py:137} INFO - [2025-08-07T22:43:52.434+0000] {dagbag.py:538} INFO - Filling up the DagBag from /opt/airflow/dags/count.py
[2025-08-07T22:43:52.487+0000] {processor.py:753} INFO - DAG(s) dict_keys(['number_counting_dag']) retrieved from /opt/airflow/dags/count.py
[2025-08-07T22:43:52.559+0000] {logging_mixin.py:137} INFO - [2025-08-07T22:43:52.559+0000] {dag.py:2676} INFO - Sync 1 DAGs
[2025-08-07T22:43:52.593+0000] {logging_mixin.py:137} INFO - [2025-08-07T22:43:52.593+0000] {dag.py:3427} INFO - Setting next_dagrun for number_counting_dag to 2025-08-07T15:34:39.195887+00:00, run_after=2025-08-08T15:34:39.195887+00:00
[2025-08-07T22:43:52.622+0000] {processor.py:175} INFO - Processing /opt/airflow/dags/count.py took 0.202 seconds
[2025-08-07T23:46:14.046+0000] {processor.py:153} INFO - Started process (PID=3549) to work on /opt/airflow/dags/count.py
[2025-08-07T23:46:14.047+0000] {processor.py:743} INFO - Processing file /opt/airflow/dags/count.py for tasks to queue
[2025-08-07T23:46:14.047+0000] {logging_mixin.py:137} INFO - [2025-08-07T23:46:14.047+0000] {dagbag.py:538} INFO - Filling up the DagBag from /opt/airflow/dags/count.py
[2025-08-07T23:46:14.060+0000] {processor.py:753} INFO - DAG(s) dict_keys(['number_counting_dag']) retrieved from /opt/airflow/dags/count.py
[2025-08-07T23:46:14.085+0000] {logging_mixin.py:137} INFO - [2025-08-07T23:46:14.085+0000] {dag.py:2676} INFO - Sync 1 DAGs
[2025-08-07T23:46:14.102+0000] {logging_mixin.py:137} INFO - [2025-08-07T23:46:14.102+0000] {dag.py:3427} INFO - Setting next_dagrun for number_counting_dag to 2025-08-07T15:34:39.195887+00:00, run_after=2025-08-08T15:34:39.195887+00:00
[2025-08-07T23:46:14.113+0000] {processor.py:175} INFO - Processing /opt/airflow/dags/count.py took 0.069 seconds
