[2025-08-07T00:23:41.074+0000] {processor.py:153} INFO - Started process (PID=2848) to work on /opt/airflow/dags/crawl_news.py
[2025-08-07T00:23:41.075+0000] {processor.py:743} INFO - Processing file /opt/airflow/dags/crawl_news.py for tasks to queue
[2025-08-07T00:23:41.076+0000] {logging_mixin.py:137} INFO - [2025-08-07T00:23:41.076+0000] {dagbag.py:538} INFO - Filling up the DagBag from /opt/airflow/dags/crawl_news.py
[2025-08-07T00:23:41.090+0000] {logging_mixin.py:137} INFO - [2025-08-07T00:23:41.086+0000] {dagbag.py:343} ERROR - Failed to import: /opt/airflow/dags/crawl_news.py
Traceback (most recent call last):
  File "/home/airflow/.local/lib/python3.7/site-packages/airflow/models/dagbag.py", line 339, in parse
    loader.exec_module(new_module)
  File "<frozen importlib._bootstrap_external>", line 728, in exec_module
  File "<frozen importlib._bootstrap>", line 219, in _call_with_frames_removed
  File "/opt/airflow/dags/crawl_news.py", line 4, in <module>
    from airflow.operators.bash import PythonOperator
ImportError: cannot import name 'PythonOperator' from 'airflow.operators.bash' (/home/airflow/.local/lib/python3.7/site-packages/airflow/operators/bash.py)
[2025-08-07T00:23:41.091+0000] {processor.py:755} WARNING - No viable dags retrieved from /opt/airflow/dags/crawl_news.py
[2025-08-07T00:23:41.108+0000] {processor.py:175} INFO - Processing /opt/airflow/dags/crawl_news.py took 0.037 seconds
[2025-08-07T01:45:25.489+0000] {processor.py:153} INFO - Started process (PID=2882) to work on /opt/airflow/dags/crawl_news.py
[2025-08-07T01:45:25.491+0000] {processor.py:743} INFO - Processing file /opt/airflow/dags/crawl_news.py for tasks to queue
[2025-08-07T01:45:25.493+0000] {logging_mixin.py:137} INFO - [2025-08-07T01:45:25.493+0000] {dagbag.py:538} INFO - Filling up the DagBag from /opt/airflow/dags/crawl_news.py
[2025-08-07T01:45:25.527+0000] {logging_mixin.py:137} INFO - [2025-08-07T01:45:25.519+0000] {dagbag.py:343} ERROR - Failed to import: /opt/airflow/dags/crawl_news.py
Traceback (most recent call last):
  File "/home/airflow/.local/lib/python3.7/site-packages/airflow/models/dagbag.py", line 339, in parse
    loader.exec_module(new_module)
  File "<frozen importlib._bootstrap_external>", line 728, in exec_module
  File "<frozen importlib._bootstrap>", line 219, in _call_with_frames_removed
  File "/opt/airflow/dags/crawl_news.py", line 4, in <module>
    from airflow.operators.bash import PythonOperator
ImportError: cannot import name 'PythonOperator' from 'airflow.operators.bash' (/home/airflow/.local/lib/python3.7/site-packages/airflow/operators/bash.py)
[2025-08-07T01:45:25.528+0000] {processor.py:755} WARNING - No viable dags retrieved from /opt/airflow/dags/crawl_news.py
[2025-08-07T01:45:25.586+0000] {processor.py:175} INFO - Processing /opt/airflow/dags/crawl_news.py took 0.101 seconds
[2025-08-07T03:47:18.701+0000] {processor.py:153} INFO - Started process (PID=2932) to work on /opt/airflow/dags/crawl_news.py
[2025-08-07T03:47:18.704+0000] {processor.py:743} INFO - Processing file /opt/airflow/dags/crawl_news.py for tasks to queue
[2025-08-07T03:47:18.707+0000] {logging_mixin.py:137} INFO - [2025-08-07T03:47:18.707+0000] {dagbag.py:538} INFO - Filling up the DagBag from /opt/airflow/dags/crawl_news.py
[2025-08-07T03:47:18.731+0000] {logging_mixin.py:137} INFO - [2025-08-07T03:47:18.729+0000] {dagbag.py:343} ERROR - Failed to import: /opt/airflow/dags/crawl_news.py
Traceback (most recent call last):
  File "/home/airflow/.local/lib/python3.7/site-packages/airflow/models/dagbag.py", line 339, in parse
    loader.exec_module(new_module)
  File "<frozen importlib._bootstrap_external>", line 728, in exec_module
  File "<frozen importlib._bootstrap>", line 219, in _call_with_frames_removed
  File "/opt/airflow/dags/crawl_news.py", line 4, in <module>
    from airflow.operators.bash import PythonOperator
ImportError: cannot import name 'PythonOperator' from 'airflow.operators.bash' (/home/airflow/.local/lib/python3.7/site-packages/airflow/operators/bash.py)
[2025-08-07T03:47:18.731+0000] {processor.py:755} WARNING - No viable dags retrieved from /opt/airflow/dags/crawl_news.py
[2025-08-07T03:47:18.782+0000] {processor.py:175} INFO - Processing /opt/airflow/dags/crawl_news.py took 0.093 seconds
[2025-08-07T05:05:23.931+0000] {processor.py:153} INFO - Started process (PID=2982) to work on /opt/airflow/dags/crawl_news.py
[2025-08-07T05:05:23.933+0000] {processor.py:743} INFO - Processing file /opt/airflow/dags/crawl_news.py for tasks to queue
[2025-08-07T05:05:23.935+0000] {logging_mixin.py:137} INFO - [2025-08-07T05:05:23.935+0000] {dagbag.py:538} INFO - Filling up the DagBag from /opt/airflow/dags/crawl_news.py
[2025-08-07T05:05:23.974+0000] {logging_mixin.py:137} INFO - [2025-08-07T05:05:23.969+0000] {dagbag.py:343} ERROR - Failed to import: /opt/airflow/dags/crawl_news.py
Traceback (most recent call last):
  File "/home/airflow/.local/lib/python3.7/site-packages/airflow/models/dagbag.py", line 339, in parse
    loader.exec_module(new_module)
  File "<frozen importlib._bootstrap_external>", line 728, in exec_module
  File "<frozen importlib._bootstrap>", line 219, in _call_with_frames_removed
  File "/opt/airflow/dags/crawl_news.py", line 4, in <module>
    from airflow.operators.bash import PythonOperator
ImportError: cannot import name 'PythonOperator' from 'airflow.operators.bash' (/home/airflow/.local/lib/python3.7/site-packages/airflow/operators/bash.py)
[2025-08-07T05:05:23.974+0000] {processor.py:755} WARNING - No viable dags retrieved from /opt/airflow/dags/crawl_news.py
[2025-08-07T05:05:24.084+0000] {processor.py:175} INFO - Processing /opt/airflow/dags/crawl_news.py took 0.159 seconds
[2025-08-07T06:38:07.217+0000] {processor.py:153} INFO - Started process (PID=3016) to work on /opt/airflow/dags/crawl_news.py
[2025-08-07T06:38:07.218+0000] {processor.py:743} INFO - Processing file /opt/airflow/dags/crawl_news.py for tasks to queue
[2025-08-07T06:38:07.218+0000] {logging_mixin.py:137} INFO - [2025-08-07T06:38:07.218+0000] {dagbag.py:538} INFO - Filling up the DagBag from /opt/airflow/dags/crawl_news.py
[2025-08-07T06:38:07.234+0000] {logging_mixin.py:137} INFO - [2025-08-07T06:38:07.226+0000] {dagbag.py:343} ERROR - Failed to import: /opt/airflow/dags/crawl_news.py
Traceback (most recent call last):
  File "/home/airflow/.local/lib/python3.7/site-packages/airflow/models/dagbag.py", line 339, in parse
    loader.exec_module(new_module)
  File "<frozen importlib._bootstrap_external>", line 728, in exec_module
  File "<frozen importlib._bootstrap>", line 219, in _call_with_frames_removed
  File "/opt/airflow/dags/crawl_news.py", line 4, in <module>
    from airflow.operators.bash import PythonOperator
ImportError: cannot import name 'PythonOperator' from 'airflow.operators.bash' (/home/airflow/.local/lib/python3.7/site-packages/airflow/operators/bash.py)
[2025-08-07T06:38:07.234+0000] {processor.py:755} WARNING - No viable dags retrieved from /opt/airflow/dags/crawl_news.py
[2025-08-07T06:38:07.262+0000] {processor.py:175} INFO - Processing /opt/airflow/dags/crawl_news.py took 0.047 seconds
[2025-08-07T08:08:03.754+0000] {processor.py:153} INFO - Started process (PID=3066) to work on /opt/airflow/dags/crawl_news.py
[2025-08-07T08:08:03.755+0000] {processor.py:743} INFO - Processing file /opt/airflow/dags/crawl_news.py for tasks to queue
[2025-08-07T08:08:03.756+0000] {logging_mixin.py:137} INFO - [2025-08-07T08:08:03.756+0000] {dagbag.py:538} INFO - Filling up the DagBag from /opt/airflow/dags/crawl_news.py
[2025-08-07T08:08:03.776+0000] {logging_mixin.py:137} INFO - [2025-08-07T08:08:03.774+0000] {dagbag.py:343} ERROR - Failed to import: /opt/airflow/dags/crawl_news.py
Traceback (most recent call last):
  File "/home/airflow/.local/lib/python3.7/site-packages/airflow/models/dagbag.py", line 339, in parse
    loader.exec_module(new_module)
  File "<frozen importlib._bootstrap_external>", line 728, in exec_module
  File "<frozen importlib._bootstrap>", line 219, in _call_with_frames_removed
  File "/opt/airflow/dags/crawl_news.py", line 4, in <module>
    from airflow.operators.bash import PythonOperator
ImportError: cannot import name 'PythonOperator' from 'airflow.operators.bash' (/home/airflow/.local/lib/python3.7/site-packages/airflow/operators/bash.py)
[2025-08-07T08:08:03.777+0000] {processor.py:755} WARNING - No viable dags retrieved from /opt/airflow/dags/crawl_news.py
[2025-08-07T08:08:03.810+0000] {processor.py:175} INFO - Processing /opt/airflow/dags/crawl_news.py took 0.063 seconds
[2025-08-07T09:38:53.200+0000] {processor.py:153} INFO - Started process (PID=3116) to work on /opt/airflow/dags/crawl_news.py
[2025-08-07T09:38:53.202+0000] {processor.py:743} INFO - Processing file /opt/airflow/dags/crawl_news.py for tasks to queue
[2025-08-07T09:38:53.202+0000] {logging_mixin.py:137} INFO - [2025-08-07T09:38:53.202+0000] {dagbag.py:538} INFO - Filling up the DagBag from /opt/airflow/dags/crawl_news.py
[2025-08-07T09:38:53.211+0000] {logging_mixin.py:137} INFO - [2025-08-07T09:38:53.210+0000] {dagbag.py:343} ERROR - Failed to import: /opt/airflow/dags/crawl_news.py
Traceback (most recent call last):
  File "/home/airflow/.local/lib/python3.7/site-packages/airflow/models/dagbag.py", line 339, in parse
    loader.exec_module(new_module)
  File "<frozen importlib._bootstrap_external>", line 728, in exec_module
  File "<frozen importlib._bootstrap>", line 219, in _call_with_frames_removed
  File "/opt/airflow/dags/crawl_news.py", line 4, in <module>
    from airflow.operators.bash import PythonOperator
ImportError: cannot import name 'PythonOperator' from 'airflow.operators.bash' (/home/airflow/.local/lib/python3.7/site-packages/airflow/operators/bash.py)
[2025-08-07T09:38:53.212+0000] {processor.py:755} WARNING - No viable dags retrieved from /opt/airflow/dags/crawl_news.py
[2025-08-07T09:38:53.230+0000] {processor.py:175} INFO - Processing /opt/airflow/dags/crawl_news.py took 0.032 seconds
[2025-08-07T11:23:20.337+0000] {processor.py:153} INFO - Started process (PID=3150) to work on /opt/airflow/dags/crawl_news.py
[2025-08-07T11:23:20.338+0000] {processor.py:743} INFO - Processing file /opt/airflow/dags/crawl_news.py for tasks to queue
[2025-08-07T11:23:20.338+0000] {logging_mixin.py:137} INFO - [2025-08-07T11:23:20.338+0000] {dagbag.py:538} INFO - Filling up the DagBag from /opt/airflow/dags/crawl_news.py
[2025-08-07T11:23:20.346+0000] {logging_mixin.py:137} INFO - [2025-08-07T11:23:20.345+0000] {dagbag.py:343} ERROR - Failed to import: /opt/airflow/dags/crawl_news.py
Traceback (most recent call last):
  File "/home/airflow/.local/lib/python3.7/site-packages/airflow/models/dagbag.py", line 339, in parse
    loader.exec_module(new_module)
  File "<frozen importlib._bootstrap_external>", line 728, in exec_module
  File "<frozen importlib._bootstrap>", line 219, in _call_with_frames_removed
  File "/opt/airflow/dags/crawl_news.py", line 4, in <module>
    from airflow.operators.bash import PythonOperator
ImportError: cannot import name 'PythonOperator' from 'airflow.operators.bash' (/home/airflow/.local/lib/python3.7/site-packages/airflow/operators/bash.py)
[2025-08-07T11:23:20.346+0000] {processor.py:755} WARNING - No viable dags retrieved from /opt/airflow/dags/crawl_news.py
[2025-08-07T11:23:20.364+0000] {processor.py:175} INFO - Processing /opt/airflow/dags/crawl_news.py took 0.029 seconds
[2025-08-07T12:55:33.353+0000] {processor.py:153} INFO - Started process (PID=3200) to work on /opt/airflow/dags/crawl_news.py
[2025-08-07T12:55:33.354+0000] {processor.py:743} INFO - Processing file /opt/airflow/dags/crawl_news.py for tasks to queue
[2025-08-07T12:55:33.355+0000] {logging_mixin.py:137} INFO - [2025-08-07T12:55:33.355+0000] {dagbag.py:538} INFO - Filling up the DagBag from /opt/airflow/dags/crawl_news.py
[2025-08-07T12:55:33.365+0000] {logging_mixin.py:137} INFO - [2025-08-07T12:55:33.364+0000] {dagbag.py:343} ERROR - Failed to import: /opt/airflow/dags/crawl_news.py
Traceback (most recent call last):
  File "/home/airflow/.local/lib/python3.7/site-packages/airflow/models/dagbag.py", line 339, in parse
    loader.exec_module(new_module)
  File "<frozen importlib._bootstrap_external>", line 728, in exec_module
  File "<frozen importlib._bootstrap>", line 219, in _call_with_frames_removed
  File "/opt/airflow/dags/crawl_news.py", line 4, in <module>
    from airflow.operators.bash import PythonOperator
ImportError: cannot import name 'PythonOperator' from 'airflow.operators.bash' (/home/airflow/.local/lib/python3.7/site-packages/airflow/operators/bash.py)
[2025-08-07T12:55:33.366+0000] {processor.py:755} WARNING - No viable dags retrieved from /opt/airflow/dags/crawl_news.py
[2025-08-07T12:55:33.387+0000] {processor.py:175} INFO - Processing /opt/airflow/dags/crawl_news.py took 0.037 seconds
[2025-08-07T14:13:40.560+0000] {processor.py:153} INFO - Started process (PID=3234) to work on /opt/airflow/dags/crawl_news.py
[2025-08-07T14:13:40.561+0000] {processor.py:743} INFO - Processing file /opt/airflow/dags/crawl_news.py for tasks to queue
[2025-08-07T14:13:40.563+0000] {logging_mixin.py:137} INFO - [2025-08-07T14:13:40.563+0000] {dagbag.py:538} INFO - Filling up the DagBag from /opt/airflow/dags/crawl_news.py
[2025-08-07T14:13:40.604+0000] {logging_mixin.py:137} INFO - [2025-08-07T14:13:40.595+0000] {dagbag.py:343} ERROR - Failed to import: /opt/airflow/dags/crawl_news.py
Traceback (most recent call last):
  File "/home/airflow/.local/lib/python3.7/site-packages/airflow/models/dagbag.py", line 339, in parse
    loader.exec_module(new_module)
  File "<frozen importlib._bootstrap_external>", line 728, in exec_module
  File "<frozen importlib._bootstrap>", line 219, in _call_with_frames_removed
  File "/opt/airflow/dags/crawl_news.py", line 4, in <module>
    from airflow.operators.bash import PythonOperator
ImportError: cannot import name 'PythonOperator' from 'airflow.operators.bash' (/home/airflow/.local/lib/python3.7/site-packages/airflow/operators/bash.py)
[2025-08-07T14:13:40.606+0000] {processor.py:755} WARNING - No viable dags retrieved from /opt/airflow/dags/crawl_news.py
[2025-08-07T14:13:40.660+0000] {processor.py:175} INFO - Processing /opt/airflow/dags/crawl_news.py took 0.106 seconds
[2025-08-07T15:48:50.824+0000] {processor.py:153} INFO - Started process (PID=3284) to work on /opt/airflow/dags/crawl_news.py
[2025-08-07T15:48:50.827+0000] {processor.py:743} INFO - Processing file /opt/airflow/dags/crawl_news.py for tasks to queue
[2025-08-07T15:48:50.828+0000] {logging_mixin.py:137} INFO - [2025-08-07T15:48:50.828+0000] {dagbag.py:538} INFO - Filling up the DagBag from /opt/airflow/dags/crawl_news.py
[2025-08-07T15:48:50.872+0000] {logging_mixin.py:137} INFO - [2025-08-07T15:48:50.855+0000] {dagbag.py:343} ERROR - Failed to import: /opt/airflow/dags/crawl_news.py
Traceback (most recent call last):
  File "/home/airflow/.local/lib/python3.7/site-packages/airflow/models/dagbag.py", line 339, in parse
    loader.exec_module(new_module)
  File "<frozen importlib._bootstrap_external>", line 728, in exec_module
  File "<frozen importlib._bootstrap>", line 219, in _call_with_frames_removed
  File "/opt/airflow/dags/crawl_news.py", line 4, in <module>
    from airflow.operators.bash import PythonOperator
ImportError: cannot import name 'PythonOperator' from 'airflow.operators.bash' (/home/airflow/.local/lib/python3.7/site-packages/airflow/operators/bash.py)
[2025-08-07T15:48:50.873+0000] {processor.py:755} WARNING - No viable dags retrieved from /opt/airflow/dags/crawl_news.py
[2025-08-07T15:48:50.913+0000] {processor.py:175} INFO - Processing /opt/airflow/dags/crawl_news.py took 0.092 seconds
[2025-08-07T16:04:10.241+0000] {processor.py:153} INFO - Started process (PID=3334) to work on /opt/airflow/dags/crawl_news.py
[2025-08-07T16:04:10.243+0000] {processor.py:743} INFO - Processing file /opt/airflow/dags/crawl_news.py for tasks to queue
[2025-08-07T16:04:10.245+0000] {logging_mixin.py:137} INFO - [2025-08-07T16:04:10.244+0000] {dagbag.py:538} INFO - Filling up the DagBag from /opt/airflow/dags/crawl_news.py
[2025-08-07T16:04:10.280+0000] {logging_mixin.py:137} INFO - [2025-08-07T16:04:10.273+0000] {dagbag.py:343} ERROR - Failed to import: /opt/airflow/dags/crawl_news.py
Traceback (most recent call last):
  File "/home/airflow/.local/lib/python3.7/site-packages/airflow/models/dagbag.py", line 339, in parse
    loader.exec_module(new_module)
  File "<frozen importlib._bootstrap_external>", line 728, in exec_module
  File "<frozen importlib._bootstrap>", line 219, in _call_with_frames_removed
  File "/opt/airflow/dags/crawl_news.py", line 4, in <module>
    from airflow.operators.bash import PythonOperator
ImportError: cannot import name 'PythonOperator' from 'airflow.operators.bash' (/home/airflow/.local/lib/python3.7/site-packages/airflow/operators/bash.py)
[2025-08-07T16:04:10.285+0000] {processor.py:755} WARNING - No viable dags retrieved from /opt/airflow/dags/crawl_news.py
[2025-08-07T16:04:10.317+0000] {processor.py:175} INFO - Processing /opt/airflow/dags/crawl_news.py took 0.082 seconds
[2025-08-07T17:49:04.390+0000] {processor.py:153} INFO - Started process (PID=3369) to work on /opt/airflow/dags/crawl_news.py
[2025-08-07T17:49:04.391+0000] {processor.py:743} INFO - Processing file /opt/airflow/dags/crawl_news.py for tasks to queue
[2025-08-07T17:49:04.392+0000] {logging_mixin.py:137} INFO - [2025-08-07T17:49:04.392+0000] {dagbag.py:538} INFO - Filling up the DagBag from /opt/airflow/dags/crawl_news.py
[2025-08-07T17:49:04.408+0000] {logging_mixin.py:137} INFO - [2025-08-07T17:49:04.407+0000] {dagbag.py:343} ERROR - Failed to import: /opt/airflow/dags/crawl_news.py
Traceback (most recent call last):
  File "/home/airflow/.local/lib/python3.7/site-packages/airflow/models/dagbag.py", line 339, in parse
    loader.exec_module(new_module)
  File "<frozen importlib._bootstrap_external>", line 728, in exec_module
  File "<frozen importlib._bootstrap>", line 219, in _call_with_frames_removed
  File "/opt/airflow/dags/crawl_news.py", line 4, in <module>
    from airflow.operators.bash import PythonOperator
ImportError: cannot import name 'PythonOperator' from 'airflow.operators.bash' (/home/airflow/.local/lib/python3.7/site-packages/airflow/operators/bash.py)
[2025-08-07T17:49:04.408+0000] {processor.py:755} WARNING - No viable dags retrieved from /opt/airflow/dags/crawl_news.py
[2025-08-07T17:49:04.432+0000] {processor.py:175} INFO - Processing /opt/airflow/dags/crawl_news.py took 0.045 seconds
[2025-08-07T19:26:09.404+0000] {processor.py:153} INFO - Started process (PID=3419) to work on /opt/airflow/dags/crawl_news.py
[2025-08-07T19:26:09.406+0000] {processor.py:743} INFO - Processing file /opt/airflow/dags/crawl_news.py for tasks to queue
[2025-08-07T19:26:09.410+0000] {logging_mixin.py:137} INFO - [2025-08-07T19:26:09.410+0000] {dagbag.py:538} INFO - Filling up the DagBag from /opt/airflow/dags/crawl_news.py
[2025-08-07T19:26:09.430+0000] {logging_mixin.py:137} INFO - [2025-08-07T19:26:09.428+0000] {dagbag.py:343} ERROR - Failed to import: /opt/airflow/dags/crawl_news.py
Traceback (most recent call last):
  File "/home/airflow/.local/lib/python3.7/site-packages/airflow/models/dagbag.py", line 339, in parse
    loader.exec_module(new_module)
  File "<frozen importlib._bootstrap_external>", line 728, in exec_module
  File "<frozen importlib._bootstrap>", line 219, in _call_with_frames_removed
  File "/opt/airflow/dags/crawl_news.py", line 4, in <module>
    from airflow.operators.bash import PythonOperator
ImportError: cannot import name 'PythonOperator' from 'airflow.operators.bash' (/home/airflow/.local/lib/python3.7/site-packages/airflow/operators/bash.py)
[2025-08-07T19:26:09.431+0000] {processor.py:755} WARNING - No viable dags retrieved from /opt/airflow/dags/crawl_news.py
[2025-08-07T19:26:09.476+0000] {processor.py:175} INFO - Processing /opt/airflow/dags/crawl_news.py took 0.078 seconds
[2025-08-07T21:04:38.456+0000] {processor.py:153} INFO - Started process (PID=3467) to work on /opt/airflow/dags/crawl_news.py
[2025-08-07T21:04:38.458+0000] {processor.py:743} INFO - Processing file /opt/airflow/dags/crawl_news.py for tasks to queue
[2025-08-07T21:04:38.459+0000] {logging_mixin.py:137} INFO - [2025-08-07T21:04:38.459+0000] {dagbag.py:538} INFO - Filling up the DagBag from /opt/airflow/dags/crawl_news.py
[2025-08-07T21:04:38.478+0000] {logging_mixin.py:137} INFO - [2025-08-07T21:04:38.476+0000] {dagbag.py:343} ERROR - Failed to import: /opt/airflow/dags/crawl_news.py
Traceback (most recent call last):
  File "/home/airflow/.local/lib/python3.7/site-packages/airflow/models/dagbag.py", line 339, in parse
    loader.exec_module(new_module)
  File "<frozen importlib._bootstrap_external>", line 728, in exec_module
  File "<frozen importlib._bootstrap>", line 219, in _call_with_frames_removed
  File "/opt/airflow/dags/crawl_news.py", line 4, in <module>
    from airflow.operators.bash import PythonOperator
ImportError: cannot import name 'PythonOperator' from 'airflow.operators.bash' (/home/airflow/.local/lib/python3.7/site-packages/airflow/operators/bash.py)
[2025-08-07T21:04:38.479+0000] {processor.py:755} WARNING - No viable dags retrieved from /opt/airflow/dags/crawl_news.py
[2025-08-07T21:04:38.514+0000] {processor.py:175} INFO - Processing /opt/airflow/dags/crawl_news.py took 0.063 seconds
[2025-08-07T22:43:52.431+0000] {processor.py:153} INFO - Started process (PID=3501) to work on /opt/airflow/dags/crawl_news.py
[2025-08-07T22:43:52.433+0000] {processor.py:743} INFO - Processing file /opt/airflow/dags/crawl_news.py for tasks to queue
[2025-08-07T22:43:52.435+0000] {logging_mixin.py:137} INFO - [2025-08-07T22:43:52.435+0000] {dagbag.py:538} INFO - Filling up the DagBag from /opt/airflow/dags/crawl_news.py
[2025-08-07T22:43:52.473+0000] {logging_mixin.py:137} INFO - [2025-08-07T22:43:52.470+0000] {dagbag.py:343} ERROR - Failed to import: /opt/airflow/dags/crawl_news.py
Traceback (most recent call last):
  File "/home/airflow/.local/lib/python3.7/site-packages/airflow/models/dagbag.py", line 339, in parse
    loader.exec_module(new_module)
  File "<frozen importlib._bootstrap_external>", line 728, in exec_module
  File "<frozen importlib._bootstrap>", line 219, in _call_with_frames_removed
  File "/opt/airflow/dags/crawl_news.py", line 4, in <module>
    from airflow.operators.bash import PythonOperator
ImportError: cannot import name 'PythonOperator' from 'airflow.operators.bash' (/home/airflow/.local/lib/python3.7/site-packages/airflow/operators/bash.py)
[2025-08-07T22:43:52.474+0000] {processor.py:755} WARNING - No viable dags retrieved from /opt/airflow/dags/crawl_news.py
[2025-08-07T22:43:52.525+0000] {processor.py:175} INFO - Processing /opt/airflow/dags/crawl_news.py took 0.100 seconds
[2025-08-07T23:46:14.047+0000] {processor.py:153} INFO - Started process (PID=3550) to work on /opt/airflow/dags/crawl_news.py
[2025-08-07T23:46:14.048+0000] {processor.py:743} INFO - Processing file /opt/airflow/dags/crawl_news.py for tasks to queue
[2025-08-07T23:46:14.049+0000] {logging_mixin.py:137} INFO - [2025-08-07T23:46:14.049+0000] {dagbag.py:538} INFO - Filling up the DagBag from /opt/airflow/dags/crawl_news.py
[2025-08-07T23:46:14.060+0000] {logging_mixin.py:137} INFO - [2025-08-07T23:46:14.055+0000] {dagbag.py:343} ERROR - Failed to import: /opt/airflow/dags/crawl_news.py
Traceback (most recent call last):
  File "/home/airflow/.local/lib/python3.7/site-packages/airflow/models/dagbag.py", line 339, in parse
    loader.exec_module(new_module)
  File "<frozen importlib._bootstrap_external>", line 728, in exec_module
  File "<frozen importlib._bootstrap>", line 219, in _call_with_frames_removed
  File "/opt/airflow/dags/crawl_news.py", line 4, in <module>
    from airflow.operators.bash import PythonOperator
ImportError: cannot import name 'PythonOperator' from 'airflow.operators.bash' (/home/airflow/.local/lib/python3.7/site-packages/airflow/operators/bash.py)
[2025-08-07T23:46:14.062+0000] {processor.py:755} WARNING - No viable dags retrieved from /opt/airflow/dags/crawl_news.py
[2025-08-07T23:46:14.075+0000] {processor.py:175} INFO - Processing /opt/airflow/dags/crawl_news.py took 0.030 seconds
