[2025-08-07T15:49:01.804+0000] {taskinstance.py:1087} INFO - Dependencies all met for <TaskInstance: number_counting_dag.count_20 scheduled__2025-08-06T15:34:39.195887+00:00 [queued]>
[2025-08-07T15:49:01.809+0000] {taskinstance.py:1087} INFO - Dependencies all met for <TaskInstance: number_counting_dag.count_20 scheduled__2025-08-06T15:34:39.195887+00:00 [queued]>
[2025-08-07T15:49:01.809+0000] {taskinstance.py:1283} INFO - 
--------------------------------------------------------------------------------
[2025-08-07T15:49:01.809+0000] {taskinstance.py:1284} INFO - Starting attempt 1 of 2
[2025-08-07T15:49:01.809+0000] {taskinstance.py:1285} INFO - 
--------------------------------------------------------------------------------
[2025-08-07T15:49:01.815+0000] {taskinstance.py:1304} INFO - Executing <Task(BashOperator): count_20> on 2025-08-06 15:34:39.195887+00:00
[2025-08-07T15:49:01.818+0000] {standard_task_runner.py:55} INFO - Started process 3313 to run task
[2025-08-07T15:49:01.820+0000] {standard_task_runner.py:82} INFO - Running: ['***', 'tasks', 'run', 'number_counting_dag', 'count_20', 'scheduled__2025-08-06T15:34:39.195887+00:00', '--job-id', '7', '--raw', '--subdir', 'DAGS_FOLDER/count.py', '--cfg-path', '/tmp/tmpub8t6k0r']
[2025-08-07T15:49:01.821+0000] {standard_task_runner.py:83} INFO - Job 7: Subtask count_20
[2025-08-07T15:49:01.854+0000] {task_command.py:389} INFO - Running <TaskInstance: number_counting_dag.count_20 scheduled__2025-08-06T15:34:39.195887+00:00 [running]> on host ac9b20df240e
[2025-08-07T15:49:01.889+0000] {taskinstance.py:1513} INFO - Exporting the following env vars:
AIRFLOW_CTX_DAG_EMAIL=***@example.com
AIRFLOW_CTX_DAG_OWNER=***
AIRFLOW_CTX_DAG_ID=number_counting_dag
AIRFLOW_CTX_TASK_ID=count_20
AIRFLOW_CTX_EXECUTION_DATE=2025-08-06T15:34:39.195887+00:00
AIRFLOW_CTX_TRY_NUMBER=1
AIRFLOW_CTX_DAG_RUN_ID=scheduled__2025-08-06T15:34:39.195887+00:00
[2025-08-07T15:49:01.890+0000] {subprocess.py:63} INFO - Tmp dir root location: 
 /tmp
[2025-08-07T15:49:01.890+0000] {subprocess.py:75} INFO - Running command: ['/bin/bash', '-c', 'for i in {11..20}; do echo $i; sleep 1; done']
[2025-08-07T15:49:01.895+0000] {subprocess.py:86} INFO - Output:
[2025-08-07T15:49:01.896+0000] {subprocess.py:93} INFO - 11
[2025-08-07T15:49:02.909+0000] {subprocess.py:93} INFO - 12
[2025-08-07T15:49:03.922+0000] {subprocess.py:93} INFO - 13
[2025-08-07T15:49:04.926+0000] {subprocess.py:93} INFO - 14
[2025-08-07T15:49:05.938+0000] {subprocess.py:93} INFO - 15
[2025-08-07T15:49:06.944+0000] {subprocess.py:93} INFO - 16
[2025-08-07T15:49:07.948+0000] {subprocess.py:93} INFO - 17
[2025-08-07T15:49:08.961+0000] {subprocess.py:93} INFO - 18
[2025-08-07T15:49:09.964+0000] {subprocess.py:93} INFO - 19
[2025-08-07T15:49:10.971+0000] {subprocess.py:93} INFO - 20
[2025-08-07T15:49:11.978+0000] {subprocess.py:97} INFO - Command exited with return code 0
[2025-08-07T15:49:12.008+0000] {taskinstance.py:1327} INFO - Marking task as SUCCESS. dag_id=number_counting_dag, task_id=count_20, execution_date=20250806T153439, start_date=20250807T154901, end_date=20250807T154912
[2025-08-07T15:49:12.057+0000] {local_task_job.py:159} INFO - Task exited with return code 0
[2025-08-07T15:49:12.074+0000] {taskinstance.py:2582} INFO - 1 downstream tasks scheduled from follow-on schedule check
