[2025-08-09T17:22:09.041+0000] {taskinstance.py:1087} INFO - Dependencies all met for <TaskInstance: number_counting_dag.count_10 scheduled__2025-08-08T17:22:08.605514+00:00 [queued]>
[2025-08-09T17:22:09.046+0000] {taskinstance.py:1087} INFO - Dependencies all met for <TaskInstance: number_counting_dag.count_10 scheduled__2025-08-08T17:22:08.605514+00:00 [queued]>
[2025-08-09T17:22:09.046+0000] {taskinstance.py:1283} INFO - 
--------------------------------------------------------------------------------
[2025-08-09T17:22:09.046+0000] {taskinstance.py:1284} INFO - Starting attempt 1 of 2
[2025-08-09T17:22:09.046+0000] {taskinstance.py:1285} INFO - 
--------------------------------------------------------------------------------
[2025-08-09T17:22:09.053+0000] {taskinstance.py:1304} INFO - Executing <Task(BashOperator): count_10> on 2025-08-08 17:22:08.605514+00:00
[2025-08-09T17:22:09.055+0000] {standard_task_runner.py:55} INFO - Started process 4956 to run task
[2025-08-09T17:22:09.057+0000] {standard_task_runner.py:82} INFO - Running: ['***', 'tasks', 'run', 'number_counting_dag', 'count_10', 'scheduled__2025-08-08T17:22:08.605514+00:00', '--job-id', '12', '--raw', '--subdir', 'DAGS_FOLDER/count.py', '--cfg-path', '/tmp/tmpo4pgvpmm']
[2025-08-09T17:22:09.058+0000] {standard_task_runner.py:83} INFO - Job 12: Subtask count_10
[2025-08-09T17:22:09.089+0000] {task_command.py:389} INFO - Running <TaskInstance: number_counting_dag.count_10 scheduled__2025-08-08T17:22:08.605514+00:00 [running]> on host ac9b20df240e
[2025-08-09T17:22:09.123+0000] {taskinstance.py:1513} INFO - Exporting the following env vars:
AIRFLOW_CTX_DAG_EMAIL=***@example.com
AIRFLOW_CTX_DAG_OWNER=***
AIRFLOW_CTX_DAG_ID=number_counting_dag
AIRFLOW_CTX_TASK_ID=count_10
AIRFLOW_CTX_EXECUTION_DATE=2025-08-08T17:22:08.605514+00:00
AIRFLOW_CTX_TRY_NUMBER=1
AIRFLOW_CTX_DAG_RUN_ID=scheduled__2025-08-08T17:22:08.605514+00:00
[2025-08-09T17:22:09.123+0000] {subprocess.py:63} INFO - Tmp dir root location: 
 /tmp
[2025-08-09T17:22:09.124+0000] {subprocess.py:75} INFO - Running command: ['/bin/bash', '-c', 'for i in {1..10}; do echo $i; sleep 1; done']
[2025-08-09T17:22:09.129+0000] {subprocess.py:86} INFO - Output:
[2025-08-09T17:22:09.130+0000] {subprocess.py:93} INFO - 1
[2025-08-09T17:22:10.133+0000] {subprocess.py:93} INFO - 2
[2025-08-09T17:22:11.142+0000] {subprocess.py:93} INFO - 3
[2025-08-09T17:22:12.150+0000] {subprocess.py:93} INFO - 4
[2025-08-09T17:22:13.154+0000] {subprocess.py:93} INFO - 5
[2025-08-09T17:22:14.156+0000] {subprocess.py:93} INFO - 6
[2025-08-09T17:22:15.160+0000] {subprocess.py:93} INFO - 7
[2025-08-09T17:22:16.167+0000] {subprocess.py:93} INFO - 8
[2025-08-09T17:22:17.175+0000] {subprocess.py:93} INFO - 9
[2025-08-09T17:22:18.179+0000] {subprocess.py:93} INFO - 10
[2025-08-09T17:22:19.183+0000] {subprocess.py:97} INFO - Command exited with return code 0
[2025-08-09T17:22:19.238+0000] {taskinstance.py:1327} INFO - Marking task as SUCCESS. dag_id=number_counting_dag, task_id=count_10, execution_date=20250808T172208, start_date=20250809T172209, end_date=20250809T172219
[2025-08-09T17:22:19.272+0000] {local_task_job.py:159} INFO - Task exited with return code 0
[2025-08-09T17:22:19.293+0000] {taskinstance.py:2582} INFO - 0 downstream tasks scheduled from follow-on schedule check
