[2025-08-12T12:39:45.837+0000] {processor.py:153} INFO - Started process (PID=38) to work on /opt/airflow/dags/count.py
[2025-08-12T12:39:45.839+0000] {processor.py:743} INFO - Processing file /opt/airflow/dags/count.py for tasks to queue
[2025-08-12T12:39:45.841+0000] {logging_mixin.py:137} INFO - [2025-08-12T12:39:45.840+0000] {dagbag.py:538} INFO - Filling up the DagBag from /opt/airflow/dags/count.py
[2025-08-12T12:39:45.880+0000] {processor.py:753} INFO - DAG(s) dict_keys(['number_counting_dag']) retrieved from /opt/airflow/dags/count.py
[2025-08-12T12:39:45.911+0000] {logging_mixin.py:137} INFO - [2025-08-12T12:39:45.911+0000] {dag.py:2676} INFO - Sync 1 DAGs
[2025-08-12T12:39:45.932+0000] {logging_mixin.py:137} INFO - [2025-08-12T12:39:45.932+0000] {dag.py:3427} INFO - Setting next_dagrun for number_counting_dag to 2025-08-11T12:39:45.931878+00:00, run_after=2025-08-12T12:39:45.931878+00:00
[2025-08-12T12:39:45.953+0000] {processor.py:175} INFO - Processing /opt/airflow/dags/count.py took 0.120 seconds
[2025-08-12T12:40:12.833+0000] {processor.py:153} INFO - Started process (PID=39) to work on /opt/airflow/dags/count.py
[2025-08-12T12:40:12.835+0000] {processor.py:743} INFO - Processing file /opt/airflow/dags/count.py for tasks to queue
[2025-08-12T12:40:12.836+0000] {logging_mixin.py:137} INFO - [2025-08-12T12:40:12.836+0000] {dagbag.py:538} INFO - Filling up the DagBag from /opt/airflow/dags/count.py
[2025-08-12T12:40:12.882+0000] {processor.py:753} INFO - DAG(s) dict_keys(['number_counting_dag']) retrieved from /opt/airflow/dags/count.py
[2025-08-12T12:40:13.044+0000] {logging_mixin.py:137} INFO - [2025-08-12T12:40:13.044+0000] {manager.py:504} INFO - Created Permission View: can delete on DAG:number_counting_dag
[2025-08-12T12:40:13.050+0000] {logging_mixin.py:137} INFO - [2025-08-12T12:40:13.050+0000] {manager.py:504} INFO - Created Permission View: can read on DAG:number_counting_dag
[2025-08-12T12:40:13.053+0000] {logging_mixin.py:137} INFO - [2025-08-12T12:40:13.053+0000] {manager.py:504} INFO - Created Permission View: can edit on DAG:number_counting_dag
[2025-08-12T12:40:13.053+0000] {logging_mixin.py:137} INFO - [2025-08-12T12:40:13.053+0000] {dag.py:2676} INFO - Sync 1 DAGs
[2025-08-12T12:40:13.062+0000] {logging_mixin.py:137} INFO - [2025-08-12T12:40:13.061+0000] {dag.py:2697} INFO - Creating ORM DAG for number_counting_dag
[2025-08-12T12:40:13.069+0000] {logging_mixin.py:137} INFO - [2025-08-12T12:40:13.069+0000] {dag.py:3427} INFO - Setting next_dagrun for number_counting_dag to 2025-08-11T12:40:13.068875+00:00, run_after=2025-08-12T12:40:13.068875+00:00
[2025-08-12T12:40:13.080+0000] {processor.py:175} INFO - Processing /opt/airflow/dags/count.py took 0.251 seconds
[2025-08-12T12:40:43.217+0000] {processor.py:153} INFO - Started process (PID=88) to work on /opt/airflow/dags/count.py
[2025-08-12T12:40:43.218+0000] {processor.py:743} INFO - Processing file /opt/airflow/dags/count.py for tasks to queue
[2025-08-12T12:40:43.219+0000] {logging_mixin.py:137} INFO - [2025-08-12T12:40:43.219+0000] {dagbag.py:538} INFO - Filling up the DagBag from /opt/airflow/dags/count.py
[2025-08-12T12:40:43.243+0000] {processor.py:753} INFO - DAG(s) dict_keys(['number_counting_dag']) retrieved from /opt/airflow/dags/count.py
[2025-08-12T12:40:43.271+0000] {logging_mixin.py:137} INFO - [2025-08-12T12:40:43.271+0000] {dag.py:2676} INFO - Sync 1 DAGs
[2025-08-12T12:40:43.285+0000] {logging_mixin.py:137} INFO - [2025-08-12T12:40:43.285+0000] {dag.py:3427} INFO - Setting next_dagrun for number_counting_dag to 2025-08-11T12:40:43.285210+00:00, run_after=2025-08-12T12:40:43.285210+00:00
[2025-08-12T12:40:43.298+0000] {processor.py:175} INFO - Processing /opt/airflow/dags/count.py took 0.085 seconds
[2025-08-12T12:41:13.569+0000] {processor.py:153} INFO - Started process (PID=121) to work on /opt/airflow/dags/count.py
[2025-08-12T12:41:13.569+0000] {processor.py:743} INFO - Processing file /opt/airflow/dags/count.py for tasks to queue
[2025-08-12T12:41:13.571+0000] {logging_mixin.py:137} INFO - [2025-08-12T12:41:13.570+0000] {dagbag.py:538} INFO - Filling up the DagBag from /opt/airflow/dags/count.py
[2025-08-12T12:41:13.592+0000] {processor.py:753} INFO - DAG(s) dict_keys(['number_counting_dag']) retrieved from /opt/airflow/dags/count.py
[2025-08-12T12:41:13.622+0000] {logging_mixin.py:137} INFO - [2025-08-12T12:41:13.622+0000] {dag.py:2676} INFO - Sync 1 DAGs
[2025-08-12T12:41:13.637+0000] {logging_mixin.py:137} INFO - [2025-08-12T12:41:13.637+0000] {dag.py:3427} INFO - Setting next_dagrun for number_counting_dag to 2025-08-11T12:41:13.636939+00:00, run_after=2025-08-12T12:41:13.636939+00:00
[2025-08-12T12:41:13.650+0000] {processor.py:175} INFO - Processing /opt/airflow/dags/count.py took 0.085 seconds
[2025-08-12T12:41:43.934+0000] {processor.py:153} INFO - Started process (PID=170) to work on /opt/airflow/dags/count.py
[2025-08-12T12:41:43.935+0000] {processor.py:743} INFO - Processing file /opt/airflow/dags/count.py for tasks to queue
[2025-08-12T12:41:43.937+0000] {logging_mixin.py:137} INFO - [2025-08-12T12:41:43.937+0000] {dagbag.py:538} INFO - Filling up the DagBag from /opt/airflow/dags/count.py
[2025-08-12T12:41:43.958+0000] {processor.py:753} INFO - DAG(s) dict_keys(['number_counting_dag']) retrieved from /opt/airflow/dags/count.py
[2025-08-12T12:41:43.986+0000] {logging_mixin.py:137} INFO - [2025-08-12T12:41:43.986+0000] {dag.py:2676} INFO - Sync 1 DAGs
[2025-08-12T12:41:44.001+0000] {logging_mixin.py:137} INFO - [2025-08-12T12:41:44.001+0000] {dag.py:3427} INFO - Setting next_dagrun for number_counting_dag to 2025-08-11T12:41:44.000869+00:00, run_after=2025-08-12T12:41:44.000869+00:00
[2025-08-12T12:41:44.012+0000] {processor.py:175} INFO - Processing /opt/airflow/dags/count.py took 0.082 seconds
[2025-08-12T12:42:14.351+0000] {processor.py:153} INFO - Started process (PID=220) to work on /opt/airflow/dags/count.py
[2025-08-12T12:42:14.352+0000] {processor.py:743} INFO - Processing file /opt/airflow/dags/count.py for tasks to queue
[2025-08-12T12:42:14.353+0000] {logging_mixin.py:137} INFO - [2025-08-12T12:42:14.353+0000] {dagbag.py:538} INFO - Filling up the DagBag from /opt/airflow/dags/count.py
[2025-08-12T12:42:14.375+0000] {processor.py:753} INFO - DAG(s) dict_keys(['number_counting_dag']) retrieved from /opt/airflow/dags/count.py
[2025-08-12T12:42:14.409+0000] {logging_mixin.py:137} INFO - [2025-08-12T12:42:14.409+0000] {dag.py:2676} INFO - Sync 1 DAGs
[2025-08-12T12:42:14.422+0000] {logging_mixin.py:137} INFO - [2025-08-12T12:42:14.422+0000] {dag.py:3427} INFO - Setting next_dagrun for number_counting_dag to 2025-08-11T12:42:14.422029+00:00, run_after=2025-08-12T12:42:14.422029+00:00
[2025-08-12T12:42:14.436+0000] {processor.py:175} INFO - Processing /opt/airflow/dags/count.py took 0.088 seconds
[2025-08-12T12:42:44.719+0000] {processor.py:153} INFO - Started process (PID=270) to work on /opt/airflow/dags/count.py
[2025-08-12T12:42:44.720+0000] {processor.py:743} INFO - Processing file /opt/airflow/dags/count.py for tasks to queue
[2025-08-12T12:42:44.721+0000] {logging_mixin.py:137} INFO - [2025-08-12T12:42:44.721+0000] {dagbag.py:538} INFO - Filling up the DagBag from /opt/airflow/dags/count.py
[2025-08-12T12:42:44.732+0000] {processor.py:753} INFO - DAG(s) dict_keys(['number_counting_dag']) retrieved from /opt/airflow/dags/count.py
[2025-08-12T12:42:44.753+0000] {logging_mixin.py:137} INFO - [2025-08-12T12:42:44.753+0000] {dag.py:2676} INFO - Sync 1 DAGs
[2025-08-12T12:42:44.767+0000] {logging_mixin.py:137} INFO - [2025-08-12T12:42:44.767+0000] {dag.py:3427} INFO - Setting next_dagrun for number_counting_dag to 2025-08-11T12:42:44.767398+00:00, run_after=2025-08-12T12:42:44.767398+00:00
[2025-08-12T12:42:44.780+0000] {processor.py:175} INFO - Processing /opt/airflow/dags/count.py took 0.064 seconds
[2025-08-12T12:43:15.124+0000] {processor.py:153} INFO - Started process (PID=304) to work on /opt/airflow/dags/count.py
[2025-08-12T12:43:15.124+0000] {processor.py:743} INFO - Processing file /opt/airflow/dags/count.py for tasks to queue
[2025-08-12T12:43:15.125+0000] {logging_mixin.py:137} INFO - [2025-08-12T12:43:15.125+0000] {dagbag.py:538} INFO - Filling up the DagBag from /opt/airflow/dags/count.py
[2025-08-12T12:43:15.151+0000] {processor.py:753} INFO - DAG(s) dict_keys(['number_counting_dag']) retrieved from /opt/airflow/dags/count.py
[2025-08-12T12:43:15.184+0000] {logging_mixin.py:137} INFO - [2025-08-12T12:43:15.184+0000] {dag.py:2676} INFO - Sync 1 DAGs
[2025-08-12T12:43:15.201+0000] {logging_mixin.py:137} INFO - [2025-08-12T12:43:15.201+0000] {dag.py:3427} INFO - Setting next_dagrun for number_counting_dag to 2025-08-11T12:43:15.201507+00:00, run_after=2025-08-12T12:43:15.201507+00:00
[2025-08-12T12:43:15.215+0000] {processor.py:175} INFO - Processing /opt/airflow/dags/count.py took 0.094 seconds
[2025-08-12T12:43:45.612+0000] {processor.py:153} INFO - Started process (PID=354) to work on /opt/airflow/dags/count.py
[2025-08-12T12:43:45.613+0000] {processor.py:743} INFO - Processing file /opt/airflow/dags/count.py for tasks to queue
[2025-08-12T12:43:45.614+0000] {logging_mixin.py:137} INFO - [2025-08-12T12:43:45.614+0000] {dagbag.py:538} INFO - Filling up the DagBag from /opt/airflow/dags/count.py
[2025-08-12T12:43:45.632+0000] {processor.py:753} INFO - DAG(s) dict_keys(['number_counting_dag']) retrieved from /opt/airflow/dags/count.py
[2025-08-12T12:43:45.659+0000] {logging_mixin.py:137} INFO - [2025-08-12T12:43:45.659+0000] {dag.py:2676} INFO - Sync 1 DAGs
[2025-08-12T12:43:45.673+0000] {logging_mixin.py:137} INFO - [2025-08-12T12:43:45.672+0000] {dag.py:3427} INFO - Setting next_dagrun for number_counting_dag to 2025-08-11T12:43:45.672821+00:00, run_after=2025-08-12T12:43:45.672821+00:00
[2025-08-12T12:43:45.684+0000] {processor.py:175} INFO - Processing /opt/airflow/dags/count.py took 0.075 seconds
[2025-08-12T12:44:36.043+0000] {processor.py:153} INFO - Started process (PID=46) to work on /opt/airflow/dags/count.py
[2025-08-12T12:44:36.058+0000] {processor.py:743} INFO - Processing file /opt/airflow/dags/count.py for tasks to queue
[2025-08-12T12:44:36.066+0000] {logging_mixin.py:137} INFO - [2025-08-12T12:44:36.066+0000] {dagbag.py:538} INFO - Filling up the DagBag from /opt/airflow/dags/count.py
[2025-08-12T12:44:36.234+0000] {processor.py:753} INFO - DAG(s) dict_keys(['number_counting_dag']) retrieved from /opt/airflow/dags/count.py
[2025-08-12T12:44:36.605+0000] {logging_mixin.py:137} INFO - [2025-08-12T12:44:36.604+0000] {manager.py:504} INFO - Created Permission View: can edit on DAG:number_counting_dag
[2025-08-12T12:44:36.616+0000] {logging_mixin.py:137} INFO - [2025-08-12T12:44:36.616+0000] {manager.py:504} INFO - Created Permission View: can delete on DAG:number_counting_dag
[2025-08-12T12:44:36.626+0000] {logging_mixin.py:137} INFO - [2025-08-12T12:44:36.626+0000] {manager.py:504} INFO - Created Permission View: can read on DAG:number_counting_dag
[2025-08-12T12:44:36.628+0000] {logging_mixin.py:137} INFO - [2025-08-12T12:44:36.628+0000] {dag.py:2676} INFO - Sync 1 DAGs
[2025-08-12T12:44:36.649+0000] {logging_mixin.py:137} INFO - [2025-08-12T12:44:36.649+0000] {dag.py:2697} INFO - Creating ORM DAG for number_counting_dag
[2025-08-12T12:44:36.666+0000] {logging_mixin.py:137} INFO - [2025-08-12T12:44:36.665+0000] {dag.py:3427} INFO - Setting next_dagrun for number_counting_dag to 2025-08-11T12:44:36.665586+00:00, run_after=2025-08-12T12:44:36.665586+00:00
[2025-08-12T12:44:36.711+0000] {processor.py:175} INFO - Processing /opt/airflow/dags/count.py took 0.673 seconds
[2025-08-12T12:45:06.784+0000] {processor.py:153} INFO - Started process (PID=89) to work on /opt/airflow/dags/count.py
[2025-08-12T12:45:06.785+0000] {processor.py:743} INFO - Processing file /opt/airflow/dags/count.py for tasks to queue
[2025-08-12T12:45:06.785+0000] {logging_mixin.py:137} INFO - [2025-08-12T12:45:06.785+0000] {dagbag.py:538} INFO - Filling up the DagBag from /opt/airflow/dags/count.py
[2025-08-12T12:45:06.808+0000] {processor.py:753} INFO - DAG(s) dict_keys(['number_counting_dag']) retrieved from /opt/airflow/dags/count.py
[2025-08-12T12:45:06.833+0000] {logging_mixin.py:137} INFO - [2025-08-12T12:45:06.833+0000] {dag.py:2676} INFO - Sync 1 DAGs
[2025-08-12T12:45:06.854+0000] {logging_mixin.py:137} INFO - [2025-08-12T12:45:06.854+0000] {dag.py:3427} INFO - Setting next_dagrun for number_counting_dag to 2025-08-11T12:45:06.853462+00:00, run_after=2025-08-12T12:45:06.853462+00:00
[2025-08-12T12:45:06.869+0000] {processor.py:175} INFO - Processing /opt/airflow/dags/count.py took 0.088 seconds
[2025-08-12T12:45:37.167+0000] {processor.py:153} INFO - Started process (PID=139) to work on /opt/airflow/dags/count.py
[2025-08-12T12:45:37.168+0000] {processor.py:743} INFO - Processing file /opt/airflow/dags/count.py for tasks to queue
[2025-08-12T12:45:37.170+0000] {logging_mixin.py:137} INFO - [2025-08-12T12:45:37.170+0000] {dagbag.py:538} INFO - Filling up the DagBag from /opt/airflow/dags/count.py
[2025-08-12T12:45:37.190+0000] {processor.py:753} INFO - DAG(s) dict_keys(['number_counting_dag']) retrieved from /opt/airflow/dags/count.py
[2025-08-12T12:45:37.217+0000] {logging_mixin.py:137} INFO - [2025-08-12T12:45:37.216+0000] {dag.py:2676} INFO - Sync 1 DAGs
[2025-08-12T12:45:37.231+0000] {logging_mixin.py:137} INFO - [2025-08-12T12:45:37.231+0000] {dag.py:3427} INFO - Setting next_dagrun for number_counting_dag to 2025-08-11T12:45:37.231142+00:00, run_after=2025-08-12T12:45:37.231142+00:00
[2025-08-12T12:45:37.245+0000] {processor.py:175} INFO - Processing /opt/airflow/dags/count.py took 0.080 seconds
[2025-08-12T12:46:07.516+0000] {processor.py:153} INFO - Started process (PID=173) to work on /opt/airflow/dags/count.py
[2025-08-12T12:46:07.517+0000] {processor.py:743} INFO - Processing file /opt/airflow/dags/count.py for tasks to queue
[2025-08-12T12:46:07.518+0000] {logging_mixin.py:137} INFO - [2025-08-12T12:46:07.518+0000] {dagbag.py:538} INFO - Filling up the DagBag from /opt/airflow/dags/count.py
[2025-08-12T12:46:07.544+0000] {processor.py:753} INFO - DAG(s) dict_keys(['number_counting_dag']) retrieved from /opt/airflow/dags/count.py
[2025-08-12T12:46:07.579+0000] {logging_mixin.py:137} INFO - [2025-08-12T12:46:07.579+0000] {dag.py:2676} INFO - Sync 1 DAGs
[2025-08-12T12:46:07.595+0000] {logging_mixin.py:137} INFO - [2025-08-12T12:46:07.594+0000] {dag.py:3427} INFO - Setting next_dagrun for number_counting_dag to 2025-08-11T12:46:07.594759+00:00, run_after=2025-08-12T12:46:07.594759+00:00
[2025-08-12T12:46:07.610+0000] {processor.py:175} INFO - Processing /opt/airflow/dags/count.py took 0.097 seconds
[2025-08-12T12:46:37.923+0000] {processor.py:153} INFO - Started process (PID=223) to work on /opt/airflow/dags/count.py
[2025-08-12T12:46:37.925+0000] {processor.py:743} INFO - Processing file /opt/airflow/dags/count.py for tasks to queue
[2025-08-12T12:46:37.925+0000] {logging_mixin.py:137} INFO - [2025-08-12T12:46:37.925+0000] {dagbag.py:538} INFO - Filling up the DagBag from /opt/airflow/dags/count.py
[2025-08-12T12:46:37.952+0000] {processor.py:753} INFO - DAG(s) dict_keys(['number_counting_dag']) retrieved from /opt/airflow/dags/count.py
[2025-08-12T12:46:37.982+0000] {logging_mixin.py:137} INFO - [2025-08-12T12:46:37.982+0000] {dag.py:2676} INFO - Sync 1 DAGs
[2025-08-12T12:46:37.998+0000] {logging_mixin.py:137} INFO - [2025-08-12T12:46:37.997+0000] {dag.py:3427} INFO - Setting next_dagrun for number_counting_dag to 2025-08-11T12:46:37.997690+00:00, run_after=2025-08-12T12:46:37.997690+00:00
[2025-08-12T12:46:38.010+0000] {processor.py:175} INFO - Processing /opt/airflow/dags/count.py took 0.091 seconds
[2025-08-12T12:47:08.323+0000] {processor.py:153} INFO - Started process (PID=273) to work on /opt/airflow/dags/count.py
[2025-08-12T12:47:08.324+0000] {processor.py:743} INFO - Processing file /opt/airflow/dags/count.py for tasks to queue
[2025-08-12T12:47:08.325+0000] {logging_mixin.py:137} INFO - [2025-08-12T12:47:08.325+0000] {dagbag.py:538} INFO - Filling up the DagBag from /opt/airflow/dags/count.py
[2025-08-12T12:47:08.341+0000] {processor.py:753} INFO - DAG(s) dict_keys(['number_counting_dag']) retrieved from /opt/airflow/dags/count.py
[2025-08-12T12:47:08.370+0000] {logging_mixin.py:137} INFO - [2025-08-12T12:47:08.370+0000] {dag.py:2676} INFO - Sync 1 DAGs
[2025-08-12T12:47:08.390+0000] {logging_mixin.py:137} INFO - [2025-08-12T12:47:08.389+0000] {dag.py:3427} INFO - Setting next_dagrun for number_counting_dag to 2025-08-11T12:47:08.389834+00:00, run_after=2025-08-12T12:47:08.389834+00:00
[2025-08-12T12:47:08.401+0000] {processor.py:175} INFO - Processing /opt/airflow/dags/count.py took 0.082 seconds
[2025-08-12T12:47:38.726+0000] {processor.py:153} INFO - Started process (PID=307) to work on /opt/airflow/dags/count.py
[2025-08-12T12:47:38.727+0000] {processor.py:743} INFO - Processing file /opt/airflow/dags/count.py for tasks to queue
[2025-08-12T12:47:38.729+0000] {logging_mixin.py:137} INFO - [2025-08-12T12:47:38.729+0000] {dagbag.py:538} INFO - Filling up the DagBag from /opt/airflow/dags/count.py
[2025-08-12T12:47:38.751+0000] {processor.py:753} INFO - DAG(s) dict_keys(['number_counting_dag']) retrieved from /opt/airflow/dags/count.py
[2025-08-12T12:47:38.783+0000] {logging_mixin.py:137} INFO - [2025-08-12T12:47:38.783+0000] {dag.py:2676} INFO - Sync 1 DAGs
[2025-08-12T12:47:38.801+0000] {logging_mixin.py:137} INFO - [2025-08-12T12:47:38.801+0000] {dag.py:3427} INFO - Setting next_dagrun for number_counting_dag to 2025-08-11T12:47:38.800967+00:00, run_after=2025-08-12T12:47:38.800967+00:00
[2025-08-12T12:47:38.817+0000] {processor.py:175} INFO - Processing /opt/airflow/dags/count.py took 0.094 seconds
[2025-08-12T12:48:09.066+0000] {processor.py:153} INFO - Started process (PID=356) to work on /opt/airflow/dags/count.py
[2025-08-12T12:48:09.067+0000] {processor.py:743} INFO - Processing file /opt/airflow/dags/count.py for tasks to queue
[2025-08-12T12:48:09.068+0000] {logging_mixin.py:137} INFO - [2025-08-12T12:48:09.068+0000] {dagbag.py:538} INFO - Filling up the DagBag from /opt/airflow/dags/count.py
[2025-08-12T12:48:09.085+0000] {processor.py:753} INFO - DAG(s) dict_keys(['number_counting_dag']) retrieved from /opt/airflow/dags/count.py
[2025-08-12T12:48:09.116+0000] {logging_mixin.py:137} INFO - [2025-08-12T12:48:09.116+0000] {dag.py:2676} INFO - Sync 1 DAGs
[2025-08-12T12:48:09.131+0000] {logging_mixin.py:137} INFO - [2025-08-12T12:48:09.131+0000] {dag.py:3427} INFO - Setting next_dagrun for number_counting_dag to 2025-08-11T12:48:09.130983+00:00, run_after=2025-08-12T12:48:09.130983+00:00
[2025-08-12T12:48:09.145+0000] {processor.py:175} INFO - Processing /opt/airflow/dags/count.py took 0.083 seconds
[2025-08-12T12:48:39.411+0000] {processor.py:153} INFO - Started process (PID=406) to work on /opt/airflow/dags/count.py
[2025-08-12T12:48:39.412+0000] {processor.py:743} INFO - Processing file /opt/airflow/dags/count.py for tasks to queue
[2025-08-12T12:48:39.413+0000] {logging_mixin.py:137} INFO - [2025-08-12T12:48:39.413+0000] {dagbag.py:538} INFO - Filling up the DagBag from /opt/airflow/dags/count.py
[2025-08-12T12:48:39.438+0000] {processor.py:753} INFO - DAG(s) dict_keys(['number_counting_dag']) retrieved from /opt/airflow/dags/count.py
[2025-08-12T12:48:39.467+0000] {logging_mixin.py:137} INFO - [2025-08-12T12:48:39.466+0000] {dag.py:2676} INFO - Sync 1 DAGs
[2025-08-12T12:48:39.486+0000] {logging_mixin.py:137} INFO - [2025-08-12T12:48:39.486+0000] {dag.py:3427} INFO - Setting next_dagrun for number_counting_dag to 2025-08-11T12:48:39.485848+00:00, run_after=2025-08-12T12:48:39.485848+00:00
[2025-08-12T12:48:39.498+0000] {processor.py:175} INFO - Processing /opt/airflow/dags/count.py took 0.091 seconds
[2025-08-12T12:49:09.763+0000] {processor.py:153} INFO - Started process (PID=440) to work on /opt/airflow/dags/count.py
[2025-08-12T12:49:09.764+0000] {processor.py:743} INFO - Processing file /opt/airflow/dags/count.py for tasks to queue
[2025-08-12T12:49:09.765+0000] {logging_mixin.py:137} INFO - [2025-08-12T12:49:09.765+0000] {dagbag.py:538} INFO - Filling up the DagBag from /opt/airflow/dags/count.py
[2025-08-12T12:49:09.777+0000] {processor.py:753} INFO - DAG(s) dict_keys(['number_counting_dag']) retrieved from /opt/airflow/dags/count.py
[2025-08-12T12:49:09.804+0000] {logging_mixin.py:137} INFO - [2025-08-12T12:49:09.803+0000] {dag.py:2676} INFO - Sync 1 DAGs
[2025-08-12T12:49:09.818+0000] {logging_mixin.py:137} INFO - [2025-08-12T12:49:09.818+0000] {dag.py:3427} INFO - Setting next_dagrun for number_counting_dag to 2025-08-11T12:49:09.818140+00:00, run_after=2025-08-12T12:49:09.818140+00:00
[2025-08-12T12:49:09.830+0000] {processor.py:175} INFO - Processing /opt/airflow/dags/count.py took 0.070 seconds
[2025-08-12T12:49:40.125+0000] {processor.py:153} INFO - Started process (PID=490) to work on /opt/airflow/dags/count.py
[2025-08-12T12:49:40.126+0000] {processor.py:743} INFO - Processing file /opt/airflow/dags/count.py for tasks to queue
[2025-08-12T12:49:40.126+0000] {logging_mixin.py:137} INFO - [2025-08-12T12:49:40.126+0000] {dagbag.py:538} INFO - Filling up the DagBag from /opt/airflow/dags/count.py
[2025-08-12T12:49:40.139+0000] {processor.py:753} INFO - DAG(s) dict_keys(['number_counting_dag']) retrieved from /opt/airflow/dags/count.py
[2025-08-12T12:49:40.161+0000] {logging_mixin.py:137} INFO - [2025-08-12T12:49:40.161+0000] {dag.py:2676} INFO - Sync 1 DAGs
[2025-08-12T12:49:40.175+0000] {logging_mixin.py:137} INFO - [2025-08-12T12:49:40.175+0000] {dag.py:3427} INFO - Setting next_dagrun for number_counting_dag to 2025-08-11T12:49:40.175649+00:00, run_after=2025-08-12T12:49:40.175649+00:00
[2025-08-12T12:49:40.186+0000] {processor.py:175} INFO - Processing /opt/airflow/dags/count.py took 0.063 seconds
[2025-08-12T12:50:10.507+0000] {processor.py:153} INFO - Started process (PID=540) to work on /opt/airflow/dags/count.py
[2025-08-12T12:50:10.508+0000] {processor.py:743} INFO - Processing file /opt/airflow/dags/count.py for tasks to queue
[2025-08-12T12:50:10.510+0000] {logging_mixin.py:137} INFO - [2025-08-12T12:50:10.509+0000] {dagbag.py:538} INFO - Filling up the DagBag from /opt/airflow/dags/count.py
[2025-08-12T12:50:10.532+0000] {processor.py:753} INFO - DAG(s) dict_keys(['number_counting_dag']) retrieved from /opt/airflow/dags/count.py
[2025-08-12T12:50:10.559+0000] {logging_mixin.py:137} INFO - [2025-08-12T12:50:10.559+0000] {dag.py:2676} INFO - Sync 1 DAGs
[2025-08-12T12:50:10.573+0000] {logging_mixin.py:137} INFO - [2025-08-12T12:50:10.573+0000] {dag.py:3427} INFO - Setting next_dagrun for number_counting_dag to 2025-08-11T12:50:10.573721+00:00, run_after=2025-08-12T12:50:10.573721+00:00
[2025-08-12T12:50:10.585+0000] {processor.py:175} INFO - Processing /opt/airflow/dags/count.py took 0.083 seconds
[2025-08-12T12:50:40.922+0000] {processor.py:153} INFO - Started process (PID=574) to work on /opt/airflow/dags/count.py
[2025-08-12T12:50:40.925+0000] {processor.py:743} INFO - Processing file /opt/airflow/dags/count.py for tasks to queue
[2025-08-12T12:50:40.927+0000] {logging_mixin.py:137} INFO - [2025-08-12T12:50:40.927+0000] {dagbag.py:538} INFO - Filling up the DagBag from /opt/airflow/dags/count.py
[2025-08-12T12:50:40.953+0000] {processor.py:753} INFO - DAG(s) dict_keys(['number_counting_dag']) retrieved from /opt/airflow/dags/count.py
[2025-08-12T12:50:40.984+0000] {logging_mixin.py:137} INFO - [2025-08-12T12:50:40.984+0000] {dag.py:2676} INFO - Sync 1 DAGs
[2025-08-12T12:50:41.004+0000] {logging_mixin.py:137} INFO - [2025-08-12T12:50:41.004+0000] {dag.py:3427} INFO - Setting next_dagrun for number_counting_dag to 2025-08-11T12:50:41.004046+00:00, run_after=2025-08-12T12:50:41.004046+00:00
[2025-08-12T12:50:41.019+0000] {processor.py:175} INFO - Processing /opt/airflow/dags/count.py took 0.102 seconds
[2025-08-12T12:51:11.312+0000] {processor.py:153} INFO - Started process (PID=624) to work on /opt/airflow/dags/count.py
[2025-08-12T12:51:11.313+0000] {processor.py:743} INFO - Processing file /opt/airflow/dags/count.py for tasks to queue
[2025-08-12T12:51:11.314+0000] {logging_mixin.py:137} INFO - [2025-08-12T12:51:11.314+0000] {dagbag.py:538} INFO - Filling up the DagBag from /opt/airflow/dags/count.py
[2025-08-12T12:51:11.331+0000] {processor.py:753} INFO - DAG(s) dict_keys(['number_counting_dag']) retrieved from /opt/airflow/dags/count.py
[2025-08-12T12:51:11.357+0000] {logging_mixin.py:137} INFO - [2025-08-12T12:51:11.357+0000] {dag.py:2676} INFO - Sync 1 DAGs
[2025-08-12T12:51:11.371+0000] {logging_mixin.py:137} INFO - [2025-08-12T12:51:11.371+0000] {dag.py:3427} INFO - Setting next_dagrun for number_counting_dag to 2025-08-11T12:51:11.371691+00:00, run_after=2025-08-12T12:51:11.371691+00:00
[2025-08-12T12:51:11.381+0000] {processor.py:175} INFO - Processing /opt/airflow/dags/count.py took 0.073 seconds
[2025-08-12T12:51:41.702+0000] {processor.py:153} INFO - Started process (PID=674) to work on /opt/airflow/dags/count.py
[2025-08-12T12:51:41.703+0000] {processor.py:743} INFO - Processing file /opt/airflow/dags/count.py for tasks to queue
[2025-08-12T12:51:41.705+0000] {logging_mixin.py:137} INFO - [2025-08-12T12:51:41.704+0000] {dagbag.py:538} INFO - Filling up the DagBag from /opt/airflow/dags/count.py
[2025-08-12T12:51:41.724+0000] {processor.py:753} INFO - DAG(s) dict_keys(['number_counting_dag']) retrieved from /opt/airflow/dags/count.py
[2025-08-12T12:51:41.762+0000] {logging_mixin.py:137} INFO - [2025-08-12T12:51:41.762+0000] {dag.py:2676} INFO - Sync 1 DAGs
[2025-08-12T12:51:41.779+0000] {logging_mixin.py:137} INFO - [2025-08-12T12:51:41.779+0000] {dag.py:3427} INFO - Setting next_dagrun for number_counting_dag to 2025-08-11T12:51:41.779049+00:00, run_after=2025-08-12T12:51:41.779049+00:00
[2025-08-12T12:51:41.800+0000] {processor.py:175} INFO - Processing /opt/airflow/dags/count.py took 0.101 seconds
[2025-08-12T12:52:12.140+0000] {processor.py:153} INFO - Started process (PID=708) to work on /opt/airflow/dags/count.py
[2025-08-12T12:52:12.142+0000] {processor.py:743} INFO - Processing file /opt/airflow/dags/count.py for tasks to queue
[2025-08-12T12:52:12.143+0000] {logging_mixin.py:137} INFO - [2025-08-12T12:52:12.143+0000] {dagbag.py:538} INFO - Filling up the DagBag from /opt/airflow/dags/count.py
[2025-08-12T12:52:12.160+0000] {processor.py:753} INFO - DAG(s) dict_keys(['number_counting_dag']) retrieved from /opt/airflow/dags/count.py
[2025-08-12T12:52:12.185+0000] {logging_mixin.py:137} INFO - [2025-08-12T12:52:12.185+0000] {dag.py:2676} INFO - Sync 1 DAGs
[2025-08-12T12:52:12.199+0000] {logging_mixin.py:137} INFO - [2025-08-12T12:52:12.199+0000] {dag.py:3427} INFO - Setting next_dagrun for number_counting_dag to 2025-08-11T12:52:12.199688+00:00, run_after=2025-08-12T12:52:12.199688+00:00
[2025-08-12T12:52:12.213+0000] {processor.py:175} INFO - Processing /opt/airflow/dags/count.py took 0.076 seconds
[2025-08-12T12:52:42.561+0000] {processor.py:153} INFO - Started process (PID=758) to work on /opt/airflow/dags/count.py
[2025-08-12T12:52:42.563+0000] {processor.py:743} INFO - Processing file /opt/airflow/dags/count.py for tasks to queue
[2025-08-12T12:52:42.564+0000] {logging_mixin.py:137} INFO - [2025-08-12T12:52:42.564+0000] {dagbag.py:538} INFO - Filling up the DagBag from /opt/airflow/dags/count.py
[2025-08-12T12:52:42.587+0000] {processor.py:753} INFO - DAG(s) dict_keys(['number_counting_dag']) retrieved from /opt/airflow/dags/count.py
[2025-08-12T12:52:42.614+0000] {logging_mixin.py:137} INFO - [2025-08-12T12:52:42.614+0000] {dag.py:2676} INFO - Sync 1 DAGs
[2025-08-12T12:52:42.630+0000] {logging_mixin.py:137} INFO - [2025-08-12T12:52:42.629+0000] {dag.py:3427} INFO - Setting next_dagrun for number_counting_dag to 2025-08-11T12:52:42.629697+00:00, run_after=2025-08-12T12:52:42.629697+00:00
[2025-08-12T12:52:42.644+0000] {processor.py:175} INFO - Processing /opt/airflow/dags/count.py took 0.087 seconds
[2025-08-12T12:53:12.954+0000] {processor.py:153} INFO - Started process (PID=808) to work on /opt/airflow/dags/count.py
[2025-08-12T12:53:12.955+0000] {processor.py:743} INFO - Processing file /opt/airflow/dags/count.py for tasks to queue
[2025-08-12T12:53:12.956+0000] {logging_mixin.py:137} INFO - [2025-08-12T12:53:12.956+0000] {dagbag.py:538} INFO - Filling up the DagBag from /opt/airflow/dags/count.py
[2025-08-12T12:53:12.973+0000] {processor.py:753} INFO - DAG(s) dict_keys(['number_counting_dag']) retrieved from /opt/airflow/dags/count.py
[2025-08-12T12:53:13.001+0000] {logging_mixin.py:137} INFO - [2025-08-12T12:53:13.001+0000] {dag.py:2676} INFO - Sync 1 DAGs
[2025-08-12T12:53:13.016+0000] {logging_mixin.py:137} INFO - [2025-08-12T12:53:13.016+0000] {dag.py:3427} INFO - Setting next_dagrun for number_counting_dag to 2025-08-11T12:53:13.016712+00:00, run_after=2025-08-12T12:53:13.016712+00:00
[2025-08-12T12:53:13.027+0000] {processor.py:175} INFO - Processing /opt/airflow/dags/count.py took 0.076 seconds
[2025-08-12T12:53:43.317+0000] {processor.py:153} INFO - Started process (PID=848) to work on /opt/airflow/dags/count.py
[2025-08-12T12:53:43.320+0000] {processor.py:743} INFO - Processing file /opt/airflow/dags/count.py for tasks to queue
[2025-08-12T12:53:43.321+0000] {logging_mixin.py:137} INFO - [2025-08-12T12:53:43.321+0000] {dagbag.py:538} INFO - Filling up the DagBag from /opt/airflow/dags/count.py
[2025-08-12T12:53:43.357+0000] {processor.py:753} INFO - DAG(s) dict_keys(['number_counting_dag']) retrieved from /opt/airflow/dags/count.py
[2025-08-12T12:53:43.399+0000] {logging_mixin.py:137} INFO - [2025-08-12T12:53:43.399+0000] {dag.py:2676} INFO - Sync 1 DAGs
[2025-08-12T12:53:43.445+0000] {logging_mixin.py:137} INFO - [2025-08-12T12:53:43.444+0000] {dag.py:3427} INFO - Setting next_dagrun for number_counting_dag to 2025-08-11T12:53:43.444555+00:00, run_after=2025-08-12T12:53:43.444555+00:00
[2025-08-12T12:53:43.471+0000] {processor.py:175} INFO - Processing /opt/airflow/dags/count.py took 0.167 seconds
[2025-08-12T12:54:13.753+0000] {processor.py:153} INFO - Started process (PID=891) to work on /opt/airflow/dags/count.py
[2025-08-12T12:54:13.755+0000] {processor.py:743} INFO - Processing file /opt/airflow/dags/count.py for tasks to queue
[2025-08-12T12:54:13.755+0000] {logging_mixin.py:137} INFO - [2025-08-12T12:54:13.755+0000] {dagbag.py:538} INFO - Filling up the DagBag from /opt/airflow/dags/count.py
[2025-08-12T12:54:13.774+0000] {processor.py:753} INFO - DAG(s) dict_keys(['number_counting_dag']) retrieved from /opt/airflow/dags/count.py
[2025-08-12T12:54:13.812+0000] {logging_mixin.py:137} INFO - [2025-08-12T12:54:13.812+0000] {dag.py:2676} INFO - Sync 1 DAGs
[2025-08-12T12:54:13.830+0000] {logging_mixin.py:137} INFO - [2025-08-12T12:54:13.830+0000] {dag.py:3427} INFO - Setting next_dagrun for number_counting_dag to 2025-08-11T12:54:13.830182+00:00, run_after=2025-08-12T12:54:13.830182+00:00
[2025-08-12T12:54:13.845+0000] {processor.py:175} INFO - Processing /opt/airflow/dags/count.py took 0.095 seconds
[2025-08-12T12:54:44.214+0000] {processor.py:153} INFO - Started process (PID=941) to work on /opt/airflow/dags/count.py
[2025-08-12T12:54:44.216+0000] {processor.py:743} INFO - Processing file /opt/airflow/dags/count.py for tasks to queue
[2025-08-12T12:54:44.216+0000] {logging_mixin.py:137} INFO - [2025-08-12T12:54:44.216+0000] {dagbag.py:538} INFO - Filling up the DagBag from /opt/airflow/dags/count.py
[2025-08-12T12:54:44.238+0000] {processor.py:753} INFO - DAG(s) dict_keys(['number_counting_dag']) retrieved from /opt/airflow/dags/count.py
[2025-08-12T12:54:44.271+0000] {logging_mixin.py:137} INFO - [2025-08-12T12:54:44.271+0000] {dag.py:2676} INFO - Sync 1 DAGs
[2025-08-12T12:54:44.286+0000] {logging_mixin.py:137} INFO - [2025-08-12T12:54:44.285+0000] {dag.py:3427} INFO - Setting next_dagrun for number_counting_dag to 2025-08-11T12:54:44.285804+00:00, run_after=2025-08-12T12:54:44.285804+00:00
[2025-08-12T12:54:44.297+0000] {processor.py:175} INFO - Processing /opt/airflow/dags/count.py took 0.087 seconds
[2025-08-12T12:55:14.603+0000] {processor.py:153} INFO - Started process (PID=984) to work on /opt/airflow/dags/count.py
[2025-08-12T12:55:14.605+0000] {processor.py:743} INFO - Processing file /opt/airflow/dags/count.py for tasks to queue
[2025-08-12T12:55:14.606+0000] {logging_mixin.py:137} INFO - [2025-08-12T12:55:14.605+0000] {dagbag.py:538} INFO - Filling up the DagBag from /opt/airflow/dags/count.py
[2025-08-12T12:55:14.687+0000] {processor.py:753} INFO - DAG(s) dict_keys(['number_counting_dag']) retrieved from /opt/airflow/dags/count.py
[2025-08-12T12:55:14.716+0000] {logging_mixin.py:137} INFO - [2025-08-12T12:55:14.716+0000] {dag.py:2676} INFO - Sync 1 DAGs
[2025-08-12T12:55:14.733+0000] {logging_mixin.py:137} INFO - [2025-08-12T12:55:14.733+0000] {dag.py:3427} INFO - Setting next_dagrun for number_counting_dag to 2025-08-11T12:55:14.733223+00:00, run_after=2025-08-12T12:55:14.733223+00:00
[2025-08-12T12:55:14.749+0000] {processor.py:175} INFO - Processing /opt/airflow/dags/count.py took 0.148 seconds
[2025-08-12T12:55:45.072+0000] {processor.py:153} INFO - Started process (PID=1025) to work on /opt/airflow/dags/count.py
[2025-08-12T12:55:45.074+0000] {processor.py:743} INFO - Processing file /opt/airflow/dags/count.py for tasks to queue
[2025-08-12T12:55:45.076+0000] {logging_mixin.py:137} INFO - [2025-08-12T12:55:45.076+0000] {dagbag.py:538} INFO - Filling up the DagBag from /opt/airflow/dags/count.py
[2025-08-12T12:55:45.101+0000] {processor.py:753} INFO - DAG(s) dict_keys(['number_counting_dag']) retrieved from /opt/airflow/dags/count.py
[2025-08-12T12:55:45.131+0000] {logging_mixin.py:137} INFO - [2025-08-12T12:55:45.131+0000] {dag.py:2676} INFO - Sync 1 DAGs
[2025-08-12T12:55:45.148+0000] {logging_mixin.py:137} INFO - [2025-08-12T12:55:45.148+0000] {dag.py:3427} INFO - Setting next_dagrun for number_counting_dag to 2025-08-11T12:55:45.148352+00:00, run_after=2025-08-12T12:55:45.148352+00:00
[2025-08-12T12:55:45.163+0000] {processor.py:175} INFO - Processing /opt/airflow/dags/count.py took 0.096 seconds
[2025-08-12T12:56:15.437+0000] {processor.py:153} INFO - Started process (PID=1075) to work on /opt/airflow/dags/count.py
[2025-08-12T12:56:15.438+0000] {processor.py:743} INFO - Processing file /opt/airflow/dags/count.py for tasks to queue
[2025-08-12T12:56:15.440+0000] {logging_mixin.py:137} INFO - [2025-08-12T12:56:15.439+0000] {dagbag.py:538} INFO - Filling up the DagBag from /opt/airflow/dags/count.py
[2025-08-12T12:56:15.459+0000] {processor.py:753} INFO - DAG(s) dict_keys(['number_counting_dag']) retrieved from /opt/airflow/dags/count.py
[2025-08-12T12:56:15.499+0000] {logging_mixin.py:137} INFO - [2025-08-12T12:56:15.499+0000] {dag.py:2676} INFO - Sync 1 DAGs
[2025-08-12T12:56:15.516+0000] {logging_mixin.py:137} INFO - [2025-08-12T12:56:15.516+0000] {dag.py:3427} INFO - Setting next_dagrun for number_counting_dag to 2025-08-11T12:56:15.516032+00:00, run_after=2025-08-12T12:56:15.516032+00:00
[2025-08-12T12:56:15.528+0000] {processor.py:175} INFO - Processing /opt/airflow/dags/count.py took 0.094 seconds
[2025-08-12T12:56:50.349+0000] {processor.py:153} INFO - Started process (PID=39) to work on /opt/airflow/dags/count.py
[2025-08-12T12:56:50.353+0000] {processor.py:743} INFO - Processing file /opt/airflow/dags/count.py for tasks to queue
[2025-08-12T12:56:50.356+0000] {logging_mixin.py:137} INFO - [2025-08-12T12:56:50.355+0000] {dagbag.py:538} INFO - Filling up the DagBag from /opt/airflow/dags/count.py
[2025-08-12T12:56:50.409+0000] {processor.py:753} INFO - DAG(s) dict_keys(['number_counting_dag']) retrieved from /opt/airflow/dags/count.py
[2025-08-12T12:56:50.532+0000] {logging_mixin.py:137} INFO - [2025-08-12T12:56:50.532+0000] {manager.py:504} INFO - Created Permission View: can read on DAG:number_counting_dag
[2025-08-12T12:56:50.537+0000] {logging_mixin.py:137} INFO - [2025-08-12T12:56:50.537+0000] {manager.py:504} INFO - Created Permission View: can delete on DAG:number_counting_dag
[2025-08-12T12:56:50.541+0000] {logging_mixin.py:137} INFO - [2025-08-12T12:56:50.541+0000] {manager.py:504} INFO - Created Permission View: can edit on DAG:number_counting_dag
[2025-08-12T12:56:50.541+0000] {logging_mixin.py:137} INFO - [2025-08-12T12:56:50.541+0000] {dag.py:2676} INFO - Sync 1 DAGs
[2025-08-12T12:56:50.548+0000] {logging_mixin.py:137} INFO - [2025-08-12T12:56:50.548+0000] {dag.py:2697} INFO - Creating ORM DAG for number_counting_dag
[2025-08-12T12:56:50.556+0000] {logging_mixin.py:137} INFO - [2025-08-12T12:56:50.556+0000] {dag.py:3427} INFO - Setting next_dagrun for number_counting_dag to 2025-08-11T12:56:50.556012+00:00, run_after=2025-08-12T12:56:50.556012+00:00
[2025-08-12T12:56:50.569+0000] {processor.py:175} INFO - Processing /opt/airflow/dags/count.py took 0.224 seconds
[2025-08-12T12:57:20.634+0000] {processor.py:153} INFO - Started process (PID=89) to work on /opt/airflow/dags/count.py
[2025-08-12T12:57:20.636+0000] {processor.py:743} INFO - Processing file /opt/airflow/dags/count.py for tasks to queue
[2025-08-12T12:57:20.636+0000] {logging_mixin.py:137} INFO - [2025-08-12T12:57:20.636+0000] {dagbag.py:538} INFO - Filling up the DagBag from /opt/airflow/dags/count.py
[2025-08-12T12:57:20.656+0000] {processor.py:753} INFO - DAG(s) dict_keys(['number_counting_dag']) retrieved from /opt/airflow/dags/count.py
[2025-08-12T12:57:20.680+0000] {logging_mixin.py:137} INFO - [2025-08-12T12:57:20.680+0000] {dag.py:2676} INFO - Sync 1 DAGs
[2025-08-12T12:57:20.693+0000] {logging_mixin.py:137} INFO - [2025-08-12T12:57:20.693+0000] {dag.py:3427} INFO - Setting next_dagrun for number_counting_dag to 2025-08-11T12:57:20.692798+00:00, run_after=2025-08-12T12:57:20.692798+00:00
[2025-08-12T12:57:20.702+0000] {processor.py:175} INFO - Processing /opt/airflow/dags/count.py took 0.070 seconds
[2025-08-12T12:57:50.862+0000] {processor.py:153} INFO - Started process (PID=123) to work on /opt/airflow/dags/count.py
[2025-08-12T12:57:50.862+0000] {processor.py:743} INFO - Processing file /opt/airflow/dags/count.py for tasks to queue
[2025-08-12T12:57:50.863+0000] {logging_mixin.py:137} INFO - [2025-08-12T12:57:50.863+0000] {dagbag.py:538} INFO - Filling up the DagBag from /opt/airflow/dags/count.py
[2025-08-12T12:57:50.879+0000] {processor.py:753} INFO - DAG(s) dict_keys(['number_counting_dag']) retrieved from /opt/airflow/dags/count.py
[2025-08-12T12:57:50.901+0000] {logging_mixin.py:137} INFO - [2025-08-12T12:57:50.901+0000] {dag.py:2676} INFO - Sync 1 DAGs
[2025-08-12T12:57:50.915+0000] {logging_mixin.py:137} INFO - [2025-08-12T12:57:50.915+0000] {dag.py:3427} INFO - Setting next_dagrun for number_counting_dag to 2025-08-11T12:57:50.915453+00:00, run_after=2025-08-12T12:57:50.915453+00:00
[2025-08-12T12:57:50.925+0000] {processor.py:175} INFO - Processing /opt/airflow/dags/count.py took 0.065 seconds
[2025-08-12T12:58:21.155+0000] {processor.py:153} INFO - Started process (PID=172) to work on /opt/airflow/dags/count.py
[2025-08-12T12:58:21.156+0000] {processor.py:743} INFO - Processing file /opt/airflow/dags/count.py for tasks to queue
[2025-08-12T12:58:21.157+0000] {logging_mixin.py:137} INFO - [2025-08-12T12:58:21.157+0000] {dagbag.py:538} INFO - Filling up the DagBag from /opt/airflow/dags/count.py
[2025-08-12T12:58:21.181+0000] {processor.py:753} INFO - DAG(s) dict_keys(['number_counting_dag']) retrieved from /opt/airflow/dags/count.py
[2025-08-12T12:58:21.208+0000] {logging_mixin.py:137} INFO - [2025-08-12T12:58:21.208+0000] {dag.py:2676} INFO - Sync 1 DAGs
[2025-08-12T12:58:21.221+0000] {logging_mixin.py:137} INFO - [2025-08-12T12:58:21.221+0000] {dag.py:3427} INFO - Setting next_dagrun for number_counting_dag to 2025-08-11T12:58:21.221209+00:00, run_after=2025-08-12T12:58:21.221209+00:00
[2025-08-12T12:58:21.230+0000] {processor.py:175} INFO - Processing /opt/airflow/dags/count.py took 0.079 seconds
[2025-08-12T12:58:51.474+0000] {processor.py:153} INFO - Started process (PID=222) to work on /opt/airflow/dags/count.py
[2025-08-12T12:58:51.475+0000] {processor.py:743} INFO - Processing file /opt/airflow/dags/count.py for tasks to queue
[2025-08-12T12:58:51.476+0000] {logging_mixin.py:137} INFO - [2025-08-12T12:58:51.475+0000] {dagbag.py:538} INFO - Filling up the DagBag from /opt/airflow/dags/count.py
[2025-08-12T12:58:51.497+0000] {processor.py:753} INFO - DAG(s) dict_keys(['number_counting_dag']) retrieved from /opt/airflow/dags/count.py
[2025-08-12T12:58:51.526+0000] {logging_mixin.py:137} INFO - [2025-08-12T12:58:51.526+0000] {dag.py:2676} INFO - Sync 1 DAGs
[2025-08-12T12:58:51.539+0000] {logging_mixin.py:137} INFO - [2025-08-12T12:58:51.539+0000] {dag.py:3427} INFO - Setting next_dagrun for number_counting_dag to 2025-08-11T12:58:51.538891+00:00, run_after=2025-08-12T12:58:51.538891+00:00
[2025-08-12T12:58:51.548+0000] {processor.py:175} INFO - Processing /opt/airflow/dags/count.py took 0.077 seconds
[2025-08-12T12:59:21.774+0000] {processor.py:153} INFO - Started process (PID=256) to work on /opt/airflow/dags/count.py
[2025-08-12T12:59:21.775+0000] {processor.py:743} INFO - Processing file /opt/airflow/dags/count.py for tasks to queue
[2025-08-12T12:59:21.776+0000] {logging_mixin.py:137} INFO - [2025-08-12T12:59:21.776+0000] {dagbag.py:538} INFO - Filling up the DagBag from /opt/airflow/dags/count.py
[2025-08-12T12:59:21.797+0000] {processor.py:753} INFO - DAG(s) dict_keys(['number_counting_dag']) retrieved from /opt/airflow/dags/count.py
[2025-08-12T12:59:21.824+0000] {logging_mixin.py:137} INFO - [2025-08-12T12:59:21.824+0000] {dag.py:2676} INFO - Sync 1 DAGs
[2025-08-12T12:59:21.838+0000] {logging_mixin.py:137} INFO - [2025-08-12T12:59:21.837+0000] {dag.py:3427} INFO - Setting next_dagrun for number_counting_dag to 2025-08-11T12:59:21.837748+00:00, run_after=2025-08-12T12:59:21.837748+00:00
[2025-08-12T12:59:21.847+0000] {processor.py:175} INFO - Processing /opt/airflow/dags/count.py took 0.076 seconds
[2025-08-12T12:59:52.112+0000] {processor.py:153} INFO - Started process (PID=306) to work on /opt/airflow/dags/count.py
[2025-08-12T12:59:52.113+0000] {processor.py:743} INFO - Processing file /opt/airflow/dags/count.py for tasks to queue
[2025-08-12T12:59:52.113+0000] {logging_mixin.py:137} INFO - [2025-08-12T12:59:52.113+0000] {dagbag.py:538} INFO - Filling up the DagBag from /opt/airflow/dags/count.py
[2025-08-12T12:59:52.130+0000] {processor.py:753} INFO - DAG(s) dict_keys(['number_counting_dag']) retrieved from /opt/airflow/dags/count.py
[2025-08-12T12:59:52.158+0000] {logging_mixin.py:137} INFO - [2025-08-12T12:59:52.157+0000] {dag.py:2676} INFO - Sync 1 DAGs
[2025-08-12T12:59:52.171+0000] {logging_mixin.py:137} INFO - [2025-08-12T12:59:52.171+0000] {dag.py:3427} INFO - Setting next_dagrun for number_counting_dag to 2025-08-11T12:59:52.171463+00:00, run_after=2025-08-12T12:59:52.171463+00:00
[2025-08-12T12:59:52.181+0000] {processor.py:175} INFO - Processing /opt/airflow/dags/count.py took 0.072 seconds
[2025-08-12T13:00:26.922+0000] {processor.py:153} INFO - Started process (PID=39) to work on /opt/airflow/dags/count.py
[2025-08-12T13:00:26.923+0000] {processor.py:743} INFO - Processing file /opt/airflow/dags/count.py for tasks to queue
[2025-08-12T13:00:26.923+0000] {logging_mixin.py:137} INFO - [2025-08-12T13:00:26.923+0000] {dagbag.py:538} INFO - Filling up the DagBag from /opt/airflow/dags/count.py
[2025-08-12T13:00:26.973+0000] {processor.py:753} INFO - DAG(s) dict_keys(['number_counting_dag']) retrieved from /opt/airflow/dags/count.py
[2025-08-12T13:00:27.109+0000] {logging_mixin.py:137} INFO - [2025-08-12T13:00:27.109+0000] {manager.py:504} INFO - Created Permission View: can delete on DAG:number_counting_dag
[2025-08-12T13:00:27.113+0000] {logging_mixin.py:137} INFO - [2025-08-12T13:00:27.113+0000] {manager.py:504} INFO - Created Permission View: can read on DAG:number_counting_dag
[2025-08-12T13:00:27.118+0000] {logging_mixin.py:137} INFO - [2025-08-12T13:00:27.118+0000] {manager.py:504} INFO - Created Permission View: can edit on DAG:number_counting_dag
[2025-08-12T13:00:27.118+0000] {logging_mixin.py:137} INFO - [2025-08-12T13:00:27.118+0000] {dag.py:2676} INFO - Sync 1 DAGs
[2025-08-12T13:00:27.128+0000] {logging_mixin.py:137} INFO - [2025-08-12T13:00:27.128+0000] {dag.py:2697} INFO - Creating ORM DAG for number_counting_dag
[2025-08-12T13:00:27.135+0000] {logging_mixin.py:137} INFO - [2025-08-12T13:00:27.135+0000] {dag.py:3427} INFO - Setting next_dagrun for number_counting_dag to 2025-08-11T13:00:27.134863+00:00, run_after=2025-08-12T13:00:27.134863+00:00
[2025-08-12T13:00:27.145+0000] {processor.py:175} INFO - Processing /opt/airflow/dags/count.py took 0.225 seconds
[2025-08-12T13:01:23.790+0000] {processor.py:153} INFO - Started process (PID=39) to work on /opt/airflow/dags/count.py
[2025-08-12T13:01:23.791+0000] {processor.py:743} INFO - Processing file /opt/airflow/dags/count.py for tasks to queue
[2025-08-12T13:01:23.792+0000] {logging_mixin.py:137} INFO - [2025-08-12T13:01:23.791+0000] {dagbag.py:538} INFO - Filling up the DagBag from /opt/airflow/dags/count.py
[2025-08-12T13:01:23.844+0000] {processor.py:753} INFO - DAG(s) dict_keys(['number_counting_dag']) retrieved from /opt/airflow/dags/count.py
[2025-08-12T13:01:23.995+0000] {logging_mixin.py:137} INFO - [2025-08-12T13:01:23.995+0000] {manager.py:504} INFO - Created Permission View: can read on DAG:number_counting_dag
[2025-08-12T13:01:24.000+0000] {logging_mixin.py:137} INFO - [2025-08-12T13:01:24.000+0000] {manager.py:504} INFO - Created Permission View: can edit on DAG:number_counting_dag
[2025-08-12T13:01:24.003+0000] {logging_mixin.py:137} INFO - [2025-08-12T13:01:24.003+0000] {manager.py:504} INFO - Created Permission View: can delete on DAG:number_counting_dag
[2025-08-12T13:01:24.003+0000] {logging_mixin.py:137} INFO - [2025-08-12T13:01:24.003+0000] {dag.py:2676} INFO - Sync 1 DAGs
[2025-08-12T13:01:24.010+0000] {logging_mixin.py:137} INFO - [2025-08-12T13:01:24.010+0000] {dag.py:2697} INFO - Creating ORM DAG for number_counting_dag
[2025-08-12T13:01:24.016+0000] {logging_mixin.py:137} INFO - [2025-08-12T13:01:24.016+0000] {dag.py:3427} INFO - Setting next_dagrun for number_counting_dag to 2025-08-11T13:01:24.015963+00:00, run_after=2025-08-12T13:01:24.015963+00:00
[2025-08-12T13:01:24.026+0000] {processor.py:175} INFO - Processing /opt/airflow/dags/count.py took 0.238 seconds
[2025-08-12T13:01:54.240+0000] {processor.py:153} INFO - Started process (PID=88) to work on /opt/airflow/dags/count.py
[2025-08-12T13:01:54.242+0000] {processor.py:743} INFO - Processing file /opt/airflow/dags/count.py for tasks to queue
[2025-08-12T13:01:54.243+0000] {logging_mixin.py:137} INFO - [2025-08-12T13:01:54.243+0000] {dagbag.py:538} INFO - Filling up the DagBag from /opt/airflow/dags/count.py
[2025-08-12T13:01:54.270+0000] {processor.py:753} INFO - DAG(s) dict_keys(['number_counting_dag']) retrieved from /opt/airflow/dags/count.py
[2025-08-12T13:01:54.300+0000] {logging_mixin.py:137} INFO - [2025-08-12T13:01:54.300+0000] {dag.py:2676} INFO - Sync 1 DAGs
[2025-08-12T13:01:54.314+0000] {logging_mixin.py:137} INFO - [2025-08-12T13:01:54.314+0000] {dag.py:3427} INFO - Setting next_dagrun for number_counting_dag to 2025-08-11T13:01:54.313989+00:00, run_after=2025-08-12T13:01:54.313989+00:00
[2025-08-12T13:01:54.328+0000] {processor.py:175} INFO - Processing /opt/airflow/dags/count.py took 0.092 seconds
