[2025-08-12T12:39:45.830+0000] {processor.py:153} INFO - Started process (PID=37) to work on /opt/airflow/dags/crawl_news_data.py
[2025-08-12T12:39:45.833+0000] {processor.py:743} INFO - Processing file /opt/airflow/dags/crawl_news_data.py for tasks to queue
[2025-08-12T12:39:45.834+0000] {logging_mixin.py:137} INFO - [2025-08-12T12:39:45.834+0000] {dagbag.py:538} INFO - Filling up the DagBag from /opt/airflow/dags/crawl_news_data.py
[2025-08-12T12:39:45.970+0000] {logging_mixin.py:137} INFO - [2025-08-12T12:39:45.968+0000] {dagbag.py:343} ERROR - Failed to import: /opt/airflow/dags/crawl_news_data.py
Traceback (most recent call last):
  File "/home/airflow/.local/lib/python3.7/site-packages/airflow/models/dagbag.py", line 339, in parse
    loader.exec_module(new_module)
  File "<frozen importlib._bootstrap_external>", line 728, in exec_module
  File "<frozen importlib._bootstrap>", line 219, in _call_with_frames_removed
  File "/opt/airflow/dags/crawl_news_data.py", line 11, in <module>
    start_date=datetime(2025, 7, 12, tz="KST"),
TypeError: 'tz' is an invalid keyword argument for this function
[2025-08-12T12:39:45.970+0000] {processor.py:755} WARNING - No viable dags retrieved from /opt/airflow/dags/crawl_news_data.py
[2025-08-12T12:39:45.984+0000] {processor.py:175} INFO - Processing /opt/airflow/dags/crawl_news_data.py took 0.157 seconds
[2025-08-12T12:40:12.831+0000] {processor.py:153} INFO - Started process (PID=38) to work on /opt/airflow/dags/crawl_news_data.py
[2025-08-12T12:40:12.834+0000] {processor.py:743} INFO - Processing file /opt/airflow/dags/crawl_news_data.py for tasks to queue
[2025-08-12T12:40:12.835+0000] {logging_mixin.py:137} INFO - [2025-08-12T12:40:12.835+0000] {dagbag.py:538} INFO - Filling up the DagBag from /opt/airflow/dags/crawl_news_data.py
[2025-08-12T12:40:12.962+0000] {logging_mixin.py:137} INFO - [2025-08-12T12:40:12.960+0000] {dagbag.py:343} ERROR - Failed to import: /opt/airflow/dags/crawl_news_data.py
Traceback (most recent call last):
  File "/home/airflow/.local/lib/python3.7/site-packages/airflow/models/dagbag.py", line 339, in parse
    loader.exec_module(new_module)
  File "<frozen importlib._bootstrap_external>", line 728, in exec_module
  File "<frozen importlib._bootstrap>", line 219, in _call_with_frames_removed
  File "/opt/airflow/dags/crawl_news_data.py", line 11, in <module>
    start_date=datetime(2025, 7, 12, tz="KST"),
TypeError: 'tz' is an invalid keyword argument for this function
[2025-08-12T12:40:12.963+0000] {processor.py:755} WARNING - No viable dags retrieved from /opt/airflow/dags/crawl_news_data.py
[2025-08-12T12:40:12.979+0000] {processor.py:175} INFO - Processing /opt/airflow/dags/crawl_news_data.py took 0.155 seconds
[2025-08-12T12:40:43.214+0000] {processor.py:153} INFO - Started process (PID=87) to work on /opt/airflow/dags/crawl_news_data.py
[2025-08-12T12:40:43.215+0000] {processor.py:743} INFO - Processing file /opt/airflow/dags/crawl_news_data.py for tasks to queue
[2025-08-12T12:40:43.215+0000] {logging_mixin.py:137} INFO - [2025-08-12T12:40:43.215+0000] {dagbag.py:538} INFO - Filling up the DagBag from /opt/airflow/dags/crawl_news_data.py
[2025-08-12T12:40:43.295+0000] {logging_mixin.py:137} INFO - [2025-08-12T12:40:43.294+0000] {dagbag.py:343} ERROR - Failed to import: /opt/airflow/dags/crawl_news_data.py
Traceback (most recent call last):
  File "/home/airflow/.local/lib/python3.7/site-packages/airflow/models/dagbag.py", line 339, in parse
    loader.exec_module(new_module)
  File "<frozen importlib._bootstrap_external>", line 728, in exec_module
  File "<frozen importlib._bootstrap>", line 219, in _call_with_frames_removed
  File "/opt/airflow/dags/crawl_news_data.py", line 11, in <module>
    start_date=datetime(2025, 7, 12, tz="KST"),
TypeError: 'tz' is an invalid keyword argument for this function
[2025-08-12T12:40:43.295+0000] {processor.py:755} WARNING - No viable dags retrieved from /opt/airflow/dags/crawl_news_data.py
[2025-08-12T12:40:43.306+0000] {processor.py:175} INFO - Processing /opt/airflow/dags/crawl_news_data.py took 0.097 seconds
[2025-08-12T12:41:13.568+0000] {processor.py:153} INFO - Started process (PID=120) to work on /opt/airflow/dags/crawl_news_data.py
[2025-08-12T12:41:13.569+0000] {processor.py:743} INFO - Processing file /opt/airflow/dags/crawl_news_data.py for tasks to queue
[2025-08-12T12:41:13.571+0000] {logging_mixin.py:137} INFO - [2025-08-12T12:41:13.571+0000] {dagbag.py:538} INFO - Filling up the DagBag from /opt/airflow/dags/crawl_news_data.py
[2025-08-12T12:41:13.641+0000] {logging_mixin.py:137} INFO - [2025-08-12T12:41:13.640+0000] {dagbag.py:343} ERROR - Failed to import: /opt/airflow/dags/crawl_news_data.py
Traceback (most recent call last):
  File "/home/airflow/.local/lib/python3.7/site-packages/airflow/models/dagbag.py", line 339, in parse
    loader.exec_module(new_module)
  File "<frozen importlib._bootstrap_external>", line 728, in exec_module
  File "<frozen importlib._bootstrap>", line 219, in _call_with_frames_removed
  File "/opt/airflow/dags/crawl_news_data.py", line 11, in <module>
    start_date=datetime(2025, 7, 12, tz="KST"),
TypeError: 'tz' is an invalid keyword argument for this function
[2025-08-12T12:41:13.642+0000] {processor.py:755} WARNING - No viable dags retrieved from /opt/airflow/dags/crawl_news_data.py
[2025-08-12T12:41:13.656+0000] {processor.py:175} INFO - Processing /opt/airflow/dags/crawl_news_data.py took 0.094 seconds
[2025-08-12T12:41:43.931+0000] {processor.py:153} INFO - Started process (PID=169) to work on /opt/airflow/dags/crawl_news_data.py
[2025-08-12T12:41:43.934+0000] {processor.py:743} INFO - Processing file /opt/airflow/dags/crawl_news_data.py for tasks to queue
[2025-08-12T12:41:43.935+0000] {logging_mixin.py:137} INFO - [2025-08-12T12:41:43.935+0000] {dagbag.py:538} INFO - Filling up the DagBag from /opt/airflow/dags/crawl_news_data.py
[2025-08-12T12:41:44.008+0000] {logging_mixin.py:137} INFO - [2025-08-12T12:41:44.007+0000] {dagbag.py:343} ERROR - Failed to import: /opt/airflow/dags/crawl_news_data.py
Traceback (most recent call last):
  File "/home/airflow/.local/lib/python3.7/site-packages/airflow/models/dagbag.py", line 339, in parse
    loader.exec_module(new_module)
  File "<frozen importlib._bootstrap_external>", line 728, in exec_module
  File "<frozen importlib._bootstrap>", line 219, in _call_with_frames_removed
  File "/opt/airflow/dags/crawl_news_data.py", line 11, in <module>
    start_date=datetime(2025, 7, 12, tz="KST"),
TypeError: 'tz' is an invalid keyword argument for this function
[2025-08-12T12:41:44.009+0000] {processor.py:755} WARNING - No viable dags retrieved from /opt/airflow/dags/crawl_news_data.py
[2025-08-12T12:41:44.021+0000] {processor.py:175} INFO - Processing /opt/airflow/dags/crawl_news_data.py took 0.096 seconds
[2025-08-12T12:42:14.345+0000] {processor.py:153} INFO - Started process (PID=219) to work on /opt/airflow/dags/crawl_news_data.py
[2025-08-12T12:42:14.347+0000] {processor.py:743} INFO - Processing file /opt/airflow/dags/crawl_news_data.py for tasks to queue
[2025-08-12T12:42:14.348+0000] {logging_mixin.py:137} INFO - [2025-08-12T12:42:14.348+0000] {dagbag.py:538} INFO - Filling up the DagBag from /opt/airflow/dags/crawl_news_data.py
[2025-08-12T12:42:14.419+0000] {logging_mixin.py:137} INFO - [2025-08-12T12:42:14.417+0000] {dagbag.py:343} ERROR - Failed to import: /opt/airflow/dags/crawl_news_data.py
Traceback (most recent call last):
  File "/home/airflow/.local/lib/python3.7/site-packages/airflow/models/dagbag.py", line 339, in parse
    loader.exec_module(new_module)
  File "<frozen importlib._bootstrap_external>", line 728, in exec_module
  File "<frozen importlib._bootstrap>", line 219, in _call_with_frames_removed
  File "/opt/airflow/dags/crawl_news_data.py", line 11, in <module>
    start_date=datetime(2025, 7, 12, tz="KST"),
TypeError: 'tz' is an invalid keyword argument for this function
[2025-08-12T12:42:14.420+0000] {processor.py:755} WARNING - No viable dags retrieved from /opt/airflow/dags/crawl_news_data.py
[2025-08-12T12:42:14.431+0000] {processor.py:175} INFO - Processing /opt/airflow/dags/crawl_news_data.py took 0.090 seconds
[2025-08-12T12:42:44.716+0000] {processor.py:153} INFO - Started process (PID=269) to work on /opt/airflow/dags/crawl_news_data.py
[2025-08-12T12:42:44.717+0000] {processor.py:743} INFO - Processing file /opt/airflow/dags/crawl_news_data.py for tasks to queue
[2025-08-12T12:42:44.718+0000] {logging_mixin.py:137} INFO - [2025-08-12T12:42:44.717+0000] {dagbag.py:538} INFO - Filling up the DagBag from /opt/airflow/dags/crawl_news_data.py
[2025-08-12T12:42:44.775+0000] {logging_mixin.py:137} INFO - [2025-08-12T12:42:44.774+0000] {dagbag.py:343} ERROR - Failed to import: /opt/airflow/dags/crawl_news_data.py
Traceback (most recent call last):
  File "/home/airflow/.local/lib/python3.7/site-packages/airflow/models/dagbag.py", line 339, in parse
    loader.exec_module(new_module)
  File "<frozen importlib._bootstrap_external>", line 728, in exec_module
  File "<frozen importlib._bootstrap>", line 219, in _call_with_frames_removed
  File "/opt/airflow/dags/crawl_news_data.py", line 11, in <module>
    start_date=datetime(2025, 7, 12, tz="KST"),
TypeError: 'tz' is an invalid keyword argument for this function
[2025-08-12T12:42:44.775+0000] {processor.py:755} WARNING - No viable dags retrieved from /opt/airflow/dags/crawl_news_data.py
[2025-08-12T12:42:44.788+0000] {processor.py:175} INFO - Processing /opt/airflow/dags/crawl_news_data.py took 0.075 seconds
[2025-08-12T12:43:15.124+0000] {processor.py:153} INFO - Started process (PID=303) to work on /opt/airflow/dags/crawl_news_data.py
[2025-08-12T12:43:15.124+0000] {processor.py:743} INFO - Processing file /opt/airflow/dags/crawl_news_data.py for tasks to queue
[2025-08-12T12:43:15.126+0000] {logging_mixin.py:137} INFO - [2025-08-12T12:43:15.126+0000] {dagbag.py:538} INFO - Filling up the DagBag from /opt/airflow/dags/crawl_news_data.py
[2025-08-12T12:43:15.208+0000] {logging_mixin.py:137} INFO - [2025-08-12T12:43:15.206+0000] {dagbag.py:343} ERROR - Failed to import: /opt/airflow/dags/crawl_news_data.py
Traceback (most recent call last):
  File "/home/airflow/.local/lib/python3.7/site-packages/airflow/models/dagbag.py", line 339, in parse
    loader.exec_module(new_module)
  File "<frozen importlib._bootstrap_external>", line 728, in exec_module
  File "<frozen importlib._bootstrap>", line 219, in _call_with_frames_removed
  File "/opt/airflow/dags/crawl_news_data.py", line 11, in <module>
    start_date=datetime(2025, 7, 12, tz="KST"),
TypeError: 'tz' is an invalid keyword argument for this function
[2025-08-12T12:43:15.208+0000] {processor.py:755} WARNING - No viable dags retrieved from /opt/airflow/dags/crawl_news_data.py
[2025-08-12T12:43:15.221+0000] {processor.py:175} INFO - Processing /opt/airflow/dags/crawl_news_data.py took 0.099 seconds
[2025-08-12T12:43:45.606+0000] {processor.py:153} INFO - Started process (PID=353) to work on /opt/airflow/dags/crawl_news_data.py
[2025-08-12T12:43:45.608+0000] {processor.py:743} INFO - Processing file /opt/airflow/dags/crawl_news_data.py for tasks to queue
[2025-08-12T12:43:45.609+0000] {logging_mixin.py:137} INFO - [2025-08-12T12:43:45.609+0000] {dagbag.py:538} INFO - Filling up the DagBag from /opt/airflow/dags/crawl_news_data.py
[2025-08-12T12:43:45.683+0000] {logging_mixin.py:137} INFO - [2025-08-12T12:43:45.682+0000] {dagbag.py:343} ERROR - Failed to import: /opt/airflow/dags/crawl_news_data.py
Traceback (most recent call last):
  File "/home/airflow/.local/lib/python3.7/site-packages/airflow/models/dagbag.py", line 339, in parse
    loader.exec_module(new_module)
  File "<frozen importlib._bootstrap_external>", line 728, in exec_module
  File "<frozen importlib._bootstrap>", line 219, in _call_with_frames_removed
  File "/opt/airflow/dags/crawl_news_data.py", line 11, in <module>
    start_date=datetime(2025, 7, 12, tz="KST"),
TypeError: 'tz' is an invalid keyword argument for this function
[2025-08-12T12:43:45.683+0000] {processor.py:755} WARNING - No viable dags retrieved from /opt/airflow/dags/crawl_news_data.py
[2025-08-12T12:43:45.693+0000] {processor.py:175} INFO - Processing /opt/airflow/dags/crawl_news_data.py took 0.092 seconds
[2025-08-12T12:44:36.043+0000] {processor.py:153} INFO - Started process (PID=45) to work on /opt/airflow/dags/crawl_news_data.py
[2025-08-12T12:44:36.057+0000] {processor.py:743} INFO - Processing file /opt/airflow/dags/crawl_news_data.py for tasks to queue
[2025-08-12T12:44:36.068+0000] {logging_mixin.py:137} INFO - [2025-08-12T12:44:36.067+0000] {dagbag.py:538} INFO - Filling up the DagBag from /opt/airflow/dags/crawl_news_data.py
[2025-08-12T12:44:36.439+0000] {logging_mixin.py:137} INFO - [2025-08-12T12:44:36.436+0000] {dagbag.py:343} ERROR - Failed to import: /opt/airflow/dags/crawl_news_data.py
Traceback (most recent call last):
  File "/home/airflow/.local/lib/python3.7/site-packages/airflow/models/dagbag.py", line 339, in parse
    loader.exec_module(new_module)
  File "<frozen importlib._bootstrap_external>", line 728, in exec_module
  File "<frozen importlib._bootstrap>", line 219, in _call_with_frames_removed
  File "/opt/airflow/dags/crawl_news_data.py", line 11, in <module>
    start_date=datetime(2025, 7, 12, tzinfo=ZoneInfo("Asia/Seoul")),
NameError: name 'ZoneInfo' is not defined
[2025-08-12T12:44:36.440+0000] {processor.py:755} WARNING - No viable dags retrieved from /opt/airflow/dags/crawl_news_data.py
[2025-08-12T12:44:36.503+0000] {processor.py:175} INFO - Processing /opt/airflow/dags/crawl_news_data.py took 0.466 seconds
[2025-08-12T12:45:06.783+0000] {processor.py:153} INFO - Started process (PID=88) to work on /opt/airflow/dags/crawl_news_data.py
[2025-08-12T12:45:06.784+0000] {processor.py:743} INFO - Processing file /opt/airflow/dags/crawl_news_data.py for tasks to queue
[2025-08-12T12:45:06.785+0000] {logging_mixin.py:137} INFO - [2025-08-12T12:45:06.785+0000] {dagbag.py:538} INFO - Filling up the DagBag from /opt/airflow/dags/crawl_news_data.py
[2025-08-12T12:45:06.864+0000] {logging_mixin.py:137} INFO - [2025-08-12T12:45:06.863+0000] {dagbag.py:343} ERROR - Failed to import: /opt/airflow/dags/crawl_news_data.py
Traceback (most recent call last):
  File "/home/airflow/.local/lib/python3.7/site-packages/airflow/models/dagbag.py", line 339, in parse
    loader.exec_module(new_module)
  File "<frozen importlib._bootstrap_external>", line 728, in exec_module
  File "<frozen importlib._bootstrap>", line 219, in _call_with_frames_removed
  File "/opt/airflow/dags/crawl_news_data.py", line 11, in <module>
    start_date=datetime(2025, 7, 12, tzinfo=ZoneInfo("Asia/Seoul")),
NameError: name 'ZoneInfo' is not defined
[2025-08-12T12:45:06.865+0000] {processor.py:755} WARNING - No viable dags retrieved from /opt/airflow/dags/crawl_news_data.py
[2025-08-12T12:45:06.879+0000] {processor.py:175} INFO - Processing /opt/airflow/dags/crawl_news_data.py took 0.101 seconds
[2025-08-12T12:45:37.165+0000] {processor.py:153} INFO - Started process (PID=138) to work on /opt/airflow/dags/crawl_news_data.py
[2025-08-12T12:45:37.167+0000] {processor.py:743} INFO - Processing file /opt/airflow/dags/crawl_news_data.py for tasks to queue
[2025-08-12T12:45:37.167+0000] {logging_mixin.py:137} INFO - [2025-08-12T12:45:37.167+0000] {dagbag.py:538} INFO - Filling up the DagBag from /opt/airflow/dags/crawl_news_data.py
[2025-08-12T12:45:37.232+0000] {logging_mixin.py:137} INFO - [2025-08-12T12:45:37.231+0000] {dagbag.py:343} ERROR - Failed to import: /opt/airflow/dags/crawl_news_data.py
Traceback (most recent call last):
  File "/home/airflow/.local/lib/python3.7/site-packages/airflow/models/dagbag.py", line 339, in parse
    loader.exec_module(new_module)
  File "<frozen importlib._bootstrap_external>", line 728, in exec_module
  File "<frozen importlib._bootstrap>", line 219, in _call_with_frames_removed
  File "/opt/airflow/dags/crawl_news_data.py", line 11, in <module>
    start_date=datetime(2025, 7, 12, tzinfo=ZoneInfo("Asia/Seoul")),
NameError: name 'ZoneInfo' is not defined
[2025-08-12T12:45:37.234+0000] {processor.py:755} WARNING - No viable dags retrieved from /opt/airflow/dags/crawl_news_data.py
[2025-08-12T12:45:37.245+0000] {processor.py:175} INFO - Processing /opt/airflow/dags/crawl_news_data.py took 0.082 seconds
[2025-08-12T12:46:07.515+0000] {processor.py:153} INFO - Started process (PID=172) to work on /opt/airflow/dags/crawl_news_data.py
[2025-08-12T12:46:07.516+0000] {processor.py:743} INFO - Processing file /opt/airflow/dags/crawl_news_data.py for tasks to queue
[2025-08-12T12:46:07.518+0000] {logging_mixin.py:137} INFO - [2025-08-12T12:46:07.518+0000] {dagbag.py:538} INFO - Filling up the DagBag from /opt/airflow/dags/crawl_news_data.py
[2025-08-12T12:46:07.594+0000] {logging_mixin.py:137} INFO - [2025-08-12T12:46:07.593+0000] {dagbag.py:343} ERROR - Failed to import: /opt/airflow/dags/crawl_news_data.py
Traceback (most recent call last):
  File "/home/airflow/.local/lib/python3.7/site-packages/airflow/models/dagbag.py", line 339, in parse
    loader.exec_module(new_module)
  File "<frozen importlib._bootstrap_external>", line 728, in exec_module
  File "<frozen importlib._bootstrap>", line 219, in _call_with_frames_removed
  File "/opt/airflow/dags/crawl_news_data.py", line 11, in <module>
    start_date=datetime(2025, 7, 12, tzinfo=ZoneInfo("Asia/Seoul")),
NameError: name 'ZoneInfo' is not defined
[2025-08-12T12:46:07.595+0000] {processor.py:755} WARNING - No viable dags retrieved from /opt/airflow/dags/crawl_news_data.py
[2025-08-12T12:46:07.609+0000] {processor.py:175} INFO - Processing /opt/airflow/dags/crawl_news_data.py took 0.100 seconds
[2025-08-12T12:46:37.921+0000] {processor.py:153} INFO - Started process (PID=222) to work on /opt/airflow/dags/crawl_news_data.py
[2025-08-12T12:46:37.924+0000] {processor.py:743} INFO - Processing file /opt/airflow/dags/crawl_news_data.py for tasks to queue
[2025-08-12T12:46:37.925+0000] {logging_mixin.py:137} INFO - [2025-08-12T12:46:37.925+0000] {dagbag.py:538} INFO - Filling up the DagBag from /opt/airflow/dags/crawl_news_data.py
[2025-08-12T12:46:38.000+0000] {logging_mixin.py:137} INFO - [2025-08-12T12:46:38.000+0000] {dagbag.py:343} ERROR - Failed to import: /opt/airflow/dags/crawl_news_data.py
Traceback (most recent call last):
  File "/home/airflow/.local/lib/python3.7/site-packages/airflow/models/dagbag.py", line 339, in parse
    loader.exec_module(new_module)
  File "<frozen importlib._bootstrap_external>", line 728, in exec_module
  File "<frozen importlib._bootstrap>", line 219, in _call_with_frames_removed
  File "/opt/airflow/dags/crawl_news_data.py", line 11, in <module>
    start_date=datetime(2025, 7, 12, tzinfo=ZoneInfo("Asia/Seoul")),
NameError: name 'ZoneInfo' is not defined
[2025-08-12T12:46:38.002+0000] {processor.py:755} WARNING - No viable dags retrieved from /opt/airflow/dags/crawl_news_data.py
[2025-08-12T12:46:38.016+0000] {processor.py:175} INFO - Processing /opt/airflow/dags/crawl_news_data.py took 0.101 seconds
[2025-08-12T12:47:08.319+0000] {processor.py:153} INFO - Started process (PID=272) to work on /opt/airflow/dags/crawl_news_data.py
[2025-08-12T12:47:08.320+0000] {processor.py:743} INFO - Processing file /opt/airflow/dags/crawl_news_data.py for tasks to queue
[2025-08-12T12:47:08.321+0000] {logging_mixin.py:137} INFO - [2025-08-12T12:47:08.321+0000] {dagbag.py:538} INFO - Filling up the DagBag from /opt/airflow/dags/crawl_news_data.py
[2025-08-12T12:47:08.394+0000] {logging_mixin.py:137} INFO - [2025-08-12T12:47:08.392+0000] {dagbag.py:343} ERROR - Failed to import: /opt/airflow/dags/crawl_news_data.py
Traceback (most recent call last):
  File "/home/airflow/.local/lib/python3.7/site-packages/airflow/models/dagbag.py", line 339, in parse
    loader.exec_module(new_module)
  File "<frozen importlib._bootstrap_external>", line 728, in exec_module
  File "<frozen importlib._bootstrap>", line 219, in _call_with_frames_removed
  File "/opt/airflow/dags/crawl_news_data.py", line 11, in <module>
    start_date=datetime(2025, 7, 12, tzinfo=ZoneInfo("Asia/Seoul")),
NameError: name 'ZoneInfo' is not defined
[2025-08-12T12:47:08.395+0000] {processor.py:755} WARNING - No viable dags retrieved from /opt/airflow/dags/crawl_news_data.py
[2025-08-12T12:47:08.406+0000] {processor.py:175} INFO - Processing /opt/airflow/dags/crawl_news_data.py took 0.092 seconds
[2025-08-12T12:47:38.721+0000] {processor.py:153} INFO - Started process (PID=306) to work on /opt/airflow/dags/crawl_news_data.py
[2025-08-12T12:47:38.723+0000] {processor.py:743} INFO - Processing file /opt/airflow/dags/crawl_news_data.py for tasks to queue
[2025-08-12T12:47:38.724+0000] {logging_mixin.py:137} INFO - [2025-08-12T12:47:38.724+0000] {dagbag.py:538} INFO - Filling up the DagBag from /opt/airflow/dags/crawl_news_data.py
[2025-08-12T12:47:38.800+0000] {logging_mixin.py:137} INFO - [2025-08-12T12:47:38.799+0000] {dagbag.py:343} ERROR - Failed to import: /opt/airflow/dags/crawl_news_data.py
Traceback (most recent call last):
  File "/home/airflow/.local/lib/python3.7/site-packages/airflow/models/dagbag.py", line 339, in parse
    loader.exec_module(new_module)
  File "<frozen importlib._bootstrap_external>", line 728, in exec_module
  File "<frozen importlib._bootstrap>", line 219, in _call_with_frames_removed
  File "/opt/airflow/dags/crawl_news_data.py", line 11, in <module>
    start_date=datetime(2025, 7, 12, tzinfo=ZoneInfo("Asia/Seoul")),
NameError: name 'ZoneInfo' is not defined
[2025-08-12T12:47:38.801+0000] {processor.py:755} WARNING - No viable dags retrieved from /opt/airflow/dags/crawl_news_data.py
[2025-08-12T12:47:38.814+0000] {processor.py:175} INFO - Processing /opt/airflow/dags/crawl_news_data.py took 0.098 seconds
[2025-08-12T12:48:09.061+0000] {processor.py:153} INFO - Started process (PID=355) to work on /opt/airflow/dags/crawl_news_data.py
[2025-08-12T12:48:09.062+0000] {processor.py:743} INFO - Processing file /opt/airflow/dags/crawl_news_data.py for tasks to queue
[2025-08-12T12:48:09.064+0000] {logging_mixin.py:137} INFO - [2025-08-12T12:48:09.064+0000] {dagbag.py:538} INFO - Filling up the DagBag from /opt/airflow/dags/crawl_news_data.py
[2025-08-12T12:48:09.136+0000] {logging_mixin.py:137} INFO - [2025-08-12T12:48:09.135+0000] {dagbag.py:343} ERROR - Failed to import: /opt/airflow/dags/crawl_news_data.py
Traceback (most recent call last):
  File "/home/airflow/.local/lib/python3.7/site-packages/airflow/models/dagbag.py", line 339, in parse
    loader.exec_module(new_module)
  File "<frozen importlib._bootstrap_external>", line 728, in exec_module
  File "<frozen importlib._bootstrap>", line 219, in _call_with_frames_removed
  File "/opt/airflow/dags/crawl_news_data.py", line 11, in <module>
    start_date=datetime(2025, 7, 12, tzinfo=ZoneInfo("Asia/Seoul")),
NameError: name 'ZoneInfo' is not defined
[2025-08-12T12:48:09.137+0000] {processor.py:755} WARNING - No viable dags retrieved from /opt/airflow/dags/crawl_news_data.py
[2025-08-12T12:48:09.149+0000] {processor.py:175} INFO - Processing /opt/airflow/dags/crawl_news_data.py took 0.092 seconds
[2025-08-12T12:48:39.410+0000] {processor.py:153} INFO - Started process (PID=405) to work on /opt/airflow/dags/crawl_news_data.py
[2025-08-12T12:48:39.412+0000] {processor.py:743} INFO - Processing file /opt/airflow/dags/crawl_news_data.py for tasks to queue
[2025-08-12T12:48:39.414+0000] {logging_mixin.py:137} INFO - [2025-08-12T12:48:39.414+0000] {dagbag.py:538} INFO - Filling up the DagBag from /opt/airflow/dags/crawl_news_data.py
[2025-08-12T12:48:39.493+0000] {logging_mixin.py:137} INFO - [2025-08-12T12:48:39.492+0000] {dagbag.py:343} ERROR - Failed to import: /opt/airflow/dags/crawl_news_data.py
Traceback (most recent call last):
  File "/home/airflow/.local/lib/python3.7/site-packages/airflow/models/dagbag.py", line 339, in parse
    loader.exec_module(new_module)
  File "<frozen importlib._bootstrap_external>", line 728, in exec_module
  File "<frozen importlib._bootstrap>", line 219, in _call_with_frames_removed
  File "/opt/airflow/dags/crawl_news_data.py", line 11, in <module>
    start_date=datetime(2025, 7, 12, tzinfo=ZoneInfo("Asia/Seoul")),
NameError: name 'ZoneInfo' is not defined
[2025-08-12T12:48:39.494+0000] {processor.py:755} WARNING - No viable dags retrieved from /opt/airflow/dags/crawl_news_data.py
[2025-08-12T12:48:39.505+0000] {processor.py:175} INFO - Processing /opt/airflow/dags/crawl_news_data.py took 0.102 seconds
[2025-08-12T12:49:09.761+0000] {processor.py:153} INFO - Started process (PID=439) to work on /opt/airflow/dags/crawl_news_data.py
[2025-08-12T12:49:09.762+0000] {processor.py:743} INFO - Processing file /opt/airflow/dags/crawl_news_data.py for tasks to queue
[2025-08-12T12:49:09.763+0000] {logging_mixin.py:137} INFO - [2025-08-12T12:49:09.763+0000] {dagbag.py:538} INFO - Filling up the DagBag from /opt/airflow/dags/crawl_news_data.py
[2025-08-12T12:49:09.822+0000] {logging_mixin.py:137} INFO - [2025-08-12T12:49:09.820+0000] {dagbag.py:343} ERROR - Failed to import: /opt/airflow/dags/crawl_news_data.py
Traceback (most recent call last):
  File "/home/airflow/.local/lib/python3.7/site-packages/airflow/models/dagbag.py", line 339, in parse
    loader.exec_module(new_module)
  File "<frozen importlib._bootstrap_external>", line 728, in exec_module
  File "<frozen importlib._bootstrap>", line 219, in _call_with_frames_removed
  File "/opt/airflow/dags/crawl_news_data.py", line 11, in <module>
    start_date=datetime(2025, 7, 12, tzinfo=ZoneInfo("Asia/Seoul")),
NameError: name 'ZoneInfo' is not defined
[2025-08-12T12:49:09.823+0000] {processor.py:755} WARNING - No viable dags retrieved from /opt/airflow/dags/crawl_news_data.py
[2025-08-12T12:49:09.835+0000] {processor.py:175} INFO - Processing /opt/airflow/dags/crawl_news_data.py took 0.078 seconds
[2025-08-12T12:49:40.122+0000] {processor.py:153} INFO - Started process (PID=489) to work on /opt/airflow/dags/crawl_news_data.py
[2025-08-12T12:49:40.123+0000] {processor.py:743} INFO - Processing file /opt/airflow/dags/crawl_news_data.py for tasks to queue
[2025-08-12T12:49:40.124+0000] {logging_mixin.py:137} INFO - [2025-08-12T12:49:40.124+0000] {dagbag.py:538} INFO - Filling up the DagBag from /opt/airflow/dags/crawl_news_data.py
[2025-08-12T12:49:40.181+0000] {logging_mixin.py:137} INFO - [2025-08-12T12:49:40.180+0000] {dagbag.py:343} ERROR - Failed to import: /opt/airflow/dags/crawl_news_data.py
Traceback (most recent call last):
  File "/home/airflow/.local/lib/python3.7/site-packages/airflow/models/dagbag.py", line 339, in parse
    loader.exec_module(new_module)
  File "<frozen importlib._bootstrap_external>", line 728, in exec_module
  File "<frozen importlib._bootstrap>", line 219, in _call_with_frames_removed
  File "/opt/airflow/dags/crawl_news_data.py", line 11, in <module>
    start_date=datetime(2025, 7, 12, tzinfo=ZoneInfo("Asia/Seoul")),
NameError: name 'ZoneInfo' is not defined
[2025-08-12T12:49:40.181+0000] {processor.py:755} WARNING - No viable dags retrieved from /opt/airflow/dags/crawl_news_data.py
[2025-08-12T12:49:40.192+0000] {processor.py:175} INFO - Processing /opt/airflow/dags/crawl_news_data.py took 0.074 seconds
[2025-08-12T12:50:10.502+0000] {processor.py:153} INFO - Started process (PID=539) to work on /opt/airflow/dags/crawl_news_data.py
[2025-08-12T12:50:10.504+0000] {processor.py:743} INFO - Processing file /opt/airflow/dags/crawl_news_data.py for tasks to queue
[2025-08-12T12:50:10.505+0000] {logging_mixin.py:137} INFO - [2025-08-12T12:50:10.505+0000] {dagbag.py:538} INFO - Filling up the DagBag from /opt/airflow/dags/crawl_news_data.py
[2025-08-12T12:50:10.580+0000] {logging_mixin.py:137} INFO - [2025-08-12T12:50:10.579+0000] {dagbag.py:343} ERROR - Failed to import: /opt/airflow/dags/crawl_news_data.py
Traceback (most recent call last):
  File "/home/airflow/.local/lib/python3.7/site-packages/airflow/models/dagbag.py", line 339, in parse
    loader.exec_module(new_module)
  File "<frozen importlib._bootstrap_external>", line 728, in exec_module
  File "<frozen importlib._bootstrap>", line 219, in _call_with_frames_removed
  File "/opt/airflow/dags/crawl_news_data.py", line 11, in <module>
    start_date=datetime(2025, 7, 12, tzinfo=ZoneInfo("Asia/Seoul")),
NameError: name 'ZoneInfo' is not defined
[2025-08-12T12:50:10.581+0000] {processor.py:755} WARNING - No viable dags retrieved from /opt/airflow/dags/crawl_news_data.py
[2025-08-12T12:50:10.592+0000] {processor.py:175} INFO - Processing /opt/airflow/dags/crawl_news_data.py took 0.095 seconds
[2025-08-12T12:50:40.922+0000] {processor.py:153} INFO - Started process (PID=573) to work on /opt/airflow/dags/crawl_news_data.py
[2025-08-12T12:50:40.925+0000] {processor.py:743} INFO - Processing file /opt/airflow/dags/crawl_news_data.py for tasks to queue
[2025-08-12T12:50:40.927+0000] {logging_mixin.py:137} INFO - [2025-08-12T12:50:40.927+0000] {dagbag.py:538} INFO - Filling up the DagBag from /opt/airflow/dags/crawl_news_data.py
[2025-08-12T12:50:41.019+0000] {logging_mixin.py:137} INFO - [2025-08-12T12:50:41.018+0000] {dagbag.py:343} ERROR - Failed to import: /opt/airflow/dags/crawl_news_data.py
Traceback (most recent call last):
  File "/home/airflow/.local/lib/python3.7/site-packages/airflow/models/dagbag.py", line 339, in parse
    loader.exec_module(new_module)
  File "<frozen importlib._bootstrap_external>", line 728, in exec_module
  File "<frozen importlib._bootstrap>", line 219, in _call_with_frames_removed
  File "/opt/airflow/dags/crawl_news_data.py", line 11, in <module>
    start_date=datetime(2025, 7, 12, tzinfo=ZoneInfo("Asia/Seoul")),
NameError: name 'ZoneInfo' is not defined
[2025-08-12T12:50:41.019+0000] {processor.py:755} WARNING - No viable dags retrieved from /opt/airflow/dags/crawl_news_data.py
[2025-08-12T12:50:41.032+0000] {processor.py:175} INFO - Processing /opt/airflow/dags/crawl_news_data.py took 0.115 seconds
[2025-08-12T12:51:11.310+0000] {processor.py:153} INFO - Started process (PID=623) to work on /opt/airflow/dags/crawl_news_data.py
[2025-08-12T12:51:11.312+0000] {processor.py:743} INFO - Processing file /opt/airflow/dags/crawl_news_data.py for tasks to queue
[2025-08-12T12:51:11.312+0000] {logging_mixin.py:137} INFO - [2025-08-12T12:51:11.312+0000] {dagbag.py:538} INFO - Filling up the DagBag from /opt/airflow/dags/crawl_news_data.py
[2025-08-12T12:51:11.384+0000] {logging_mixin.py:137} INFO - [2025-08-12T12:51:11.382+0000] {dagbag.py:343} ERROR - Failed to import: /opt/airflow/dags/crawl_news_data.py
Traceback (most recent call last):
  File "/home/airflow/.local/lib/python3.7/site-packages/airflow/models/dagbag.py", line 339, in parse
    loader.exec_module(new_module)
  File "<frozen importlib._bootstrap_external>", line 728, in exec_module
  File "<frozen importlib._bootstrap>", line 219, in _call_with_frames_removed
  File "/opt/airflow/dags/crawl_news_data.py", line 11, in <module>
    start_date=datetime(2025, 7, 12, tzinfo=ZoneInfo("Asia/Seoul")),
NameError: name 'ZoneInfo' is not defined
[2025-08-12T12:51:11.385+0000] {processor.py:755} WARNING - No viable dags retrieved from /opt/airflow/dags/crawl_news_data.py
[2025-08-12T12:51:11.393+0000] {processor.py:175} INFO - Processing /opt/airflow/dags/crawl_news_data.py took 0.087 seconds
[2025-08-12T12:51:41.698+0000] {processor.py:153} INFO - Started process (PID=673) to work on /opt/airflow/dags/crawl_news_data.py
[2025-08-12T12:51:41.699+0000] {processor.py:743} INFO - Processing file /opt/airflow/dags/crawl_news_data.py for tasks to queue
[2025-08-12T12:51:41.701+0000] {logging_mixin.py:137} INFO - [2025-08-12T12:51:41.701+0000] {dagbag.py:538} INFO - Filling up the DagBag from /opt/airflow/dags/crawl_news_data.py
[2025-08-12T12:51:41.778+0000] {logging_mixin.py:137} INFO - [2025-08-12T12:51:41.775+0000] {dagbag.py:343} ERROR - Failed to import: /opt/airflow/dags/crawl_news_data.py
Traceback (most recent call last):
  File "/home/airflow/.local/lib/python3.7/site-packages/airflow/models/dagbag.py", line 339, in parse
    loader.exec_module(new_module)
  File "<frozen importlib._bootstrap_external>", line 728, in exec_module
  File "<frozen importlib._bootstrap>", line 219, in _call_with_frames_removed
  File "/opt/airflow/dags/crawl_news_data.py", line 11, in <module>
    start_date=datetime(2025, 7, 12, tzinfo=ZoneInfo("Asia/Seoul")),
NameError: name 'ZoneInfo' is not defined
[2025-08-12T12:51:41.779+0000] {processor.py:755} WARNING - No viable dags retrieved from /opt/airflow/dags/crawl_news_data.py
[2025-08-12T12:51:41.796+0000] {processor.py:175} INFO - Processing /opt/airflow/dags/crawl_news_data.py took 0.102 seconds
[2025-08-12T12:52:12.134+0000] {processor.py:153} INFO - Started process (PID=707) to work on /opt/airflow/dags/crawl_news_data.py
[2025-08-12T12:52:12.136+0000] {processor.py:743} INFO - Processing file /opt/airflow/dags/crawl_news_data.py for tasks to queue
[2025-08-12T12:52:12.138+0000] {logging_mixin.py:137} INFO - [2025-08-12T12:52:12.138+0000] {dagbag.py:538} INFO - Filling up the DagBag from /opt/airflow/dags/crawl_news_data.py
[2025-08-12T12:52:12.209+0000] {logging_mixin.py:137} INFO - [2025-08-12T12:52:12.207+0000] {dagbag.py:343} ERROR - Failed to import: /opt/airflow/dags/crawl_news_data.py
Traceback (most recent call last):
  File "/home/airflow/.local/lib/python3.7/site-packages/airflow/models/dagbag.py", line 339, in parse
    loader.exec_module(new_module)
  File "<frozen importlib._bootstrap_external>", line 728, in exec_module
  File "<frozen importlib._bootstrap>", line 219, in _call_with_frames_removed
  File "/opt/airflow/dags/crawl_news_data.py", line 11, in <module>
    start_date=datetime(2025, 7, 12, tzinfo=ZoneInfo("Asia/Seoul")),
NameError: name 'ZoneInfo' is not defined
[2025-08-12T12:52:12.209+0000] {processor.py:755} WARNING - No viable dags retrieved from /opt/airflow/dags/crawl_news_data.py
[2025-08-12T12:52:12.221+0000] {processor.py:175} INFO - Processing /opt/airflow/dags/crawl_news_data.py took 0.091 seconds
[2025-08-12T12:52:42.555+0000] {processor.py:153} INFO - Started process (PID=757) to work on /opt/airflow/dags/crawl_news_data.py
[2025-08-12T12:52:42.558+0000] {processor.py:743} INFO - Processing file /opt/airflow/dags/crawl_news_data.py for tasks to queue
[2025-08-12T12:52:42.559+0000] {logging_mixin.py:137} INFO - [2025-08-12T12:52:42.558+0000] {dagbag.py:538} INFO - Filling up the DagBag from /opt/airflow/dags/crawl_news_data.py
[2025-08-12T12:52:42.639+0000] {logging_mixin.py:137} INFO - [2025-08-12T12:52:42.638+0000] {dagbag.py:343} ERROR - Failed to import: /opt/airflow/dags/crawl_news_data.py
Traceback (most recent call last):
  File "/home/airflow/.local/lib/python3.7/site-packages/airflow/models/dagbag.py", line 339, in parse
    loader.exec_module(new_module)
  File "<frozen importlib._bootstrap_external>", line 728, in exec_module
  File "<frozen importlib._bootstrap>", line 219, in _call_with_frames_removed
  File "/opt/airflow/dags/crawl_news_data.py", line 11, in <module>
    start_date=datetime(2025, 7, 12, tzinfo=ZoneInfo("Asia/Seoul")),
NameError: name 'ZoneInfo' is not defined
[2025-08-12T12:52:42.640+0000] {processor.py:755} WARNING - No viable dags retrieved from /opt/airflow/dags/crawl_news_data.py
[2025-08-12T12:52:42.653+0000] {processor.py:175} INFO - Processing /opt/airflow/dags/crawl_news_data.py took 0.103 seconds
[2025-08-12T12:53:12.950+0000] {processor.py:153} INFO - Started process (PID=807) to work on /opt/airflow/dags/crawl_news_data.py
[2025-08-12T12:53:12.951+0000] {processor.py:743} INFO - Processing file /opt/airflow/dags/crawl_news_data.py for tasks to queue
[2025-08-12T12:53:12.952+0000] {logging_mixin.py:137} INFO - [2025-08-12T12:53:12.952+0000] {dagbag.py:538} INFO - Filling up the DagBag from /opt/airflow/dags/crawl_news_data.py
[2025-08-12T12:53:13.023+0000] {logging_mixin.py:137} INFO - [2025-08-12T12:53:13.022+0000] {dagbag.py:343} ERROR - Failed to import: /opt/airflow/dags/crawl_news_data.py
Traceback (most recent call last):
  File "/home/airflow/.local/lib/python3.7/site-packages/airflow/models/dagbag.py", line 339, in parse
    loader.exec_module(new_module)
  File "<frozen importlib._bootstrap_external>", line 728, in exec_module
  File "<frozen importlib._bootstrap>", line 219, in _call_with_frames_removed
  File "/opt/airflow/dags/crawl_news_data.py", line 11, in <module>
    start_date=datetime(2025, 7, 12, tzinfo=ZoneInfo("Asia/Seoul")),
NameError: name 'ZoneInfo' is not defined
[2025-08-12T12:53:13.024+0000] {processor.py:755} WARNING - No viable dags retrieved from /opt/airflow/dags/crawl_news_data.py
[2025-08-12T12:53:13.036+0000] {processor.py:175} INFO - Processing /opt/airflow/dags/crawl_news_data.py took 0.090 seconds
[2025-08-12T12:53:43.318+0000] {processor.py:153} INFO - Started process (PID=847) to work on /opt/airflow/dags/crawl_news_data.py
[2025-08-12T12:53:43.320+0000] {processor.py:743} INFO - Processing file /opt/airflow/dags/crawl_news_data.py for tasks to queue
[2025-08-12T12:53:43.321+0000] {logging_mixin.py:137} INFO - [2025-08-12T12:53:43.321+0000] {dagbag.py:538} INFO - Filling up the DagBag from /opt/airflow/dags/crawl_news_data.py
[2025-08-12T12:53:43.423+0000] {logging_mixin.py:137} INFO - [2025-08-12T12:53:43.417+0000] {dagbag.py:343} ERROR - Failed to import: /opt/airflow/dags/crawl_news_data.py
Traceback (most recent call last):
  File "/home/airflow/.local/lib/python3.7/site-packages/airflow/models/dagbag.py", line 339, in parse
    loader.exec_module(new_module)
  File "<frozen importlib._bootstrap_external>", line 728, in exec_module
  File "<frozen importlib._bootstrap>", line 219, in _call_with_frames_removed
  File "/opt/airflow/dags/crawl_news_data.py", line 11, in <module>
    start_date=datetime(2025, 7, 12, tzinfo=ZoneInfo("Asia/Seoul")),
NameError: name 'ZoneInfo' is not defined
[2025-08-12T12:53:43.428+0000] {processor.py:755} WARNING - No viable dags retrieved from /opt/airflow/dags/crawl_news_data.py
[2025-08-12T12:53:43.461+0000] {processor.py:175} INFO - Processing /opt/airflow/dags/crawl_news_data.py took 0.157 seconds
[2025-08-12T12:54:13.753+0000] {processor.py:153} INFO - Started process (PID=890) to work on /opt/airflow/dags/crawl_news_data.py
[2025-08-12T12:54:13.755+0000] {processor.py:743} INFO - Processing file /opt/airflow/dags/crawl_news_data.py for tasks to queue
[2025-08-12T12:54:13.756+0000] {logging_mixin.py:137} INFO - [2025-08-12T12:54:13.756+0000] {dagbag.py:538} INFO - Filling up the DagBag from /opt/airflow/dags/crawl_news_data.py
[2025-08-12T12:54:13.827+0000] {logging_mixin.py:137} INFO - [2025-08-12T12:54:13.825+0000] {dagbag.py:343} ERROR - Failed to import: /opt/airflow/dags/crawl_news_data.py
Traceback (most recent call last):
  File "/home/airflow/.local/lib/python3.7/site-packages/airflow/models/dagbag.py", line 339, in parse
    loader.exec_module(new_module)
  File "<frozen importlib._bootstrap_external>", line 728, in exec_module
  File "<frozen importlib._bootstrap>", line 219, in _call_with_frames_removed
  File "/opt/airflow/dags/crawl_news_data.py", line 11, in <module>
    start_date=datetime(2025, 7, 12, tzinfo=ZoneInfo("Asia/Seoul")),
NameError: name 'ZoneInfo' is not defined
[2025-08-12T12:54:13.827+0000] {processor.py:755} WARNING - No viable dags retrieved from /opt/airflow/dags/crawl_news_data.py
[2025-08-12T12:54:13.842+0000] {processor.py:175} INFO - Processing /opt/airflow/dags/crawl_news_data.py took 0.094 seconds
[2025-08-12T12:54:44.210+0000] {processor.py:153} INFO - Started process (PID=940) to work on /opt/airflow/dags/crawl_news_data.py
[2025-08-12T12:54:44.212+0000] {processor.py:743} INFO - Processing file /opt/airflow/dags/crawl_news_data.py for tasks to queue
[2025-08-12T12:54:44.214+0000] {logging_mixin.py:137} INFO - [2025-08-12T12:54:44.214+0000] {dagbag.py:538} INFO - Filling up the DagBag from /opt/airflow/dags/crawl_news_data.py
[2025-08-12T12:54:44.293+0000] {logging_mixin.py:137} INFO - [2025-08-12T12:54:44.292+0000] {dagbag.py:343} ERROR - Failed to import: /opt/airflow/dags/crawl_news_data.py
Traceback (most recent call last):
  File "/home/airflow/.local/lib/python3.7/site-packages/airflow/models/dagbag.py", line 339, in parse
    loader.exec_module(new_module)
  File "<frozen importlib._bootstrap_external>", line 728, in exec_module
  File "<frozen importlib._bootstrap>", line 219, in _call_with_frames_removed
  File "/opt/airflow/dags/crawl_news_data.py", line 11, in <module>
    start_date=datetime(2025, 7, 12, tzinfo=ZoneInfo("Asia/Seoul")),
NameError: name 'ZoneInfo' is not defined
[2025-08-12T12:54:44.294+0000] {processor.py:755} WARNING - No viable dags retrieved from /opt/airflow/dags/crawl_news_data.py
[2025-08-12T12:54:44.304+0000] {processor.py:175} INFO - Processing /opt/airflow/dags/crawl_news_data.py took 0.098 seconds
[2025-08-12T12:55:14.602+0000] {processor.py:153} INFO - Started process (PID=983) to work on /opt/airflow/dags/crawl_news_data.py
[2025-08-12T12:55:14.602+0000] {processor.py:743} INFO - Processing file /opt/airflow/dags/crawl_news_data.py for tasks to queue
[2025-08-12T12:55:14.604+0000] {logging_mixin.py:137} INFO - [2025-08-12T12:55:14.603+0000] {dagbag.py:538} INFO - Filling up the DagBag from /opt/airflow/dags/crawl_news_data.py
[2025-08-12T12:55:14.737+0000] {logging_mixin.py:137} INFO - [2025-08-12T12:55:14.736+0000] {dagbag.py:343} ERROR - Failed to import: /opt/airflow/dags/crawl_news_data.py
Traceback (most recent call last):
  File "/home/airflow/.local/lib/python3.7/site-packages/airflow/models/dagbag.py", line 339, in parse
    loader.exec_module(new_module)
  File "<frozen importlib._bootstrap_external>", line 728, in exec_module
  File "<frozen importlib._bootstrap>", line 219, in _call_with_frames_removed
  File "/opt/airflow/dags/crawl_news_data.py", line 11, in <module>
    start_date=datetime(2025, 7, 12, tzinfo=ZoneInfo("Asia/Seoul")),
NameError: name 'ZoneInfo' is not defined
[2025-08-12T12:55:14.739+0000] {processor.py:755} WARNING - No viable dags retrieved from /opt/airflow/dags/crawl_news_data.py
[2025-08-12T12:55:14.754+0000] {processor.py:175} INFO - Processing /opt/airflow/dags/crawl_news_data.py took 0.155 seconds
[2025-08-12T12:55:45.072+0000] {processor.py:153} INFO - Started process (PID=1024) to work on /opt/airflow/dags/crawl_news_data.py
[2025-08-12T12:55:45.074+0000] {processor.py:743} INFO - Processing file /opt/airflow/dags/crawl_news_data.py for tasks to queue
[2025-08-12T12:55:45.075+0000] {logging_mixin.py:137} INFO - [2025-08-12T12:55:45.075+0000] {dagbag.py:538} INFO - Filling up the DagBag from /opt/airflow/dags/crawl_news_data.py
[2025-08-12T12:55:45.153+0000] {logging_mixin.py:137} INFO - [2025-08-12T12:55:45.151+0000] {dagbag.py:343} ERROR - Failed to import: /opt/airflow/dags/crawl_news_data.py
Traceback (most recent call last):
  File "/home/airflow/.local/lib/python3.7/site-packages/airflow/models/dagbag.py", line 339, in parse
    loader.exec_module(new_module)
  File "<frozen importlib._bootstrap_external>", line 728, in exec_module
  File "<frozen importlib._bootstrap>", line 219, in _call_with_frames_removed
  File "/opt/airflow/dags/crawl_news_data.py", line 11, in <module>
    start_date=datetime(2025, 7, 12, tzinfo=ZoneInfo("Asia/Seoul")),
NameError: name 'ZoneInfo' is not defined
[2025-08-12T12:55:45.153+0000] {processor.py:755} WARNING - No viable dags retrieved from /opt/airflow/dags/crawl_news_data.py
[2025-08-12T12:55:45.167+0000] {processor.py:175} INFO - Processing /opt/airflow/dags/crawl_news_data.py took 0.100 seconds
[2025-08-12T12:56:15.431+0000] {processor.py:153} INFO - Started process (PID=1074) to work on /opt/airflow/dags/crawl_news_data.py
[2025-08-12T12:56:15.432+0000] {processor.py:743} INFO - Processing file /opt/airflow/dags/crawl_news_data.py for tasks to queue
[2025-08-12T12:56:15.435+0000] {logging_mixin.py:137} INFO - [2025-08-12T12:56:15.435+0000] {dagbag.py:538} INFO - Filling up the DagBag from /opt/airflow/dags/crawl_news_data.py
[2025-08-12T12:56:15.522+0000] {logging_mixin.py:137} INFO - [2025-08-12T12:56:15.520+0000] {dagbag.py:343} ERROR - Failed to import: /opt/airflow/dags/crawl_news_data.py
Traceback (most recent call last):
  File "/home/airflow/.local/lib/python3.7/site-packages/airflow/models/dagbag.py", line 339, in parse
    loader.exec_module(new_module)
  File "<frozen importlib._bootstrap_external>", line 728, in exec_module
  File "<frozen importlib._bootstrap>", line 219, in _call_with_frames_removed
  File "/opt/airflow/dags/crawl_news_data.py", line 11, in <module>
    start_date=datetime(2025, 7, 12, tzinfo=ZoneInfo("Asia/Seoul")),
NameError: name 'ZoneInfo' is not defined
[2025-08-12T12:56:15.522+0000] {processor.py:755} WARNING - No viable dags retrieved from /opt/airflow/dags/crawl_news_data.py
[2025-08-12T12:56:15.534+0000] {processor.py:175} INFO - Processing /opt/airflow/dags/crawl_news_data.py took 0.108 seconds
[2025-08-12T12:56:50.345+0000] {processor.py:153} INFO - Started process (PID=38) to work on /opt/airflow/dags/crawl_news_data.py
[2025-08-12T12:56:50.346+0000] {processor.py:743} INFO - Processing file /opt/airflow/dags/crawl_news_data.py for tasks to queue
[2025-08-12T12:56:50.348+0000] {logging_mixin.py:137} INFO - [2025-08-12T12:56:50.348+0000] {dagbag.py:538} INFO - Filling up the DagBag from /opt/airflow/dags/crawl_news_data.py
[2025-08-12T12:56:50.371+0000] {logging_mixin.py:137} INFO - [2025-08-12T12:56:50.368+0000] {dagbag.py:343} ERROR - Failed to import: /opt/airflow/dags/crawl_news_data.py
Traceback (most recent call last):
  File "/home/airflow/.local/lib/python3.7/site-packages/airflow/models/dagbag.py", line 339, in parse
    loader.exec_module(new_module)
  File "<frozen importlib._bootstrap_external>", line 728, in exec_module
  File "<frozen importlib._bootstrap>", line 219, in _call_with_frames_removed
  File "/opt/airflow/dags/crawl_news_data.py", line 3, in <module>
    from zoneinfo import ZoneInfo
ModuleNotFoundError: No module named 'zoneinfo'
[2025-08-12T12:56:50.372+0000] {processor.py:755} WARNING - No viable dags retrieved from /opt/airflow/dags/crawl_news_data.py
[2025-08-12T12:56:50.400+0000] {processor.py:175} INFO - Processing /opt/airflow/dags/crawl_news_data.py took 0.059 seconds
[2025-08-12T12:57:20.634+0000] {processor.py:153} INFO - Started process (PID=88) to work on /opt/airflow/dags/crawl_news_data.py
[2025-08-12T12:57:20.636+0000] {processor.py:743} INFO - Processing file /opt/airflow/dags/crawl_news_data.py for tasks to queue
[2025-08-12T12:57:20.636+0000] {logging_mixin.py:137} INFO - [2025-08-12T12:57:20.636+0000] {dagbag.py:538} INFO - Filling up the DagBag from /opt/airflow/dags/crawl_news_data.py
[2025-08-12T12:57:20.647+0000] {logging_mixin.py:137} INFO - [2025-08-12T12:57:20.646+0000] {dagbag.py:343} ERROR - Failed to import: /opt/airflow/dags/crawl_news_data.py
Traceback (most recent call last):
  File "/home/airflow/.local/lib/python3.7/site-packages/airflow/models/dagbag.py", line 339, in parse
    loader.exec_module(new_module)
  File "<frozen importlib._bootstrap_external>", line 728, in exec_module
  File "<frozen importlib._bootstrap>", line 219, in _call_with_frames_removed
  File "/opt/airflow/dags/crawl_news_data.py", line 3, in <module>
    from zoneinfo import ZoneInfo
ModuleNotFoundError: No module named 'zoneinfo'
[2025-08-12T12:57:20.647+0000] {processor.py:755} WARNING - No viable dags retrieved from /opt/airflow/dags/crawl_news_data.py
[2025-08-12T12:57:20.661+0000] {processor.py:175} INFO - Processing /opt/airflow/dags/crawl_news_data.py took 0.029 seconds
[2025-08-12T12:57:50.861+0000] {processor.py:153} INFO - Started process (PID=122) to work on /opt/airflow/dags/crawl_news_data.py
[2025-08-12T12:57:50.862+0000] {processor.py:743} INFO - Processing file /opt/airflow/dags/crawl_news_data.py for tasks to queue
[2025-08-12T12:57:50.863+0000] {logging_mixin.py:137} INFO - [2025-08-12T12:57:50.863+0000] {dagbag.py:538} INFO - Filling up the DagBag from /opt/airflow/dags/crawl_news_data.py
[2025-08-12T12:57:50.866+0000] {logging_mixin.py:137} INFO - [2025-08-12T12:57:50.865+0000] {dagbag.py:343} ERROR - Failed to import: /opt/airflow/dags/crawl_news_data.py
Traceback (most recent call last):
  File "/home/airflow/.local/lib/python3.7/site-packages/airflow/models/dagbag.py", line 339, in parse
    loader.exec_module(new_module)
  File "<frozen importlib._bootstrap_external>", line 728, in exec_module
  File "<frozen importlib._bootstrap>", line 219, in _call_with_frames_removed
  File "/opt/airflow/dags/crawl_news_data.py", line 3, in <module>
    from zoneinfo import ZoneInfo
ModuleNotFoundError: No module named 'zoneinfo'
[2025-08-12T12:57:50.867+0000] {processor.py:755} WARNING - No viable dags retrieved from /opt/airflow/dags/crawl_news_data.py
[2025-08-12T12:57:50.880+0000] {processor.py:175} INFO - Processing /opt/airflow/dags/crawl_news_data.py took 0.021 seconds
[2025-08-12T12:58:21.152+0000] {processor.py:153} INFO - Started process (PID=171) to work on /opt/airflow/dags/crawl_news_data.py
[2025-08-12T12:58:21.155+0000] {processor.py:743} INFO - Processing file /opt/airflow/dags/crawl_news_data.py for tasks to queue
[2025-08-12T12:58:21.156+0000] {logging_mixin.py:137} INFO - [2025-08-12T12:58:21.156+0000] {dagbag.py:538} INFO - Filling up the DagBag from /opt/airflow/dags/crawl_news_data.py
[2025-08-12T12:58:21.164+0000] {logging_mixin.py:137} INFO - [2025-08-12T12:58:21.160+0000] {dagbag.py:343} ERROR - Failed to import: /opt/airflow/dags/crawl_news_data.py
Traceback (most recent call last):
  File "/home/airflow/.local/lib/python3.7/site-packages/airflow/models/dagbag.py", line 339, in parse
    loader.exec_module(new_module)
  File "<frozen importlib._bootstrap_external>", line 728, in exec_module
  File "<frozen importlib._bootstrap>", line 219, in _call_with_frames_removed
  File "/opt/airflow/dags/crawl_news_data.py", line 3, in <module>
    from zoneinfo import ZoneInfo
ModuleNotFoundError: No module named 'zoneinfo'
[2025-08-12T12:58:21.166+0000] {processor.py:755} WARNING - No viable dags retrieved from /opt/airflow/dags/crawl_news_data.py
[2025-08-12T12:58:21.186+0000] {processor.py:175} INFO - Processing /opt/airflow/dags/crawl_news_data.py took 0.040 seconds
[2025-08-12T12:58:51.473+0000] {processor.py:153} INFO - Started process (PID=221) to work on /opt/airflow/dags/crawl_news_data.py
[2025-08-12T12:58:51.474+0000] {processor.py:743} INFO - Processing file /opt/airflow/dags/crawl_news_data.py for tasks to queue
[2025-08-12T12:58:51.476+0000] {logging_mixin.py:137} INFO - [2025-08-12T12:58:51.475+0000] {dagbag.py:538} INFO - Filling up the DagBag from /opt/airflow/dags/crawl_news_data.py
[2025-08-12T12:58:51.487+0000] {logging_mixin.py:137} INFO - [2025-08-12T12:58:51.480+0000] {dagbag.py:343} ERROR - Failed to import: /opt/airflow/dags/crawl_news_data.py
Traceback (most recent call last):
  File "/home/airflow/.local/lib/python3.7/site-packages/airflow/models/dagbag.py", line 339, in parse
    loader.exec_module(new_module)
  File "<frozen importlib._bootstrap_external>", line 728, in exec_module
  File "<frozen importlib._bootstrap>", line 219, in _call_with_frames_removed
  File "/opt/airflow/dags/crawl_news_data.py", line 3, in <module>
    from zoneinfo import ZoneInfo
ModuleNotFoundError: No module named 'zoneinfo'
[2025-08-12T12:58:51.487+0000] {processor.py:755} WARNING - No viable dags retrieved from /opt/airflow/dags/crawl_news_data.py
[2025-08-12T12:58:51.505+0000] {processor.py:175} INFO - Processing /opt/airflow/dags/crawl_news_data.py took 0.036 seconds
[2025-08-12T12:59:21.770+0000] {processor.py:153} INFO - Started process (PID=255) to work on /opt/airflow/dags/crawl_news_data.py
[2025-08-12T12:59:21.771+0000] {processor.py:743} INFO - Processing file /opt/airflow/dags/crawl_news_data.py for tasks to queue
[2025-08-12T12:59:21.772+0000] {logging_mixin.py:137} INFO - [2025-08-12T12:59:21.772+0000] {dagbag.py:538} INFO - Filling up the DagBag from /opt/airflow/dags/crawl_news_data.py
[2025-08-12T12:59:21.778+0000] {logging_mixin.py:137} INFO - [2025-08-12T12:59:21.777+0000] {dagbag.py:343} ERROR - Failed to import: /opt/airflow/dags/crawl_news_data.py
Traceback (most recent call last):
  File "/home/airflow/.local/lib/python3.7/site-packages/airflow/models/dagbag.py", line 339, in parse
    loader.exec_module(new_module)
  File "<frozen importlib._bootstrap_external>", line 728, in exec_module
  File "<frozen importlib._bootstrap>", line 219, in _call_with_frames_removed
  File "/opt/airflow/dags/crawl_news_data.py", line 3, in <module>
    from zoneinfo import ZoneInfo
ModuleNotFoundError: No module named 'zoneinfo'
[2025-08-12T12:59:21.779+0000] {processor.py:755} WARNING - No viable dags retrieved from /opt/airflow/dags/crawl_news_data.py
[2025-08-12T12:59:21.801+0000] {processor.py:175} INFO - Processing /opt/airflow/dags/crawl_news_data.py took 0.037 seconds
[2025-08-12T12:59:52.112+0000] {processor.py:153} INFO - Started process (PID=305) to work on /opt/airflow/dags/crawl_news_data.py
[2025-08-12T12:59:52.113+0000] {processor.py:743} INFO - Processing file /opt/airflow/dags/crawl_news_data.py for tasks to queue
[2025-08-12T12:59:52.113+0000] {logging_mixin.py:137} INFO - [2025-08-12T12:59:52.113+0000] {dagbag.py:538} INFO - Filling up the DagBag from /opt/airflow/dags/crawl_news_data.py
[2025-08-12T12:59:52.125+0000] {logging_mixin.py:137} INFO - [2025-08-12T12:59:52.122+0000] {dagbag.py:343} ERROR - Failed to import: /opt/airflow/dags/crawl_news_data.py
Traceback (most recent call last):
  File "/home/airflow/.local/lib/python3.7/site-packages/airflow/models/dagbag.py", line 339, in parse
    loader.exec_module(new_module)
  File "<frozen importlib._bootstrap_external>", line 728, in exec_module
  File "<frozen importlib._bootstrap>", line 219, in _call_with_frames_removed
  File "/opt/airflow/dags/crawl_news_data.py", line 3, in <module>
    from zoneinfo import ZoneInfo
ModuleNotFoundError: No module named 'zoneinfo'
[2025-08-12T12:59:52.125+0000] {processor.py:755} WARNING - No viable dags retrieved from /opt/airflow/dags/crawl_news_data.py
[2025-08-12T12:59:52.145+0000] {processor.py:175} INFO - Processing /opt/airflow/dags/crawl_news_data.py took 0.036 seconds
[2025-08-12T13:00:26.918+0000] {processor.py:153} INFO - Started process (PID=38) to work on /opt/airflow/dags/crawl_news_data.py
[2025-08-12T13:00:26.919+0000] {processor.py:743} INFO - Processing file /opt/airflow/dags/crawl_news_data.py for tasks to queue
[2025-08-12T13:00:26.919+0000] {logging_mixin.py:137} INFO - [2025-08-12T13:00:26.919+0000] {dagbag.py:538} INFO - Filling up the DagBag from /opt/airflow/dags/crawl_news_data.py
[2025-08-12T13:00:26.931+0000] {logging_mixin.py:137} INFO - [2025-08-12T13:00:26.927+0000] {dagbag.py:343} ERROR - Failed to import: /opt/airflow/dags/crawl_news_data.py
Traceback (most recent call last):
  File "/home/airflow/.local/lib/python3.7/site-packages/airflow/models/dagbag.py", line 339, in parse
    loader.exec_module(new_module)
  File "<frozen importlib._bootstrap_external>", line 728, in exec_module
  File "<frozen importlib._bootstrap>", line 219, in _call_with_frames_removed
  File "/opt/airflow/dags/crawl_news_data.py", line 3, in <module>
    from zoneinfo import ZoneInfo
ModuleNotFoundError: No module named 'zoneinfo'
[2025-08-12T13:00:26.931+0000] {processor.py:755} WARNING - No viable dags retrieved from /opt/airflow/dags/crawl_news_data.py
[2025-08-12T13:00:26.962+0000] {processor.py:175} INFO - Processing /opt/airflow/dags/crawl_news_data.py took 0.046 seconds
[2025-08-12T13:01:23.787+0000] {processor.py:153} INFO - Started process (PID=38) to work on /opt/airflow/dags/crawl_news_data.py
[2025-08-12T13:01:23.789+0000] {processor.py:743} INFO - Processing file /opt/airflow/dags/crawl_news_data.py for tasks to queue
[2025-08-12T13:01:23.790+0000] {logging_mixin.py:137} INFO - [2025-08-12T13:01:23.790+0000] {dagbag.py:538} INFO - Filling up the DagBag from /opt/airflow/dags/crawl_news_data.py
[2025-08-12T13:01:23.911+0000] {logging_mixin.py:137} INFO - [2025-08-12T13:01:23.908+0000] {dagbag.py:343} ERROR - Failed to import: /opt/airflow/dags/crawl_news_data.py
Traceback (most recent call last):
  File "/home/airflow/.local/lib/python3.7/site-packages/airflow/models/dagbag.py", line 339, in parse
    loader.exec_module(new_module)
  File "<frozen importlib._bootstrap_external>", line 728, in exec_module
  File "<frozen importlib._bootstrap>", line 219, in _call_with_frames_removed
  File "/opt/airflow/dags/crawl_news_data.py", line 18, in <module>
    python_callable=collect_daily_news,
NameError: name 'collect_daily_news' is not defined
[2025-08-12T13:01:23.911+0000] {processor.py:755} WARNING - No viable dags retrieved from /opt/airflow/dags/crawl_news_data.py
[2025-08-12T13:01:23.925+0000] {processor.py:175} INFO - Processing /opt/airflow/dags/crawl_news_data.py took 0.141 seconds
[2025-08-12T13:01:54.238+0000] {processor.py:153} INFO - Started process (PID=87) to work on /opt/airflow/dags/crawl_news_data.py
[2025-08-12T13:01:54.240+0000] {processor.py:743} INFO - Processing file /opt/airflow/dags/crawl_news_data.py for tasks to queue
[2025-08-12T13:01:54.242+0000] {logging_mixin.py:137} INFO - [2025-08-12T13:01:54.241+0000] {dagbag.py:538} INFO - Filling up the DagBag from /opt/airflow/dags/crawl_news_data.py
[2025-08-12T13:01:54.327+0000] {logging_mixin.py:137} INFO - [2025-08-12T13:01:54.323+0000] {dagbag.py:343} ERROR - Failed to import: /opt/airflow/dags/crawl_news_data.py
Traceback (most recent call last):
  File "/home/airflow/.local/lib/python3.7/site-packages/airflow/models/dagbag.py", line 339, in parse
    loader.exec_module(new_module)
  File "<frozen importlib._bootstrap_external>", line 728, in exec_module
  File "<frozen importlib._bootstrap>", line 219, in _call_with_frames_removed
  File "/opt/airflow/dags/crawl_news_data.py", line 18, in <module>
    python_callable=collect_daily_news,
NameError: name 'collect_daily_news' is not defined
[2025-08-12T13:01:54.328+0000] {processor.py:755} WARNING - No viable dags retrieved from /opt/airflow/dags/crawl_news_data.py
[2025-08-12T13:01:54.338+0000] {processor.py:175} INFO - Processing /opt/airflow/dags/crawl_news_data.py took 0.106 seconds
