[2025-08-09T17:22:19.500+0000] {taskinstance.py:1087} INFO - Dependencies all met for <TaskInstance: number_counting_dag.count_20 scheduled__2025-08-08T17:22:08.605514+00:00 [queued]>
[2025-08-09T17:22:19.505+0000] {taskinstance.py:1087} INFO - Dependencies all met for <TaskInstance: number_counting_dag.count_20 scheduled__2025-08-08T17:22:08.605514+00:00 [queued]>
[2025-08-09T17:22:19.505+0000] {taskinstance.py:1283} INFO - 
--------------------------------------------------------------------------------
[2025-08-09T17:22:19.505+0000] {taskinstance.py:1284} INFO - Starting attempt 1 of 2
[2025-08-09T17:22:19.505+0000] {taskinstance.py:1285} INFO - 
--------------------------------------------------------------------------------
[2025-08-09T17:22:19.511+0000] {taskinstance.py:1304} INFO - Executing <Task(BashOperator): count_20> on 2025-08-08 17:22:08.605514+00:00
[2025-08-09T17:22:19.514+0000] {standard_task_runner.py:55} INFO - Started process 4985 to run task
[2025-08-09T17:22:19.516+0000] {standard_task_runner.py:82} INFO - Running: ['***', 'tasks', 'run', 'number_counting_dag', 'count_20', 'scheduled__2025-08-08T17:22:08.605514+00:00', '--job-id', '13', '--raw', '--subdir', 'DAGS_FOLDER/count.py', '--cfg-path', '/tmp/tmpbayobaqa']
[2025-08-09T17:22:19.517+0000] {standard_task_runner.py:83} INFO - Job 13: Subtask count_20
[2025-08-09T17:22:19.551+0000] {task_command.py:389} INFO - Running <TaskInstance: number_counting_dag.count_20 scheduled__2025-08-08T17:22:08.605514+00:00 [running]> on host ac9b20df240e
[2025-08-09T17:22:19.587+0000] {taskinstance.py:1513} INFO - Exporting the following env vars:
AIRFLOW_CTX_DAG_EMAIL=***@example.com
AIRFLOW_CTX_DAG_OWNER=***
AIRFLOW_CTX_DAG_ID=number_counting_dag
AIRFLOW_CTX_TASK_ID=count_20
AIRFLOW_CTX_EXECUTION_DATE=2025-08-08T17:22:08.605514+00:00
AIRFLOW_CTX_TRY_NUMBER=1
AIRFLOW_CTX_DAG_RUN_ID=scheduled__2025-08-08T17:22:08.605514+00:00
[2025-08-09T17:22:19.588+0000] {subprocess.py:63} INFO - Tmp dir root location: 
 /tmp
[2025-08-09T17:22:19.588+0000] {subprocess.py:75} INFO - Running command: ['/bin/bash', '-c', 'for i in {11..20}; do echo $i; sleep 1; done']
[2025-08-09T17:22:19.594+0000] {subprocess.py:86} INFO - Output:
[2025-08-09T17:22:19.595+0000] {subprocess.py:93} INFO - 11
[2025-08-09T17:22:20.602+0000] {subprocess.py:93} INFO - 12
[2025-08-09T17:22:21.617+0000] {subprocess.py:93} INFO - 13
[2025-08-09T17:22:22.620+0000] {subprocess.py:93} INFO - 14
[2025-08-09T17:22:23.632+0000] {subprocess.py:93} INFO - 15
[2025-08-09T17:22:24.639+0000] {subprocess.py:93} INFO - 16
[2025-08-09T17:22:25.645+0000] {subprocess.py:93} INFO - 17
[2025-08-09T17:22:26.658+0000] {subprocess.py:93} INFO - 18
[2025-08-09T17:22:27.665+0000] {subprocess.py:93} INFO - 19
[2025-08-09T17:22:28.670+0000] {subprocess.py:93} INFO - 20
[2025-08-09T17:22:29.672+0000] {subprocess.py:97} INFO - Command exited with return code 0
[2025-08-09T17:22:29.692+0000] {taskinstance.py:1327} INFO - Marking task as SUCCESS. dag_id=number_counting_dag, task_id=count_20, execution_date=20250808T172208, start_date=20250809T172219, end_date=20250809T172229
[2025-08-09T17:22:29.717+0000] {local_task_job.py:159} INFO - Task exited with return code 0
[2025-08-09T17:22:29.731+0000] {taskinstance.py:2582} INFO - 1 downstream tasks scheduled from follow-on schedule check
