[2025-08-09T00:54:51.220+0000] {processor.py:153} INFO - Started process (PID=4337) to work on /opt/airflow/dags/count.py
[2025-08-09T00:54:51.221+0000] {processor.py:743} INFO - Processing file /opt/airflow/dags/count.py for tasks to queue
[2025-08-09T00:54:51.221+0000] {logging_mixin.py:137} INFO - [2025-08-09T00:54:51.221+0000] {dagbag.py:538} INFO - Filling up the DagBag from /opt/airflow/dags/count.py
[2025-08-09T00:54:51.241+0000] {processor.py:753} INFO - DAG(s) dict_keys(['number_counting_dag']) retrieved from /opt/airflow/dags/count.py
[2025-08-09T00:54:51.270+0000] {logging_mixin.py:137} INFO - [2025-08-09T00:54:51.270+0000] {dag.py:2676} INFO - Sync 1 DAGs
[2025-08-09T00:54:51.285+0000] {logging_mixin.py:137} INFO - [2025-08-09T00:54:51.284+0000] {dag.py:3427} INFO - Setting next_dagrun for number_counting_dag to 2025-08-08T16:10:57.688975+00:00, run_after=2025-08-09T16:10:57.688975+00:00
[2025-08-09T00:54:51.295+0000] {processor.py:175} INFO - Processing /opt/airflow/dags/count.py took 0.079 seconds
[2025-08-09T01:48:03.937+0000] {processor.py:153} INFO - Started process (PID=4387) to work on /opt/airflow/dags/count.py
[2025-08-09T01:48:03.940+0000] {processor.py:743} INFO - Processing file /opt/airflow/dags/count.py for tasks to queue
[2025-08-09T01:48:03.943+0000] {logging_mixin.py:137} INFO - [2025-08-09T01:48:03.943+0000] {dagbag.py:538} INFO - Filling up the DagBag from /opt/airflow/dags/count.py
[2025-08-09T01:48:03.975+0000] {processor.py:753} INFO - DAG(s) dict_keys(['number_counting_dag']) retrieved from /opt/airflow/dags/count.py
[2025-08-09T01:48:04.045+0000] {logging_mixin.py:137} INFO - [2025-08-09T01:48:04.044+0000] {dag.py:2676} INFO - Sync 1 DAGs
[2025-08-09T01:48:04.092+0000] {logging_mixin.py:137} INFO - [2025-08-09T01:48:04.092+0000] {dag.py:3427} INFO - Setting next_dagrun for number_counting_dag to 2025-08-08T16:10:57.688975+00:00, run_after=2025-08-09T16:10:57.688975+00:00
[2025-08-09T01:48:04.110+0000] {processor.py:175} INFO - Processing /opt/airflow/dags/count.py took 0.182 seconds
[2025-08-09T02:53:40.167+0000] {processor.py:153} INFO - Started process (PID=4422) to work on /opt/airflow/dags/count.py
[2025-08-09T02:53:40.168+0000] {processor.py:743} INFO - Processing file /opt/airflow/dags/count.py for tasks to queue
[2025-08-09T02:53:40.168+0000] {logging_mixin.py:137} INFO - [2025-08-09T02:53:40.168+0000] {dagbag.py:538} INFO - Filling up the DagBag from /opt/airflow/dags/count.py
[2025-08-09T02:53:40.188+0000] {processor.py:753} INFO - DAG(s) dict_keys(['number_counting_dag']) retrieved from /opt/airflow/dags/count.py
[2025-08-09T02:53:40.276+0000] {logging_mixin.py:137} INFO - [2025-08-09T02:53:40.275+0000] {dag.py:2676} INFO - Sync 1 DAGs
[2025-08-09T02:53:40.335+0000] {logging_mixin.py:137} INFO - [2025-08-09T02:53:40.334+0000] {dag.py:3427} INFO - Setting next_dagrun for number_counting_dag to 2025-08-08T16:10:57.688975+00:00, run_after=2025-08-09T16:10:57.688975+00:00
[2025-08-09T02:53:40.388+0000] {processor.py:175} INFO - Processing /opt/airflow/dags/count.py took 0.225 seconds
[2025-08-09T04:30:54.153+0000] {processor.py:153} INFO - Started process (PID=4471) to work on /opt/airflow/dags/count.py
[2025-08-09T04:30:54.154+0000] {processor.py:743} INFO - Processing file /opt/airflow/dags/count.py for tasks to queue
[2025-08-09T04:30:54.155+0000] {logging_mixin.py:137} INFO - [2025-08-09T04:30:54.155+0000] {dagbag.py:538} INFO - Filling up the DagBag from /opt/airflow/dags/count.py
[2025-08-09T04:30:54.197+0000] {processor.py:753} INFO - DAG(s) dict_keys(['number_counting_dag']) retrieved from /opt/airflow/dags/count.py
[2025-08-09T04:30:54.261+0000] {logging_mixin.py:137} INFO - [2025-08-09T04:30:54.261+0000] {dag.py:2676} INFO - Sync 1 DAGs
[2025-08-09T04:30:54.317+0000] {logging_mixin.py:137} INFO - [2025-08-09T04:30:54.317+0000] {dag.py:3427} INFO - Setting next_dagrun for number_counting_dag to 2025-08-08T16:10:57.688975+00:00, run_after=2025-08-09T16:10:57.688975+00:00
[2025-08-09T04:30:54.361+0000] {processor.py:175} INFO - Processing /opt/airflow/dags/count.py took 0.215 seconds
[2025-08-09T05:40:25.428+0000] {processor.py:153} INFO - Started process (PID=4521) to work on /opt/airflow/dags/count.py
[2025-08-09T05:40:25.433+0000] {processor.py:743} INFO - Processing file /opt/airflow/dags/count.py for tasks to queue
[2025-08-09T05:40:25.437+0000] {logging_mixin.py:137} INFO - [2025-08-09T05:40:25.437+0000] {dagbag.py:538} INFO - Filling up the DagBag from /opt/airflow/dags/count.py
[2025-08-09T05:40:25.475+0000] {processor.py:753} INFO - DAG(s) dict_keys(['number_counting_dag']) retrieved from /opt/airflow/dags/count.py
[2025-08-09T05:40:25.550+0000] {logging_mixin.py:137} INFO - [2025-08-09T05:40:25.549+0000] {dag.py:2676} INFO - Sync 1 DAGs
[2025-08-09T05:40:25.587+0000] {logging_mixin.py:137} INFO - [2025-08-09T05:40:25.587+0000] {dag.py:3427} INFO - Setting next_dagrun for number_counting_dag to 2025-08-08T16:10:57.688975+00:00, run_after=2025-08-09T16:10:57.688975+00:00
[2025-08-09T05:40:25.621+0000] {processor.py:175} INFO - Processing /opt/airflow/dags/count.py took 0.209 seconds
[2025-08-09T07:21:14.401+0000] {processor.py:153} INFO - Started process (PID=4555) to work on /opt/airflow/dags/count.py
[2025-08-09T07:21:14.402+0000] {processor.py:743} INFO - Processing file /opt/airflow/dags/count.py for tasks to queue
[2025-08-09T07:21:14.403+0000] {logging_mixin.py:137} INFO - [2025-08-09T07:21:14.403+0000] {dagbag.py:538} INFO - Filling up the DagBag from /opt/airflow/dags/count.py
[2025-08-09T07:21:14.431+0000] {processor.py:753} INFO - DAG(s) dict_keys(['number_counting_dag']) retrieved from /opt/airflow/dags/count.py
[2025-08-09T07:21:14.477+0000] {logging_mixin.py:137} INFO - [2025-08-09T07:21:14.477+0000] {dag.py:2676} INFO - Sync 1 DAGs
[2025-08-09T07:21:14.517+0000] {logging_mixin.py:137} INFO - [2025-08-09T07:21:14.517+0000] {dag.py:3427} INFO - Setting next_dagrun for number_counting_dag to 2025-08-08T16:10:57.688975+00:00, run_after=2025-08-09T16:10:57.688975+00:00
[2025-08-09T07:21:14.545+0000] {processor.py:175} INFO - Processing /opt/airflow/dags/count.py took 0.150 seconds
[2025-08-09T08:15:51.856+0000] {processor.py:153} INFO - Started process (PID=4605) to work on /opt/airflow/dags/count.py
[2025-08-09T08:15:51.858+0000] {processor.py:743} INFO - Processing file /opt/airflow/dags/count.py for tasks to queue
[2025-08-09T08:15:51.860+0000] {logging_mixin.py:137} INFO - [2025-08-09T08:15:51.859+0000] {dagbag.py:538} INFO - Filling up the DagBag from /opt/airflow/dags/count.py
[2025-08-09T08:15:51.927+0000] {processor.py:753} INFO - DAG(s) dict_keys(['number_counting_dag']) retrieved from /opt/airflow/dags/count.py
[2025-08-09T08:15:52.024+0000] {logging_mixin.py:137} INFO - [2025-08-09T08:15:52.024+0000] {dag.py:2676} INFO - Sync 1 DAGs
[2025-08-09T08:15:52.088+0000] {logging_mixin.py:137} INFO - [2025-08-09T08:15:52.088+0000] {dag.py:3427} INFO - Setting next_dagrun for number_counting_dag to 2025-08-08T16:10:57.688975+00:00, run_after=2025-08-09T16:10:57.688975+00:00
[2025-08-09T08:15:52.118+0000] {processor.py:175} INFO - Processing /opt/airflow/dags/count.py took 0.270 seconds
[2025-08-09T09:28:08.694+0000] {processor.py:153} INFO - Started process (PID=4655) to work on /opt/airflow/dags/count.py
[2025-08-09T09:28:08.696+0000] {processor.py:743} INFO - Processing file /opt/airflow/dags/count.py for tasks to queue
[2025-08-09T09:28:08.697+0000] {logging_mixin.py:137} INFO - [2025-08-09T09:28:08.697+0000] {dagbag.py:538} INFO - Filling up the DagBag from /opt/airflow/dags/count.py
[2025-08-09T09:28:08.723+0000] {processor.py:753} INFO - DAG(s) dict_keys(['number_counting_dag']) retrieved from /opt/airflow/dags/count.py
[2025-08-09T09:28:08.787+0000] {logging_mixin.py:137} INFO - [2025-08-09T09:28:08.787+0000] {dag.py:2676} INFO - Sync 1 DAGs
[2025-08-09T09:28:08.819+0000] {logging_mixin.py:137} INFO - [2025-08-09T09:28:08.819+0000] {dag.py:3427} INFO - Setting next_dagrun for number_counting_dag to 2025-08-08T16:10:57.688975+00:00, run_after=2025-08-09T16:10:57.688975+00:00
[2025-08-09T09:28:08.854+0000] {processor.py:175} INFO - Processing /opt/airflow/dags/count.py took 0.163 seconds
[2025-08-09T10:29:05.903+0000] {processor.py:153} INFO - Started process (PID=4689) to work on /opt/airflow/dags/count.py
[2025-08-09T10:29:05.907+0000] {processor.py:743} INFO - Processing file /opt/airflow/dags/count.py for tasks to queue
[2025-08-09T10:29:05.911+0000] {logging_mixin.py:137} INFO - [2025-08-09T10:29:05.910+0000] {dagbag.py:538} INFO - Filling up the DagBag from /opt/airflow/dags/count.py
[2025-08-09T10:29:05.950+0000] {processor.py:753} INFO - DAG(s) dict_keys(['number_counting_dag']) retrieved from /opt/airflow/dags/count.py
[2025-08-09T10:29:06.022+0000] {logging_mixin.py:137} INFO - [2025-08-09T10:29:06.022+0000] {dag.py:2676} INFO - Sync 1 DAGs
[2025-08-09T10:29:06.056+0000] {logging_mixin.py:137} INFO - [2025-08-09T10:29:06.056+0000] {dag.py:3427} INFO - Setting next_dagrun for number_counting_dag to 2025-08-08T16:10:57.688975+00:00, run_after=2025-08-09T16:10:57.688975+00:00
[2025-08-09T10:29:06.087+0000] {processor.py:175} INFO - Processing /opt/airflow/dags/count.py took 0.195 seconds
[2025-08-09T12:01:15.422+0000] {processor.py:153} INFO - Started process (PID=4739) to work on /opt/airflow/dags/count.py
[2025-08-09T12:01:15.424+0000] {processor.py:743} INFO - Processing file /opt/airflow/dags/count.py for tasks to queue
[2025-08-09T12:01:15.426+0000] {logging_mixin.py:137} INFO - [2025-08-09T12:01:15.426+0000] {dagbag.py:538} INFO - Filling up the DagBag from /opt/airflow/dags/count.py
[2025-08-09T12:01:15.463+0000] {processor.py:753} INFO - DAG(s) dict_keys(['number_counting_dag']) retrieved from /opt/airflow/dags/count.py
[2025-08-09T12:01:15.558+0000] {logging_mixin.py:137} INFO - [2025-08-09T12:01:15.558+0000] {dag.py:2676} INFO - Sync 1 DAGs
[2025-08-09T12:01:15.596+0000] {logging_mixin.py:137} INFO - [2025-08-09T12:01:15.595+0000] {dag.py:3427} INFO - Setting next_dagrun for number_counting_dag to 2025-08-08T16:10:57.688975+00:00, run_after=2025-08-09T16:10:57.688975+00:00
[2025-08-09T12:01:15.630+0000] {processor.py:175} INFO - Processing /opt/airflow/dags/count.py took 0.217 seconds
[2025-08-09T13:03:59.874+0000] {processor.py:153} INFO - Started process (PID=4782) to work on /opt/airflow/dags/count.py
[2025-08-09T13:03:59.877+0000] {processor.py:743} INFO - Processing file /opt/airflow/dags/count.py for tasks to queue
[2025-08-09T13:03:59.880+0000] {logging_mixin.py:137} INFO - [2025-08-09T13:03:59.880+0000] {dagbag.py:538} INFO - Filling up the DagBag from /opt/airflow/dags/count.py
[2025-08-09T13:03:59.938+0000] {processor.py:753} INFO - DAG(s) dict_keys(['number_counting_dag']) retrieved from /opt/airflow/dags/count.py
[2025-08-09T13:04:00.125+0000] {logging_mixin.py:137} INFO - [2025-08-09T13:04:00.125+0000] {dag.py:2676} INFO - Sync 1 DAGs
[2025-08-09T13:04:00.177+0000] {logging_mixin.py:137} INFO - [2025-08-09T13:04:00.177+0000] {dag.py:3427} INFO - Setting next_dagrun for number_counting_dag to 2025-08-08T16:10:57.688975+00:00, run_after=2025-08-09T16:10:57.688975+00:00
[2025-08-09T13:04:00.216+0000] {processor.py:175} INFO - Processing /opt/airflow/dags/count.py took 0.357 seconds
[2025-08-09T14:32:41.238+0000] {processor.py:153} INFO - Started process (PID=4823) to work on /opt/airflow/dags/count.py
[2025-08-09T14:32:41.239+0000] {processor.py:743} INFO - Processing file /opt/airflow/dags/count.py for tasks to queue
[2025-08-09T14:32:41.239+0000] {logging_mixin.py:137} INFO - [2025-08-09T14:32:41.239+0000] {dagbag.py:538} INFO - Filling up the DagBag from /opt/airflow/dags/count.py
[2025-08-09T14:32:41.253+0000] {processor.py:753} INFO - DAG(s) dict_keys(['number_counting_dag']) retrieved from /opt/airflow/dags/count.py
[2025-08-09T14:32:41.279+0000] {logging_mixin.py:137} INFO - [2025-08-09T14:32:41.279+0000] {dag.py:2676} INFO - Sync 1 DAGs
[2025-08-09T14:32:41.292+0000] {logging_mixin.py:137} INFO - [2025-08-09T14:32:41.292+0000] {dag.py:3427} INFO - Setting next_dagrun for number_counting_dag to 2025-08-08T16:10:57.688975+00:00, run_after=2025-08-09T16:10:57.688975+00:00
[2025-08-09T14:32:41.301+0000] {processor.py:175} INFO - Processing /opt/airflow/dags/count.py took 0.066 seconds
[2025-08-09T16:05:50.273+0000] {processor.py:153} INFO - Started process (PID=4873) to work on /opt/airflow/dags/count.py
[2025-08-09T16:05:50.277+0000] {processor.py:743} INFO - Processing file /opt/airflow/dags/count.py for tasks to queue
[2025-08-09T16:05:50.283+0000] {logging_mixin.py:137} INFO - [2025-08-09T16:05:50.283+0000] {dagbag.py:538} INFO - Filling up the DagBag from /opt/airflow/dags/count.py
[2025-08-09T16:05:50.328+0000] {processor.py:753} INFO - DAG(s) dict_keys(['number_counting_dag']) retrieved from /opt/airflow/dags/count.py
[2025-08-09T16:05:50.397+0000] {logging_mixin.py:137} INFO - [2025-08-09T16:05:50.397+0000] {dag.py:2676} INFO - Sync 1 DAGs
[2025-08-09T16:05:50.446+0000] {logging_mixin.py:137} INFO - [2025-08-09T16:05:50.446+0000] {dag.py:3427} INFO - Setting next_dagrun for number_counting_dag to 2025-08-08T16:10:57.688975+00:00, run_after=2025-08-09T16:10:57.688975+00:00
[2025-08-09T16:05:50.491+0000] {processor.py:175} INFO - Processing /opt/airflow/dags/count.py took 0.232 seconds
[2025-08-09T17:22:08.548+0000] {processor.py:153} INFO - Started process (PID=4907) to work on /opt/airflow/dags/count.py
[2025-08-09T17:22:08.549+0000] {processor.py:743} INFO - Processing file /opt/airflow/dags/count.py for tasks to queue
[2025-08-09T17:22:08.550+0000] {logging_mixin.py:137} INFO - [2025-08-09T17:22:08.549+0000] {dagbag.py:538} INFO - Filling up the DagBag from /opt/airflow/dags/count.py
[2025-08-09T17:22:08.564+0000] {processor.py:753} INFO - DAG(s) dict_keys(['number_counting_dag']) retrieved from /opt/airflow/dags/count.py
[2025-08-09T17:22:08.591+0000] {logging_mixin.py:137} INFO - [2025-08-09T17:22:08.591+0000] {dag.py:2676} INFO - Sync 1 DAGs
[2025-08-09T17:22:08.605+0000] {logging_mixin.py:137} INFO - [2025-08-09T17:22:08.605+0000] {dag.py:3427} INFO - Setting next_dagrun for number_counting_dag to 2025-08-08T17:22:08.605514+00:00, run_after=2025-08-09T17:22:08.605514+00:00
[2025-08-09T17:22:08.614+0000] {processor.py:175} INFO - Processing /opt/airflow/dags/count.py took 0.070 seconds
[2025-08-09T18:45:29.329+0000] {processor.py:153} INFO - Started process (PID=4956) to work on /opt/airflow/dags/count.py
[2025-08-09T18:45:29.331+0000] {processor.py:743} INFO - Processing file /opt/airflow/dags/count.py for tasks to queue
[2025-08-09T18:45:29.334+0000] {logging_mixin.py:137} INFO - [2025-08-09T18:45:29.334+0000] {dagbag.py:538} INFO - Filling up the DagBag from /opt/airflow/dags/count.py
[2025-08-09T18:45:29.377+0000] {processor.py:753} INFO - DAG(s) dict_keys(['number_counting_dag']) retrieved from /opt/airflow/dags/count.py
[2025-08-09T18:45:29.480+0000] {logging_mixin.py:137} INFO - [2025-08-09T18:45:29.479+0000] {dag.py:2676} INFO - Sync 1 DAGs
[2025-08-09T18:45:29.523+0000] {logging_mixin.py:137} INFO - [2025-08-09T18:45:29.522+0000] {dag.py:3427} INFO - Setting next_dagrun for number_counting_dag to 2025-08-09T17:22:08.605514+00:00, run_after=2025-08-10T17:22:08.605514+00:00
[2025-08-09T18:45:29.592+0000] {processor.py:175} INFO - Processing /opt/airflow/dags/count.py took 0.279 seconds
[2025-08-09T20:25:01.306+0000] {processor.py:153} INFO - Started process (PID=5006) to work on /opt/airflow/dags/count.py
[2025-08-09T20:25:01.307+0000] {processor.py:743} INFO - Processing file /opt/airflow/dags/count.py for tasks to queue
[2025-08-09T20:25:01.308+0000] {logging_mixin.py:137} INFO - [2025-08-09T20:25:01.308+0000] {dagbag.py:538} INFO - Filling up the DagBag from /opt/airflow/dags/count.py
[2025-08-09T20:25:01.326+0000] {processor.py:753} INFO - DAG(s) dict_keys(['number_counting_dag']) retrieved from /opt/airflow/dags/count.py
[2025-08-09T20:25:01.360+0000] {logging_mixin.py:137} INFO - [2025-08-09T20:25:01.360+0000] {dag.py:2676} INFO - Sync 1 DAGs
[2025-08-09T20:25:01.381+0000] {logging_mixin.py:137} INFO - [2025-08-09T20:25:01.381+0000] {dag.py:3427} INFO - Setting next_dagrun for number_counting_dag to 2025-08-09T17:22:08.605514+00:00, run_after=2025-08-10T17:22:08.605514+00:00
[2025-08-09T20:25:01.393+0000] {processor.py:175} INFO - Processing /opt/airflow/dags/count.py took 0.090 seconds
[2025-08-09T22:02:55.400+0000] {processor.py:153} INFO - Started process (PID=5040) to work on /opt/airflow/dags/count.py
[2025-08-09T22:02:55.403+0000] {processor.py:743} INFO - Processing file /opt/airflow/dags/count.py for tasks to queue
[2025-08-09T22:02:55.404+0000] {logging_mixin.py:137} INFO - [2025-08-09T22:02:55.404+0000] {dagbag.py:538} INFO - Filling up the DagBag from /opt/airflow/dags/count.py
[2025-08-09T22:02:55.469+0000] {processor.py:753} INFO - DAG(s) dict_keys(['number_counting_dag']) retrieved from /opt/airflow/dags/count.py
[2025-08-09T22:02:55.547+0000] {logging_mixin.py:137} INFO - [2025-08-09T22:02:55.547+0000] {dag.py:2676} INFO - Sync 1 DAGs
[2025-08-09T22:02:55.585+0000] {logging_mixin.py:137} INFO - [2025-08-09T22:02:55.585+0000] {dag.py:3427} INFO - Setting next_dagrun for number_counting_dag to 2025-08-09T17:22:08.605514+00:00, run_after=2025-08-10T17:22:08.605514+00:00
[2025-08-09T22:02:55.631+0000] {processor.py:175} INFO - Processing /opt/airflow/dags/count.py took 0.235 seconds
[2025-08-09T23:14:57.823+0000] {processor.py:153} INFO - Started process (PID=5090) to work on /opt/airflow/dags/count.py
[2025-08-09T23:14:57.824+0000] {processor.py:743} INFO - Processing file /opt/airflow/dags/count.py for tasks to queue
[2025-08-09T23:14:57.825+0000] {logging_mixin.py:137} INFO - [2025-08-09T23:14:57.825+0000] {dagbag.py:538} INFO - Filling up the DagBag from /opt/airflow/dags/count.py
[2025-08-09T23:14:57.847+0000] {processor.py:753} INFO - DAG(s) dict_keys(['number_counting_dag']) retrieved from /opt/airflow/dags/count.py
[2025-08-09T23:14:57.872+0000] {logging_mixin.py:137} INFO - [2025-08-09T23:14:57.872+0000] {dag.py:2676} INFO - Sync 1 DAGs
[2025-08-09T23:14:57.887+0000] {logging_mixin.py:137} INFO - [2025-08-09T23:14:57.887+0000] {dag.py:3427} INFO - Setting next_dagrun for number_counting_dag to 2025-08-09T17:22:08.605514+00:00, run_after=2025-08-10T17:22:08.605514+00:00
[2025-08-09T23:14:57.897+0000] {processor.py:175} INFO - Processing /opt/airflow/dags/count.py took 0.078 seconds
[2025-08-09T23:25:41.962+0000] {processor.py:153} INFO - Started process (PID=5133) to work on /opt/airflow/dags/count.py
[2025-08-09T23:25:41.965+0000] {processor.py:743} INFO - Processing file /opt/airflow/dags/count.py for tasks to queue
[2025-08-09T23:25:41.967+0000] {logging_mixin.py:137} INFO - [2025-08-09T23:25:41.967+0000] {dagbag.py:538} INFO - Filling up the DagBag from /opt/airflow/dags/count.py
[2025-08-09T23:25:42.006+0000] {processor.py:753} INFO - DAG(s) dict_keys(['number_counting_dag']) retrieved from /opt/airflow/dags/count.py
[2025-08-09T23:25:42.085+0000] {logging_mixin.py:137} INFO - [2025-08-09T23:25:42.085+0000] {dag.py:2676} INFO - Sync 1 DAGs
[2025-08-09T23:25:42.128+0000] {logging_mixin.py:137} INFO - [2025-08-09T23:25:42.128+0000] {dag.py:3427} INFO - Setting next_dagrun for number_counting_dag to 2025-08-09T17:22:08.605514+00:00, run_after=2025-08-10T17:22:08.605514+00:00
[2025-08-09T23:25:42.165+0000] {processor.py:175} INFO - Processing /opt/airflow/dags/count.py took 0.210 seconds
[2025-08-09T23:43:32.044+0000] {processor.py:153} INFO - Started process (PID=5174) to work on /opt/airflow/dags/count.py
[2025-08-09T23:43:32.045+0000] {processor.py:743} INFO - Processing file /opt/airflow/dags/count.py for tasks to queue
[2025-08-09T23:43:32.045+0000] {logging_mixin.py:137} INFO - [2025-08-09T23:43:32.045+0000] {dagbag.py:538} INFO - Filling up the DagBag from /opt/airflow/dags/count.py
[2025-08-09T23:43:32.067+0000] {processor.py:753} INFO - DAG(s) dict_keys(['number_counting_dag']) retrieved from /opt/airflow/dags/count.py
[2025-08-09T23:43:32.098+0000] {logging_mixin.py:137} INFO - [2025-08-09T23:43:32.098+0000] {dag.py:2676} INFO - Sync 1 DAGs
[2025-08-09T23:43:32.112+0000] {logging_mixin.py:137} INFO - [2025-08-09T23:43:32.112+0000] {dag.py:3427} INFO - Setting next_dagrun for number_counting_dag to 2025-08-09T17:22:08.605514+00:00, run_after=2025-08-10T17:22:08.605514+00:00
[2025-08-09T23:43:32.122+0000] {processor.py:175} INFO - Processing /opt/airflow/dags/count.py took 0.081 seconds
