[2025-08-09T00:54:51.220+0000] {processor.py:153} INFO - Started process (PID=4338) to work on /opt/airflow/dags/crawl_news.py
[2025-08-09T00:54:51.221+0000] {processor.py:743} INFO - Processing file /opt/airflow/dags/crawl_news.py for tasks to queue
[2025-08-09T00:54:51.221+0000] {logging_mixin.py:137} INFO - [2025-08-09T00:54:51.221+0000] {dagbag.py:538} INFO - Filling up the DagBag from /opt/airflow/dags/crawl_news.py
[2025-08-09T00:54:51.235+0000] {logging_mixin.py:137} INFO - [2025-08-09T00:54:51.232+0000] {dagbag.py:343} ERROR - Failed to import: /opt/airflow/dags/crawl_news.py
Traceback (most recent call last):
  File "/home/airflow/.local/lib/python3.7/site-packages/airflow/models/dagbag.py", line 339, in parse
    loader.exec_module(new_module)
  File "<frozen importlib._bootstrap_external>", line 728, in exec_module
  File "<frozen importlib._bootstrap>", line 219, in _call_with_frames_removed
  File "/opt/airflow/dags/crawl_news.py", line 4, in <module>
    from airflow.operators.bash import PythonOperator
ImportError: cannot import name 'PythonOperator' from 'airflow.operators.bash' (/home/airflow/.local/lib/python3.7/site-packages/airflow/operators/bash.py)
[2025-08-09T00:54:51.235+0000] {processor.py:755} WARNING - No viable dags retrieved from /opt/airflow/dags/crawl_news.py
[2025-08-09T00:54:51.260+0000] {processor.py:175} INFO - Processing /opt/airflow/dags/crawl_news.py took 0.044 seconds
[2025-08-09T01:48:03.940+0000] {processor.py:153} INFO - Started process (PID=4388) to work on /opt/airflow/dags/crawl_news.py
[2025-08-09T01:48:03.942+0000] {processor.py:743} INFO - Processing file /opt/airflow/dags/crawl_news.py for tasks to queue
[2025-08-09T01:48:03.944+0000] {logging_mixin.py:137} INFO - [2025-08-09T01:48:03.944+0000] {dagbag.py:538} INFO - Filling up the DagBag from /opt/airflow/dags/crawl_news.py
[2025-08-09T01:48:03.961+0000] {logging_mixin.py:137} INFO - [2025-08-09T01:48:03.959+0000] {dagbag.py:343} ERROR - Failed to import: /opt/airflow/dags/crawl_news.py
Traceback (most recent call last):
  File "/home/airflow/.local/lib/python3.7/site-packages/airflow/models/dagbag.py", line 339, in parse
    loader.exec_module(new_module)
  File "<frozen importlib._bootstrap_external>", line 728, in exec_module
  File "<frozen importlib._bootstrap>", line 219, in _call_with_frames_removed
  File "/opt/airflow/dags/crawl_news.py", line 4, in <module>
    from airflow.operators.bash import PythonOperator
ImportError: cannot import name 'PythonOperator' from 'airflow.operators.bash' (/home/airflow/.local/lib/python3.7/site-packages/airflow/operators/bash.py)
[2025-08-09T01:48:03.962+0000] {processor.py:755} WARNING - No viable dags retrieved from /opt/airflow/dags/crawl_news.py
[2025-08-09T01:48:04.009+0000] {processor.py:175} INFO - Processing /opt/airflow/dags/crawl_news.py took 0.074 seconds
[2025-08-09T02:53:40.168+0000] {processor.py:153} INFO - Started process (PID=4428) to work on /opt/airflow/dags/crawl_news.py
[2025-08-09T02:53:40.169+0000] {processor.py:743} INFO - Processing file /opt/airflow/dags/crawl_news.py for tasks to queue
[2025-08-09T02:53:40.170+0000] {logging_mixin.py:137} INFO - [2025-08-09T02:53:40.169+0000] {dagbag.py:538} INFO - Filling up the DagBag from /opt/airflow/dags/crawl_news.py
[2025-08-09T02:53:40.188+0000] {logging_mixin.py:137} INFO - [2025-08-09T02:53:40.183+0000] {dagbag.py:343} ERROR - Failed to import: /opt/airflow/dags/crawl_news.py
Traceback (most recent call last):
  File "/home/airflow/.local/lib/python3.7/site-packages/airflow/models/dagbag.py", line 339, in parse
    loader.exec_module(new_module)
  File "<frozen importlib._bootstrap_external>", line 728, in exec_module
  File "<frozen importlib._bootstrap>", line 219, in _call_with_frames_removed
  File "/opt/airflow/dags/crawl_news.py", line 4, in <module>
    from airflow.operators.bash import PythonOperator
ImportError: cannot import name 'PythonOperator' from 'airflow.operators.bash' (/home/airflow/.local/lib/python3.7/site-packages/airflow/operators/bash.py)
[2025-08-09T02:53:40.188+0000] {processor.py:755} WARNING - No viable dags retrieved from /opt/airflow/dags/crawl_news.py
[2025-08-09T02:53:40.226+0000] {processor.py:175} INFO - Processing /opt/airflow/dags/crawl_news.py took 0.062 seconds
[2025-08-09T04:30:54.150+0000] {processor.py:153} INFO - Started process (PID=4472) to work on /opt/airflow/dags/crawl_news.py
[2025-08-09T04:30:54.152+0000] {processor.py:743} INFO - Processing file /opt/airflow/dags/crawl_news.py for tasks to queue
[2025-08-09T04:30:54.153+0000] {logging_mixin.py:137} INFO - [2025-08-09T04:30:54.153+0000] {dagbag.py:538} INFO - Filling up the DagBag from /opt/airflow/dags/crawl_news.py
[2025-08-09T04:30:54.187+0000] {logging_mixin.py:137} INFO - [2025-08-09T04:30:54.179+0000] {dagbag.py:343} ERROR - Failed to import: /opt/airflow/dags/crawl_news.py
Traceback (most recent call last):
  File "/home/airflow/.local/lib/python3.7/site-packages/airflow/models/dagbag.py", line 339, in parse
    loader.exec_module(new_module)
  File "<frozen importlib._bootstrap_external>", line 728, in exec_module
  File "<frozen importlib._bootstrap>", line 219, in _call_with_frames_removed
  File "/opt/airflow/dags/crawl_news.py", line 4, in <module>
    from airflow.operators.bash import PythonOperator
ImportError: cannot import name 'PythonOperator' from 'airflow.operators.bash' (/home/airflow/.local/lib/python3.7/site-packages/airflow/operators/bash.py)
[2025-08-09T04:30:54.189+0000] {processor.py:755} WARNING - No viable dags retrieved from /opt/airflow/dags/crawl_news.py
[2025-08-09T04:30:54.234+0000] {processor.py:175} INFO - Processing /opt/airflow/dags/crawl_news.py took 0.088 seconds
[2025-08-09T05:40:25.436+0000] {processor.py:153} INFO - Started process (PID=4522) to work on /opt/airflow/dags/crawl_news.py
[2025-08-09T05:40:25.438+0000] {processor.py:743} INFO - Processing file /opt/airflow/dags/crawl_news.py for tasks to queue
[2025-08-09T05:40:25.439+0000] {logging_mixin.py:137} INFO - [2025-08-09T05:40:25.439+0000] {dagbag.py:538} INFO - Filling up the DagBag from /opt/airflow/dags/crawl_news.py
[2025-08-09T05:40:25.458+0000] {logging_mixin.py:137} INFO - [2025-08-09T05:40:25.456+0000] {dagbag.py:343} ERROR - Failed to import: /opt/airflow/dags/crawl_news.py
Traceback (most recent call last):
  File "/home/airflow/.local/lib/python3.7/site-packages/airflow/models/dagbag.py", line 339, in parse
    loader.exec_module(new_module)
  File "<frozen importlib._bootstrap_external>", line 728, in exec_module
  File "<frozen importlib._bootstrap>", line 219, in _call_with_frames_removed
  File "/opt/airflow/dags/crawl_news.py", line 4, in <module>
    from airflow.operators.bash import PythonOperator
ImportError: cannot import name 'PythonOperator' from 'airflow.operators.bash' (/home/airflow/.local/lib/python3.7/site-packages/airflow/operators/bash.py)
[2025-08-09T05:40:25.459+0000] {processor.py:755} WARNING - No viable dags retrieved from /opt/airflow/dags/crawl_news.py
[2025-08-09T05:40:25.520+0000] {processor.py:175} INFO - Processing /opt/airflow/dags/crawl_news.py took 0.092 seconds
[2025-08-09T07:21:14.402+0000] {processor.py:153} INFO - Started process (PID=4556) to work on /opt/airflow/dags/crawl_news.py
[2025-08-09T07:21:14.403+0000] {processor.py:743} INFO - Processing file /opt/airflow/dags/crawl_news.py for tasks to queue
[2025-08-09T07:21:14.404+0000] {logging_mixin.py:137} INFO - [2025-08-09T07:21:14.404+0000] {dagbag.py:538} INFO - Filling up the DagBag from /opt/airflow/dags/crawl_news.py
[2025-08-09T07:21:14.425+0000] {logging_mixin.py:137} INFO - [2025-08-09T07:21:14.419+0000] {dagbag.py:343} ERROR - Failed to import: /opt/airflow/dags/crawl_news.py
Traceback (most recent call last):
  File "/home/airflow/.local/lib/python3.7/site-packages/airflow/models/dagbag.py", line 339, in parse
    loader.exec_module(new_module)
  File "<frozen importlib._bootstrap_external>", line 728, in exec_module
  File "<frozen importlib._bootstrap>", line 219, in _call_with_frames_removed
  File "/opt/airflow/dags/crawl_news.py", line 4, in <module>
    from airflow.operators.bash import PythonOperator
ImportError: cannot import name 'PythonOperator' from 'airflow.operators.bash' (/home/airflow/.local/lib/python3.7/site-packages/airflow/operators/bash.py)
[2025-08-09T07:21:14.426+0000] {processor.py:755} WARNING - No viable dags retrieved from /opt/airflow/dags/crawl_news.py
[2025-08-09T07:21:14.456+0000] {processor.py:175} INFO - Processing /opt/airflow/dags/crawl_news.py took 0.058 seconds
[2025-08-09T08:15:51.859+0000] {processor.py:153} INFO - Started process (PID=4606) to work on /opt/airflow/dags/crawl_news.py
[2025-08-09T08:15:51.861+0000] {processor.py:743} INFO - Processing file /opt/airflow/dags/crawl_news.py for tasks to queue
[2025-08-09T08:15:51.865+0000] {logging_mixin.py:137} INFO - [2025-08-09T08:15:51.865+0000] {dagbag.py:538} INFO - Filling up the DagBag from /opt/airflow/dags/crawl_news.py
[2025-08-09T08:15:51.892+0000] {logging_mixin.py:137} INFO - [2025-08-09T08:15:51.889+0000] {dagbag.py:343} ERROR - Failed to import: /opt/airflow/dags/crawl_news.py
Traceback (most recent call last):
  File "/home/airflow/.local/lib/python3.7/site-packages/airflow/models/dagbag.py", line 339, in parse
    loader.exec_module(new_module)
  File "<frozen importlib._bootstrap_external>", line 728, in exec_module
  File "<frozen importlib._bootstrap>", line 219, in _call_with_frames_removed
  File "/opt/airflow/dags/crawl_news.py", line 4, in <module>
    from airflow.operators.bash import PythonOperator
ImportError: cannot import name 'PythonOperator' from 'airflow.operators.bash' (/home/airflow/.local/lib/python3.7/site-packages/airflow/operators/bash.py)
[2025-08-09T08:15:51.893+0000] {processor.py:755} WARNING - No viable dags retrieved from /opt/airflow/dags/crawl_news.py
[2025-08-09T08:15:51.975+0000] {processor.py:175} INFO - Processing /opt/airflow/dags/crawl_news.py took 0.123 seconds
[2025-08-09T09:28:08.698+0000] {processor.py:153} INFO - Started process (PID=4656) to work on /opt/airflow/dags/crawl_news.py
[2025-08-09T09:28:08.700+0000] {processor.py:743} INFO - Processing file /opt/airflow/dags/crawl_news.py for tasks to queue
[2025-08-09T09:28:08.703+0000] {logging_mixin.py:137} INFO - [2025-08-09T09:28:08.702+0000] {dagbag.py:538} INFO - Filling up the DagBag from /opt/airflow/dags/crawl_news.py
[2025-08-09T09:28:08.731+0000] {logging_mixin.py:137} INFO - [2025-08-09T09:28:08.723+0000] {dagbag.py:343} ERROR - Failed to import: /opt/airflow/dags/crawl_news.py
Traceback (most recent call last):
  File "/home/airflow/.local/lib/python3.7/site-packages/airflow/models/dagbag.py", line 339, in parse
    loader.exec_module(new_module)
  File "<frozen importlib._bootstrap_external>", line 728, in exec_module
  File "<frozen importlib._bootstrap>", line 219, in _call_with_frames_removed
  File "/opt/airflow/dags/crawl_news.py", line 4, in <module>
    from airflow.operators.bash import PythonOperator
ImportError: cannot import name 'PythonOperator' from 'airflow.operators.bash' (/home/airflow/.local/lib/python3.7/site-packages/airflow/operators/bash.py)
[2025-08-09T09:28:08.733+0000] {processor.py:755} WARNING - No viable dags retrieved from /opt/airflow/dags/crawl_news.py
[2025-08-09T09:28:08.776+0000] {processor.py:175} INFO - Processing /opt/airflow/dags/crawl_news.py took 0.081 seconds
[2025-08-09T10:29:05.907+0000] {processor.py:153} INFO - Started process (PID=4690) to work on /opt/airflow/dags/crawl_news.py
[2025-08-09T10:29:05.909+0000] {processor.py:743} INFO - Processing file /opt/airflow/dags/crawl_news.py for tasks to queue
[2025-08-09T10:29:05.911+0000] {logging_mixin.py:137} INFO - [2025-08-09T10:29:05.911+0000] {dagbag.py:538} INFO - Filling up the DagBag from /opt/airflow/dags/crawl_news.py
[2025-08-09T10:29:05.931+0000] {logging_mixin.py:137} INFO - [2025-08-09T10:29:05.928+0000] {dagbag.py:343} ERROR - Failed to import: /opt/airflow/dags/crawl_news.py
Traceback (most recent call last):
  File "/home/airflow/.local/lib/python3.7/site-packages/airflow/models/dagbag.py", line 339, in parse
    loader.exec_module(new_module)
  File "<frozen importlib._bootstrap_external>", line 728, in exec_module
  File "<frozen importlib._bootstrap>", line 219, in _call_with_frames_removed
  File "/opt/airflow/dags/crawl_news.py", line 4, in <module>
    from airflow.operators.bash import PythonOperator
ImportError: cannot import name 'PythonOperator' from 'airflow.operators.bash' (/home/airflow/.local/lib/python3.7/site-packages/airflow/operators/bash.py)
[2025-08-09T10:29:05.932+0000] {processor.py:755} WARNING - No viable dags retrieved from /opt/airflow/dags/crawl_news.py
[2025-08-09T10:29:05.978+0000] {processor.py:175} INFO - Processing /opt/airflow/dags/crawl_news.py took 0.080 seconds
[2025-08-09T12:01:15.416+0000] {processor.py:153} INFO - Started process (PID=4740) to work on /opt/airflow/dags/crawl_news.py
[2025-08-09T12:01:15.419+0000] {processor.py:743} INFO - Processing file /opt/airflow/dags/crawl_news.py for tasks to queue
[2025-08-09T12:01:15.423+0000] {logging_mixin.py:137} INFO - [2025-08-09T12:01:15.421+0000] {dagbag.py:538} INFO - Filling up the DagBag from /opt/airflow/dags/crawl_news.py
[2025-08-09T12:01:15.447+0000] {logging_mixin.py:137} INFO - [2025-08-09T12:01:15.441+0000] {dagbag.py:343} ERROR - Failed to import: /opt/airflow/dags/crawl_news.py
Traceback (most recent call last):
  File "/home/airflow/.local/lib/python3.7/site-packages/airflow/models/dagbag.py", line 339, in parse
    loader.exec_module(new_module)
  File "<frozen importlib._bootstrap_external>", line 728, in exec_module
  File "<frozen importlib._bootstrap>", line 219, in _call_with_frames_removed
  File "/opt/airflow/dags/crawl_news.py", line 4, in <module>
    from airflow.operators.bash import PythonOperator
ImportError: cannot import name 'PythonOperator' from 'airflow.operators.bash' (/home/airflow/.local/lib/python3.7/site-packages/airflow/operators/bash.py)
[2025-08-09T12:01:15.450+0000] {processor.py:755} WARNING - No viable dags retrieved from /opt/airflow/dags/crawl_news.py
[2025-08-09T12:01:15.486+0000] {processor.py:175} INFO - Processing /opt/airflow/dags/crawl_news.py took 0.074 seconds
[2025-08-09T13:03:59.859+0000] {processor.py:153} INFO - Started process (PID=4783) to work on /opt/airflow/dags/crawl_news.py
[2025-08-09T13:03:59.860+0000] {processor.py:743} INFO - Processing file /opt/airflow/dags/crawl_news.py for tasks to queue
[2025-08-09T13:03:59.865+0000] {logging_mixin.py:137} INFO - [2025-08-09T13:03:59.865+0000] {dagbag.py:538} INFO - Filling up the DagBag from /opt/airflow/dags/crawl_news.py
[2025-08-09T13:03:59.942+0000] {logging_mixin.py:137} INFO - [2025-08-09T13:03:59.925+0000] {dagbag.py:343} ERROR - Failed to import: /opt/airflow/dags/crawl_news.py
Traceback (most recent call last):
  File "/home/airflow/.local/lib/python3.7/site-packages/airflow/models/dagbag.py", line 339, in parse
    loader.exec_module(new_module)
  File "<frozen importlib._bootstrap_external>", line 728, in exec_module
  File "<frozen importlib._bootstrap>", line 219, in _call_with_frames_removed
  File "/opt/airflow/dags/crawl_news.py", line 4, in <module>
    from airflow.operators.bash import PythonOperator
ImportError: cannot import name 'PythonOperator' from 'airflow.operators.bash' (/home/airflow/.local/lib/python3.7/site-packages/airflow/operators/bash.py)
[2025-08-09T13:03:59.950+0000] {processor.py:755} WARNING - No viable dags retrieved from /opt/airflow/dags/crawl_news.py
[2025-08-09T13:04:00.099+0000] {processor.py:175} INFO - Processing /opt/airflow/dags/crawl_news.py took 0.246 seconds
[2025-08-09T14:32:41.239+0000] {processor.py:153} INFO - Started process (PID=4824) to work on /opt/airflow/dags/crawl_news.py
[2025-08-09T14:32:41.240+0000] {processor.py:743} INFO - Processing file /opt/airflow/dags/crawl_news.py for tasks to queue
[2025-08-09T14:32:41.240+0000] {logging_mixin.py:137} INFO - [2025-08-09T14:32:41.240+0000] {dagbag.py:538} INFO - Filling up the DagBag from /opt/airflow/dags/crawl_news.py
[2025-08-09T14:32:41.254+0000] {logging_mixin.py:137} INFO - [2025-08-09T14:32:41.251+0000] {dagbag.py:343} ERROR - Failed to import: /opt/airflow/dags/crawl_news.py
Traceback (most recent call last):
  File "/home/airflow/.local/lib/python3.7/site-packages/airflow/models/dagbag.py", line 339, in parse
    loader.exec_module(new_module)
  File "<frozen importlib._bootstrap_external>", line 728, in exec_module
  File "<frozen importlib._bootstrap>", line 219, in _call_with_frames_removed
  File "/opt/airflow/dags/crawl_news.py", line 4, in <module>
    from airflow.operators.bash import PythonOperator
ImportError: cannot import name 'PythonOperator' from 'airflow.operators.bash' (/home/airflow/.local/lib/python3.7/site-packages/airflow/operators/bash.py)
[2025-08-09T14:32:41.256+0000] {processor.py:755} WARNING - No viable dags retrieved from /opt/airflow/dags/crawl_news.py
[2025-08-09T14:32:41.271+0000] {processor.py:175} INFO - Processing /opt/airflow/dags/crawl_news.py took 0.035 seconds
[2025-08-09T16:05:50.278+0000] {processor.py:153} INFO - Started process (PID=4874) to work on /opt/airflow/dags/crawl_news.py
[2025-08-09T16:05:50.281+0000] {processor.py:743} INFO - Processing file /opt/airflow/dags/crawl_news.py for tasks to queue
[2025-08-09T16:05:50.289+0000] {logging_mixin.py:137} INFO - [2025-08-09T16:05:50.289+0000] {dagbag.py:538} INFO - Filling up the DagBag from /opt/airflow/dags/crawl_news.py
[2025-08-09T16:05:50.313+0000] {logging_mixin.py:137} INFO - [2025-08-09T16:05:50.307+0000] {dagbag.py:343} ERROR - Failed to import: /opt/airflow/dags/crawl_news.py
Traceback (most recent call last):
  File "/home/airflow/.local/lib/python3.7/site-packages/airflow/models/dagbag.py", line 339, in parse
    loader.exec_module(new_module)
  File "<frozen importlib._bootstrap_external>", line 728, in exec_module
  File "<frozen importlib._bootstrap>", line 219, in _call_with_frames_removed
  File "/opt/airflow/dags/crawl_news.py", line 4, in <module>
    from airflow.operators.bash import PythonOperator
ImportError: cannot import name 'PythonOperator' from 'airflow.operators.bash' (/home/airflow/.local/lib/python3.7/site-packages/airflow/operators/bash.py)
[2025-08-09T16:05:50.314+0000] {processor.py:755} WARNING - No viable dags retrieved from /opt/airflow/dags/crawl_news.py
[2025-08-09T16:05:50.350+0000] {processor.py:175} INFO - Processing /opt/airflow/dags/crawl_news.py took 0.081 seconds
[2025-08-09T17:22:08.549+0000] {processor.py:153} INFO - Started process (PID=4908) to work on /opt/airflow/dags/crawl_news.py
[2025-08-09T17:22:08.550+0000] {processor.py:743} INFO - Processing file /opt/airflow/dags/crawl_news.py for tasks to queue
[2025-08-09T17:22:08.552+0000] {logging_mixin.py:137} INFO - [2025-08-09T17:22:08.551+0000] {dagbag.py:538} INFO - Filling up the DagBag from /opt/airflow/dags/crawl_news.py
[2025-08-09T17:22:08.577+0000] {logging_mixin.py:137} INFO - [2025-08-09T17:22:08.576+0000] {dagbag.py:343} ERROR - Failed to import: /opt/airflow/dags/crawl_news.py
Traceback (most recent call last):
  File "/home/airflow/.local/lib/python3.7/site-packages/airflow/models/dagbag.py", line 339, in parse
    loader.exec_module(new_module)
  File "<frozen importlib._bootstrap_external>", line 728, in exec_module
  File "<frozen importlib._bootstrap>", line 219, in _call_with_frames_removed
  File "/opt/airflow/dags/crawl_news.py", line 4, in <module>
    from airflow.operators.bash import PythonOperator
ImportError: cannot import name 'PythonOperator' from 'airflow.operators.bash' (/home/airflow/.local/lib/python3.7/site-packages/airflow/operators/bash.py)
[2025-08-09T17:22:08.577+0000] {processor.py:755} WARNING - No viable dags retrieved from /opt/airflow/dags/crawl_news.py
[2025-08-09T17:22:08.595+0000] {processor.py:175} INFO - Processing /opt/airflow/dags/crawl_news.py took 0.049 seconds
[2025-08-09T18:45:29.324+0000] {processor.py:153} INFO - Started process (PID=4957) to work on /opt/airflow/dags/crawl_news.py
[2025-08-09T18:45:29.331+0000] {processor.py:743} INFO - Processing file /opt/airflow/dags/crawl_news.py for tasks to queue
[2025-08-09T18:45:29.336+0000] {logging_mixin.py:137} INFO - [2025-08-09T18:45:29.336+0000] {dagbag.py:538} INFO - Filling up the DagBag from /opt/airflow/dags/crawl_news.py
[2025-08-09T18:45:29.368+0000] {logging_mixin.py:137} INFO - [2025-08-09T18:45:29.365+0000] {dagbag.py:343} ERROR - Failed to import: /opt/airflow/dags/crawl_news.py
Traceback (most recent call last):
  File "/home/airflow/.local/lib/python3.7/site-packages/airflow/models/dagbag.py", line 339, in parse
    loader.exec_module(new_module)
  File "<frozen importlib._bootstrap_external>", line 728, in exec_module
  File "<frozen importlib._bootstrap>", line 219, in _call_with_frames_removed
  File "/opt/airflow/dags/crawl_news.py", line 4, in <module>
    from airflow.operators.bash import PythonOperator
ImportError: cannot import name 'PythonOperator' from 'airflow.operators.bash' (/home/airflow/.local/lib/python3.7/site-packages/airflow/operators/bash.py)
[2025-08-09T18:45:29.380+0000] {processor.py:755} WARNING - No viable dags retrieved from /opt/airflow/dags/crawl_news.py
[2025-08-09T18:45:29.429+0000] {processor.py:175} INFO - Processing /opt/airflow/dags/crawl_news.py took 0.110 seconds
[2025-08-09T20:25:01.308+0000] {processor.py:153} INFO - Started process (PID=5007) to work on /opt/airflow/dags/crawl_news.py
[2025-08-09T20:25:01.309+0000] {processor.py:743} INFO - Processing file /opt/airflow/dags/crawl_news.py for tasks to queue
[2025-08-09T20:25:01.309+0000] {logging_mixin.py:137} INFO - [2025-08-09T20:25:01.309+0000] {dagbag.py:538} INFO - Filling up the DagBag from /opt/airflow/dags/crawl_news.py
[2025-08-09T20:25:01.321+0000] {logging_mixin.py:137} INFO - [2025-08-09T20:25:01.319+0000] {dagbag.py:343} ERROR - Failed to import: /opt/airflow/dags/crawl_news.py
Traceback (most recent call last):
  File "/home/airflow/.local/lib/python3.7/site-packages/airflow/models/dagbag.py", line 339, in parse
    loader.exec_module(new_module)
  File "<frozen importlib._bootstrap_external>", line 728, in exec_module
  File "<frozen importlib._bootstrap>", line 219, in _call_with_frames_removed
  File "/opt/airflow/dags/crawl_news.py", line 4, in <module>
    from airflow.operators.bash import PythonOperator
ImportError: cannot import name 'PythonOperator' from 'airflow.operators.bash' (/home/airflow/.local/lib/python3.7/site-packages/airflow/operators/bash.py)
[2025-08-09T20:25:01.321+0000] {processor.py:755} WARNING - No viable dags retrieved from /opt/airflow/dags/crawl_news.py
[2025-08-09T20:25:01.341+0000] {processor.py:175} INFO - Processing /opt/airflow/dags/crawl_news.py took 0.036 seconds
[2025-08-09T22:02:55.402+0000] {processor.py:153} INFO - Started process (PID=5041) to work on /opt/airflow/dags/crawl_news.py
[2025-08-09T22:02:55.403+0000] {processor.py:743} INFO - Processing file /opt/airflow/dags/crawl_news.py for tasks to queue
[2025-08-09T22:02:55.405+0000] {logging_mixin.py:137} INFO - [2025-08-09T22:02:55.405+0000] {dagbag.py:538} INFO - Filling up the DagBag from /opt/airflow/dags/crawl_news.py
[2025-08-09T22:02:55.433+0000] {logging_mixin.py:137} INFO - [2025-08-09T22:02:55.423+0000] {dagbag.py:343} ERROR - Failed to import: /opt/airflow/dags/crawl_news.py
Traceback (most recent call last):
  File "/home/airflow/.local/lib/python3.7/site-packages/airflow/models/dagbag.py", line 339, in parse
    loader.exec_module(new_module)
  File "<frozen importlib._bootstrap_external>", line 728, in exec_module
  File "<frozen importlib._bootstrap>", line 219, in _call_with_frames_removed
  File "/opt/airflow/dags/crawl_news.py", line 4, in <module>
    from airflow.operators.bash import PythonOperator
ImportError: cannot import name 'PythonOperator' from 'airflow.operators.bash' (/home/airflow/.local/lib/python3.7/site-packages/airflow/operators/bash.py)
[2025-08-09T22:02:55.442+0000] {processor.py:755} WARNING - No viable dags retrieved from /opt/airflow/dags/crawl_news.py
[2025-08-09T22:02:55.487+0000] {processor.py:175} INFO - Processing /opt/airflow/dags/crawl_news.py took 0.090 seconds
[2025-08-09T23:14:57.824+0000] {processor.py:153} INFO - Started process (PID=5091) to work on /opt/airflow/dags/crawl_news.py
[2025-08-09T23:14:57.824+0000] {processor.py:743} INFO - Processing file /opt/airflow/dags/crawl_news.py for tasks to queue
[2025-08-09T23:14:57.825+0000] {logging_mixin.py:137} INFO - [2025-08-09T23:14:57.825+0000] {dagbag.py:538} INFO - Filling up the DagBag from /opt/airflow/dags/crawl_news.py
[2025-08-09T23:14:57.836+0000] {logging_mixin.py:137} INFO - [2025-08-09T23:14:57.835+0000] {dagbag.py:343} ERROR - Failed to import: /opt/airflow/dags/crawl_news.py
Traceback (most recent call last):
  File "/home/airflow/.local/lib/python3.7/site-packages/airflow/models/dagbag.py", line 339, in parse
    loader.exec_module(new_module)
  File "<frozen importlib._bootstrap_external>", line 728, in exec_module
  File "<frozen importlib._bootstrap>", line 219, in _call_with_frames_removed
  File "/opt/airflow/dags/crawl_news.py", line 4, in <module>
    from airflow.operators.bash import PythonOperator
ImportError: cannot import name 'PythonOperator' from 'airflow.operators.bash' (/home/airflow/.local/lib/python3.7/site-packages/airflow/operators/bash.py)
[2025-08-09T23:14:57.837+0000] {processor.py:755} WARNING - No viable dags retrieved from /opt/airflow/dags/crawl_news.py
[2025-08-09T23:14:57.856+0000] {processor.py:175} INFO - Processing /opt/airflow/dags/crawl_news.py took 0.035 seconds
[2025-08-09T23:25:41.976+0000] {processor.py:153} INFO - Started process (PID=5134) to work on /opt/airflow/dags/crawl_news.py
[2025-08-09T23:25:41.979+0000] {processor.py:743} INFO - Processing file /opt/airflow/dags/crawl_news.py for tasks to queue
[2025-08-09T23:25:41.981+0000] {logging_mixin.py:137} INFO - [2025-08-09T23:25:41.980+0000] {dagbag.py:538} INFO - Filling up the DagBag from /opt/airflow/dags/crawl_news.py
[2025-08-09T23:25:42.004+0000] {logging_mixin.py:137} INFO - [2025-08-09T23:25:41.994+0000] {dagbag.py:343} ERROR - Failed to import: /opt/airflow/dags/crawl_news.py
Traceback (most recent call last):
  File "/home/airflow/.local/lib/python3.7/site-packages/airflow/models/dagbag.py", line 339, in parse
    loader.exec_module(new_module)
  File "<frozen importlib._bootstrap_external>", line 728, in exec_module
  File "<frozen importlib._bootstrap>", line 219, in _call_with_frames_removed
  File "/opt/airflow/dags/crawl_news.py", line 4, in <module>
    from airflow.operators.bash import PythonOperator
ImportError: cannot import name 'PythonOperator' from 'airflow.operators.bash' (/home/airflow/.local/lib/python3.7/site-packages/airflow/operators/bash.py)
[2025-08-09T23:25:42.006+0000] {processor.py:755} WARNING - No viable dags retrieved from /opt/airflow/dags/crawl_news.py
[2025-08-09T23:25:42.072+0000] {processor.py:175} INFO - Processing /opt/airflow/dags/crawl_news.py took 0.104 seconds
[2025-08-09T23:43:32.045+0000] {processor.py:153} INFO - Started process (PID=5175) to work on /opt/airflow/dags/crawl_news.py
[2025-08-09T23:43:32.046+0000] {processor.py:743} INFO - Processing file /opt/airflow/dags/crawl_news.py for tasks to queue
[2025-08-09T23:43:32.046+0000] {logging_mixin.py:137} INFO - [2025-08-09T23:43:32.046+0000] {dagbag.py:538} INFO - Filling up the DagBag from /opt/airflow/dags/crawl_news.py
[2025-08-09T23:43:32.058+0000] {logging_mixin.py:137} INFO - [2025-08-09T23:43:32.056+0000] {dagbag.py:343} ERROR - Failed to import: /opt/airflow/dags/crawl_news.py
Traceback (most recent call last):
  File "/home/airflow/.local/lib/python3.7/site-packages/airflow/models/dagbag.py", line 339, in parse
    loader.exec_module(new_module)
  File "<frozen importlib._bootstrap_external>", line 728, in exec_module
  File "<frozen importlib._bootstrap>", line 219, in _call_with_frames_removed
  File "/opt/airflow/dags/crawl_news.py", line 4, in <module>
    from airflow.operators.bash import PythonOperator
ImportError: cannot import name 'PythonOperator' from 'airflow.operators.bash' (/home/airflow/.local/lib/python3.7/site-packages/airflow/operators/bash.py)
[2025-08-09T23:43:32.058+0000] {processor.py:755} WARNING - No viable dags retrieved from /opt/airflow/dags/crawl_news.py
[2025-08-09T23:43:32.081+0000] {processor.py:175} INFO - Processing /opt/airflow/dags/crawl_news.py took 0.039 seconds
