[2025-08-07T15:49:12.888+0000] {taskinstance.py:1087} INFO - Dependencies all met for <TaskInstance: number_counting_dag.count_30 scheduled__2025-08-06T15:34:39.195887+00:00 [queued]>
[2025-08-07T15:49:12.893+0000] {taskinstance.py:1087} INFO - Dependencies all met for <TaskInstance: number_counting_dag.count_30 scheduled__2025-08-06T15:34:39.195887+00:00 [queued]>
[2025-08-07T15:49:12.893+0000] {taskinstance.py:1283} INFO - 
--------------------------------------------------------------------------------
[2025-08-07T15:49:12.893+0000] {taskinstance.py:1284} INFO - Starting attempt 1 of 2
[2025-08-07T15:49:12.893+0000] {taskinstance.py:1285} INFO - 
--------------------------------------------------------------------------------
[2025-08-07T15:49:12.902+0000] {taskinstance.py:1304} INFO - Executing <Task(BashOperator): count_30> on 2025-08-06 15:34:39.195887+00:00
[2025-08-07T15:49:12.904+0000] {standard_task_runner.py:55} INFO - Started process 3342 to run task
[2025-08-07T15:49:12.906+0000] {standard_task_runner.py:82} INFO - Running: ['***', 'tasks', 'run', 'number_counting_dag', 'count_30', 'scheduled__2025-08-06T15:34:39.195887+00:00', '--job-id', '8', '--raw', '--subdir', 'DAGS_FOLDER/count.py', '--cfg-path', '/tmp/tmp302cpn04']
[2025-08-07T15:49:12.906+0000] {standard_task_runner.py:83} INFO - Job 8: Subtask count_30
[2025-08-07T15:49:12.937+0000] {task_command.py:389} INFO - Running <TaskInstance: number_counting_dag.count_30 scheduled__2025-08-06T15:34:39.195887+00:00 [running]> on host ac9b20df240e
[2025-08-07T15:49:12.970+0000] {taskinstance.py:1513} INFO - Exporting the following env vars:
AIRFLOW_CTX_DAG_EMAIL=***@example.com
AIRFLOW_CTX_DAG_OWNER=***
AIRFLOW_CTX_DAG_ID=number_counting_dag
AIRFLOW_CTX_TASK_ID=count_30
AIRFLOW_CTX_EXECUTION_DATE=2025-08-06T15:34:39.195887+00:00
AIRFLOW_CTX_TRY_NUMBER=1
AIRFLOW_CTX_DAG_RUN_ID=scheduled__2025-08-06T15:34:39.195887+00:00
[2025-08-07T15:49:12.971+0000] {subprocess.py:63} INFO - Tmp dir root location: 
 /tmp
[2025-08-07T15:49:12.971+0000] {subprocess.py:75} INFO - Running command: ['/bin/bash', '-c', 'for i in {21..30}; do echo $i; sleep 1; done']
[2025-08-07T15:49:12.976+0000] {subprocess.py:86} INFO - Output:
[2025-08-07T15:49:12.977+0000] {subprocess.py:93} INFO - 21
[2025-08-07T15:49:13.987+0000] {subprocess.py:93} INFO - 22
[2025-08-07T15:49:14.989+0000] {subprocess.py:93} INFO - 23
[2025-08-07T15:49:16.001+0000] {subprocess.py:93} INFO - 24
[2025-08-07T15:49:17.013+0000] {subprocess.py:93} INFO - 25
[2025-08-07T15:49:18.018+0000] {subprocess.py:93} INFO - 26
[2025-08-07T15:49:19.024+0000] {subprocess.py:93} INFO - 27
[2025-08-07T16:04:09.947+0000] {subprocess.py:93} INFO - 28
[2025-08-07T16:04:10.951+0000] {subprocess.py:93} INFO - 29
[2025-08-07T16:04:11.961+0000] {subprocess.py:93} INFO - 30
[2025-08-07T16:04:12.967+0000] {subprocess.py:97} INFO - Command exited with return code 0
[2025-08-07T16:04:12.987+0000] {taskinstance.py:1327} INFO - Marking task as SUCCESS. dag_id=number_counting_dag, task_id=count_30, execution_date=20250806T153439, start_date=20250807T154912, end_date=20250807T160412
[2025-08-07T16:04:13.037+0000] {local_task_job.py:159} INFO - Task exited with return code 0
[2025-08-07T16:04:13.049+0000] {taskinstance.py:2582} INFO - 0 downstream tasks scheduled from follow-on schedule check
