[2025-08-08T16:10:58.810+0000] {taskinstance.py:1087} INFO - Dependencies all met for <TaskInstance: number_counting_dag.count_10 scheduled__2025-08-07T16:10:57.688975+00:00 [queued]>
[2025-08-08T16:10:58.840+0000] {taskinstance.py:1087} INFO - Dependencies all met for <TaskInstance: number_counting_dag.count_10 scheduled__2025-08-07T16:10:57.688975+00:00 [queued]>
[2025-08-08T16:10:58.840+0000] {taskinstance.py:1283} INFO - 
--------------------------------------------------------------------------------
[2025-08-08T16:10:58.841+0000] {taskinstance.py:1284} INFO - Starting attempt 1 of 2
[2025-08-08T16:10:58.841+0000] {taskinstance.py:1285} INFO - 
--------------------------------------------------------------------------------
[2025-08-08T16:10:58.868+0000] {taskinstance.py:1304} INFO - Executing <Task(BashOperator): count_10> on 2025-08-07 16:10:57.688975+00:00
[2025-08-08T16:10:58.872+0000] {standard_task_runner.py:55} INFO - Started process 4105 to run task
[2025-08-08T16:10:58.880+0000] {standard_task_runner.py:82} INFO - Running: ['***', 'tasks', 'run', 'number_counting_dag', 'count_10', 'scheduled__2025-08-07T16:10:57.688975+00:00', '--job-id', '9', '--raw', '--subdir', 'DAGS_FOLDER/count.py', '--cfg-path', '/tmp/tmppdbmokhf']
[2025-08-08T16:10:58.881+0000] {standard_task_runner.py:83} INFO - Job 9: Subtask count_10
[2025-08-08T16:10:58.968+0000] {task_command.py:389} INFO - Running <TaskInstance: number_counting_dag.count_10 scheduled__2025-08-07T16:10:57.688975+00:00 [running]> on host ac9b20df240e
[2025-08-08T16:10:59.045+0000] {taskinstance.py:1513} INFO - Exporting the following env vars:
AIRFLOW_CTX_DAG_EMAIL=***@example.com
AIRFLOW_CTX_DAG_OWNER=***
AIRFLOW_CTX_DAG_ID=number_counting_dag
AIRFLOW_CTX_TASK_ID=count_10
AIRFLOW_CTX_EXECUTION_DATE=2025-08-07T16:10:57.688975+00:00
AIRFLOW_CTX_TRY_NUMBER=1
AIRFLOW_CTX_DAG_RUN_ID=scheduled__2025-08-07T16:10:57.688975+00:00
[2025-08-08T16:10:59.046+0000] {subprocess.py:63} INFO - Tmp dir root location: 
 /tmp
[2025-08-08T16:10:59.047+0000] {subprocess.py:75} INFO - Running command: ['/bin/bash', '-c', 'for i in {1..10}; do echo $i; sleep 1; done']
[2025-08-08T16:10:59.054+0000] {subprocess.py:86} INFO - Output:
[2025-08-08T16:10:59.055+0000] {subprocess.py:93} INFO - 1
[2025-08-08T16:11:00.058+0000] {subprocess.py:93} INFO - 2
[2025-08-08T16:11:01.072+0000] {subprocess.py:93} INFO - 3
[2025-08-08T16:11:02.086+0000] {subprocess.py:93} INFO - 4
[2025-08-08T16:11:03.089+0000] {subprocess.py:93} INFO - 5
[2025-08-08T16:11:04.102+0000] {subprocess.py:93} INFO - 6
[2025-08-08T16:11:05.108+0000] {subprocess.py:93} INFO - 7
[2025-08-08T16:11:06.114+0000] {subprocess.py:93} INFO - 8
[2025-08-08T16:11:07.129+0000] {subprocess.py:93} INFO - 9
[2025-08-08T16:11:08.144+0000] {subprocess.py:93} INFO - 10
[2025-08-08T16:11:09.162+0000] {subprocess.py:97} INFO - Command exited with return code 0
[2025-08-08T16:11:09.199+0000] {taskinstance.py:1327} INFO - Marking task as SUCCESS. dag_id=number_counting_dag, task_id=count_10, execution_date=20250807T161057, start_date=20250808T161058, end_date=20250808T161109
[2025-08-08T16:11:09.261+0000] {local_task_job.py:159} INFO - Task exited with return code 0
[2025-08-08T16:11:09.285+0000] {taskinstance.py:2582} INFO - 1 downstream tasks scheduled from follow-on schedule check
