[2025-08-07T15:48:50.807+0000] {taskinstance.py:1087} INFO - Dependencies all met for <TaskInstance: number_counting_dag.count_10 scheduled__2025-08-06T15:34:39.195887+00:00 [queued]>
[2025-08-07T15:48:50.819+0000] {taskinstance.py:1087} INFO - Dependencies all met for <TaskInstance: number_counting_dag.count_10 scheduled__2025-08-06T15:34:39.195887+00:00 [queued]>
[2025-08-07T15:48:50.821+0000] {taskinstance.py:1283} INFO - 
--------------------------------------------------------------------------------
[2025-08-07T15:48:50.821+0000] {taskinstance.py:1284} INFO - Starting attempt 1 of 2
[2025-08-07T15:48:50.822+0000] {taskinstance.py:1285} INFO - 
--------------------------------------------------------------------------------
[2025-08-07T15:48:50.863+0000] {taskinstance.py:1304} INFO - Executing <Task(BashOperator): count_10> on 2025-08-06 15:34:39.195887+00:00
[2025-08-07T15:48:50.878+0000] {standard_task_runner.py:55} INFO - Started process 3284 to run task
[2025-08-07T15:48:50.887+0000] {standard_task_runner.py:82} INFO - Running: ['***', 'tasks', 'run', 'number_counting_dag', 'count_10', 'scheduled__2025-08-06T15:34:39.195887+00:00', '--job-id', '6', '--raw', '--subdir', 'DAGS_FOLDER/count.py', '--cfg-path', '/tmp/tmpvkv66phm']
[2025-08-07T15:48:50.889+0000] {standard_task_runner.py:83} INFO - Job 6: Subtask count_10
[2025-08-07T15:48:51.019+0000] {task_command.py:389} INFO - Running <TaskInstance: number_counting_dag.count_10 scheduled__2025-08-06T15:34:39.195887+00:00 [running]> on host ac9b20df240e
[2025-08-07T15:48:51.125+0000] {taskinstance.py:1513} INFO - Exporting the following env vars:
AIRFLOW_CTX_DAG_EMAIL=***@example.com
AIRFLOW_CTX_DAG_OWNER=***
AIRFLOW_CTX_DAG_ID=number_counting_dag
AIRFLOW_CTX_TASK_ID=count_10
AIRFLOW_CTX_EXECUTION_DATE=2025-08-06T15:34:39.195887+00:00
AIRFLOW_CTX_TRY_NUMBER=1
AIRFLOW_CTX_DAG_RUN_ID=scheduled__2025-08-06T15:34:39.195887+00:00
[2025-08-07T15:48:51.129+0000] {subprocess.py:63} INFO - Tmp dir root location: 
 /tmp
[2025-08-07T15:48:51.130+0000] {subprocess.py:75} INFO - Running command: ['/bin/bash', '-c', 'for i in {1..10}; do echo $i; sleep 1; done']
[2025-08-07T15:48:51.155+0000] {subprocess.py:86} INFO - Output:
[2025-08-07T15:48:51.159+0000] {subprocess.py:93} INFO - 1
[2025-08-07T15:48:52.172+0000] {subprocess.py:93} INFO - 2
[2025-08-07T15:48:53.179+0000] {subprocess.py:93} INFO - 3
[2025-08-07T15:48:54.188+0000] {subprocess.py:93} INFO - 4
[2025-08-07T15:48:55.197+0000] {subprocess.py:93} INFO - 5
[2025-08-07T15:48:56.196+0000] {subprocess.py:93} INFO - 6
[2025-08-07T15:48:57.209+0000] {subprocess.py:93} INFO - 7
[2025-08-07T15:48:58.217+0000] {subprocess.py:93} INFO - 8
[2025-08-07T15:48:59.219+0000] {subprocess.py:93} INFO - 9
[2025-08-07T15:49:00.233+0000] {subprocess.py:93} INFO - 10
[2025-08-07T15:49:01.249+0000] {subprocess.py:97} INFO - Command exited with return code 0
[2025-08-07T15:49:01.288+0000] {taskinstance.py:1327} INFO - Marking task as SUCCESS. dag_id=number_counting_dag, task_id=count_10, execution_date=20250806T153439, start_date=20250807T154850, end_date=20250807T154901
[2025-08-07T15:49:01.348+0000] {local_task_job.py:159} INFO - Task exited with return code 0
[2025-08-07T15:49:01.370+0000] {taskinstance.py:2582} INFO - 1 downstream tasks scheduled from follow-on schedule check
