[2025-08-08T16:11:10.543+0000] {taskinstance.py:1087} INFO - Dependencies all met for <TaskInstance: number_counting_dag.count_20 scheduled__2025-08-07T16:10:57.688975+00:00 [queued]>
[2025-08-08T16:11:10.550+0000] {taskinstance.py:1087} INFO - Dependencies all met for <TaskInstance: number_counting_dag.count_20 scheduled__2025-08-07T16:10:57.688975+00:00 [queued]>
[2025-08-08T16:11:10.550+0000] {taskinstance.py:1283} INFO - 
--------------------------------------------------------------------------------
[2025-08-08T16:11:10.550+0000] {taskinstance.py:1284} INFO - Starting attempt 1 of 2
[2025-08-08T16:11:10.550+0000] {taskinstance.py:1285} INFO - 
--------------------------------------------------------------------------------
[2025-08-08T16:11:10.558+0000] {taskinstance.py:1304} INFO - Executing <Task(BashOperator): count_20> on 2025-08-07 16:10:57.688975+00:00
[2025-08-08T16:11:10.563+0000] {standard_task_runner.py:55} INFO - Started process 4135 to run task
[2025-08-08T16:11:10.564+0000] {standard_task_runner.py:82} INFO - Running: ['***', 'tasks', 'run', 'number_counting_dag', 'count_20', 'scheduled__2025-08-07T16:10:57.688975+00:00', '--job-id', '10', '--raw', '--subdir', 'DAGS_FOLDER/count.py', '--cfg-path', '/tmp/tmpeb4lwl99']
[2025-08-08T16:11:10.565+0000] {standard_task_runner.py:83} INFO - Job 10: Subtask count_20
[2025-08-08T16:11:10.603+0000] {task_command.py:389} INFO - Running <TaskInstance: number_counting_dag.count_20 scheduled__2025-08-07T16:10:57.688975+00:00 [running]> on host ac9b20df240e
[2025-08-08T16:11:10.651+0000] {taskinstance.py:1513} INFO - Exporting the following env vars:
AIRFLOW_CTX_DAG_EMAIL=***@example.com
AIRFLOW_CTX_DAG_OWNER=***
AIRFLOW_CTX_DAG_ID=number_counting_dag
AIRFLOW_CTX_TASK_ID=count_20
AIRFLOW_CTX_EXECUTION_DATE=2025-08-07T16:10:57.688975+00:00
AIRFLOW_CTX_TRY_NUMBER=1
AIRFLOW_CTX_DAG_RUN_ID=scheduled__2025-08-07T16:10:57.688975+00:00
[2025-08-08T16:11:10.652+0000] {subprocess.py:63} INFO - Tmp dir root location: 
 /tmp
[2025-08-08T16:11:10.653+0000] {subprocess.py:75} INFO - Running command: ['/bin/bash', '-c', 'for i in {11..20}; do echo $i; sleep 1; done']
[2025-08-08T16:11:10.660+0000] {subprocess.py:86} INFO - Output:
[2025-08-08T16:11:10.661+0000] {subprocess.py:93} INFO - 11
[2025-08-08T16:11:11.665+0000] {subprocess.py:93} INFO - 12
[2025-08-08T16:11:12.679+0000] {subprocess.py:93} INFO - 13
[2025-08-08T16:11:13.686+0000] {subprocess.py:93} INFO - 14
[2025-08-08T16:11:14.701+0000] {subprocess.py:93} INFO - 15
[2025-08-08T16:11:15.715+0000] {subprocess.py:93} INFO - 16
[2025-08-08T16:11:16.720+0000] {subprocess.py:93} INFO - 17
[2025-08-08T16:11:17.734+0000] {subprocess.py:93} INFO - 18
[2025-08-08T16:11:18.741+0000] {subprocess.py:93} INFO - 19
[2025-08-08T16:11:19.754+0000] {subprocess.py:93} INFO - 20
[2025-08-08T16:11:20.759+0000] {subprocess.py:97} INFO - Command exited with return code 0
[2025-08-08T16:11:20.786+0000] {taskinstance.py:1327} INFO - Marking task as SUCCESS. dag_id=number_counting_dag, task_id=count_20, execution_date=20250807T161057, start_date=20250808T161110, end_date=20250808T161120
[2025-08-08T16:11:20.840+0000] {local_task_job.py:159} INFO - Task exited with return code 0
[2025-08-08T16:11:20.855+0000] {taskinstance.py:2582} INFO - 1 downstream tasks scheduled from follow-on schedule check
