[2025-08-08T00:50:18.157+0000] {processor.py:153} INFO - Started process (PID=3600) to work on /opt/airflow/dags/crawl_news.py
[2025-08-08T00:50:18.166+0000] {processor.py:743} INFO - Processing file /opt/airflow/dags/crawl_news.py for tasks to queue
[2025-08-08T00:50:18.170+0000] {logging_mixin.py:137} INFO - [2025-08-08T00:50:18.170+0000] {dagbag.py:538} INFO - Filling up the DagBag from /opt/airflow/dags/crawl_news.py
[2025-08-08T00:50:18.191+0000] {logging_mixin.py:137} INFO - [2025-08-08T00:50:18.186+0000] {dagbag.py:343} ERROR - Failed to import: /opt/airflow/dags/crawl_news.py
Traceback (most recent call last):
  File "/home/airflow/.local/lib/python3.7/site-packages/airflow/models/dagbag.py", line 339, in parse
    loader.exec_module(new_module)
  File "<frozen importlib._bootstrap_external>", line 728, in exec_module
  File "<frozen importlib._bootstrap>", line 219, in _call_with_frames_removed
  File "/opt/airflow/dags/crawl_news.py", line 4, in <module>
    from airflow.operators.bash import PythonOperator
ImportError: cannot import name 'PythonOperator' from 'airflow.operators.bash' (/home/airflow/.local/lib/python3.7/site-packages/airflow/operators/bash.py)
[2025-08-08T00:50:18.192+0000] {processor.py:755} WARNING - No viable dags retrieved from /opt/airflow/dags/crawl_news.py
[2025-08-08T00:50:18.212+0000] {processor.py:175} INFO - Processing /opt/airflow/dags/crawl_news.py took 0.057 seconds
[2025-08-08T02:20:43.383+0000] {processor.py:153} INFO - Started process (PID=3634) to work on /opt/airflow/dags/crawl_news.py
[2025-08-08T02:20:43.385+0000] {processor.py:743} INFO - Processing file /opt/airflow/dags/crawl_news.py for tasks to queue
[2025-08-08T02:20:43.387+0000] {logging_mixin.py:137} INFO - [2025-08-08T02:20:43.386+0000] {dagbag.py:538} INFO - Filling up the DagBag from /opt/airflow/dags/crawl_news.py
[2025-08-08T02:20:43.413+0000] {logging_mixin.py:137} INFO - [2025-08-08T02:20:43.411+0000] {dagbag.py:343} ERROR - Failed to import: /opt/airflow/dags/crawl_news.py
Traceback (most recent call last):
  File "/home/airflow/.local/lib/python3.7/site-packages/airflow/models/dagbag.py", line 339, in parse
    loader.exec_module(new_module)
  File "<frozen importlib._bootstrap_external>", line 728, in exec_module
  File "<frozen importlib._bootstrap>", line 219, in _call_with_frames_removed
  File "/opt/airflow/dags/crawl_news.py", line 4, in <module>
    from airflow.operators.bash import PythonOperator
ImportError: cannot import name 'PythonOperator' from 'airflow.operators.bash' (/home/airflow/.local/lib/python3.7/site-packages/airflow/operators/bash.py)
[2025-08-08T02:20:43.418+0000] {processor.py:755} WARNING - No viable dags retrieved from /opt/airflow/dags/crawl_news.py
[2025-08-08T02:20:43.461+0000] {processor.py:175} INFO - Processing /opt/airflow/dags/crawl_news.py took 0.085 seconds
[2025-08-08T03:40:33.627+0000] {processor.py:153} INFO - Started process (PID=3683) to work on /opt/airflow/dags/crawl_news.py
[2025-08-08T03:40:33.631+0000] {processor.py:743} INFO - Processing file /opt/airflow/dags/crawl_news.py for tasks to queue
[2025-08-08T03:40:33.634+0000] {logging_mixin.py:137} INFO - [2025-08-08T03:40:33.633+0000] {dagbag.py:538} INFO - Filling up the DagBag from /opt/airflow/dags/crawl_news.py
[2025-08-08T03:40:33.640+0000] {logging_mixin.py:137} INFO - [2025-08-08T03:40:33.638+0000] {dagbag.py:343} ERROR - Failed to import: /opt/airflow/dags/crawl_news.py
Traceback (most recent call last):
  File "/home/airflow/.local/lib/python3.7/site-packages/airflow/models/dagbag.py", line 339, in parse
    loader.exec_module(new_module)
  File "<frozen importlib._bootstrap_external>", line 728, in exec_module
  File "<frozen importlib._bootstrap>", line 219, in _call_with_frames_removed
  File "/opt/airflow/dags/crawl_news.py", line 4, in <module>
    from airflow.operators.bash import PythonOperator
ImportError: cannot import name 'PythonOperator' from 'airflow.operators.bash' (/home/airflow/.local/lib/python3.7/site-packages/airflow/operators/bash.py)
[2025-08-08T03:40:33.641+0000] {processor.py:755} WARNING - No viable dags retrieved from /opt/airflow/dags/crawl_news.py
[2025-08-08T03:40:33.865+0000] {processor.py:175} INFO - Processing /opt/airflow/dags/crawl_news.py took 0.240 seconds
[2025-08-08T05:18:09.879+0000] {processor.py:153} INFO - Started process (PID=3717) to work on /opt/airflow/dags/crawl_news.py
[2025-08-08T05:18:09.882+0000] {processor.py:743} INFO - Processing file /opt/airflow/dags/crawl_news.py for tasks to queue
[2025-08-08T05:18:09.889+0000] {logging_mixin.py:137} INFO - [2025-08-08T05:18:09.889+0000] {dagbag.py:538} INFO - Filling up the DagBag from /opt/airflow/dags/crawl_news.py
[2025-08-08T05:18:09.918+0000] {logging_mixin.py:137} INFO - [2025-08-08T05:18:09.914+0000] {dagbag.py:343} ERROR - Failed to import: /opt/airflow/dags/crawl_news.py
Traceback (most recent call last):
  File "/home/airflow/.local/lib/python3.7/site-packages/airflow/models/dagbag.py", line 339, in parse
    loader.exec_module(new_module)
  File "<frozen importlib._bootstrap_external>", line 728, in exec_module
  File "<frozen importlib._bootstrap>", line 219, in _call_with_frames_removed
  File "/opt/airflow/dags/crawl_news.py", line 4, in <module>
    from airflow.operators.bash import PythonOperator
ImportError: cannot import name 'PythonOperator' from 'airflow.operators.bash' (/home/airflow/.local/lib/python3.7/site-packages/airflow/operators/bash.py)
[2025-08-08T05:18:09.920+0000] {processor.py:755} WARNING - No viable dags retrieved from /opt/airflow/dags/crawl_news.py
[2025-08-08T05:18:09.984+0000] {processor.py:175} INFO - Processing /opt/airflow/dags/crawl_news.py took 0.117 seconds
[2025-08-08T06:30:50.238+0000] {processor.py:153} INFO - Started process (PID=3767) to work on /opt/airflow/dags/crawl_news.py
[2025-08-08T06:30:50.239+0000] {processor.py:743} INFO - Processing file /opt/airflow/dags/crawl_news.py for tasks to queue
[2025-08-08T06:30:50.241+0000] {logging_mixin.py:137} INFO - [2025-08-08T06:30:50.241+0000] {dagbag.py:538} INFO - Filling up the DagBag from /opt/airflow/dags/crawl_news.py
[2025-08-08T06:30:50.258+0000] {logging_mixin.py:137} INFO - [2025-08-08T06:30:50.255+0000] {dagbag.py:343} ERROR - Failed to import: /opt/airflow/dags/crawl_news.py
Traceback (most recent call last):
  File "/home/airflow/.local/lib/python3.7/site-packages/airflow/models/dagbag.py", line 339, in parse
    loader.exec_module(new_module)
  File "<frozen importlib._bootstrap_external>", line 728, in exec_module
  File "<frozen importlib._bootstrap>", line 219, in _call_with_frames_removed
  File "/opt/airflow/dags/crawl_news.py", line 4, in <module>
    from airflow.operators.bash import PythonOperator
ImportError: cannot import name 'PythonOperator' from 'airflow.operators.bash' (/home/airflow/.local/lib/python3.7/site-packages/airflow/operators/bash.py)
[2025-08-08T06:30:50.259+0000] {processor.py:755} WARNING - No viable dags retrieved from /opt/airflow/dags/crawl_news.py
[2025-08-08T06:30:50.305+0000] {processor.py:175} INFO - Processing /opt/airflow/dags/crawl_news.py took 0.074 seconds
[2025-08-08T07:57:21.326+0000] {processor.py:153} INFO - Started process (PID=3817) to work on /opt/airflow/dags/crawl_news.py
[2025-08-08T07:57:21.328+0000] {processor.py:743} INFO - Processing file /opt/airflow/dags/crawl_news.py for tasks to queue
[2025-08-08T07:57:21.328+0000] {logging_mixin.py:137} INFO - [2025-08-08T07:57:21.328+0000] {dagbag.py:538} INFO - Filling up the DagBag from /opt/airflow/dags/crawl_news.py
[2025-08-08T07:57:21.348+0000] {logging_mixin.py:137} INFO - [2025-08-08T07:57:21.346+0000] {dagbag.py:343} ERROR - Failed to import: /opt/airflow/dags/crawl_news.py
Traceback (most recent call last):
  File "/home/airflow/.local/lib/python3.7/site-packages/airflow/models/dagbag.py", line 339, in parse
    loader.exec_module(new_module)
  File "<frozen importlib._bootstrap_external>", line 728, in exec_module
  File "<frozen importlib._bootstrap>", line 219, in _call_with_frames_removed
  File "/opt/airflow/dags/crawl_news.py", line 4, in <module>
    from airflow.operators.bash import PythonOperator
ImportError: cannot import name 'PythonOperator' from 'airflow.operators.bash' (/home/airflow/.local/lib/python3.7/site-packages/airflow/operators/bash.py)
[2025-08-08T07:57:21.349+0000] {processor.py:755} WARNING - No viable dags retrieved from /opt/airflow/dags/crawl_news.py
[2025-08-08T07:57:21.387+0000] {processor.py:175} INFO - Processing /opt/airflow/dags/crawl_news.py took 0.070 seconds
[2025-08-08T08:57:27.341+0000] {processor.py:153} INFO - Started process (PID=3851) to work on /opt/airflow/dags/crawl_news.py
[2025-08-08T08:57:27.342+0000] {processor.py:743} INFO - Processing file /opt/airflow/dags/crawl_news.py for tasks to queue
[2025-08-08T08:57:27.344+0000] {logging_mixin.py:137} INFO - [2025-08-08T08:57:27.344+0000] {dagbag.py:538} INFO - Filling up the DagBag from /opt/airflow/dags/crawl_news.py
[2025-08-08T08:57:27.367+0000] {logging_mixin.py:137} INFO - [2025-08-08T08:57:27.365+0000] {dagbag.py:343} ERROR - Failed to import: /opt/airflow/dags/crawl_news.py
Traceback (most recent call last):
  File "/home/airflow/.local/lib/python3.7/site-packages/airflow/models/dagbag.py", line 339, in parse
    loader.exec_module(new_module)
  File "<frozen importlib._bootstrap_external>", line 728, in exec_module
  File "<frozen importlib._bootstrap>", line 219, in _call_with_frames_removed
  File "/opt/airflow/dags/crawl_news.py", line 4, in <module>
    from airflow.operators.bash import PythonOperator
ImportError: cannot import name 'PythonOperator' from 'airflow.operators.bash' (/home/airflow/.local/lib/python3.7/site-packages/airflow/operators/bash.py)
[2025-08-08T08:57:27.368+0000] {processor.py:755} WARNING - No viable dags retrieved from /opt/airflow/dags/crawl_news.py
[2025-08-08T08:57:27.403+0000] {processor.py:175} INFO - Processing /opt/airflow/dags/crawl_news.py took 0.065 seconds
[2025-08-08T10:18:09.941+0000] {processor.py:153} INFO - Started process (PID=3901) to work on /opt/airflow/dags/crawl_news.py
[2025-08-08T10:18:09.949+0000] {processor.py:743} INFO - Processing file /opt/airflow/dags/crawl_news.py for tasks to queue
[2025-08-08T10:18:09.965+0000] {logging_mixin.py:137} INFO - [2025-08-08T10:18:09.964+0000] {dagbag.py:538} INFO - Filling up the DagBag from /opt/airflow/dags/crawl_news.py
[2025-08-08T10:18:10.041+0000] {logging_mixin.py:137} INFO - [2025-08-08T10:18:10.034+0000] {dagbag.py:343} ERROR - Failed to import: /opt/airflow/dags/crawl_news.py
Traceback (most recent call last):
  File "/home/airflow/.local/lib/python3.7/site-packages/airflow/models/dagbag.py", line 339, in parse
    loader.exec_module(new_module)
  File "<frozen importlib._bootstrap_external>", line 728, in exec_module
  File "<frozen importlib._bootstrap>", line 219, in _call_with_frames_removed
  File "/opt/airflow/dags/crawl_news.py", line 4, in <module>
    from airflow.operators.bash import PythonOperator
ImportError: cannot import name 'PythonOperator' from 'airflow.operators.bash' (/home/airflow/.local/lib/python3.7/site-packages/airflow/operators/bash.py)
[2025-08-08T10:18:10.043+0000] {processor.py:755} WARNING - No viable dags retrieved from /opt/airflow/dags/crawl_news.py
[2025-08-08T10:18:10.085+0000] {processor.py:175} INFO - Processing /opt/airflow/dags/crawl_news.py took 0.149 seconds
[2025-08-08T11:44:15.529+0000] {processor.py:153} INFO - Started process (PID=3951) to work on /opt/airflow/dags/crawl_news.py
[2025-08-08T11:44:15.531+0000] {processor.py:743} INFO - Processing file /opt/airflow/dags/crawl_news.py for tasks to queue
[2025-08-08T11:44:15.533+0000] {logging_mixin.py:137} INFO - [2025-08-08T11:44:15.533+0000] {dagbag.py:538} INFO - Filling up the DagBag from /opt/airflow/dags/crawl_news.py
[2025-08-08T11:44:15.551+0000] {logging_mixin.py:137} INFO - [2025-08-08T11:44:15.548+0000] {dagbag.py:343} ERROR - Failed to import: /opt/airflow/dags/crawl_news.py
Traceback (most recent call last):
  File "/home/airflow/.local/lib/python3.7/site-packages/airflow/models/dagbag.py", line 339, in parse
    loader.exec_module(new_module)
  File "<frozen importlib._bootstrap_external>", line 728, in exec_module
  File "<frozen importlib._bootstrap>", line 219, in _call_with_frames_removed
  File "/opt/airflow/dags/crawl_news.py", line 4, in <module>
    from airflow.operators.bash import PythonOperator
ImportError: cannot import name 'PythonOperator' from 'airflow.operators.bash' (/home/airflow/.local/lib/python3.7/site-packages/airflow/operators/bash.py)
[2025-08-08T11:44:15.552+0000] {processor.py:755} WARNING - No viable dags retrieved from /opt/airflow/dags/crawl_news.py
[2025-08-08T11:44:15.587+0000] {processor.py:175} INFO - Processing /opt/airflow/dags/crawl_news.py took 0.063 seconds
[2025-08-08T13:40:54.036+0000] {processor.py:153} INFO - Started process (PID=3985) to work on /opt/airflow/dags/crawl_news.py
[2025-08-08T13:40:54.037+0000] {processor.py:743} INFO - Processing file /opt/airflow/dags/crawl_news.py for tasks to queue
[2025-08-08T13:40:54.039+0000] {logging_mixin.py:137} INFO - [2025-08-08T13:40:54.039+0000] {dagbag.py:538} INFO - Filling up the DagBag from /opt/airflow/dags/crawl_news.py
[2025-08-08T13:40:54.060+0000] {logging_mixin.py:137} INFO - [2025-08-08T13:40:54.057+0000] {dagbag.py:343} ERROR - Failed to import: /opt/airflow/dags/crawl_news.py
Traceback (most recent call last):
  File "/home/airflow/.local/lib/python3.7/site-packages/airflow/models/dagbag.py", line 339, in parse
    loader.exec_module(new_module)
  File "<frozen importlib._bootstrap_external>", line 728, in exec_module
  File "<frozen importlib._bootstrap>", line 219, in _call_with_frames_removed
  File "/opt/airflow/dags/crawl_news.py", line 4, in <module>
    from airflow.operators.bash import PythonOperator
ImportError: cannot import name 'PythonOperator' from 'airflow.operators.bash' (/home/airflow/.local/lib/python3.7/site-packages/airflow/operators/bash.py)
[2025-08-08T13:40:54.061+0000] {processor.py:755} WARNING - No viable dags retrieved from /opt/airflow/dags/crawl_news.py
[2025-08-08T13:40:54.097+0000] {processor.py:175} INFO - Processing /opt/airflow/dags/crawl_news.py took 0.066 seconds
[2025-08-08T14:47:06.428+0000] {processor.py:153} INFO - Started process (PID=4035) to work on /opt/airflow/dags/crawl_news.py
[2025-08-08T14:47:06.429+0000] {processor.py:743} INFO - Processing file /opt/airflow/dags/crawl_news.py for tasks to queue
[2025-08-08T14:47:06.430+0000] {logging_mixin.py:137} INFO - [2025-08-08T14:47:06.430+0000] {dagbag.py:538} INFO - Filling up the DagBag from /opt/airflow/dags/crawl_news.py
[2025-08-08T14:47:06.445+0000] {logging_mixin.py:137} INFO - [2025-08-08T14:47:06.441+0000] {dagbag.py:343} ERROR - Failed to import: /opt/airflow/dags/crawl_news.py
Traceback (most recent call last):
  File "/home/airflow/.local/lib/python3.7/site-packages/airflow/models/dagbag.py", line 339, in parse
    loader.exec_module(new_module)
  File "<frozen importlib._bootstrap_external>", line 728, in exec_module
  File "<frozen importlib._bootstrap>", line 219, in _call_with_frames_removed
  File "/opt/airflow/dags/crawl_news.py", line 4, in <module>
    from airflow.operators.bash import PythonOperator
ImportError: cannot import name 'PythonOperator' from 'airflow.operators.bash' (/home/airflow/.local/lib/python3.7/site-packages/airflow/operators/bash.py)
[2025-08-08T14:47:06.446+0000] {processor.py:755} WARNING - No viable dags retrieved from /opt/airflow/dags/crawl_news.py
[2025-08-08T14:47:06.459+0000] {processor.py:175} INFO - Processing /opt/airflow/dags/crawl_news.py took 0.034 seconds
[2025-08-08T16:10:57.618+0000] {processor.py:153} INFO - Started process (PID=4076) to work on /opt/airflow/dags/crawl_news.py
[2025-08-08T16:10:57.618+0000] {processor.py:743} INFO - Processing file /opt/airflow/dags/crawl_news.py for tasks to queue
[2025-08-08T16:10:57.619+0000] {logging_mixin.py:137} INFO - [2025-08-08T16:10:57.619+0000] {dagbag.py:538} INFO - Filling up the DagBag from /opt/airflow/dags/crawl_news.py
[2025-08-08T16:10:57.630+0000] {logging_mixin.py:137} INFO - [2025-08-08T16:10:57.626+0000] {dagbag.py:343} ERROR - Failed to import: /opt/airflow/dags/crawl_news.py
Traceback (most recent call last):
  File "/home/airflow/.local/lib/python3.7/site-packages/airflow/models/dagbag.py", line 339, in parse
    loader.exec_module(new_module)
  File "<frozen importlib._bootstrap_external>", line 728, in exec_module
  File "<frozen importlib._bootstrap>", line 219, in _call_with_frames_removed
  File "/opt/airflow/dags/crawl_news.py", line 4, in <module>
    from airflow.operators.bash import PythonOperator
ImportError: cannot import name 'PythonOperator' from 'airflow.operators.bash' (/home/airflow/.local/lib/python3.7/site-packages/airflow/operators/bash.py)
[2025-08-08T16:10:57.630+0000] {processor.py:755} WARNING - No viable dags retrieved from /opt/airflow/dags/crawl_news.py
[2025-08-08T16:10:57.650+0000] {processor.py:175} INFO - Processing /opt/airflow/dags/crawl_news.py took 0.035 seconds
[2025-08-08T17:29:36.348+0000] {processor.py:153} INFO - Started process (PID=4119) to work on /opt/airflow/dags/crawl_news.py
[2025-08-08T17:29:36.350+0000] {processor.py:743} INFO - Processing file /opt/airflow/dags/crawl_news.py for tasks to queue
[2025-08-08T17:29:36.353+0000] {logging_mixin.py:137} INFO - [2025-08-08T17:29:36.352+0000] {dagbag.py:538} INFO - Filling up the DagBag from /opt/airflow/dags/crawl_news.py
[2025-08-08T17:29:36.400+0000] {logging_mixin.py:137} INFO - [2025-08-08T17:29:36.390+0000] {dagbag.py:343} ERROR - Failed to import: /opt/airflow/dags/crawl_news.py
Traceback (most recent call last):
  File "/home/airflow/.local/lib/python3.7/site-packages/airflow/models/dagbag.py", line 339, in parse
    loader.exec_module(new_module)
  File "<frozen importlib._bootstrap_external>", line 728, in exec_module
  File "<frozen importlib._bootstrap>", line 219, in _call_with_frames_removed
  File "/opt/airflow/dags/crawl_news.py", line 4, in <module>
    from airflow.operators.bash import PythonOperator
ImportError: cannot import name 'PythonOperator' from 'airflow.operators.bash' (/home/airflow/.local/lib/python3.7/site-packages/airflow/operators/bash.py)
[2025-08-08T17:29:36.402+0000] {processor.py:755} WARNING - No viable dags retrieved from /opt/airflow/dags/crawl_news.py
[2025-08-08T17:29:36.437+0000] {processor.py:175} INFO - Processing /opt/airflow/dags/crawl_news.py took 0.093 seconds
[2025-08-08T19:07:49.652+0000] {processor.py:153} INFO - Started process (PID=4170) to work on /opt/airflow/dags/crawl_news.py
[2025-08-08T19:07:49.653+0000] {processor.py:743} INFO - Processing file /opt/airflow/dags/crawl_news.py for tasks to queue
[2025-08-08T19:07:49.654+0000] {logging_mixin.py:137} INFO - [2025-08-08T19:07:49.654+0000] {dagbag.py:538} INFO - Filling up the DagBag from /opt/airflow/dags/crawl_news.py
[2025-08-08T19:07:49.666+0000] {logging_mixin.py:137} INFO - [2025-08-08T19:07:49.665+0000] {dagbag.py:343} ERROR - Failed to import: /opt/airflow/dags/crawl_news.py
Traceback (most recent call last):
  File "/home/airflow/.local/lib/python3.7/site-packages/airflow/models/dagbag.py", line 339, in parse
    loader.exec_module(new_module)
  File "<frozen importlib._bootstrap_external>", line 728, in exec_module
  File "<frozen importlib._bootstrap>", line 219, in _call_with_frames_removed
  File "/opt/airflow/dags/crawl_news.py", line 4, in <module>
    from airflow.operators.bash import PythonOperator
ImportError: cannot import name 'PythonOperator' from 'airflow.operators.bash' (/home/airflow/.local/lib/python3.7/site-packages/airflow/operators/bash.py)
[2025-08-08T19:07:49.666+0000] {processor.py:755} WARNING - No viable dags retrieved from /opt/airflow/dags/crawl_news.py
[2025-08-08T19:07:49.684+0000] {processor.py:175} INFO - Processing /opt/airflow/dags/crawl_news.py took 0.034 seconds
[2025-08-08T20:27:34.929+0000] {processor.py:153} INFO - Started process (PID=4204) to work on /opt/airflow/dags/crawl_news.py
[2025-08-08T20:27:34.931+0000] {processor.py:743} INFO - Processing file /opt/airflow/dags/crawl_news.py for tasks to queue
[2025-08-08T20:27:34.932+0000] {logging_mixin.py:137} INFO - [2025-08-08T20:27:34.932+0000] {dagbag.py:538} INFO - Filling up the DagBag from /opt/airflow/dags/crawl_news.py
[2025-08-08T20:27:34.950+0000] {logging_mixin.py:137} INFO - [2025-08-08T20:27:34.948+0000] {dagbag.py:343} ERROR - Failed to import: /opt/airflow/dags/crawl_news.py
Traceback (most recent call last):
  File "/home/airflow/.local/lib/python3.7/site-packages/airflow/models/dagbag.py", line 339, in parse
    loader.exec_module(new_module)
  File "<frozen importlib._bootstrap_external>", line 728, in exec_module
  File "<frozen importlib._bootstrap>", line 219, in _call_with_frames_removed
  File "/opt/airflow/dags/crawl_news.py", line 4, in <module>
    from airflow.operators.bash import PythonOperator
ImportError: cannot import name 'PythonOperator' from 'airflow.operators.bash' (/home/airflow/.local/lib/python3.7/site-packages/airflow/operators/bash.py)
[2025-08-08T20:27:34.951+0000] {processor.py:755} WARNING - No viable dags retrieved from /opt/airflow/dags/crawl_news.py
[2025-08-08T20:27:34.983+0000] {processor.py:175} INFO - Processing /opt/airflow/dags/crawl_news.py took 0.059 seconds
[2025-08-08T22:10:08.233+0000] {processor.py:153} INFO - Started process (PID=4254) to work on /opt/airflow/dags/crawl_news.py
[2025-08-08T22:10:08.234+0000] {processor.py:743} INFO - Processing file /opt/airflow/dags/crawl_news.py for tasks to queue
[2025-08-08T22:10:08.235+0000] {logging_mixin.py:137} INFO - [2025-08-08T22:10:08.235+0000] {dagbag.py:538} INFO - Filling up the DagBag from /opt/airflow/dags/crawl_news.py
[2025-08-08T22:10:08.249+0000] {logging_mixin.py:137} INFO - [2025-08-08T22:10:08.246+0000] {dagbag.py:343} ERROR - Failed to import: /opt/airflow/dags/crawl_news.py
Traceback (most recent call last):
  File "/home/airflow/.local/lib/python3.7/site-packages/airflow/models/dagbag.py", line 339, in parse
    loader.exec_module(new_module)
  File "<frozen importlib._bootstrap_external>", line 728, in exec_module
  File "<frozen importlib._bootstrap>", line 219, in _call_with_frames_removed
  File "/opt/airflow/dags/crawl_news.py", line 4, in <module>
    from airflow.operators.bash import PythonOperator
ImportError: cannot import name 'PythonOperator' from 'airflow.operators.bash' (/home/airflow/.local/lib/python3.7/site-packages/airflow/operators/bash.py)
[2025-08-08T22:10:08.249+0000] {processor.py:755} WARNING - No viable dags retrieved from /opt/airflow/dags/crawl_news.py
[2025-08-08T22:10:08.264+0000] {processor.py:175} INFO - Processing /opt/airflow/dags/crawl_news.py took 0.035 seconds
[2025-08-08T23:35:34.556+0000] {processor.py:153} INFO - Started process (PID=4304) to work on /opt/airflow/dags/crawl_news.py
[2025-08-08T23:35:34.558+0000] {processor.py:743} INFO - Processing file /opt/airflow/dags/crawl_news.py for tasks to queue
[2025-08-08T23:35:34.558+0000] {logging_mixin.py:137} INFO - [2025-08-08T23:35:34.558+0000] {dagbag.py:538} INFO - Filling up the DagBag from /opt/airflow/dags/crawl_news.py
[2025-08-08T23:35:34.578+0000] {logging_mixin.py:137} INFO - [2025-08-08T23:35:34.575+0000] {dagbag.py:343} ERROR - Failed to import: /opt/airflow/dags/crawl_news.py
Traceback (most recent call last):
  File "/home/airflow/.local/lib/python3.7/site-packages/airflow/models/dagbag.py", line 339, in parse
    loader.exec_module(new_module)
  File "<frozen importlib._bootstrap_external>", line 728, in exec_module
  File "<frozen importlib._bootstrap>", line 219, in _call_with_frames_removed
  File "/opt/airflow/dags/crawl_news.py", line 4, in <module>
    from airflow.operators.bash import PythonOperator
ImportError: cannot import name 'PythonOperator' from 'airflow.operators.bash' (/home/airflow/.local/lib/python3.7/site-packages/airflow/operators/bash.py)
[2025-08-08T23:35:34.579+0000] {processor.py:755} WARNING - No viable dags retrieved from /opt/airflow/dags/crawl_news.py
[2025-08-08T23:35:34.623+0000] {processor.py:175} INFO - Processing /opt/airflow/dags/crawl_news.py took 0.069 seconds
