[2025-08-06T15:35:16.054+0000] {taskinstance.py:1087} INFO - Dependencies all met for <TaskInstance: number_counting_dag.count_30 scheduled__2025-08-05T15:34:39.195887+00:00 [queued]>
[2025-08-06T15:35:16.059+0000] {taskinstance.py:1087} INFO - Dependencies all met for <TaskInstance: number_counting_dag.count_30 scheduled__2025-08-05T15:34:39.195887+00:00 [queued]>
[2025-08-06T15:35:16.059+0000] {taskinstance.py:1283} INFO - 
--------------------------------------------------------------------------------
[2025-08-06T15:35:16.059+0000] {taskinstance.py:1284} INFO - Starting attempt 1 of 2
[2025-08-06T15:35:16.059+0000] {taskinstance.py:1285} INFO - 
--------------------------------------------------------------------------------
[2025-08-06T15:35:16.065+0000] {taskinstance.py:1304} INFO - Executing <Task(BashOperator): count_30> on 2025-08-05 15:34:39.195887+00:00
[2025-08-06T15:35:16.067+0000] {standard_task_runner.py:55} INFO - Started process 1536 to run task
[2025-08-06T15:35:16.069+0000] {standard_task_runner.py:82} INFO - Running: ['***', 'tasks', 'run', 'number_counting_dag', 'count_30', 'scheduled__2025-08-05T15:34:39.195887+00:00', '--job-id', '5', '--raw', '--subdir', 'DAGS_FOLDER/count.py', '--cfg-path', '/tmp/tmp60sdiudk']
[2025-08-06T15:35:16.070+0000] {standard_task_runner.py:83} INFO - Job 5: Subtask count_30
[2025-08-06T15:35:16.099+0000] {task_command.py:389} INFO - Running <TaskInstance: number_counting_dag.count_30 scheduled__2025-08-05T15:34:39.195887+00:00 [running]> on host ac9b20df240e
[2025-08-06T15:35:16.131+0000] {taskinstance.py:1513} INFO - Exporting the following env vars:
AIRFLOW_CTX_DAG_EMAIL=***@example.com
AIRFLOW_CTX_DAG_OWNER=***
AIRFLOW_CTX_DAG_ID=number_counting_dag
AIRFLOW_CTX_TASK_ID=count_30
AIRFLOW_CTX_EXECUTION_DATE=2025-08-05T15:34:39.195887+00:00
AIRFLOW_CTX_TRY_NUMBER=1
AIRFLOW_CTX_DAG_RUN_ID=scheduled__2025-08-05T15:34:39.195887+00:00
[2025-08-06T15:35:16.132+0000] {subprocess.py:63} INFO - Tmp dir root location: 
 /tmp
[2025-08-06T15:35:16.132+0000] {subprocess.py:75} INFO - Running command: ['/bin/bash', '-c', 'for i in {21..30}; do echo $i; sleep 1; done']
[2025-08-06T15:35:16.137+0000] {subprocess.py:86} INFO - Output:
[2025-08-06T15:35:16.138+0000] {subprocess.py:93} INFO - 21
[2025-08-06T15:35:17.140+0000] {subprocess.py:93} INFO - 22
[2025-08-06T15:35:18.148+0000] {subprocess.py:93} INFO - 23
[2025-08-06T15:35:19.157+0000] {subprocess.py:93} INFO - 24
[2025-08-06T15:35:20.162+0000] {subprocess.py:93} INFO - 25
[2025-08-06T15:35:21.164+0000] {subprocess.py:93} INFO - 26
[2025-08-06T15:35:22.166+0000] {subprocess.py:93} INFO - 27
[2025-08-06T15:35:23.174+0000] {subprocess.py:93} INFO - 28
[2025-08-06T15:35:24.179+0000] {subprocess.py:93} INFO - 29
[2025-08-06T15:35:25.188+0000] {subprocess.py:93} INFO - 30
[2025-08-06T15:35:26.199+0000] {subprocess.py:97} INFO - Command exited with return code 0
[2025-08-06T15:35:26.244+0000] {taskinstance.py:1327} INFO - Marking task as SUCCESS. dag_id=number_counting_dag, task_id=count_30, execution_date=20250805T153439, start_date=20250806T153516, end_date=20250806T153526
[2025-08-06T15:35:26.267+0000] {local_task_job.py:159} INFO - Task exited with return code 0
[2025-08-06T15:35:26.278+0000] {taskinstance.py:2582} INFO - 0 downstream tasks scheduled from follow-on schedule check
