[2025-08-08T16:11:21.685+0000] {taskinstance.py:1087} INFO - Dependencies all met for <TaskInstance: number_counting_dag.count_30 scheduled__2025-08-07T16:10:57.688975+00:00 [queued]>
[2025-08-08T16:11:21.691+0000] {taskinstance.py:1087} INFO - Dependencies all met for <TaskInstance: number_counting_dag.count_30 scheduled__2025-08-07T16:10:57.688975+00:00 [queued]>
[2025-08-08T16:11:21.692+0000] {taskinstance.py:1283} INFO - 
--------------------------------------------------------------------------------
[2025-08-08T16:11:21.692+0000] {taskinstance.py:1284} INFO - Starting attempt 1 of 2
[2025-08-08T16:11:21.692+0000] {taskinstance.py:1285} INFO - 
--------------------------------------------------------------------------------
[2025-08-08T16:11:21.701+0000] {taskinstance.py:1304} INFO - Executing <Task(BashOperator): count_30> on 2025-08-07 16:10:57.688975+00:00
[2025-08-08T16:11:21.705+0000] {standard_task_runner.py:55} INFO - Started process 4164 to run task
[2025-08-08T16:11:21.708+0000] {standard_task_runner.py:82} INFO - Running: ['***', 'tasks', 'run', 'number_counting_dag', 'count_30', 'scheduled__2025-08-07T16:10:57.688975+00:00', '--job-id', '11', '--raw', '--subdir', 'DAGS_FOLDER/count.py', '--cfg-path', '/tmp/tmpxr00m53j']
[2025-08-08T16:11:21.708+0000] {standard_task_runner.py:83} INFO - Job 11: Subtask count_30
[2025-08-08T16:11:21.752+0000] {task_command.py:389} INFO - Running <TaskInstance: number_counting_dag.count_30 scheduled__2025-08-07T16:10:57.688975+00:00 [running]> on host ac9b20df240e
[2025-08-08T16:11:21.794+0000] {taskinstance.py:1513} INFO - Exporting the following env vars:
AIRFLOW_CTX_DAG_EMAIL=***@example.com
AIRFLOW_CTX_DAG_OWNER=***
AIRFLOW_CTX_DAG_ID=number_counting_dag
AIRFLOW_CTX_TASK_ID=count_30
AIRFLOW_CTX_EXECUTION_DATE=2025-08-07T16:10:57.688975+00:00
AIRFLOW_CTX_TRY_NUMBER=1
AIRFLOW_CTX_DAG_RUN_ID=scheduled__2025-08-07T16:10:57.688975+00:00
[2025-08-08T16:11:21.799+0000] {subprocess.py:63} INFO - Tmp dir root location: 
 /tmp
[2025-08-08T16:11:21.799+0000] {subprocess.py:75} INFO - Running command: ['/bin/bash', '-c', 'for i in {21..30}; do echo $i; sleep 1; done']
[2025-08-08T16:11:21.805+0000] {subprocess.py:86} INFO - Output:
[2025-08-08T16:11:21.806+0000] {subprocess.py:93} INFO - 21
[2025-08-08T16:11:22.814+0000] {subprocess.py:93} INFO - 22
[2025-08-08T16:11:23.826+0000] {subprocess.py:93} INFO - 23
[2025-08-08T16:11:25.325+0000] {subprocess.py:93} INFO - 24
[2025-08-08T16:11:26.327+0000] {subprocess.py:93} INFO - 25
[2025-08-08T17:29:36.252+0000] {subprocess.py:93} INFO - 26
[2025-08-08T17:29:37.257+0000] {subprocess.py:93} INFO - 27
[2025-08-08T17:29:38.262+0000] {subprocess.py:93} INFO - 28
[2025-08-08T17:29:39.275+0000] {subprocess.py:93} INFO - 29
[2025-08-08T17:29:40.280+0000] {subprocess.py:93} INFO - 30
[2025-08-08T17:29:41.285+0000] {subprocess.py:97} INFO - Command exited with return code 0
[2025-08-08T17:29:41.311+0000] {taskinstance.py:1327} INFO - Marking task as SUCCESS. dag_id=number_counting_dag, task_id=count_30, execution_date=20250807T161057, start_date=20250808T161121, end_date=20250808T172941
[2025-08-08T17:29:41.339+0000] {local_task_job.py:159} INFO - Task exited with return code 0
[2025-08-08T17:29:41.352+0000] {taskinstance.py:2582} INFO - 0 downstream tasks scheduled from follow-on schedule check
