[2025-08-06T15:18:02.973+0000] {processor.py:153} INFO - Started process (PID=89) to work on /opt/airflow/dags/count.py
[2025-08-06T15:18:02.976+0000] {processor.py:743} INFO - Processing file /opt/airflow/dags/count.py for tasks to queue
[2025-08-06T15:18:02.977+0000] {logging_mixin.py:137} INFO - [2025-08-06T15:18:02.977+0000] {dagbag.py:538} INFO - Filling up the DagBag from /opt/airflow/dags/count.py
[2025-08-06T15:18:03.053+0000] {processor.py:753} INFO - DAG(s) dict_keys(['number_counting_dag']) retrieved from /opt/airflow/dags/count.py
[2025-08-06T15:18:03.268+0000] {logging_mixin.py:137} INFO - [2025-08-06T15:18:03.268+0000] {manager.py:504} INFO - Created Permission View: can delete on DAG:number_counting_dag
[2025-08-06T15:18:03.278+0000] {logging_mixin.py:137} INFO - [2025-08-06T15:18:03.277+0000] {manager.py:504} INFO - Created Permission View: can edit on DAG:number_counting_dag
[2025-08-06T15:18:03.283+0000] {logging_mixin.py:137} INFO - [2025-08-06T15:18:03.282+0000] {manager.py:504} INFO - Created Permission View: can read on DAG:number_counting_dag
[2025-08-06T15:18:03.283+0000] {logging_mixin.py:137} INFO - [2025-08-06T15:18:03.283+0000] {dag.py:2676} INFO - Sync 1 DAGs
[2025-08-06T15:18:03.292+0000] {logging_mixin.py:137} INFO - [2025-08-06T15:18:03.292+0000] {dag.py:2697} INFO - Creating ORM DAG for number_counting_dag
[2025-08-06T15:18:03.301+0000] {logging_mixin.py:137} INFO - [2025-08-06T15:18:03.301+0000] {dag.py:3427} INFO - Setting next_dagrun for number_counting_dag to 2025-08-05T15:18:03.301482+00:00, run_after=2025-08-06T15:18:03.301482+00:00
[2025-08-06T15:18:03.317+0000] {processor.py:175} INFO - Processing /opt/airflow/dags/count.py took 0.347 seconds
[2025-08-06T15:18:28.815+0000] {processor.py:153} INFO - Started process (PID=38) to work on /opt/airflow/dags/count.py
[2025-08-06T15:18:28.816+0000] {processor.py:743} INFO - Processing file /opt/airflow/dags/count.py for tasks to queue
[2025-08-06T15:18:28.816+0000] {logging_mixin.py:137} INFO - [2025-08-06T15:18:28.816+0000] {dagbag.py:538} INFO - Filling up the DagBag from /opt/airflow/dags/count.py
[2025-08-06T15:18:28.858+0000] {processor.py:753} INFO - DAG(s) dict_keys(['number_counting_dag']) retrieved from /opt/airflow/dags/count.py
[2025-08-06T15:18:28.969+0000] {logging_mixin.py:137} INFO - [2025-08-06T15:18:28.969+0000] {manager.py:504} INFO - Created Permission View: can delete on DAG:number_counting_dag
[2025-08-06T15:18:28.974+0000] {logging_mixin.py:137} INFO - [2025-08-06T15:18:28.974+0000] {manager.py:504} INFO - Created Permission View: can edit on DAG:number_counting_dag
[2025-08-06T15:18:28.977+0000] {logging_mixin.py:137} INFO - [2025-08-06T15:18:28.977+0000] {manager.py:504} INFO - Created Permission View: can read on DAG:number_counting_dag
[2025-08-06T15:18:28.977+0000] {logging_mixin.py:137} INFO - [2025-08-06T15:18:28.977+0000] {dag.py:2676} INFO - Sync 1 DAGs
[2025-08-06T15:18:28.984+0000] {logging_mixin.py:137} INFO - [2025-08-06T15:18:28.984+0000] {dag.py:2697} INFO - Creating ORM DAG for number_counting_dag
[2025-08-06T15:18:28.990+0000] {logging_mixin.py:137} INFO - [2025-08-06T15:18:28.990+0000] {dag.py:3427} INFO - Setting next_dagrun for number_counting_dag to 2025-08-05T15:18:28.990521+00:00, run_after=2025-08-06T15:18:28.990521+00:00
[2025-08-06T15:18:29.000+0000] {processor.py:175} INFO - Processing /opt/airflow/dags/count.py took 0.187 seconds
[2025-08-06T15:18:59.133+0000] {processor.py:153} INFO - Started process (PID=87) to work on /opt/airflow/dags/count.py
[2025-08-06T15:18:59.134+0000] {processor.py:743} INFO - Processing file /opt/airflow/dags/count.py for tasks to queue
[2025-08-06T15:18:59.135+0000] {logging_mixin.py:137} INFO - [2025-08-06T15:18:59.135+0000] {dagbag.py:538} INFO - Filling up the DagBag from /opt/airflow/dags/count.py
[2025-08-06T15:18:59.162+0000] {processor.py:753} INFO - DAG(s) dict_keys(['number_counting_dag']) retrieved from /opt/airflow/dags/count.py
[2025-08-06T15:18:59.202+0000] {logging_mixin.py:137} INFO - [2025-08-06T15:18:59.202+0000] {dag.py:2676} INFO - Sync 1 DAGs
[2025-08-06T15:18:59.218+0000] {logging_mixin.py:137} INFO - [2025-08-06T15:18:59.218+0000] {dag.py:3427} INFO - Setting next_dagrun for number_counting_dag to 2025-08-05T15:18:59.218126+00:00, run_after=2025-08-06T15:18:59.218126+00:00
[2025-08-06T15:18:59.229+0000] {processor.py:175} INFO - Processing /opt/airflow/dags/count.py took 0.102 seconds
[2025-08-06T15:19:29.428+0000] {processor.py:153} INFO - Started process (PID=121) to work on /opt/airflow/dags/count.py
[2025-08-06T15:19:29.429+0000] {processor.py:743} INFO - Processing file /opt/airflow/dags/count.py for tasks to queue
[2025-08-06T15:19:29.430+0000] {logging_mixin.py:137} INFO - [2025-08-06T15:19:29.430+0000] {dagbag.py:538} INFO - Filling up the DagBag from /opt/airflow/dags/count.py
[2025-08-06T15:19:29.455+0000] {processor.py:753} INFO - DAG(s) dict_keys(['number_counting_dag']) retrieved from /opt/airflow/dags/count.py
[2025-08-06T15:19:29.488+0000] {logging_mixin.py:137} INFO - [2025-08-06T15:19:29.488+0000] {dag.py:2676} INFO - Sync 1 DAGs
[2025-08-06T15:19:29.504+0000] {logging_mixin.py:137} INFO - [2025-08-06T15:19:29.504+0000] {dag.py:3427} INFO - Setting next_dagrun for number_counting_dag to 2025-08-05T15:19:29.504037+00:00, run_after=2025-08-06T15:19:29.504037+00:00
[2025-08-06T15:19:29.515+0000] {processor.py:175} INFO - Processing /opt/airflow/dags/count.py took 0.092 seconds
[2025-08-06T15:19:59.708+0000] {processor.py:153} INFO - Started process (PID=171) to work on /opt/airflow/dags/count.py
[2025-08-06T15:19:59.709+0000] {processor.py:743} INFO - Processing file /opt/airflow/dags/count.py for tasks to queue
[2025-08-06T15:19:59.710+0000] {logging_mixin.py:137} INFO - [2025-08-06T15:19:59.710+0000] {dagbag.py:538} INFO - Filling up the DagBag from /opt/airflow/dags/count.py
[2025-08-06T15:19:59.727+0000] {processor.py:753} INFO - DAG(s) dict_keys(['number_counting_dag']) retrieved from /opt/airflow/dags/count.py
[2025-08-06T15:19:59.751+0000] {logging_mixin.py:137} INFO - [2025-08-06T15:19:59.751+0000] {dag.py:2676} INFO - Sync 1 DAGs
[2025-08-06T15:19:59.765+0000] {logging_mixin.py:137} INFO - [2025-08-06T15:19:59.765+0000] {dag.py:3427} INFO - Setting next_dagrun for number_counting_dag to 2025-08-05T15:19:59.764992+00:00, run_after=2025-08-06T15:19:59.764992+00:00
[2025-08-06T15:19:59.773+0000] {processor.py:175} INFO - Processing /opt/airflow/dags/count.py took 0.069 seconds
[2025-08-06T15:20:30.031+0000] {processor.py:153} INFO - Started process (PID=221) to work on /opt/airflow/dags/count.py
[2025-08-06T15:20:30.032+0000] {processor.py:743} INFO - Processing file /opt/airflow/dags/count.py for tasks to queue
[2025-08-06T15:20:30.033+0000] {logging_mixin.py:137} INFO - [2025-08-06T15:20:30.033+0000] {dagbag.py:538} INFO - Filling up the DagBag from /opt/airflow/dags/count.py
[2025-08-06T15:20:30.058+0000] {processor.py:753} INFO - DAG(s) dict_keys(['number_counting_dag']) retrieved from /opt/airflow/dags/count.py
[2025-08-06T15:20:30.085+0000] {logging_mixin.py:137} INFO - [2025-08-06T15:20:30.085+0000] {dag.py:2676} INFO - Sync 1 DAGs
[2025-08-06T15:20:30.100+0000] {logging_mixin.py:137} INFO - [2025-08-06T15:20:30.100+0000] {dag.py:3427} INFO - Setting next_dagrun for number_counting_dag to 2025-08-05T15:20:30.100451+00:00, run_after=2025-08-06T15:20:30.100451+00:00
[2025-08-06T15:20:30.110+0000] {processor.py:175} INFO - Processing /opt/airflow/dags/count.py took 0.085 seconds
[2025-08-06T15:21:00.354+0000] {processor.py:153} INFO - Started process (PID=255) to work on /opt/airflow/dags/count.py
[2025-08-06T15:21:00.356+0000] {processor.py:743} INFO - Processing file /opt/airflow/dags/count.py for tasks to queue
[2025-08-06T15:21:00.357+0000] {logging_mixin.py:137} INFO - [2025-08-06T15:21:00.357+0000] {dagbag.py:538} INFO - Filling up the DagBag from /opt/airflow/dags/count.py
[2025-08-06T15:21:00.371+0000] {processor.py:753} INFO - DAG(s) dict_keys(['number_counting_dag']) retrieved from /opt/airflow/dags/count.py
[2025-08-06T15:21:00.398+0000] {logging_mixin.py:137} INFO - [2025-08-06T15:21:00.398+0000] {dag.py:2676} INFO - Sync 1 DAGs
[2025-08-06T15:21:00.412+0000] {logging_mixin.py:137} INFO - [2025-08-06T15:21:00.411+0000] {dag.py:3427} INFO - Setting next_dagrun for number_counting_dag to 2025-08-05T15:21:00.411852+00:00, run_after=2025-08-06T15:21:00.411852+00:00
[2025-08-06T15:21:00.420+0000] {processor.py:175} INFO - Processing /opt/airflow/dags/count.py took 0.070 seconds
[2025-08-06T15:21:30.665+0000] {processor.py:153} INFO - Started process (PID=305) to work on /opt/airflow/dags/count.py
[2025-08-06T15:21:30.666+0000] {processor.py:743} INFO - Processing file /opt/airflow/dags/count.py for tasks to queue
[2025-08-06T15:21:30.667+0000] {logging_mixin.py:137} INFO - [2025-08-06T15:21:30.667+0000] {dagbag.py:538} INFO - Filling up the DagBag from /opt/airflow/dags/count.py
[2025-08-06T15:21:30.689+0000] {processor.py:753} INFO - DAG(s) dict_keys(['number_counting_dag']) retrieved from /opt/airflow/dags/count.py
[2025-08-06T15:21:30.716+0000] {logging_mixin.py:137} INFO - [2025-08-06T15:21:30.716+0000] {dag.py:2676} INFO - Sync 1 DAGs
[2025-08-06T15:21:30.730+0000] {logging_mixin.py:137} INFO - [2025-08-06T15:21:30.730+0000] {dag.py:3427} INFO - Setting next_dagrun for number_counting_dag to 2025-08-05T15:21:30.730327+00:00, run_after=2025-08-06T15:21:30.730327+00:00
[2025-08-06T15:21:30.739+0000] {processor.py:175} INFO - Processing /opt/airflow/dags/count.py took 0.080 seconds
[2025-08-06T15:22:00.935+0000] {processor.py:153} INFO - Started process (PID=355) to work on /opt/airflow/dags/count.py
[2025-08-06T15:22:00.937+0000] {processor.py:743} INFO - Processing file /opt/airflow/dags/count.py for tasks to queue
[2025-08-06T15:22:00.939+0000] {logging_mixin.py:137} INFO - [2025-08-06T15:22:00.938+0000] {dagbag.py:538} INFO - Filling up the DagBag from /opt/airflow/dags/count.py
[2025-08-06T15:22:00.961+0000] {processor.py:753} INFO - DAG(s) dict_keys(['number_counting_dag']) retrieved from /opt/airflow/dags/count.py
[2025-08-06T15:22:00.988+0000] {logging_mixin.py:137} INFO - [2025-08-06T15:22:00.988+0000] {dag.py:2676} INFO - Sync 1 DAGs
[2025-08-06T15:22:01.001+0000] {logging_mixin.py:137} INFO - [2025-08-06T15:22:01.001+0000] {dag.py:3427} INFO - Setting next_dagrun for number_counting_dag to 2025-08-05T15:22:01.001533+00:00, run_after=2025-08-06T15:22:01.001533+00:00
[2025-08-06T15:22:01.010+0000] {processor.py:175} INFO - Processing /opt/airflow/dags/count.py took 0.080 seconds
[2025-08-06T15:22:31.253+0000] {processor.py:153} INFO - Started process (PID=396) to work on /opt/airflow/dags/count.py
[2025-08-06T15:22:31.254+0000] {processor.py:743} INFO - Processing file /opt/airflow/dags/count.py for tasks to queue
[2025-08-06T15:22:31.254+0000] {logging_mixin.py:137} INFO - [2025-08-06T15:22:31.254+0000] {dagbag.py:538} INFO - Filling up the DagBag from /opt/airflow/dags/count.py
[2025-08-06T15:22:31.270+0000] {processor.py:753} INFO - DAG(s) dict_keys(['number_counting_dag']) retrieved from /opt/airflow/dags/count.py
[2025-08-06T15:22:31.298+0000] {logging_mixin.py:137} INFO - [2025-08-06T15:22:31.298+0000] {dag.py:2676} INFO - Sync 1 DAGs
[2025-08-06T15:22:31.322+0000] {logging_mixin.py:137} INFO - [2025-08-06T15:22:31.322+0000] {dag.py:3427} INFO - Setting next_dagrun for number_counting_dag to 2025-08-05T15:22:31.322133+00:00, run_after=2025-08-06T15:22:31.322133+00:00
[2025-08-06T15:22:31.333+0000] {processor.py:175} INFO - Processing /opt/airflow/dags/count.py took 0.083 seconds
[2025-08-06T15:23:01.532+0000] {processor.py:153} INFO - Started process (PID=439) to work on /opt/airflow/dags/count.py
[2025-08-06T15:23:01.533+0000] {processor.py:743} INFO - Processing file /opt/airflow/dags/count.py for tasks to queue
[2025-08-06T15:23:01.534+0000] {logging_mixin.py:137} INFO - [2025-08-06T15:23:01.534+0000] {dagbag.py:538} INFO - Filling up the DagBag from /opt/airflow/dags/count.py
[2025-08-06T15:23:01.555+0000] {processor.py:753} INFO - DAG(s) dict_keys(['number_counting_dag']) retrieved from /opt/airflow/dags/count.py
[2025-08-06T15:23:01.582+0000] {logging_mixin.py:137} INFO - [2025-08-06T15:23:01.582+0000] {dag.py:2676} INFO - Sync 1 DAGs
[2025-08-06T15:23:01.596+0000] {logging_mixin.py:137} INFO - [2025-08-06T15:23:01.596+0000] {dag.py:3427} INFO - Setting next_dagrun for number_counting_dag to 2025-08-05T15:23:01.596049+00:00, run_after=2025-08-06T15:23:01.596049+00:00
[2025-08-06T15:23:01.605+0000] {processor.py:175} INFO - Processing /opt/airflow/dags/count.py took 0.078 seconds
[2025-08-06T15:23:31.837+0000] {processor.py:153} INFO - Started process (PID=489) to work on /opt/airflow/dags/count.py
[2025-08-06T15:23:31.838+0000] {processor.py:743} INFO - Processing file /opt/airflow/dags/count.py for tasks to queue
[2025-08-06T15:23:31.839+0000] {logging_mixin.py:137} INFO - [2025-08-06T15:23:31.838+0000] {dagbag.py:538} INFO - Filling up the DagBag from /opt/airflow/dags/count.py
[2025-08-06T15:23:31.862+0000] {processor.py:753} INFO - DAG(s) dict_keys(['number_counting_dag']) retrieved from /opt/airflow/dags/count.py
[2025-08-06T15:23:31.891+0000] {logging_mixin.py:137} INFO - [2025-08-06T15:23:31.891+0000] {dag.py:2676} INFO - Sync 1 DAGs
[2025-08-06T15:23:31.906+0000] {logging_mixin.py:137} INFO - [2025-08-06T15:23:31.906+0000] {dag.py:3427} INFO - Setting next_dagrun for number_counting_dag to 2025-08-05T15:23:31.906175+00:00, run_after=2025-08-06T15:23:31.906175+00:00
[2025-08-06T15:23:31.915+0000] {processor.py:175} INFO - Processing /opt/airflow/dags/count.py took 0.083 seconds
[2025-08-06T15:24:02.124+0000] {processor.py:153} INFO - Started process (PID=539) to work on /opt/airflow/dags/count.py
[2025-08-06T15:24:02.125+0000] {processor.py:743} INFO - Processing file /opt/airflow/dags/count.py for tasks to queue
[2025-08-06T15:24:02.126+0000] {logging_mixin.py:137} INFO - [2025-08-06T15:24:02.126+0000] {dagbag.py:538} INFO - Filling up the DagBag from /opt/airflow/dags/count.py
[2025-08-06T15:24:02.150+0000] {processor.py:753} INFO - DAG(s) dict_keys(['number_counting_dag']) retrieved from /opt/airflow/dags/count.py
[2025-08-06T15:24:02.182+0000] {logging_mixin.py:137} INFO - [2025-08-06T15:24:02.182+0000] {dag.py:2676} INFO - Sync 1 DAGs
[2025-08-06T15:24:02.203+0000] {logging_mixin.py:137} INFO - [2025-08-06T15:24:02.203+0000] {dag.py:3427} INFO - Setting next_dagrun for number_counting_dag to 2025-08-05T15:24:02.203405+00:00, run_after=2025-08-06T15:24:02.203405+00:00
[2025-08-06T15:24:02.213+0000] {processor.py:175} INFO - Processing /opt/airflow/dags/count.py took 0.093 seconds
[2025-08-06T15:24:32.468+0000] {processor.py:153} INFO - Started process (PID=573) to work on /opt/airflow/dags/count.py
[2025-08-06T15:24:32.469+0000] {processor.py:743} INFO - Processing file /opt/airflow/dags/count.py for tasks to queue
[2025-08-06T15:24:32.471+0000] {logging_mixin.py:137} INFO - [2025-08-06T15:24:32.471+0000] {dagbag.py:538} INFO - Filling up the DagBag from /opt/airflow/dags/count.py
[2025-08-06T15:24:32.498+0000] {processor.py:753} INFO - DAG(s) dict_keys(['number_counting_dag']) retrieved from /opt/airflow/dags/count.py
[2025-08-06T15:24:32.527+0000] {logging_mixin.py:137} INFO - [2025-08-06T15:24:32.526+0000] {dag.py:2676} INFO - Sync 1 DAGs
[2025-08-06T15:24:32.541+0000] {logging_mixin.py:137} INFO - [2025-08-06T15:24:32.541+0000] {dag.py:3427} INFO - Setting next_dagrun for number_counting_dag to 2025-08-05T15:24:32.541422+00:00, run_after=2025-08-06T15:24:32.541422+00:00
[2025-08-06T15:24:32.550+0000] {processor.py:175} INFO - Processing /opt/airflow/dags/count.py took 0.088 seconds
[2025-08-06T15:25:02.820+0000] {processor.py:153} INFO - Started process (PID=623) to work on /opt/airflow/dags/count.py
[2025-08-06T15:25:02.822+0000] {processor.py:743} INFO - Processing file /opt/airflow/dags/count.py for tasks to queue
[2025-08-06T15:25:02.824+0000] {logging_mixin.py:137} INFO - [2025-08-06T15:25:02.824+0000] {dagbag.py:538} INFO - Filling up the DagBag from /opt/airflow/dags/count.py
[2025-08-06T15:25:02.850+0000] {processor.py:753} INFO - DAG(s) dict_keys(['number_counting_dag']) retrieved from /opt/airflow/dags/count.py
[2025-08-06T15:25:02.879+0000] {logging_mixin.py:137} INFO - [2025-08-06T15:25:02.878+0000] {dag.py:2676} INFO - Sync 1 DAGs
[2025-08-06T15:25:02.894+0000] {logging_mixin.py:137} INFO - [2025-08-06T15:25:02.894+0000] {dag.py:3427} INFO - Setting next_dagrun for number_counting_dag to 2025-08-05T15:25:02.894048+00:00, run_after=2025-08-06T15:25:02.894048+00:00
[2025-08-06T15:25:02.903+0000] {processor.py:175} INFO - Processing /opt/airflow/dags/count.py took 0.088 seconds
[2025-08-06T15:25:33.154+0000] {processor.py:153} INFO - Started process (PID=673) to work on /opt/airflow/dags/count.py
[2025-08-06T15:25:33.156+0000] {processor.py:743} INFO - Processing file /opt/airflow/dags/count.py for tasks to queue
[2025-08-06T15:25:33.158+0000] {logging_mixin.py:137} INFO - [2025-08-06T15:25:33.158+0000] {dagbag.py:538} INFO - Filling up the DagBag from /opt/airflow/dags/count.py
[2025-08-06T15:25:33.177+0000] {processor.py:753} INFO - DAG(s) dict_keys(['number_counting_dag']) retrieved from /opt/airflow/dags/count.py
[2025-08-06T15:25:33.214+0000] {logging_mixin.py:137} INFO - [2025-08-06T15:25:33.213+0000] {dag.py:2676} INFO - Sync 1 DAGs
[2025-08-06T15:25:33.241+0000] {logging_mixin.py:137} INFO - [2025-08-06T15:25:33.241+0000] {dag.py:3427} INFO - Setting next_dagrun for number_counting_dag to 2025-08-05T15:25:33.241376+00:00, run_after=2025-08-06T15:25:33.241376+00:00
[2025-08-06T15:25:33.260+0000] {processor.py:175} INFO - Processing /opt/airflow/dags/count.py took 0.108 seconds
[2025-08-06T15:26:03.459+0000] {processor.py:153} INFO - Started process (PID=708) to work on /opt/airflow/dags/count.py
[2025-08-06T15:26:03.460+0000] {processor.py:743} INFO - Processing file /opt/airflow/dags/count.py for tasks to queue
[2025-08-06T15:26:03.460+0000] {logging_mixin.py:137} INFO - [2025-08-06T15:26:03.460+0000] {dagbag.py:538} INFO - Filling up the DagBag from /opt/airflow/dags/count.py
[2025-08-06T15:26:03.480+0000] {processor.py:753} INFO - DAG(s) dict_keys(['number_counting_dag']) retrieved from /opt/airflow/dags/count.py
[2025-08-06T15:26:03.504+0000] {logging_mixin.py:137} INFO - [2025-08-06T15:26:03.504+0000] {dag.py:2676} INFO - Sync 1 DAGs
[2025-08-06T15:26:03.519+0000] {logging_mixin.py:137} INFO - [2025-08-06T15:26:03.519+0000] {dag.py:3427} INFO - Setting next_dagrun for number_counting_dag to 2025-08-05T15:26:03.519199+00:00, run_after=2025-08-06T15:26:03.519199+00:00
[2025-08-06T15:26:03.528+0000] {processor.py:175} INFO - Processing /opt/airflow/dags/count.py took 0.073 seconds
[2025-08-06T15:26:33.776+0000] {processor.py:153} INFO - Started process (PID=758) to work on /opt/airflow/dags/count.py
[2025-08-06T15:26:33.777+0000] {processor.py:743} INFO - Processing file /opt/airflow/dags/count.py for tasks to queue
[2025-08-06T15:26:33.779+0000] {logging_mixin.py:137} INFO - [2025-08-06T15:26:33.778+0000] {dagbag.py:538} INFO - Filling up the DagBag from /opt/airflow/dags/count.py
[2025-08-06T15:26:33.803+0000] {processor.py:753} INFO - DAG(s) dict_keys(['number_counting_dag']) retrieved from /opt/airflow/dags/count.py
[2025-08-06T15:26:33.832+0000] {logging_mixin.py:137} INFO - [2025-08-06T15:26:33.832+0000] {dag.py:2676} INFO - Sync 1 DAGs
[2025-08-06T15:26:33.851+0000] {logging_mixin.py:137} INFO - [2025-08-06T15:26:33.851+0000] {dag.py:3427} INFO - Setting next_dagrun for number_counting_dag to 2025-08-05T15:26:33.851028+00:00, run_after=2025-08-06T15:26:33.851028+00:00
[2025-08-06T15:26:33.861+0000] {processor.py:175} INFO - Processing /opt/airflow/dags/count.py took 0.092 seconds
[2025-08-06T15:27:04.102+0000] {processor.py:153} INFO - Started process (PID=808) to work on /opt/airflow/dags/count.py
[2025-08-06T15:27:04.103+0000] {processor.py:743} INFO - Processing file /opt/airflow/dags/count.py for tasks to queue
[2025-08-06T15:27:04.104+0000] {logging_mixin.py:137} INFO - [2025-08-06T15:27:04.104+0000] {dagbag.py:538} INFO - Filling up the DagBag from /opt/airflow/dags/count.py
[2025-08-06T15:27:04.127+0000] {processor.py:753} INFO - DAG(s) dict_keys(['number_counting_dag']) retrieved from /opt/airflow/dags/count.py
[2025-08-06T15:27:04.170+0000] {logging_mixin.py:137} INFO - [2025-08-06T15:27:04.169+0000] {dag.py:2676} INFO - Sync 1 DAGs
[2025-08-06T15:27:04.185+0000] {logging_mixin.py:137} INFO - [2025-08-06T15:27:04.185+0000] {dag.py:3427} INFO - Setting next_dagrun for number_counting_dag to 2025-08-05T15:27:04.185002+00:00, run_after=2025-08-06T15:27:04.185002+00:00
[2025-08-06T15:27:04.195+0000] {processor.py:175} INFO - Processing /opt/airflow/dags/count.py took 0.097 seconds
[2025-08-06T15:27:34.444+0000] {processor.py:153} INFO - Started process (PID=841) to work on /opt/airflow/dags/count.py
[2025-08-06T15:27:34.446+0000] {processor.py:743} INFO - Processing file /opt/airflow/dags/count.py for tasks to queue
[2025-08-06T15:27:34.447+0000] {logging_mixin.py:137} INFO - [2025-08-06T15:27:34.447+0000] {dagbag.py:538} INFO - Filling up the DagBag from /opt/airflow/dags/count.py
[2025-08-06T15:27:34.465+0000] {processor.py:753} INFO - DAG(s) dict_keys(['number_counting_dag']) retrieved from /opt/airflow/dags/count.py
[2025-08-06T15:27:34.492+0000] {logging_mixin.py:137} INFO - [2025-08-06T15:27:34.492+0000] {dag.py:2676} INFO - Sync 1 DAGs
[2025-08-06T15:27:34.507+0000] {logging_mixin.py:137} INFO - [2025-08-06T15:27:34.507+0000] {dag.py:3427} INFO - Setting next_dagrun for number_counting_dag to 2025-08-05T15:27:34.507029+00:00, run_after=2025-08-06T15:27:34.507029+00:00
[2025-08-06T15:27:34.516+0000] {processor.py:175} INFO - Processing /opt/airflow/dags/count.py took 0.076 seconds
[2025-08-06T15:28:04.761+0000] {processor.py:153} INFO - Started process (PID=891) to work on /opt/airflow/dags/count.py
[2025-08-06T15:28:04.763+0000] {processor.py:743} INFO - Processing file /opt/airflow/dags/count.py for tasks to queue
[2025-08-06T15:28:04.764+0000] {logging_mixin.py:137} INFO - [2025-08-06T15:28:04.764+0000] {dagbag.py:538} INFO - Filling up the DagBag from /opt/airflow/dags/count.py
[2025-08-06T15:28:04.782+0000] {processor.py:753} INFO - DAG(s) dict_keys(['number_counting_dag']) retrieved from /opt/airflow/dags/count.py
[2025-08-06T15:28:04.811+0000] {logging_mixin.py:137} INFO - [2025-08-06T15:28:04.811+0000] {dag.py:2676} INFO - Sync 1 DAGs
[2025-08-06T15:28:04.826+0000] {logging_mixin.py:137} INFO - [2025-08-06T15:28:04.825+0000] {dag.py:3427} INFO - Setting next_dagrun for number_counting_dag to 2025-08-05T15:28:04.825809+00:00, run_after=2025-08-06T15:28:04.825809+00:00
[2025-08-06T15:28:04.834+0000] {processor.py:175} INFO - Processing /opt/airflow/dags/count.py took 0.079 seconds
[2025-08-06T15:28:35.140+0000] {processor.py:153} INFO - Started process (PID=941) to work on /opt/airflow/dags/count.py
[2025-08-06T15:28:35.141+0000] {processor.py:743} INFO - Processing file /opt/airflow/dags/count.py for tasks to queue
[2025-08-06T15:28:35.142+0000] {logging_mixin.py:137} INFO - [2025-08-06T15:28:35.142+0000] {dagbag.py:538} INFO - Filling up the DagBag from /opt/airflow/dags/count.py
[2025-08-06T15:28:35.166+0000] {processor.py:753} INFO - DAG(s) dict_keys(['number_counting_dag']) retrieved from /opt/airflow/dags/count.py
[2025-08-06T15:28:35.199+0000] {logging_mixin.py:137} INFO - [2025-08-06T15:28:35.199+0000] {dag.py:2676} INFO - Sync 1 DAGs
[2025-08-06T15:28:35.213+0000] {logging_mixin.py:137} INFO - [2025-08-06T15:28:35.213+0000] {dag.py:3427} INFO - Setting next_dagrun for number_counting_dag to 2025-08-05T15:28:35.213528+00:00, run_after=2025-08-06T15:28:35.213528+00:00
[2025-08-06T15:28:35.223+0000] {processor.py:175} INFO - Processing /opt/airflow/dags/count.py took 0.089 seconds
[2025-08-06T15:29:05.505+0000] {processor.py:153} INFO - Started process (PID=975) to work on /opt/airflow/dags/count.py
[2025-08-06T15:29:05.506+0000] {processor.py:743} INFO - Processing file /opt/airflow/dags/count.py for tasks to queue
[2025-08-06T15:29:05.508+0000] {logging_mixin.py:137} INFO - [2025-08-06T15:29:05.508+0000] {dagbag.py:538} INFO - Filling up the DagBag from /opt/airflow/dags/count.py
[2025-08-06T15:29:05.530+0000] {processor.py:753} INFO - DAG(s) dict_keys(['number_counting_dag']) retrieved from /opt/airflow/dags/count.py
[2025-08-06T15:29:05.559+0000] {logging_mixin.py:137} INFO - [2025-08-06T15:29:05.559+0000] {dag.py:2676} INFO - Sync 1 DAGs
[2025-08-06T15:29:05.574+0000] {logging_mixin.py:137} INFO - [2025-08-06T15:29:05.574+0000] {dag.py:3427} INFO - Setting next_dagrun for number_counting_dag to 2025-08-05T15:29:05.574230+00:00, run_after=2025-08-06T15:29:05.574230+00:00
[2025-08-06T15:29:05.583+0000] {processor.py:175} INFO - Processing /opt/airflow/dags/count.py took 0.083 seconds
[2025-08-06T15:29:35.818+0000] {processor.py:153} INFO - Started process (PID=1025) to work on /opt/airflow/dags/count.py
[2025-08-06T15:29:35.819+0000] {processor.py:743} INFO - Processing file /opt/airflow/dags/count.py for tasks to queue
[2025-08-06T15:29:35.820+0000] {logging_mixin.py:137} INFO - [2025-08-06T15:29:35.820+0000] {dagbag.py:538} INFO - Filling up the DagBag from /opt/airflow/dags/count.py
[2025-08-06T15:29:35.846+0000] {processor.py:753} INFO - DAG(s) dict_keys(['number_counting_dag']) retrieved from /opt/airflow/dags/count.py
[2025-08-06T15:29:35.873+0000] {logging_mixin.py:137} INFO - [2025-08-06T15:29:35.873+0000] {dag.py:2676} INFO - Sync 1 DAGs
[2025-08-06T15:29:35.888+0000] {logging_mixin.py:137} INFO - [2025-08-06T15:29:35.888+0000] {dag.py:3427} INFO - Setting next_dagrun for number_counting_dag to 2025-08-05T15:29:35.887960+00:00, run_after=2025-08-06T15:29:35.887960+00:00
[2025-08-06T15:29:35.897+0000] {processor.py:175} INFO - Processing /opt/airflow/dags/count.py took 0.085 seconds
[2025-08-06T15:30:06.146+0000] {processor.py:153} INFO - Started process (PID=1075) to work on /opt/airflow/dags/count.py
[2025-08-06T15:30:06.147+0000] {processor.py:743} INFO - Processing file /opt/airflow/dags/count.py for tasks to queue
[2025-08-06T15:30:06.148+0000] {logging_mixin.py:137} INFO - [2025-08-06T15:30:06.148+0000] {dagbag.py:538} INFO - Filling up the DagBag from /opt/airflow/dags/count.py
[2025-08-06T15:30:06.161+0000] {processor.py:753} INFO - DAG(s) dict_keys(['number_counting_dag']) retrieved from /opt/airflow/dags/count.py
[2025-08-06T15:30:06.184+0000] {logging_mixin.py:137} INFO - [2025-08-06T15:30:06.184+0000] {dag.py:2676} INFO - Sync 1 DAGs
[2025-08-06T15:30:06.197+0000] {logging_mixin.py:137} INFO - [2025-08-06T15:30:06.197+0000] {dag.py:3427} INFO - Setting next_dagrun for number_counting_dag to 2025-08-05T15:30:06.197648+00:00, run_after=2025-08-06T15:30:06.197648+00:00
[2025-08-06T15:30:06.206+0000] {processor.py:175} INFO - Processing /opt/airflow/dags/count.py took 0.063 seconds
[2025-08-06T15:30:36.484+0000] {processor.py:153} INFO - Started process (PID=1109) to work on /opt/airflow/dags/count.py
[2025-08-06T15:30:36.486+0000] {processor.py:743} INFO - Processing file /opt/airflow/dags/count.py for tasks to queue
[2025-08-06T15:30:36.487+0000] {logging_mixin.py:137} INFO - [2025-08-06T15:30:36.487+0000] {dagbag.py:538} INFO - Filling up the DagBag from /opt/airflow/dags/count.py
[2025-08-06T15:30:36.516+0000] {processor.py:753} INFO - DAG(s) dict_keys(['number_counting_dag']) retrieved from /opt/airflow/dags/count.py
[2025-08-06T15:30:36.556+0000] {logging_mixin.py:137} INFO - [2025-08-06T15:30:36.556+0000] {dag.py:2676} INFO - Sync 1 DAGs
[2025-08-06T15:30:36.577+0000] {logging_mixin.py:137} INFO - [2025-08-06T15:30:36.577+0000] {dag.py:3427} INFO - Setting next_dagrun for number_counting_dag to 2025-08-05T15:30:36.577062+00:00, run_after=2025-08-06T15:30:36.577062+00:00
[2025-08-06T15:30:36.593+0000] {processor.py:175} INFO - Processing /opt/airflow/dags/count.py took 0.115 seconds
[2025-08-06T15:31:06.827+0000] {processor.py:153} INFO - Started process (PID=1159) to work on /opt/airflow/dags/count.py
[2025-08-06T15:31:06.829+0000] {processor.py:743} INFO - Processing file /opt/airflow/dags/count.py for tasks to queue
[2025-08-06T15:31:06.830+0000] {logging_mixin.py:137} INFO - [2025-08-06T15:31:06.830+0000] {dagbag.py:538} INFO - Filling up the DagBag from /opt/airflow/dags/count.py
[2025-08-06T15:31:06.849+0000] {processor.py:753} INFO - DAG(s) dict_keys(['number_counting_dag']) retrieved from /opt/airflow/dags/count.py
[2025-08-06T15:31:06.876+0000] {logging_mixin.py:137} INFO - [2025-08-06T15:31:06.876+0000] {dag.py:2676} INFO - Sync 1 DAGs
[2025-08-06T15:31:06.890+0000] {logging_mixin.py:137} INFO - [2025-08-06T15:31:06.890+0000] {dag.py:3427} INFO - Setting next_dagrun for number_counting_dag to 2025-08-05T15:31:06.890104+00:00, run_after=2025-08-06T15:31:06.890104+00:00
[2025-08-06T15:31:06.899+0000] {processor.py:175} INFO - Processing /opt/airflow/dags/count.py took 0.076 seconds
[2025-08-06T15:31:37.145+0000] {processor.py:153} INFO - Started process (PID=1209) to work on /opt/airflow/dags/count.py
[2025-08-06T15:31:37.146+0000] {processor.py:743} INFO - Processing file /opt/airflow/dags/count.py for tasks to queue
[2025-08-06T15:31:37.147+0000] {logging_mixin.py:137} INFO - [2025-08-06T15:31:37.147+0000] {dagbag.py:538} INFO - Filling up the DagBag from /opt/airflow/dags/count.py
[2025-08-06T15:31:37.172+0000] {processor.py:753} INFO - DAG(s) dict_keys(['number_counting_dag']) retrieved from /opt/airflow/dags/count.py
[2025-08-06T15:31:37.201+0000] {logging_mixin.py:137} INFO - [2025-08-06T15:31:37.201+0000] {dag.py:2676} INFO - Sync 1 DAGs
[2025-08-06T15:31:37.216+0000] {logging_mixin.py:137} INFO - [2025-08-06T15:31:37.216+0000] {dag.py:3427} INFO - Setting next_dagrun for number_counting_dag to 2025-08-05T15:31:37.216040+00:00, run_after=2025-08-06T15:31:37.216040+00:00
[2025-08-06T15:31:37.225+0000] {processor.py:175} INFO - Processing /opt/airflow/dags/count.py took 0.086 seconds
[2025-08-06T15:32:07.478+0000] {processor.py:153} INFO - Started process (PID=1243) to work on /opt/airflow/dags/count.py
[2025-08-06T15:32:07.480+0000] {processor.py:743} INFO - Processing file /opt/airflow/dags/count.py for tasks to queue
[2025-08-06T15:32:07.482+0000] {logging_mixin.py:137} INFO - [2025-08-06T15:32:07.482+0000] {dagbag.py:538} INFO - Filling up the DagBag from /opt/airflow/dags/count.py
[2025-08-06T15:32:07.505+0000] {processor.py:753} INFO - DAG(s) dict_keys(['number_counting_dag']) retrieved from /opt/airflow/dags/count.py
[2025-08-06T15:32:07.532+0000] {logging_mixin.py:137} INFO - [2025-08-06T15:32:07.532+0000] {dag.py:2676} INFO - Sync 1 DAGs
[2025-08-06T15:32:07.546+0000] {logging_mixin.py:137} INFO - [2025-08-06T15:32:07.546+0000] {dag.py:3427} INFO - Setting next_dagrun for number_counting_dag to 2025-08-05T15:32:07.545994+00:00, run_after=2025-08-06T15:32:07.545994+00:00
[2025-08-06T15:32:07.555+0000] {processor.py:175} INFO - Processing /opt/airflow/dags/count.py took 0.083 seconds
[2025-08-06T15:32:37.776+0000] {processor.py:153} INFO - Started process (PID=1293) to work on /opt/airflow/dags/count.py
[2025-08-06T15:32:37.777+0000] {processor.py:743} INFO - Processing file /opt/airflow/dags/count.py for tasks to queue
[2025-08-06T15:32:37.779+0000] {logging_mixin.py:137} INFO - [2025-08-06T15:32:37.778+0000] {dagbag.py:538} INFO - Filling up the DagBag from /opt/airflow/dags/count.py
[2025-08-06T15:32:37.807+0000] {processor.py:753} INFO - DAG(s) dict_keys(['number_counting_dag']) retrieved from /opt/airflow/dags/count.py
[2025-08-06T15:32:37.837+0000] {logging_mixin.py:137} INFO - [2025-08-06T15:32:37.837+0000] {dag.py:2676} INFO - Sync 1 DAGs
[2025-08-06T15:32:37.859+0000] {logging_mixin.py:137} INFO - [2025-08-06T15:32:37.859+0000] {dag.py:3427} INFO - Setting next_dagrun for number_counting_dag to 2025-08-05T15:32:37.859488+00:00, run_after=2025-08-06T15:32:37.859488+00:00
[2025-08-06T15:32:37.869+0000] {processor.py:175} INFO - Processing /opt/airflow/dags/count.py took 0.099 seconds
[2025-08-06T15:33:08.100+0000] {processor.py:153} INFO - Started process (PID=1343) to work on /opt/airflow/dags/count.py
[2025-08-06T15:33:08.102+0000] {processor.py:743} INFO - Processing file /opt/airflow/dags/count.py for tasks to queue
[2025-08-06T15:33:08.103+0000] {logging_mixin.py:137} INFO - [2025-08-06T15:33:08.103+0000] {dagbag.py:538} INFO - Filling up the DagBag from /opt/airflow/dags/count.py
[2025-08-06T15:33:08.127+0000] {processor.py:753} INFO - DAG(s) dict_keys(['number_counting_dag']) retrieved from /opt/airflow/dags/count.py
[2025-08-06T15:33:08.156+0000] {logging_mixin.py:137} INFO - [2025-08-06T15:33:08.156+0000] {dag.py:2676} INFO - Sync 1 DAGs
[2025-08-06T15:33:08.172+0000] {logging_mixin.py:137} INFO - [2025-08-06T15:33:08.172+0000] {dag.py:3427} INFO - Setting next_dagrun for number_counting_dag to 2025-08-05T15:33:08.172028+00:00, run_after=2025-08-06T15:33:08.172028+00:00
[2025-08-06T15:33:08.181+0000] {processor.py:175} INFO - Processing /opt/airflow/dags/count.py took 0.087 seconds
[2025-08-06T15:33:38.452+0000] {processor.py:153} INFO - Started process (PID=1377) to work on /opt/airflow/dags/count.py
[2025-08-06T15:33:38.453+0000] {processor.py:743} INFO - Processing file /opt/airflow/dags/count.py for tasks to queue
[2025-08-06T15:33:38.455+0000] {logging_mixin.py:137} INFO - [2025-08-06T15:33:38.454+0000] {dagbag.py:538} INFO - Filling up the DagBag from /opt/airflow/dags/count.py
[2025-08-06T15:33:38.468+0000] {processor.py:753} INFO - DAG(s) dict_keys(['number_counting_dag']) retrieved from /opt/airflow/dags/count.py
[2025-08-06T15:33:38.495+0000] {logging_mixin.py:137} INFO - [2025-08-06T15:33:38.495+0000] {dag.py:2676} INFO - Sync 1 DAGs
[2025-08-06T15:33:38.508+0000] {logging_mixin.py:137} INFO - [2025-08-06T15:33:38.508+0000] {dag.py:3427} INFO - Setting next_dagrun for number_counting_dag to 2025-08-05T15:33:38.508619+00:00, run_after=2025-08-06T15:33:38.508619+00:00
[2025-08-06T15:33:38.517+0000] {processor.py:175} INFO - Processing /opt/airflow/dags/count.py took 0.068 seconds
[2025-08-06T15:34:08.769+0000] {processor.py:153} INFO - Started process (PID=1427) to work on /opt/airflow/dags/count.py
[2025-08-06T15:34:08.770+0000] {processor.py:743} INFO - Processing file /opt/airflow/dags/count.py for tasks to queue
[2025-08-06T15:34:08.772+0000] {logging_mixin.py:137} INFO - [2025-08-06T15:34:08.772+0000] {dagbag.py:538} INFO - Filling up the DagBag from /opt/airflow/dags/count.py
[2025-08-06T15:34:08.791+0000] {processor.py:753} INFO - DAG(s) dict_keys(['number_counting_dag']) retrieved from /opt/airflow/dags/count.py
[2025-08-06T15:34:08.818+0000] {logging_mixin.py:137} INFO - [2025-08-06T15:34:08.818+0000] {dag.py:2676} INFO - Sync 1 DAGs
[2025-08-06T15:34:08.832+0000] {logging_mixin.py:137} INFO - [2025-08-06T15:34:08.832+0000] {dag.py:3427} INFO - Setting next_dagrun for number_counting_dag to 2025-08-05T15:34:08.832573+00:00, run_after=2025-08-06T15:34:08.832573+00:00
[2025-08-06T15:34:08.841+0000] {processor.py:175} INFO - Processing /opt/airflow/dags/count.py took 0.077 seconds
[2025-08-06T15:34:39.109+0000] {processor.py:153} INFO - Started process (PID=1477) to work on /opt/airflow/dags/count.py
[2025-08-06T15:34:39.111+0000] {processor.py:743} INFO - Processing file /opt/airflow/dags/count.py for tasks to queue
[2025-08-06T15:34:39.112+0000] {logging_mixin.py:137} INFO - [2025-08-06T15:34:39.112+0000] {dagbag.py:538} INFO - Filling up the DagBag from /opt/airflow/dags/count.py
[2025-08-06T15:34:39.137+0000] {processor.py:753} INFO - DAG(s) dict_keys(['number_counting_dag']) retrieved from /opt/airflow/dags/count.py
[2025-08-06T15:34:39.181+0000] {logging_mixin.py:137} INFO - [2025-08-06T15:34:39.181+0000] {dag.py:2676} INFO - Sync 1 DAGs
[2025-08-06T15:34:39.196+0000] {logging_mixin.py:137} INFO - [2025-08-06T15:34:39.196+0000] {dag.py:3427} INFO - Setting next_dagrun for number_counting_dag to 2025-08-05T15:34:39.195887+00:00, run_after=2025-08-06T15:34:39.195887+00:00
[2025-08-06T15:34:39.204+0000] {processor.py:175} INFO - Processing /opt/airflow/dags/count.py took 0.101 seconds
[2025-08-06T15:35:09.446+0000] {processor.py:153} INFO - Started process (PID=1510) to work on /opt/airflow/dags/count.py
[2025-08-06T15:35:09.447+0000] {processor.py:743} INFO - Processing file /opt/airflow/dags/count.py for tasks to queue
[2025-08-06T15:35:09.448+0000] {logging_mixin.py:137} INFO - [2025-08-06T15:35:09.448+0000] {dagbag.py:538} INFO - Filling up the DagBag from /opt/airflow/dags/count.py
[2025-08-06T15:35:09.467+0000] {processor.py:753} INFO - DAG(s) dict_keys(['number_counting_dag']) retrieved from /opt/airflow/dags/count.py
[2025-08-06T15:35:09.496+0000] {logging_mixin.py:137} INFO - [2025-08-06T15:35:09.496+0000] {dag.py:2676} INFO - Sync 1 DAGs
[2025-08-06T15:35:09.522+0000] {logging_mixin.py:137} INFO - [2025-08-06T15:35:09.522+0000] {dag.py:3427} INFO - Setting next_dagrun for number_counting_dag to 2025-08-06T15:34:39.195887+00:00, run_after=2025-08-07T15:34:39.195887+00:00
[2025-08-06T15:35:09.535+0000] {processor.py:175} INFO - Processing /opt/airflow/dags/count.py took 0.093 seconds
[2025-08-06T15:35:39.779+0000] {processor.py:153} INFO - Started process (PID=1560) to work on /opt/airflow/dags/count.py
[2025-08-06T15:35:39.780+0000] {processor.py:743} INFO - Processing file /opt/airflow/dags/count.py for tasks to queue
[2025-08-06T15:35:39.781+0000] {logging_mixin.py:137} INFO - [2025-08-06T15:35:39.781+0000] {dagbag.py:538} INFO - Filling up the DagBag from /opt/airflow/dags/count.py
[2025-08-06T15:35:39.802+0000] {processor.py:753} INFO - DAG(s) dict_keys(['number_counting_dag']) retrieved from /opt/airflow/dags/count.py
[2025-08-06T15:35:39.829+0000] {logging_mixin.py:137} INFO - [2025-08-06T15:35:39.829+0000] {dag.py:2676} INFO - Sync 1 DAGs
[2025-08-06T15:35:39.844+0000] {logging_mixin.py:137} INFO - [2025-08-06T15:35:39.844+0000] {dag.py:3427} INFO - Setting next_dagrun for number_counting_dag to 2025-08-06T15:34:39.195887+00:00, run_after=2025-08-07T15:34:39.195887+00:00
[2025-08-06T15:35:39.853+0000] {processor.py:175} INFO - Processing /opt/airflow/dags/count.py took 0.079 seconds
[2025-08-06T15:36:10.108+0000] {processor.py:153} INFO - Started process (PID=1610) to work on /opt/airflow/dags/count.py
[2025-08-06T15:36:10.109+0000] {processor.py:743} INFO - Processing file /opt/airflow/dags/count.py for tasks to queue
[2025-08-06T15:36:10.110+0000] {logging_mixin.py:137} INFO - [2025-08-06T15:36:10.110+0000] {dagbag.py:538} INFO - Filling up the DagBag from /opt/airflow/dags/count.py
[2025-08-06T15:36:10.138+0000] {processor.py:753} INFO - DAG(s) dict_keys(['number_counting_dag']) retrieved from /opt/airflow/dags/count.py
[2025-08-06T15:36:10.167+0000] {logging_mixin.py:137} INFO - [2025-08-06T15:36:10.167+0000] {dag.py:2676} INFO - Sync 1 DAGs
[2025-08-06T15:36:10.182+0000] {logging_mixin.py:137} INFO - [2025-08-06T15:36:10.182+0000] {dag.py:3427} INFO - Setting next_dagrun for number_counting_dag to 2025-08-06T15:34:39.195887+00:00, run_after=2025-08-07T15:34:39.195887+00:00
[2025-08-06T15:36:10.191+0000] {processor.py:175} INFO - Processing /opt/airflow/dags/count.py took 0.089 seconds
[2025-08-06T15:36:40.434+0000] {processor.py:153} INFO - Started process (PID=1653) to work on /opt/airflow/dags/count.py
[2025-08-06T15:36:40.435+0000] {processor.py:743} INFO - Processing file /opt/airflow/dags/count.py for tasks to queue
[2025-08-06T15:36:40.436+0000] {logging_mixin.py:137} INFO - [2025-08-06T15:36:40.436+0000] {dagbag.py:538} INFO - Filling up the DagBag from /opt/airflow/dags/count.py
[2025-08-06T15:36:40.450+0000] {processor.py:753} INFO - DAG(s) dict_keys(['number_counting_dag']) retrieved from /opt/airflow/dags/count.py
[2025-08-06T15:36:40.475+0000] {logging_mixin.py:137} INFO - [2025-08-06T15:36:40.475+0000] {dag.py:2676} INFO - Sync 1 DAGs
[2025-08-06T15:36:40.490+0000] {logging_mixin.py:137} INFO - [2025-08-06T15:36:40.490+0000] {dag.py:3427} INFO - Setting next_dagrun for number_counting_dag to 2025-08-06T15:34:39.195887+00:00, run_after=2025-08-07T15:34:39.195887+00:00
[2025-08-06T15:36:40.502+0000] {processor.py:175} INFO - Processing /opt/airflow/dags/count.py took 0.071 seconds
[2025-08-06T15:37:10.725+0000] {processor.py:153} INFO - Started process (PID=1694) to work on /opt/airflow/dags/count.py
[2025-08-06T15:37:10.725+0000] {processor.py:743} INFO - Processing file /opt/airflow/dags/count.py for tasks to queue
[2025-08-06T15:37:10.727+0000] {logging_mixin.py:137} INFO - [2025-08-06T15:37:10.727+0000] {dagbag.py:538} INFO - Filling up the DagBag from /opt/airflow/dags/count.py
[2025-08-06T15:37:10.748+0000] {processor.py:753} INFO - DAG(s) dict_keys(['number_counting_dag']) retrieved from /opt/airflow/dags/count.py
[2025-08-06T15:37:10.789+0000] {logging_mixin.py:137} INFO - [2025-08-06T15:37:10.789+0000] {dag.py:2676} INFO - Sync 1 DAGs
[2025-08-06T15:37:10.815+0000] {logging_mixin.py:137} INFO - [2025-08-06T15:37:10.815+0000] {dag.py:3427} INFO - Setting next_dagrun for number_counting_dag to 2025-08-06T15:34:39.195887+00:00, run_after=2025-08-07T15:34:39.195887+00:00
[2025-08-06T15:37:10.837+0000] {processor.py:175} INFO - Processing /opt/airflow/dags/count.py took 0.116 seconds
[2025-08-06T15:37:41.085+0000] {processor.py:153} INFO - Started process (PID=1743) to work on /opt/airflow/dags/count.py
[2025-08-06T15:37:41.086+0000] {processor.py:743} INFO - Processing file /opt/airflow/dags/count.py for tasks to queue
[2025-08-06T15:37:41.088+0000] {logging_mixin.py:137} INFO - [2025-08-06T15:37:41.088+0000] {dagbag.py:538} INFO - Filling up the DagBag from /opt/airflow/dags/count.py
[2025-08-06T15:37:41.110+0000] {processor.py:753} INFO - DAG(s) dict_keys(['number_counting_dag']) retrieved from /opt/airflow/dags/count.py
[2025-08-06T15:37:41.137+0000] {logging_mixin.py:137} INFO - [2025-08-06T15:37:41.137+0000] {dag.py:2676} INFO - Sync 1 DAGs
[2025-08-06T15:37:41.151+0000] {logging_mixin.py:137} INFO - [2025-08-06T15:37:41.151+0000] {dag.py:3427} INFO - Setting next_dagrun for number_counting_dag to 2025-08-06T15:34:39.195887+00:00, run_after=2025-08-07T15:34:39.195887+00:00
[2025-08-06T15:37:41.160+0000] {processor.py:175} INFO - Processing /opt/airflow/dags/count.py took 0.080 seconds
[2025-08-06T15:38:11.392+0000] {processor.py:153} INFO - Started process (PID=1793) to work on /opt/airflow/dags/count.py
[2025-08-06T15:38:11.392+0000] {processor.py:743} INFO - Processing file /opt/airflow/dags/count.py for tasks to queue
[2025-08-06T15:38:11.394+0000] {logging_mixin.py:137} INFO - [2025-08-06T15:38:11.393+0000] {dagbag.py:538} INFO - Filling up the DagBag from /opt/airflow/dags/count.py
[2025-08-06T15:38:11.408+0000] {processor.py:753} INFO - DAG(s) dict_keys(['number_counting_dag']) retrieved from /opt/airflow/dags/count.py
[2025-08-06T15:38:11.439+0000] {logging_mixin.py:137} INFO - [2025-08-06T15:38:11.439+0000] {dag.py:2676} INFO - Sync 1 DAGs
[2025-08-06T15:38:11.456+0000] {logging_mixin.py:137} INFO - [2025-08-06T15:38:11.455+0000] {dag.py:3427} INFO - Setting next_dagrun for number_counting_dag to 2025-08-06T15:34:39.195887+00:00, run_after=2025-08-07T15:34:39.195887+00:00
[2025-08-06T15:38:11.466+0000] {processor.py:175} INFO - Processing /opt/airflow/dags/count.py took 0.078 seconds
[2025-08-06T15:38:41.736+0000] {processor.py:153} INFO - Started process (PID=1827) to work on /opt/airflow/dags/count.py
[2025-08-06T15:38:41.738+0000] {processor.py:743} INFO - Processing file /opt/airflow/dags/count.py for tasks to queue
[2025-08-06T15:38:41.739+0000] {logging_mixin.py:137} INFO - [2025-08-06T15:38:41.739+0000] {dagbag.py:538} INFO - Filling up the DagBag from /opt/airflow/dags/count.py
[2025-08-06T15:38:41.756+0000] {processor.py:753} INFO - DAG(s) dict_keys(['number_counting_dag']) retrieved from /opt/airflow/dags/count.py
[2025-08-06T15:38:41.786+0000] {logging_mixin.py:137} INFO - [2025-08-06T15:38:41.786+0000] {dag.py:2676} INFO - Sync 1 DAGs
[2025-08-06T15:38:41.800+0000] {logging_mixin.py:137} INFO - [2025-08-06T15:38:41.800+0000] {dag.py:3427} INFO - Setting next_dagrun for number_counting_dag to 2025-08-06T15:34:39.195887+00:00, run_after=2025-08-07T15:34:39.195887+00:00
[2025-08-06T15:38:41.809+0000] {processor.py:175} INFO - Processing /opt/airflow/dags/count.py took 0.077 seconds
[2025-08-06T15:39:12.052+0000] {processor.py:153} INFO - Started process (PID=1877) to work on /opt/airflow/dags/count.py
[2025-08-06T15:39:12.052+0000] {processor.py:743} INFO - Processing file /opt/airflow/dags/count.py for tasks to queue
[2025-08-06T15:39:12.052+0000] {logging_mixin.py:137} INFO - [2025-08-06T15:39:12.052+0000] {dagbag.py:538} INFO - Filling up the DagBag from /opt/airflow/dags/count.py
[2025-08-06T15:39:12.063+0000] {processor.py:753} INFO - DAG(s) dict_keys(['number_counting_dag']) retrieved from /opt/airflow/dags/count.py
[2025-08-06T15:39:12.099+0000] {logging_mixin.py:137} INFO - [2025-08-06T15:39:12.098+0000] {dag.py:2676} INFO - Sync 1 DAGs
[2025-08-06T15:39:12.127+0000] {logging_mixin.py:137} INFO - [2025-08-06T15:39:12.127+0000] {dag.py:3427} INFO - Setting next_dagrun for number_counting_dag to 2025-08-06T15:34:39.195887+00:00, run_after=2025-08-07T15:34:39.195887+00:00
[2025-08-06T15:39:12.143+0000] {processor.py:175} INFO - Processing /opt/airflow/dags/count.py took 0.093 seconds
[2025-08-06T15:39:42.365+0000] {processor.py:153} INFO - Started process (PID=1927) to work on /opt/airflow/dags/count.py
[2025-08-06T15:39:42.366+0000] {processor.py:743} INFO - Processing file /opt/airflow/dags/count.py for tasks to queue
[2025-08-06T15:39:42.368+0000] {logging_mixin.py:137} INFO - [2025-08-06T15:39:42.368+0000] {dagbag.py:538} INFO - Filling up the DagBag from /opt/airflow/dags/count.py
[2025-08-06T15:39:42.394+0000] {processor.py:753} INFO - DAG(s) dict_keys(['number_counting_dag']) retrieved from /opt/airflow/dags/count.py
[2025-08-06T15:39:42.422+0000] {logging_mixin.py:137} INFO - [2025-08-06T15:39:42.422+0000] {dag.py:2676} INFO - Sync 1 DAGs
[2025-08-06T15:39:42.437+0000] {logging_mixin.py:137} INFO - [2025-08-06T15:39:42.437+0000] {dag.py:3427} INFO - Setting next_dagrun for number_counting_dag to 2025-08-06T15:34:39.195887+00:00, run_after=2025-08-07T15:34:39.195887+00:00
[2025-08-06T15:39:42.446+0000] {processor.py:175} INFO - Processing /opt/airflow/dags/count.py took 0.087 seconds
[2025-08-06T15:40:12.699+0000] {processor.py:153} INFO - Started process (PID=1961) to work on /opt/airflow/dags/count.py
[2025-08-06T15:40:12.701+0000] {processor.py:743} INFO - Processing file /opt/airflow/dags/count.py for tasks to queue
[2025-08-06T15:40:12.703+0000] {logging_mixin.py:137} INFO - [2025-08-06T15:40:12.702+0000] {dagbag.py:538} INFO - Filling up the DagBag from /opt/airflow/dags/count.py
[2025-08-06T15:40:12.722+0000] {processor.py:753} INFO - DAG(s) dict_keys(['number_counting_dag']) retrieved from /opt/airflow/dags/count.py
[2025-08-06T15:40:12.750+0000] {logging_mixin.py:137} INFO - [2025-08-06T15:40:12.750+0000] {dag.py:2676} INFO - Sync 1 DAGs
[2025-08-06T15:40:12.765+0000] {logging_mixin.py:137} INFO - [2025-08-06T15:40:12.765+0000] {dag.py:3427} INFO - Setting next_dagrun for number_counting_dag to 2025-08-06T15:34:39.195887+00:00, run_after=2025-08-07T15:34:39.195887+00:00
[2025-08-06T15:40:12.773+0000] {processor.py:175} INFO - Processing /opt/airflow/dags/count.py took 0.079 seconds
[2025-08-06T15:40:43.000+0000] {processor.py:153} INFO - Started process (PID=2011) to work on /opt/airflow/dags/count.py
[2025-08-06T15:40:43.001+0000] {processor.py:743} INFO - Processing file /opt/airflow/dags/count.py for tasks to queue
[2025-08-06T15:40:43.002+0000] {logging_mixin.py:137} INFO - [2025-08-06T15:40:43.002+0000] {dagbag.py:538} INFO - Filling up the DagBag from /opt/airflow/dags/count.py
[2025-08-06T15:40:43.030+0000] {processor.py:753} INFO - DAG(s) dict_keys(['number_counting_dag']) retrieved from /opt/airflow/dags/count.py
[2025-08-06T15:40:43.062+0000] {logging_mixin.py:137} INFO - [2025-08-06T15:40:43.062+0000] {dag.py:2676} INFO - Sync 1 DAGs
[2025-08-06T15:40:43.077+0000] {logging_mixin.py:137} INFO - [2025-08-06T15:40:43.077+0000] {dag.py:3427} INFO - Setting next_dagrun for number_counting_dag to 2025-08-06T15:34:39.195887+00:00, run_after=2025-08-07T15:34:39.195887+00:00
[2025-08-06T15:40:43.086+0000] {processor.py:175} INFO - Processing /opt/airflow/dags/count.py took 0.093 seconds
[2025-08-06T15:41:13.333+0000] {processor.py:153} INFO - Started process (PID=2061) to work on /opt/airflow/dags/count.py
[2025-08-06T15:41:13.334+0000] {processor.py:743} INFO - Processing file /opt/airflow/dags/count.py for tasks to queue
[2025-08-06T15:41:13.335+0000] {logging_mixin.py:137} INFO - [2025-08-06T15:41:13.335+0000] {dagbag.py:538} INFO - Filling up the DagBag from /opt/airflow/dags/count.py
[2025-08-06T15:41:13.356+0000] {processor.py:753} INFO - DAG(s) dict_keys(['number_counting_dag']) retrieved from /opt/airflow/dags/count.py
[2025-08-06T15:41:13.388+0000] {logging_mixin.py:137} INFO - [2025-08-06T15:41:13.388+0000] {dag.py:2676} INFO - Sync 1 DAGs
[2025-08-06T15:41:13.404+0000] {logging_mixin.py:137} INFO - [2025-08-06T15:41:13.404+0000] {dag.py:3427} INFO - Setting next_dagrun for number_counting_dag to 2025-08-06T15:34:39.195887+00:00, run_after=2025-08-07T15:34:39.195887+00:00
[2025-08-06T15:41:13.413+0000] {processor.py:175} INFO - Processing /opt/airflow/dags/count.py took 0.084 seconds
[2025-08-06T15:41:43.671+0000] {processor.py:153} INFO - Started process (PID=2095) to work on /opt/airflow/dags/count.py
[2025-08-06T15:41:43.672+0000] {processor.py:743} INFO - Processing file /opt/airflow/dags/count.py for tasks to queue
[2025-08-06T15:41:43.674+0000] {logging_mixin.py:137} INFO - [2025-08-06T15:41:43.674+0000] {dagbag.py:538} INFO - Filling up the DagBag from /opt/airflow/dags/count.py
[2025-08-06T15:41:43.694+0000] {processor.py:753} INFO - DAG(s) dict_keys(['number_counting_dag']) retrieved from /opt/airflow/dags/count.py
[2025-08-06T15:41:43.721+0000] {logging_mixin.py:137} INFO - [2025-08-06T15:41:43.721+0000] {dag.py:2676} INFO - Sync 1 DAGs
[2025-08-06T15:41:43.735+0000] {logging_mixin.py:137} INFO - [2025-08-06T15:41:43.735+0000] {dag.py:3427} INFO - Setting next_dagrun for number_counting_dag to 2025-08-06T15:34:39.195887+00:00, run_after=2025-08-07T15:34:39.195887+00:00
[2025-08-06T15:41:43.744+0000] {processor.py:175} INFO - Processing /opt/airflow/dags/count.py took 0.078 seconds
[2025-08-06T15:42:13.976+0000] {processor.py:153} INFO - Started process (PID=2145) to work on /opt/airflow/dags/count.py
[2025-08-06T15:42:13.977+0000] {processor.py:743} INFO - Processing file /opt/airflow/dags/count.py for tasks to queue
[2025-08-06T15:42:13.978+0000] {logging_mixin.py:137} INFO - [2025-08-06T15:42:13.978+0000] {dagbag.py:538} INFO - Filling up the DagBag from /opt/airflow/dags/count.py
[2025-08-06T15:42:14.010+0000] {processor.py:753} INFO - DAG(s) dict_keys(['number_counting_dag']) retrieved from /opt/airflow/dags/count.py
[2025-08-06T15:42:14.059+0000] {logging_mixin.py:137} INFO - [2025-08-06T15:42:14.059+0000] {dag.py:2676} INFO - Sync 1 DAGs
[2025-08-06T15:42:14.075+0000] {logging_mixin.py:137} INFO - [2025-08-06T15:42:14.075+0000] {dag.py:3427} INFO - Setting next_dagrun for number_counting_dag to 2025-08-06T15:34:39.195887+00:00, run_after=2025-08-07T15:34:39.195887+00:00
[2025-08-06T15:42:14.084+0000] {processor.py:175} INFO - Processing /opt/airflow/dags/count.py took 0.115 seconds
[2025-08-06T15:42:44.336+0000] {processor.py:153} INFO - Started process (PID=2194) to work on /opt/airflow/dags/count.py
[2025-08-06T15:42:44.337+0000] {processor.py:743} INFO - Processing file /opt/airflow/dags/count.py for tasks to queue
[2025-08-06T15:42:44.337+0000] {logging_mixin.py:137} INFO - [2025-08-06T15:42:44.337+0000] {dagbag.py:538} INFO - Filling up the DagBag from /opt/airflow/dags/count.py
[2025-08-06T15:42:44.358+0000] {processor.py:753} INFO - DAG(s) dict_keys(['number_counting_dag']) retrieved from /opt/airflow/dags/count.py
[2025-08-06T15:42:44.384+0000] {logging_mixin.py:137} INFO - [2025-08-06T15:42:44.384+0000] {dag.py:2676} INFO - Sync 1 DAGs
[2025-08-06T15:42:44.399+0000] {logging_mixin.py:137} INFO - [2025-08-06T15:42:44.399+0000] {dag.py:3427} INFO - Setting next_dagrun for number_counting_dag to 2025-08-06T15:34:39.195887+00:00, run_after=2025-08-07T15:34:39.195887+00:00
[2025-08-06T15:42:44.408+0000] {processor.py:175} INFO - Processing /opt/airflow/dags/count.py took 0.076 seconds
[2025-08-06T15:43:14.658+0000] {processor.py:153} INFO - Started process (PID=2228) to work on /opt/airflow/dags/count.py
[2025-08-06T15:43:14.659+0000] {processor.py:743} INFO - Processing file /opt/airflow/dags/count.py for tasks to queue
[2025-08-06T15:43:14.660+0000] {logging_mixin.py:137} INFO - [2025-08-06T15:43:14.660+0000] {dagbag.py:538} INFO - Filling up the DagBag from /opt/airflow/dags/count.py
[2025-08-06T15:43:14.675+0000] {processor.py:753} INFO - DAG(s) dict_keys(['number_counting_dag']) retrieved from /opt/airflow/dags/count.py
[2025-08-06T15:43:14.701+0000] {logging_mixin.py:137} INFO - [2025-08-06T15:43:14.701+0000] {dag.py:2676} INFO - Sync 1 DAGs
[2025-08-06T15:43:14.713+0000] {logging_mixin.py:137} INFO - [2025-08-06T15:43:14.713+0000] {dag.py:3427} INFO - Setting next_dagrun for number_counting_dag to 2025-08-06T15:34:39.195887+00:00, run_after=2025-08-07T15:34:39.195887+00:00
[2025-08-06T15:43:14.721+0000] {processor.py:175} INFO - Processing /opt/airflow/dags/count.py took 0.066 seconds
[2025-08-06T15:43:44.969+0000] {processor.py:153} INFO - Started process (PID=2277) to work on /opt/airflow/dags/count.py
[2025-08-06T15:43:44.970+0000] {processor.py:743} INFO - Processing file /opt/airflow/dags/count.py for tasks to queue
[2025-08-06T15:43:44.971+0000] {logging_mixin.py:137} INFO - [2025-08-06T15:43:44.971+0000] {dagbag.py:538} INFO - Filling up the DagBag from /opt/airflow/dags/count.py
[2025-08-06T15:43:44.998+0000] {processor.py:753} INFO - DAG(s) dict_keys(['number_counting_dag']) retrieved from /opt/airflow/dags/count.py
[2025-08-06T15:43:45.027+0000] {logging_mixin.py:137} INFO - [2025-08-06T15:43:45.027+0000] {dag.py:2676} INFO - Sync 1 DAGs
[2025-08-06T15:43:45.042+0000] {logging_mixin.py:137} INFO - [2025-08-06T15:43:45.042+0000] {dag.py:3427} INFO - Setting next_dagrun for number_counting_dag to 2025-08-06T15:34:39.195887+00:00, run_after=2025-08-07T15:34:39.195887+00:00
[2025-08-06T15:43:45.053+0000] {processor.py:175} INFO - Processing /opt/airflow/dags/count.py took 0.089 seconds
[2025-08-06T15:44:15.281+0000] {processor.py:153} INFO - Started process (PID=2327) to work on /opt/airflow/dags/count.py
[2025-08-06T15:44:15.282+0000] {processor.py:743} INFO - Processing file /opt/airflow/dags/count.py for tasks to queue
[2025-08-06T15:44:15.283+0000] {logging_mixin.py:137} INFO - [2025-08-06T15:44:15.283+0000] {dagbag.py:538} INFO - Filling up the DagBag from /opt/airflow/dags/count.py
[2025-08-06T15:44:15.309+0000] {processor.py:753} INFO - DAG(s) dict_keys(['number_counting_dag']) retrieved from /opt/airflow/dags/count.py
[2025-08-06T15:44:15.339+0000] {logging_mixin.py:137} INFO - [2025-08-06T15:44:15.339+0000] {dag.py:2676} INFO - Sync 1 DAGs
[2025-08-06T15:44:15.354+0000] {logging_mixin.py:137} INFO - [2025-08-06T15:44:15.353+0000] {dag.py:3427} INFO - Setting next_dagrun for number_counting_dag to 2025-08-06T15:34:39.195887+00:00, run_after=2025-08-07T15:34:39.195887+00:00
[2025-08-06T15:44:15.362+0000] {processor.py:175} INFO - Processing /opt/airflow/dags/count.py took 0.089 seconds
[2025-08-06T15:44:45.632+0000] {processor.py:153} INFO - Started process (PID=2361) to work on /opt/airflow/dags/count.py
[2025-08-06T15:44:45.634+0000] {processor.py:743} INFO - Processing file /opt/airflow/dags/count.py for tasks to queue
[2025-08-06T15:44:45.636+0000] {logging_mixin.py:137} INFO - [2025-08-06T15:44:45.636+0000] {dagbag.py:538} INFO - Filling up the DagBag from /opt/airflow/dags/count.py
[2025-08-06T15:44:45.656+0000] {processor.py:753} INFO - DAG(s) dict_keys(['number_counting_dag']) retrieved from /opt/airflow/dags/count.py
[2025-08-06T15:44:45.682+0000] {logging_mixin.py:137} INFO - [2025-08-06T15:44:45.682+0000] {dag.py:2676} INFO - Sync 1 DAGs
[2025-08-06T15:44:45.696+0000] {logging_mixin.py:137} INFO - [2025-08-06T15:44:45.696+0000] {dag.py:3427} INFO - Setting next_dagrun for number_counting_dag to 2025-08-06T15:34:39.195887+00:00, run_after=2025-08-07T15:34:39.195887+00:00
[2025-08-06T15:44:45.706+0000] {processor.py:175} INFO - Processing /opt/airflow/dags/count.py took 0.078 seconds
[2025-08-06T15:45:15.978+0000] {processor.py:153} INFO - Started process (PID=2411) to work on /opt/airflow/dags/count.py
[2025-08-06T15:45:15.980+0000] {processor.py:743} INFO - Processing file /opt/airflow/dags/count.py for tasks to queue
[2025-08-06T15:45:15.983+0000] {logging_mixin.py:137} INFO - [2025-08-06T15:45:15.982+0000] {dagbag.py:538} INFO - Filling up the DagBag from /opt/airflow/dags/count.py
[2025-08-06T15:45:16.013+0000] {processor.py:753} INFO - DAG(s) dict_keys(['number_counting_dag']) retrieved from /opt/airflow/dags/count.py
[2025-08-06T15:45:16.043+0000] {logging_mixin.py:137} INFO - [2025-08-06T15:45:16.042+0000] {dag.py:2676} INFO - Sync 1 DAGs
[2025-08-06T15:45:16.058+0000] {logging_mixin.py:137} INFO - [2025-08-06T15:45:16.058+0000] {dag.py:3427} INFO - Setting next_dagrun for number_counting_dag to 2025-08-06T15:34:39.195887+00:00, run_after=2025-08-07T15:34:39.195887+00:00
[2025-08-06T15:45:16.067+0000] {processor.py:175} INFO - Processing /opt/airflow/dags/count.py took 0.096 seconds
[2025-08-06T15:45:46.341+0000] {processor.py:153} INFO - Started process (PID=2461) to work on /opt/airflow/dags/count.py
[2025-08-06T15:45:46.343+0000] {processor.py:743} INFO - Processing file /opt/airflow/dags/count.py for tasks to queue
[2025-08-06T15:45:46.345+0000] {logging_mixin.py:137} INFO - [2025-08-06T15:45:46.344+0000] {dagbag.py:538} INFO - Filling up the DagBag from /opt/airflow/dags/count.py
[2025-08-06T15:45:46.364+0000] {processor.py:753} INFO - DAG(s) dict_keys(['number_counting_dag']) retrieved from /opt/airflow/dags/count.py
[2025-08-06T15:45:46.391+0000] {logging_mixin.py:137} INFO - [2025-08-06T15:45:46.391+0000] {dag.py:2676} INFO - Sync 1 DAGs
[2025-08-06T15:45:46.406+0000] {logging_mixin.py:137} INFO - [2025-08-06T15:45:46.406+0000] {dag.py:3427} INFO - Setting next_dagrun for number_counting_dag to 2025-08-06T15:34:39.195887+00:00, run_after=2025-08-07T15:34:39.195887+00:00
[2025-08-06T15:45:46.414+0000] {processor.py:175} INFO - Processing /opt/airflow/dags/count.py took 0.078 seconds
[2025-08-06T15:46:16.622+0000] {processor.py:153} INFO - Started process (PID=2495) to work on /opt/airflow/dags/count.py
[2025-08-06T15:46:16.624+0000] {processor.py:743} INFO - Processing file /opt/airflow/dags/count.py for tasks to queue
[2025-08-06T15:46:16.625+0000] {logging_mixin.py:137} INFO - [2025-08-06T15:46:16.625+0000] {dagbag.py:538} INFO - Filling up the DagBag from /opt/airflow/dags/count.py
[2025-08-06T15:46:16.652+0000] {processor.py:753} INFO - DAG(s) dict_keys(['number_counting_dag']) retrieved from /opt/airflow/dags/count.py
[2025-08-06T15:46:16.683+0000] {logging_mixin.py:137} INFO - [2025-08-06T15:46:16.683+0000] {dag.py:2676} INFO - Sync 1 DAGs
[2025-08-06T15:46:16.698+0000] {logging_mixin.py:137} INFO - [2025-08-06T15:46:16.698+0000] {dag.py:3427} INFO - Setting next_dagrun for number_counting_dag to 2025-08-06T15:34:39.195887+00:00, run_after=2025-08-07T15:34:39.195887+00:00
[2025-08-06T15:46:16.707+0000] {processor.py:175} INFO - Processing /opt/airflow/dags/count.py took 0.091 seconds
[2025-08-06T15:46:46.903+0000] {processor.py:153} INFO - Started process (PID=2545) to work on /opt/airflow/dags/count.py
[2025-08-06T15:46:46.904+0000] {processor.py:743} INFO - Processing file /opt/airflow/dags/count.py for tasks to queue
[2025-08-06T15:46:46.905+0000] {logging_mixin.py:137} INFO - [2025-08-06T15:46:46.905+0000] {dagbag.py:538} INFO - Filling up the DagBag from /opt/airflow/dags/count.py
[2025-08-06T15:46:46.916+0000] {processor.py:753} INFO - DAG(s) dict_keys(['number_counting_dag']) retrieved from /opt/airflow/dags/count.py
[2025-08-06T15:46:46.940+0000] {logging_mixin.py:137} INFO - [2025-08-06T15:46:46.940+0000] {dag.py:2676} INFO - Sync 1 DAGs
[2025-08-06T15:46:46.954+0000] {logging_mixin.py:137} INFO - [2025-08-06T15:46:46.954+0000] {dag.py:3427} INFO - Setting next_dagrun for number_counting_dag to 2025-08-06T15:34:39.195887+00:00, run_after=2025-08-07T15:34:39.195887+00:00
[2025-08-06T15:46:46.963+0000] {processor.py:175} INFO - Processing /opt/airflow/dags/count.py took 0.062 seconds
[2025-08-06T15:47:17.357+0000] {processor.py:153} INFO - Started process (PID=2595) to work on /opt/airflow/dags/count.py
[2025-08-06T15:47:17.359+0000] {processor.py:743} INFO - Processing file /opt/airflow/dags/count.py for tasks to queue
[2025-08-06T15:47:17.361+0000] {logging_mixin.py:137} INFO - [2025-08-06T15:47:17.360+0000] {dagbag.py:538} INFO - Filling up the DagBag from /opt/airflow/dags/count.py
[2025-08-06T15:47:17.389+0000] {processor.py:753} INFO - DAG(s) dict_keys(['number_counting_dag']) retrieved from /opt/airflow/dags/count.py
[2025-08-06T15:47:17.421+0000] {logging_mixin.py:137} INFO - [2025-08-06T15:47:17.421+0000] {dag.py:2676} INFO - Sync 1 DAGs
[2025-08-06T15:47:17.436+0000] {logging_mixin.py:137} INFO - [2025-08-06T15:47:17.436+0000] {dag.py:3427} INFO - Setting next_dagrun for number_counting_dag to 2025-08-06T15:34:39.195887+00:00, run_after=2025-08-07T15:34:39.195887+00:00
[2025-08-06T15:47:17.445+0000] {processor.py:175} INFO - Processing /opt/airflow/dags/count.py took 0.094 seconds
[2025-08-06T17:21:05.465+0000] {processor.py:153} INFO - Started process (PID=2629) to work on /opt/airflow/dags/count.py
[2025-08-06T17:21:05.466+0000] {processor.py:743} INFO - Processing file /opt/airflow/dags/count.py for tasks to queue
[2025-08-06T17:21:05.467+0000] {logging_mixin.py:137} INFO - [2025-08-06T17:21:05.467+0000] {dagbag.py:538} INFO - Filling up the DagBag from /opt/airflow/dags/count.py
[2025-08-06T17:21:05.481+0000] {processor.py:753} INFO - DAG(s) dict_keys(['number_counting_dag']) retrieved from /opt/airflow/dags/count.py
[2025-08-06T17:21:05.508+0000] {logging_mixin.py:137} INFO - [2025-08-06T17:21:05.508+0000] {dag.py:2676} INFO - Sync 1 DAGs
[2025-08-06T17:21:05.522+0000] {logging_mixin.py:137} INFO - [2025-08-06T17:21:05.522+0000] {dag.py:3427} INFO - Setting next_dagrun for number_counting_dag to 2025-08-06T15:34:39.195887+00:00, run_after=2025-08-07T15:34:39.195887+00:00
[2025-08-06T17:21:05.531+0000] {processor.py:175} INFO - Processing /opt/airflow/dags/count.py took 0.068 seconds
[2025-08-06T19:06:49.127+0000] {processor.py:153} INFO - Started process (PID=2663) to work on /opt/airflow/dags/count.py
[2025-08-06T19:06:49.129+0000] {processor.py:743} INFO - Processing file /opt/airflow/dags/count.py for tasks to queue
[2025-08-06T19:06:49.132+0000] {logging_mixin.py:137} INFO - [2025-08-06T19:06:49.131+0000] {dagbag.py:538} INFO - Filling up the DagBag from /opt/airflow/dags/count.py
[2025-08-06T19:06:49.189+0000] {processor.py:753} INFO - DAG(s) dict_keys(['number_counting_dag']) retrieved from /opt/airflow/dags/count.py
[2025-08-06T19:06:49.247+0000] {logging_mixin.py:137} INFO - [2025-08-06T19:06:49.247+0000] {dag.py:2676} INFO - Sync 1 DAGs
[2025-08-06T19:06:49.282+0000] {logging_mixin.py:137} INFO - [2025-08-06T19:06:49.281+0000] {dag.py:3427} INFO - Setting next_dagrun for number_counting_dag to 2025-08-06T15:34:39.195887+00:00, run_after=2025-08-07T15:34:39.195887+00:00
[2025-08-06T19:06:49.319+0000] {processor.py:175} INFO - Processing /opt/airflow/dags/count.py took 0.200 seconds
[2025-08-06T20:30:19.550+0000] {processor.py:153} INFO - Started process (PID=2713) to work on /opt/airflow/dags/count.py
[2025-08-06T20:30:19.551+0000] {processor.py:743} INFO - Processing file /opt/airflow/dags/count.py for tasks to queue
[2025-08-06T20:30:19.552+0000] {logging_mixin.py:137} INFO - [2025-08-06T20:30:19.552+0000] {dagbag.py:538} INFO - Filling up the DagBag from /opt/airflow/dags/count.py
[2025-08-06T20:30:19.569+0000] {processor.py:753} INFO - DAG(s) dict_keys(['number_counting_dag']) retrieved from /opt/airflow/dags/count.py
[2025-08-06T20:30:19.604+0000] {logging_mixin.py:137} INFO - [2025-08-06T20:30:19.604+0000] {dag.py:2676} INFO - Sync 1 DAGs
[2025-08-06T20:30:19.621+0000] {logging_mixin.py:137} INFO - [2025-08-06T20:30:19.621+0000] {dag.py:3427} INFO - Setting next_dagrun for number_counting_dag to 2025-08-06T15:34:39.195887+00:00, run_after=2025-08-07T15:34:39.195887+00:00
[2025-08-06T20:30:19.630+0000] {processor.py:175} INFO - Processing /opt/airflow/dags/count.py took 0.085 seconds
[2025-08-06T21:59:05.729+0000] {processor.py:153} INFO - Started process (PID=2753) to work on /opt/airflow/dags/count.py
[2025-08-06T21:59:05.729+0000] {processor.py:743} INFO - Processing file /opt/airflow/dags/count.py for tasks to queue
[2025-08-06T21:59:05.731+0000] {logging_mixin.py:137} INFO - [2025-08-06T21:59:05.731+0000] {dagbag.py:538} INFO - Filling up the DagBag from /opt/airflow/dags/count.py
[2025-08-06T21:59:05.749+0000] {processor.py:753} INFO - DAG(s) dict_keys(['number_counting_dag']) retrieved from /opt/airflow/dags/count.py
[2025-08-06T21:59:05.784+0000] {logging_mixin.py:137} INFO - [2025-08-06T21:59:05.784+0000] {dag.py:2676} INFO - Sync 1 DAGs
[2025-08-06T21:59:05.803+0000] {logging_mixin.py:137} INFO - [2025-08-06T21:59:05.803+0000] {dag.py:3427} INFO - Setting next_dagrun for number_counting_dag to 2025-08-06T15:34:39.195887+00:00, run_after=2025-08-07T15:34:39.195887+00:00
[2025-08-06T21:59:05.820+0000] {processor.py:175} INFO - Processing /opt/airflow/dags/count.py took 0.097 seconds
[2025-08-06T23:30:19.964+0000] {processor.py:153} INFO - Started process (PID=2797) to work on /opt/airflow/dags/count.py
[2025-08-06T23:30:19.965+0000] {processor.py:743} INFO - Processing file /opt/airflow/dags/count.py for tasks to queue
[2025-08-06T23:30:19.965+0000] {logging_mixin.py:137} INFO - [2025-08-06T23:30:19.965+0000] {dagbag.py:538} INFO - Filling up the DagBag from /opt/airflow/dags/count.py
[2025-08-06T23:30:20.001+0000] {processor.py:753} INFO - DAG(s) dict_keys(['number_counting_dag']) retrieved from /opt/airflow/dags/count.py
[2025-08-06T23:30:20.029+0000] {logging_mixin.py:137} INFO - [2025-08-06T23:30:20.029+0000] {dag.py:2676} INFO - Sync 1 DAGs
[2025-08-06T23:30:20.044+0000] {logging_mixin.py:137} INFO - [2025-08-06T23:30:20.044+0000] {dag.py:3427} INFO - Setting next_dagrun for number_counting_dag to 2025-08-06T15:34:39.195887+00:00, run_after=2025-08-07T15:34:39.195887+00:00
[2025-08-06T23:30:20.059+0000] {processor.py:175} INFO - Processing /opt/airflow/dags/count.py took 0.099 seconds
