[2025-08-06T15:18:02.980+0000] {processor.py:153} INFO - Started process (PID=90) to work on /opt/airflow/dags/crawl_news.py
[2025-08-06T15:18:02.981+0000] {processor.py:743} INFO - Processing file /opt/airflow/dags/crawl_news.py for tasks to queue
[2025-08-06T15:18:02.983+0000] {logging_mixin.py:137} INFO - [2025-08-06T15:18:02.983+0000] {dagbag.py:538} INFO - Filling up the DagBag from /opt/airflow/dags/crawl_news.py
[2025-08-06T15:18:03.002+0000] {logging_mixin.py:137} INFO - [2025-08-06T15:18:02.998+0000] {dagbag.py:343} ERROR - Failed to import: /opt/airflow/dags/crawl_news.py
Traceback (most recent call last):
  File "/home/airflow/.local/lib/python3.7/site-packages/airflow/models/dagbag.py", line 339, in parse
    loader.exec_module(new_module)
  File "<frozen importlib._bootstrap_external>", line 728, in exec_module
  File "<frozen importlib._bootstrap>", line 219, in _call_with_frames_removed
  File "/opt/airflow/dags/crawl_news.py", line 4, in <module>
    from airflow.operators.bash import PythonOperator
ImportError: cannot import name 'PythonOperator' from 'airflow.operators.bash' (/home/airflow/.local/lib/python3.7/site-packages/airflow/operators/bash.py)
[2025-08-06T15:18:03.002+0000] {processor.py:755} WARNING - No viable dags retrieved from /opt/airflow/dags/crawl_news.py
[2025-08-06T15:18:03.039+0000] {processor.py:175} INFO - Processing /opt/airflow/dags/crawl_news.py took 0.062 seconds
[2025-08-06T15:18:28.819+0000] {processor.py:153} INFO - Started process (PID=39) to work on /opt/airflow/dags/crawl_news.py
[2025-08-06T15:18:28.820+0000] {processor.py:743} INFO - Processing file /opt/airflow/dags/crawl_news.py for tasks to queue
[2025-08-06T15:18:28.821+0000] {logging_mixin.py:137} INFO - [2025-08-06T15:18:28.821+0000] {dagbag.py:538} INFO - Filling up the DagBag from /opt/airflow/dags/crawl_news.py
[2025-08-06T15:18:28.834+0000] {logging_mixin.py:137} INFO - [2025-08-06T15:18:28.832+0000] {dagbag.py:343} ERROR - Failed to import: /opt/airflow/dags/crawl_news.py
Traceback (most recent call last):
  File "/home/airflow/.local/lib/python3.7/site-packages/airflow/models/dagbag.py", line 339, in parse
    loader.exec_module(new_module)
  File "<frozen importlib._bootstrap_external>", line 728, in exec_module
  File "<frozen importlib._bootstrap>", line 219, in _call_with_frames_removed
  File "/opt/airflow/dags/crawl_news.py", line 4, in <module>
    from airflow.operators.bash import PythonOperator
ImportError: cannot import name 'PythonOperator' from 'airflow.operators.bash' (/home/airflow/.local/lib/python3.7/site-packages/airflow/operators/bash.py)
[2025-08-06T15:18:28.834+0000] {processor.py:755} WARNING - No viable dags retrieved from /opt/airflow/dags/crawl_news.py
[2025-08-06T15:18:28.848+0000] {processor.py:175} INFO - Processing /opt/airflow/dags/crawl_news.py took 0.031 seconds
[2025-08-06T15:18:59.135+0000] {processor.py:153} INFO - Started process (PID=88) to work on /opt/airflow/dags/crawl_news.py
[2025-08-06T15:18:59.136+0000] {processor.py:743} INFO - Processing file /opt/airflow/dags/crawl_news.py for tasks to queue
[2025-08-06T15:18:59.136+0000] {logging_mixin.py:137} INFO - [2025-08-06T15:18:59.136+0000] {dagbag.py:538} INFO - Filling up the DagBag from /opt/airflow/dags/crawl_news.py
[2025-08-06T15:18:59.153+0000] {logging_mixin.py:137} INFO - [2025-08-06T15:18:59.150+0000] {dagbag.py:343} ERROR - Failed to import: /opt/airflow/dags/crawl_news.py
Traceback (most recent call last):
  File "/home/airflow/.local/lib/python3.7/site-packages/airflow/models/dagbag.py", line 339, in parse
    loader.exec_module(new_module)
  File "<frozen importlib._bootstrap_external>", line 728, in exec_module
  File "<frozen importlib._bootstrap>", line 219, in _call_with_frames_removed
  File "/opt/airflow/dags/crawl_news.py", line 4, in <module>
    from airflow.operators.bash import PythonOperator
ImportError: cannot import name 'PythonOperator' from 'airflow.operators.bash' (/home/airflow/.local/lib/python3.7/site-packages/airflow/operators/bash.py)
[2025-08-06T15:18:59.157+0000] {processor.py:755} WARNING - No viable dags retrieved from /opt/airflow/dags/crawl_news.py
[2025-08-06T15:18:59.184+0000] {processor.py:175} INFO - Processing /opt/airflow/dags/crawl_news.py took 0.053 seconds
[2025-08-06T15:19:29.430+0000] {processor.py:153} INFO - Started process (PID=122) to work on /opt/airflow/dags/crawl_news.py
[2025-08-06T15:19:29.431+0000] {processor.py:743} INFO - Processing file /opt/airflow/dags/crawl_news.py for tasks to queue
[2025-08-06T15:19:29.432+0000] {logging_mixin.py:137} INFO - [2025-08-06T15:19:29.432+0000] {dagbag.py:538} INFO - Filling up the DagBag from /opt/airflow/dags/crawl_news.py
[2025-08-06T15:19:29.439+0000] {logging_mixin.py:137} INFO - [2025-08-06T15:19:29.437+0000] {dagbag.py:343} ERROR - Failed to import: /opt/airflow/dags/crawl_news.py
Traceback (most recent call last):
  File "/home/airflow/.local/lib/python3.7/site-packages/airflow/models/dagbag.py", line 339, in parse
    loader.exec_module(new_module)
  File "<frozen importlib._bootstrap_external>", line 728, in exec_module
  File "<frozen importlib._bootstrap>", line 219, in _call_with_frames_removed
  File "/opt/airflow/dags/crawl_news.py", line 4, in <module>
    from airflow.operators.bash import PythonOperator
ImportError: cannot import name 'PythonOperator' from 'airflow.operators.bash' (/home/airflow/.local/lib/python3.7/site-packages/airflow/operators/bash.py)
[2025-08-06T15:19:29.439+0000] {processor.py:755} WARNING - No viable dags retrieved from /opt/airflow/dags/crawl_news.py
[2025-08-06T15:19:29.459+0000] {processor.py:175} INFO - Processing /opt/airflow/dags/crawl_news.py took 0.031 seconds
[2025-08-06T15:19:59.713+0000] {processor.py:153} INFO - Started process (PID=172) to work on /opt/airflow/dags/crawl_news.py
[2025-08-06T15:19:59.720+0000] {processor.py:743} INFO - Processing file /opt/airflow/dags/crawl_news.py for tasks to queue
[2025-08-06T15:19:59.720+0000] {logging_mixin.py:137} INFO - [2025-08-06T15:19:59.720+0000] {dagbag.py:538} INFO - Filling up the DagBag from /opt/airflow/dags/crawl_news.py
[2025-08-06T15:19:59.725+0000] {logging_mixin.py:137} INFO - [2025-08-06T15:19:59.724+0000] {dagbag.py:343} ERROR - Failed to import: /opt/airflow/dags/crawl_news.py
Traceback (most recent call last):
  File "/home/airflow/.local/lib/python3.7/site-packages/airflow/models/dagbag.py", line 339, in parse
    loader.exec_module(new_module)
  File "<frozen importlib._bootstrap_external>", line 728, in exec_module
  File "<frozen importlib._bootstrap>", line 219, in _call_with_frames_removed
  File "/opt/airflow/dags/crawl_news.py", line 4, in <module>
    from airflow.operators.bash import PythonOperator
ImportError: cannot import name 'PythonOperator' from 'airflow.operators.bash' (/home/airflow/.local/lib/python3.7/site-packages/airflow/operators/bash.py)
[2025-08-06T15:19:59.726+0000] {processor.py:755} WARNING - No viable dags retrieved from /opt/airflow/dags/crawl_news.py
[2025-08-06T15:19:59.740+0000] {processor.py:175} INFO - Processing /opt/airflow/dags/crawl_news.py took 0.030 seconds
[2025-08-06T15:20:30.033+0000] {processor.py:153} INFO - Started process (PID=222) to work on /opt/airflow/dags/crawl_news.py
[2025-08-06T15:20:30.034+0000] {processor.py:743} INFO - Processing file /opt/airflow/dags/crawl_news.py for tasks to queue
[2025-08-06T15:20:30.034+0000] {logging_mixin.py:137} INFO - [2025-08-06T15:20:30.034+0000] {dagbag.py:538} INFO - Filling up the DagBag from /opt/airflow/dags/crawl_news.py
[2025-08-06T15:20:30.050+0000] {logging_mixin.py:137} INFO - [2025-08-06T15:20:30.048+0000] {dagbag.py:343} ERROR - Failed to import: /opt/airflow/dags/crawl_news.py
Traceback (most recent call last):
  File "/home/airflow/.local/lib/python3.7/site-packages/airflow/models/dagbag.py", line 339, in parse
    loader.exec_module(new_module)
  File "<frozen importlib._bootstrap_external>", line 728, in exec_module
  File "<frozen importlib._bootstrap>", line 219, in _call_with_frames_removed
  File "/opt/airflow/dags/crawl_news.py", line 4, in <module>
    from airflow.operators.bash import PythonOperator
ImportError: cannot import name 'PythonOperator' from 'airflow.operators.bash' (/home/airflow/.local/lib/python3.7/site-packages/airflow/operators/bash.py)
[2025-08-06T15:20:30.050+0000] {processor.py:755} WARNING - No viable dags retrieved from /opt/airflow/dags/crawl_news.py
[2025-08-06T15:20:30.069+0000] {processor.py:175} INFO - Processing /opt/airflow/dags/crawl_news.py took 0.039 seconds
[2025-08-06T15:21:00.355+0000] {processor.py:153} INFO - Started process (PID=256) to work on /opt/airflow/dags/crawl_news.py
[2025-08-06T15:21:00.356+0000] {processor.py:743} INFO - Processing file /opt/airflow/dags/crawl_news.py for tasks to queue
[2025-08-06T15:21:00.357+0000] {logging_mixin.py:137} INFO - [2025-08-06T15:21:00.357+0000] {dagbag.py:538} INFO - Filling up the DagBag from /opt/airflow/dags/crawl_news.py
[2025-08-06T15:21:00.376+0000] {logging_mixin.py:137} INFO - [2025-08-06T15:21:00.371+0000] {dagbag.py:343} ERROR - Failed to import: /opt/airflow/dags/crawl_news.py
Traceback (most recent call last):
  File "/home/airflow/.local/lib/python3.7/site-packages/airflow/models/dagbag.py", line 339, in parse
    loader.exec_module(new_module)
  File "<frozen importlib._bootstrap_external>", line 728, in exec_module
  File "<frozen importlib._bootstrap>", line 219, in _call_with_frames_removed
  File "/opt/airflow/dags/crawl_news.py", line 4, in <module>
    from airflow.operators.bash import PythonOperator
ImportError: cannot import name 'PythonOperator' from 'airflow.operators.bash' (/home/airflow/.local/lib/python3.7/site-packages/airflow/operators/bash.py)
[2025-08-06T15:21:00.379+0000] {processor.py:755} WARNING - No viable dags retrieved from /opt/airflow/dags/crawl_news.py
[2025-08-06T15:21:00.392+0000] {processor.py:175} INFO - Processing /opt/airflow/dags/crawl_news.py took 0.040 seconds
[2025-08-06T15:21:30.666+0000] {processor.py:153} INFO - Started process (PID=306) to work on /opt/airflow/dags/crawl_news.py
[2025-08-06T15:21:30.667+0000] {processor.py:743} INFO - Processing file /opt/airflow/dags/crawl_news.py for tasks to queue
[2025-08-06T15:21:30.668+0000] {logging_mixin.py:137} INFO - [2025-08-06T15:21:30.668+0000] {dagbag.py:538} INFO - Filling up the DagBag from /opt/airflow/dags/crawl_news.py
[2025-08-06T15:21:30.679+0000] {logging_mixin.py:137} INFO - [2025-08-06T15:21:30.678+0000] {dagbag.py:343} ERROR - Failed to import: /opt/airflow/dags/crawl_news.py
Traceback (most recent call last):
  File "/home/airflow/.local/lib/python3.7/site-packages/airflow/models/dagbag.py", line 339, in parse
    loader.exec_module(new_module)
  File "<frozen importlib._bootstrap_external>", line 728, in exec_module
  File "<frozen importlib._bootstrap>", line 219, in _call_with_frames_removed
  File "/opt/airflow/dags/crawl_news.py", line 4, in <module>
    from airflow.operators.bash import PythonOperator
ImportError: cannot import name 'PythonOperator' from 'airflow.operators.bash' (/home/airflow/.local/lib/python3.7/site-packages/airflow/operators/bash.py)
[2025-08-06T15:21:30.680+0000] {processor.py:755} WARNING - No viable dags retrieved from /opt/airflow/dags/crawl_news.py
[2025-08-06T15:21:30.701+0000] {processor.py:175} INFO - Processing /opt/airflow/dags/crawl_news.py took 0.038 seconds
[2025-08-06T15:22:00.943+0000] {processor.py:153} INFO - Started process (PID=356) to work on /opt/airflow/dags/crawl_news.py
[2025-08-06T15:22:00.946+0000] {processor.py:743} INFO - Processing file /opt/airflow/dags/crawl_news.py for tasks to queue
[2025-08-06T15:22:00.949+0000] {logging_mixin.py:137} INFO - [2025-08-06T15:22:00.949+0000] {dagbag.py:538} INFO - Filling up the DagBag from /opt/airflow/dags/crawl_news.py
[2025-08-06T15:22:00.955+0000] {logging_mixin.py:137} INFO - [2025-08-06T15:22:00.954+0000] {dagbag.py:343} ERROR - Failed to import: /opt/airflow/dags/crawl_news.py
Traceback (most recent call last):
  File "/home/airflow/.local/lib/python3.7/site-packages/airflow/models/dagbag.py", line 339, in parse
    loader.exec_module(new_module)
  File "<frozen importlib._bootstrap_external>", line 728, in exec_module
  File "<frozen importlib._bootstrap>", line 219, in _call_with_frames_removed
  File "/opt/airflow/dags/crawl_news.py", line 4, in <module>
    from airflow.operators.bash import PythonOperator
ImportError: cannot import name 'PythonOperator' from 'airflow.operators.bash' (/home/airflow/.local/lib/python3.7/site-packages/airflow/operators/bash.py)
[2025-08-06T15:22:00.956+0000] {processor.py:755} WARNING - No viable dags retrieved from /opt/airflow/dags/crawl_news.py
[2025-08-06T15:22:00.973+0000] {processor.py:175} INFO - Processing /opt/airflow/dags/crawl_news.py took 0.035 seconds
[2025-08-06T15:22:31.254+0000] {processor.py:153} INFO - Started process (PID=397) to work on /opt/airflow/dags/crawl_news.py
[2025-08-06T15:22:31.255+0000] {processor.py:743} INFO - Processing file /opt/airflow/dags/crawl_news.py for tasks to queue
[2025-08-06T15:22:31.255+0000] {logging_mixin.py:137} INFO - [2025-08-06T15:22:31.255+0000] {dagbag.py:538} INFO - Filling up the DagBag from /opt/airflow/dags/crawl_news.py
[2025-08-06T15:22:31.268+0000] {logging_mixin.py:137} INFO - [2025-08-06T15:22:31.266+0000] {dagbag.py:343} ERROR - Failed to import: /opt/airflow/dags/crawl_news.py
Traceback (most recent call last):
  File "/home/airflow/.local/lib/python3.7/site-packages/airflow/models/dagbag.py", line 339, in parse
    loader.exec_module(new_module)
  File "<frozen importlib._bootstrap_external>", line 728, in exec_module
  File "<frozen importlib._bootstrap>", line 219, in _call_with_frames_removed
  File "/opt/airflow/dags/crawl_news.py", line 4, in <module>
    from airflow.operators.bash import PythonOperator
ImportError: cannot import name 'PythonOperator' from 'airflow.operators.bash' (/home/airflow/.local/lib/python3.7/site-packages/airflow/operators/bash.py)
[2025-08-06T15:22:31.268+0000] {processor.py:755} WARNING - No viable dags retrieved from /opt/airflow/dags/crawl_news.py
[2025-08-06T15:22:31.285+0000] {processor.py:175} INFO - Processing /opt/airflow/dags/crawl_news.py took 0.032 seconds
[2025-08-06T15:23:01.539+0000] {processor.py:153} INFO - Started process (PID=440) to work on /opt/airflow/dags/crawl_news.py
[2025-08-06T15:23:01.541+0000] {processor.py:743} INFO - Processing file /opt/airflow/dags/crawl_news.py for tasks to queue
[2025-08-06T15:23:01.545+0000] {logging_mixin.py:137} INFO - [2025-08-06T15:23:01.545+0000] {dagbag.py:538} INFO - Filling up the DagBag from /opt/airflow/dags/crawl_news.py
[2025-08-06T15:23:01.551+0000] {logging_mixin.py:137} INFO - [2025-08-06T15:23:01.550+0000] {dagbag.py:343} ERROR - Failed to import: /opt/airflow/dags/crawl_news.py
Traceback (most recent call last):
  File "/home/airflow/.local/lib/python3.7/site-packages/airflow/models/dagbag.py", line 339, in parse
    loader.exec_module(new_module)
  File "<frozen importlib._bootstrap_external>", line 728, in exec_module
  File "<frozen importlib._bootstrap>", line 219, in _call_with_frames_removed
  File "/opt/airflow/dags/crawl_news.py", line 4, in <module>
    from airflow.operators.bash import PythonOperator
ImportError: cannot import name 'PythonOperator' from 'airflow.operators.bash' (/home/airflow/.local/lib/python3.7/site-packages/airflow/operators/bash.py)
[2025-08-06T15:23:01.551+0000] {processor.py:755} WARNING - No viable dags retrieved from /opt/airflow/dags/crawl_news.py
[2025-08-06T15:23:01.568+0000] {processor.py:175} INFO - Processing /opt/airflow/dags/crawl_news.py took 0.033 seconds
[2025-08-06T15:23:31.838+0000] {processor.py:153} INFO - Started process (PID=490) to work on /opt/airflow/dags/crawl_news.py
[2025-08-06T15:23:31.839+0000] {processor.py:743} INFO - Processing file /opt/airflow/dags/crawl_news.py for tasks to queue
[2025-08-06T15:23:31.840+0000] {logging_mixin.py:137} INFO - [2025-08-06T15:23:31.840+0000] {dagbag.py:538} INFO - Filling up the DagBag from /opt/airflow/dags/crawl_news.py
[2025-08-06T15:23:31.849+0000] {logging_mixin.py:137} INFO - [2025-08-06T15:23:31.847+0000] {dagbag.py:343} ERROR - Failed to import: /opt/airflow/dags/crawl_news.py
Traceback (most recent call last):
  File "/home/airflow/.local/lib/python3.7/site-packages/airflow/models/dagbag.py", line 339, in parse
    loader.exec_module(new_module)
  File "<frozen importlib._bootstrap_external>", line 728, in exec_module
  File "<frozen importlib._bootstrap>", line 219, in _call_with_frames_removed
  File "/opt/airflow/dags/crawl_news.py", line 4, in <module>
    from airflow.operators.bash import PythonOperator
ImportError: cannot import name 'PythonOperator' from 'airflow.operators.bash' (/home/airflow/.local/lib/python3.7/site-packages/airflow/operators/bash.py)
[2025-08-06T15:23:31.849+0000] {processor.py:755} WARNING - No viable dags retrieved from /opt/airflow/dags/crawl_news.py
[2025-08-06T15:23:31.869+0000] {processor.py:175} INFO - Processing /opt/airflow/dags/crawl_news.py took 0.034 seconds
[2025-08-06T15:24:02.126+0000] {processor.py:153} INFO - Started process (PID=540) to work on /opt/airflow/dags/crawl_news.py
[2025-08-06T15:24:02.127+0000] {processor.py:743} INFO - Processing file /opt/airflow/dags/crawl_news.py for tasks to queue
[2025-08-06T15:24:02.127+0000] {logging_mixin.py:137} INFO - [2025-08-06T15:24:02.127+0000] {dagbag.py:538} INFO - Filling up the DagBag from /opt/airflow/dags/crawl_news.py
[2025-08-06T15:24:02.144+0000] {logging_mixin.py:137} INFO - [2025-08-06T15:24:02.140+0000] {dagbag.py:343} ERROR - Failed to import: /opt/airflow/dags/crawl_news.py
Traceback (most recent call last):
  File "/home/airflow/.local/lib/python3.7/site-packages/airflow/models/dagbag.py", line 339, in parse
    loader.exec_module(new_module)
  File "<frozen importlib._bootstrap_external>", line 728, in exec_module
  File "<frozen importlib._bootstrap>", line 219, in _call_with_frames_removed
  File "/opt/airflow/dags/crawl_news.py", line 4, in <module>
    from airflow.operators.bash import PythonOperator
ImportError: cannot import name 'PythonOperator' from 'airflow.operators.bash' (/home/airflow/.local/lib/python3.7/site-packages/airflow/operators/bash.py)
[2025-08-06T15:24:02.144+0000] {processor.py:755} WARNING - No viable dags retrieved from /opt/airflow/dags/crawl_news.py
[2025-08-06T15:24:02.168+0000] {processor.py:175} INFO - Processing /opt/airflow/dags/crawl_news.py took 0.046 seconds
[2025-08-06T15:24:32.471+0000] {processor.py:153} INFO - Started process (PID=574) to work on /opt/airflow/dags/crawl_news.py
[2025-08-06T15:24:32.472+0000] {processor.py:743} INFO - Processing file /opt/airflow/dags/crawl_news.py for tasks to queue
[2025-08-06T15:24:32.473+0000] {logging_mixin.py:137} INFO - [2025-08-06T15:24:32.473+0000] {dagbag.py:538} INFO - Filling up the DagBag from /opt/airflow/dags/crawl_news.py
[2025-08-06T15:24:32.491+0000] {logging_mixin.py:137} INFO - [2025-08-06T15:24:32.489+0000] {dagbag.py:343} ERROR - Failed to import: /opt/airflow/dags/crawl_news.py
Traceback (most recent call last):
  File "/home/airflow/.local/lib/python3.7/site-packages/airflow/models/dagbag.py", line 339, in parse
    loader.exec_module(new_module)
  File "<frozen importlib._bootstrap_external>", line 728, in exec_module
  File "<frozen importlib._bootstrap>", line 219, in _call_with_frames_removed
  File "/opt/airflow/dags/crawl_news.py", line 4, in <module>
    from airflow.operators.bash import PythonOperator
ImportError: cannot import name 'PythonOperator' from 'airflow.operators.bash' (/home/airflow/.local/lib/python3.7/site-packages/airflow/operators/bash.py)
[2025-08-06T15:24:32.491+0000] {processor.py:755} WARNING - No viable dags retrieved from /opt/airflow/dags/crawl_news.py
[2025-08-06T15:24:32.510+0000] {processor.py:175} INFO - Processing /opt/airflow/dags/crawl_news.py took 0.041 seconds
[2025-08-06T15:25:02.826+0000] {processor.py:153} INFO - Started process (PID=624) to work on /opt/airflow/dags/crawl_news.py
[2025-08-06T15:25:02.827+0000] {processor.py:743} INFO - Processing file /opt/airflow/dags/crawl_news.py for tasks to queue
[2025-08-06T15:25:02.830+0000] {logging_mixin.py:137} INFO - [2025-08-06T15:25:02.830+0000] {dagbag.py:538} INFO - Filling up the DagBag from /opt/airflow/dags/crawl_news.py
[2025-08-06T15:25:02.841+0000] {logging_mixin.py:137} INFO - [2025-08-06T15:25:02.840+0000] {dagbag.py:343} ERROR - Failed to import: /opt/airflow/dags/crawl_news.py
Traceback (most recent call last):
  File "/home/airflow/.local/lib/python3.7/site-packages/airflow/models/dagbag.py", line 339, in parse
    loader.exec_module(new_module)
  File "<frozen importlib._bootstrap_external>", line 728, in exec_module
  File "<frozen importlib._bootstrap>", line 219, in _call_with_frames_removed
  File "/opt/airflow/dags/crawl_news.py", line 4, in <module>
    from airflow.operators.bash import PythonOperator
ImportError: cannot import name 'PythonOperator' from 'airflow.operators.bash' (/home/airflow/.local/lib/python3.7/site-packages/airflow/operators/bash.py)
[2025-08-06T15:25:02.842+0000] {processor.py:755} WARNING - No viable dags retrieved from /opt/airflow/dags/crawl_news.py
[2025-08-06T15:25:02.863+0000] {processor.py:175} INFO - Processing /opt/airflow/dags/crawl_news.py took 0.041 seconds
[2025-08-06T15:25:33.158+0000] {processor.py:153} INFO - Started process (PID=674) to work on /opt/airflow/dags/crawl_news.py
[2025-08-06T15:25:33.159+0000] {processor.py:743} INFO - Processing file /opt/airflow/dags/crawl_news.py for tasks to queue
[2025-08-06T15:25:33.159+0000] {logging_mixin.py:137} INFO - [2025-08-06T15:25:33.159+0000] {dagbag.py:538} INFO - Filling up the DagBag from /opt/airflow/dags/crawl_news.py
[2025-08-06T15:25:33.171+0000] {logging_mixin.py:137} INFO - [2025-08-06T15:25:33.169+0000] {dagbag.py:343} ERROR - Failed to import: /opt/airflow/dags/crawl_news.py
Traceback (most recent call last):
  File "/home/airflow/.local/lib/python3.7/site-packages/airflow/models/dagbag.py", line 339, in parse
    loader.exec_module(new_module)
  File "<frozen importlib._bootstrap_external>", line 728, in exec_module
  File "<frozen importlib._bootstrap>", line 219, in _call_with_frames_removed
  File "/opt/airflow/dags/crawl_news.py", line 4, in <module>
    from airflow.operators.bash import PythonOperator
ImportError: cannot import name 'PythonOperator' from 'airflow.operators.bash' (/home/airflow/.local/lib/python3.7/site-packages/airflow/operators/bash.py)
[2025-08-06T15:25:33.172+0000] {processor.py:755} WARNING - No viable dags retrieved from /opt/airflow/dags/crawl_news.py
[2025-08-06T15:25:33.198+0000] {processor.py:175} INFO - Processing /opt/airflow/dags/crawl_news.py took 0.042 seconds
[2025-08-06T15:26:03.459+0000] {processor.py:153} INFO - Started process (PID=709) to work on /opt/airflow/dags/crawl_news.py
[2025-08-06T15:26:03.460+0000] {processor.py:743} INFO - Processing file /opt/airflow/dags/crawl_news.py for tasks to queue
[2025-08-06T15:26:03.460+0000] {logging_mixin.py:137} INFO - [2025-08-06T15:26:03.460+0000] {dagbag.py:538} INFO - Filling up the DagBag from /opt/airflow/dags/crawl_news.py
[2025-08-06T15:26:03.471+0000] {logging_mixin.py:137} INFO - [2025-08-06T15:26:03.470+0000] {dagbag.py:343} ERROR - Failed to import: /opt/airflow/dags/crawl_news.py
Traceback (most recent call last):
  File "/home/airflow/.local/lib/python3.7/site-packages/airflow/models/dagbag.py", line 339, in parse
    loader.exec_module(new_module)
  File "<frozen importlib._bootstrap_external>", line 728, in exec_module
  File "<frozen importlib._bootstrap>", line 219, in _call_with_frames_removed
  File "/opt/airflow/dags/crawl_news.py", line 4, in <module>
    from airflow.operators.bash import PythonOperator
ImportError: cannot import name 'PythonOperator' from 'airflow.operators.bash' (/home/airflow/.local/lib/python3.7/site-packages/airflow/operators/bash.py)
[2025-08-06T15:26:03.472+0000] {processor.py:755} WARNING - No viable dags retrieved from /opt/airflow/dags/crawl_news.py
[2025-08-06T15:26:03.490+0000] {processor.py:175} INFO - Processing /opt/airflow/dags/crawl_news.py took 0.035 seconds
[2025-08-06T15:26:33.783+0000] {processor.py:153} INFO - Started process (PID=759) to work on /opt/airflow/dags/crawl_news.py
[2025-08-06T15:26:33.785+0000] {processor.py:743} INFO - Processing file /opt/airflow/dags/crawl_news.py for tasks to queue
[2025-08-06T15:26:33.787+0000] {logging_mixin.py:137} INFO - [2025-08-06T15:26:33.786+0000] {dagbag.py:538} INFO - Filling up the DagBag from /opt/airflow/dags/crawl_news.py
[2025-08-06T15:26:33.797+0000] {logging_mixin.py:137} INFO - [2025-08-06T15:26:33.795+0000] {dagbag.py:343} ERROR - Failed to import: /opt/airflow/dags/crawl_news.py
Traceback (most recent call last):
  File "/home/airflow/.local/lib/python3.7/site-packages/airflow/models/dagbag.py", line 339, in parse
    loader.exec_module(new_module)
  File "<frozen importlib._bootstrap_external>", line 728, in exec_module
  File "<frozen importlib._bootstrap>", line 219, in _call_with_frames_removed
  File "/opt/airflow/dags/crawl_news.py", line 4, in <module>
    from airflow.operators.bash import PythonOperator
ImportError: cannot import name 'PythonOperator' from 'airflow.operators.bash' (/home/airflow/.local/lib/python3.7/site-packages/airflow/operators/bash.py)
[2025-08-06T15:26:33.797+0000] {processor.py:755} WARNING - No viable dags retrieved from /opt/airflow/dags/crawl_news.py
[2025-08-06T15:26:33.819+0000] {processor.py:175} INFO - Processing /opt/airflow/dags/crawl_news.py took 0.040 seconds
[2025-08-06T15:27:04.103+0000] {processor.py:153} INFO - Started process (PID=809) to work on /opt/airflow/dags/crawl_news.py
[2025-08-06T15:27:04.103+0000] {processor.py:743} INFO - Processing file /opt/airflow/dags/crawl_news.py for tasks to queue
[2025-08-06T15:27:04.104+0000] {logging_mixin.py:137} INFO - [2025-08-06T15:27:04.104+0000] {dagbag.py:538} INFO - Filling up the DagBag from /opt/airflow/dags/crawl_news.py
[2025-08-06T15:27:04.120+0000] {logging_mixin.py:137} INFO - [2025-08-06T15:27:04.118+0000] {dagbag.py:343} ERROR - Failed to import: /opt/airflow/dags/crawl_news.py
Traceback (most recent call last):
  File "/home/airflow/.local/lib/python3.7/site-packages/airflow/models/dagbag.py", line 339, in parse
    loader.exec_module(new_module)
  File "<frozen importlib._bootstrap_external>", line 728, in exec_module
  File "<frozen importlib._bootstrap>", line 219, in _call_with_frames_removed
  File "/opt/airflow/dags/crawl_news.py", line 4, in <module>
    from airflow.operators.bash import PythonOperator
ImportError: cannot import name 'PythonOperator' from 'airflow.operators.bash' (/home/airflow/.local/lib/python3.7/site-packages/airflow/operators/bash.py)
[2025-08-06T15:27:04.121+0000] {processor.py:755} WARNING - No viable dags retrieved from /opt/airflow/dags/crawl_news.py
[2025-08-06T15:27:04.148+0000] {processor.py:175} INFO - Processing /opt/airflow/dags/crawl_news.py took 0.048 seconds
[2025-08-06T15:27:34.450+0000] {processor.py:153} INFO - Started process (PID=842) to work on /opt/airflow/dags/crawl_news.py
[2025-08-06T15:27:34.451+0000] {processor.py:743} INFO - Processing file /opt/airflow/dags/crawl_news.py for tasks to queue
[2025-08-06T15:27:34.452+0000] {logging_mixin.py:137} INFO - [2025-08-06T15:27:34.452+0000] {dagbag.py:538} INFO - Filling up the DagBag from /opt/airflow/dags/crawl_news.py
[2025-08-06T15:27:34.460+0000] {logging_mixin.py:137} INFO - [2025-08-06T15:27:34.459+0000] {dagbag.py:343} ERROR - Failed to import: /opt/airflow/dags/crawl_news.py
Traceback (most recent call last):
  File "/home/airflow/.local/lib/python3.7/site-packages/airflow/models/dagbag.py", line 339, in parse
    loader.exec_module(new_module)
  File "<frozen importlib._bootstrap_external>", line 728, in exec_module
  File "<frozen importlib._bootstrap>", line 219, in _call_with_frames_removed
  File "/opt/airflow/dags/crawl_news.py", line 4, in <module>
    from airflow.operators.bash import PythonOperator
ImportError: cannot import name 'PythonOperator' from 'airflow.operators.bash' (/home/airflow/.local/lib/python3.7/site-packages/airflow/operators/bash.py)
[2025-08-06T15:27:34.461+0000] {processor.py:755} WARNING - No viable dags retrieved from /opt/airflow/dags/crawl_news.py
[2025-08-06T15:27:34.477+0000] {processor.py:175} INFO - Processing /opt/airflow/dags/crawl_news.py took 0.030 seconds
[2025-08-06T15:28:04.768+0000] {processor.py:153} INFO - Started process (PID=892) to work on /opt/airflow/dags/crawl_news.py
[2025-08-06T15:28:04.774+0000] {processor.py:743} INFO - Processing file /opt/airflow/dags/crawl_news.py for tasks to queue
[2025-08-06T15:28:04.775+0000] {logging_mixin.py:137} INFO - [2025-08-06T15:28:04.775+0000] {dagbag.py:538} INFO - Filling up the DagBag from /opt/airflow/dags/crawl_news.py
[2025-08-06T15:28:04.786+0000] {logging_mixin.py:137} INFO - [2025-08-06T15:28:04.785+0000] {dagbag.py:343} ERROR - Failed to import: /opt/airflow/dags/crawl_news.py
Traceback (most recent call last):
  File "/home/airflow/.local/lib/python3.7/site-packages/airflow/models/dagbag.py", line 339, in parse
    loader.exec_module(new_module)
  File "<frozen importlib._bootstrap_external>", line 728, in exec_module
  File "<frozen importlib._bootstrap>", line 219, in _call_with_frames_removed
  File "/opt/airflow/dags/crawl_news.py", line 4, in <module>
    from airflow.operators.bash import PythonOperator
ImportError: cannot import name 'PythonOperator' from 'airflow.operators.bash' (/home/airflow/.local/lib/python3.7/site-packages/airflow/operators/bash.py)
[2025-08-06T15:28:04.786+0000] {processor.py:755} WARNING - No viable dags retrieved from /opt/airflow/dags/crawl_news.py
[2025-08-06T15:28:04.802+0000] {processor.py:175} INFO - Processing /opt/airflow/dags/crawl_news.py took 0.038 seconds
[2025-08-06T15:28:35.143+0000] {processor.py:153} INFO - Started process (PID=942) to work on /opt/airflow/dags/crawl_news.py
[2025-08-06T15:28:35.144+0000] {processor.py:743} INFO - Processing file /opt/airflow/dags/crawl_news.py for tasks to queue
[2025-08-06T15:28:35.145+0000] {logging_mixin.py:137} INFO - [2025-08-06T15:28:35.145+0000] {dagbag.py:538} INFO - Filling up the DagBag from /opt/airflow/dags/crawl_news.py
[2025-08-06T15:28:35.155+0000] {logging_mixin.py:137} INFO - [2025-08-06T15:28:35.152+0000] {dagbag.py:343} ERROR - Failed to import: /opt/airflow/dags/crawl_news.py
Traceback (most recent call last):
  File "/home/airflow/.local/lib/python3.7/site-packages/airflow/models/dagbag.py", line 339, in parse
    loader.exec_module(new_module)
  File "<frozen importlib._bootstrap_external>", line 728, in exec_module
  File "<frozen importlib._bootstrap>", line 219, in _call_with_frames_removed
  File "/opt/airflow/dags/crawl_news.py", line 4, in <module>
    from airflow.operators.bash import PythonOperator
ImportError: cannot import name 'PythonOperator' from 'airflow.operators.bash' (/home/airflow/.local/lib/python3.7/site-packages/airflow/operators/bash.py)
[2025-08-06T15:28:35.155+0000] {processor.py:755} WARNING - No viable dags retrieved from /opt/airflow/dags/crawl_news.py
[2025-08-06T15:28:35.179+0000] {processor.py:175} INFO - Processing /opt/airflow/dags/crawl_news.py took 0.040 seconds
[2025-08-06T15:29:05.512+0000] {processor.py:153} INFO - Started process (PID=976) to work on /opt/airflow/dags/crawl_news.py
[2025-08-06T15:29:05.516+0000] {processor.py:743} INFO - Processing file /opt/airflow/dags/crawl_news.py for tasks to queue
[2025-08-06T15:29:05.518+0000] {logging_mixin.py:137} INFO - [2025-08-06T15:29:05.518+0000] {dagbag.py:538} INFO - Filling up the DagBag from /opt/airflow/dags/crawl_news.py
[2025-08-06T15:29:05.527+0000] {logging_mixin.py:137} INFO - [2025-08-06T15:29:05.526+0000] {dagbag.py:343} ERROR - Failed to import: /opt/airflow/dags/crawl_news.py
Traceback (most recent call last):
  File "/home/airflow/.local/lib/python3.7/site-packages/airflow/models/dagbag.py", line 339, in parse
    loader.exec_module(new_module)
  File "<frozen importlib._bootstrap_external>", line 728, in exec_module
  File "<frozen importlib._bootstrap>", line 219, in _call_with_frames_removed
  File "/opt/airflow/dags/crawl_news.py", line 4, in <module>
    from airflow.operators.bash import PythonOperator
ImportError: cannot import name 'PythonOperator' from 'airflow.operators.bash' (/home/airflow/.local/lib/python3.7/site-packages/airflow/operators/bash.py)
[2025-08-06T15:29:05.528+0000] {processor.py:755} WARNING - No viable dags retrieved from /opt/airflow/dags/crawl_news.py
[2025-08-06T15:29:05.547+0000] {processor.py:175} INFO - Processing /opt/airflow/dags/crawl_news.py took 0.039 seconds
[2025-08-06T15:29:35.819+0000] {processor.py:153} INFO - Started process (PID=1026) to work on /opt/airflow/dags/crawl_news.py
[2025-08-06T15:29:35.821+0000] {processor.py:743} INFO - Processing file /opt/airflow/dags/crawl_news.py for tasks to queue
[2025-08-06T15:29:35.822+0000] {logging_mixin.py:137} INFO - [2025-08-06T15:29:35.822+0000] {dagbag.py:538} INFO - Filling up the DagBag from /opt/airflow/dags/crawl_news.py
[2025-08-06T15:29:35.835+0000] {logging_mixin.py:137} INFO - [2025-08-06T15:29:35.833+0000] {dagbag.py:343} ERROR - Failed to import: /opt/airflow/dags/crawl_news.py
Traceback (most recent call last):
  File "/home/airflow/.local/lib/python3.7/site-packages/airflow/models/dagbag.py", line 339, in parse
    loader.exec_module(new_module)
  File "<frozen importlib._bootstrap_external>", line 728, in exec_module
  File "<frozen importlib._bootstrap>", line 219, in _call_with_frames_removed
  File "/opt/airflow/dags/crawl_news.py", line 4, in <module>
    from airflow.operators.bash import PythonOperator
ImportError: cannot import name 'PythonOperator' from 'airflow.operators.bash' (/home/airflow/.local/lib/python3.7/site-packages/airflow/operators/bash.py)
[2025-08-06T15:29:35.836+0000] {processor.py:755} WARNING - No viable dags retrieved from /opt/airflow/dags/crawl_news.py
[2025-08-06T15:29:35.856+0000] {processor.py:175} INFO - Processing /opt/airflow/dags/crawl_news.py took 0.040 seconds
[2025-08-06T15:30:06.150+0000] {processor.py:153} INFO - Started process (PID=1076) to work on /opt/airflow/dags/crawl_news.py
[2025-08-06T15:30:06.150+0000] {processor.py:743} INFO - Processing file /opt/airflow/dags/crawl_news.py for tasks to queue
[2025-08-06T15:30:06.154+0000] {logging_mixin.py:137} INFO - [2025-08-06T15:30:06.154+0000] {dagbag.py:538} INFO - Filling up the DagBag from /opt/airflow/dags/crawl_news.py
[2025-08-06T15:30:06.165+0000] {logging_mixin.py:137} INFO - [2025-08-06T15:30:06.161+0000] {dagbag.py:343} ERROR - Failed to import: /opt/airflow/dags/crawl_news.py
Traceback (most recent call last):
  File "/home/airflow/.local/lib/python3.7/site-packages/airflow/models/dagbag.py", line 339, in parse
    loader.exec_module(new_module)
  File "<frozen importlib._bootstrap_external>", line 728, in exec_module
  File "<frozen importlib._bootstrap>", line 219, in _call_with_frames_removed
  File "/opt/airflow/dags/crawl_news.py", line 4, in <module>
    from airflow.operators.bash import PythonOperator
ImportError: cannot import name 'PythonOperator' from 'airflow.operators.bash' (/home/airflow/.local/lib/python3.7/site-packages/airflow/operators/bash.py)
[2025-08-06T15:30:06.165+0000] {processor.py:755} WARNING - No viable dags retrieved from /opt/airflow/dags/crawl_news.py
[2025-08-06T15:30:06.178+0000] {processor.py:175} INFO - Processing /opt/airflow/dags/crawl_news.py took 0.031 seconds
[2025-08-06T15:30:36.488+0000] {processor.py:153} INFO - Started process (PID=1110) to work on /opt/airflow/dags/crawl_news.py
[2025-08-06T15:30:36.490+0000] {processor.py:743} INFO - Processing file /opt/airflow/dags/crawl_news.py for tasks to queue
[2025-08-06T15:30:36.494+0000] {logging_mixin.py:137} INFO - [2025-08-06T15:30:36.494+0000] {dagbag.py:538} INFO - Filling up the DagBag from /opt/airflow/dags/crawl_news.py
[2025-08-06T15:30:36.503+0000] {logging_mixin.py:137} INFO - [2025-08-06T15:30:36.501+0000] {dagbag.py:343} ERROR - Failed to import: /opt/airflow/dags/crawl_news.py
Traceback (most recent call last):
  File "/home/airflow/.local/lib/python3.7/site-packages/airflow/models/dagbag.py", line 339, in parse
    loader.exec_module(new_module)
  File "<frozen importlib._bootstrap_external>", line 728, in exec_module
  File "<frozen importlib._bootstrap>", line 219, in _call_with_frames_removed
  File "/opt/airflow/dags/crawl_news.py", line 4, in <module>
    from airflow.operators.bash import PythonOperator
ImportError: cannot import name 'PythonOperator' from 'airflow.operators.bash' (/home/airflow/.local/lib/python3.7/site-packages/airflow/operators/bash.py)
[2025-08-06T15:30:36.503+0000] {processor.py:755} WARNING - No viable dags retrieved from /opt/airflow/dags/crawl_news.py
[2025-08-06T15:30:36.526+0000] {processor.py:175} INFO - Processing /opt/airflow/dags/crawl_news.py took 0.041 seconds
[2025-08-06T15:31:06.831+0000] {processor.py:153} INFO - Started process (PID=1160) to work on /opt/airflow/dags/crawl_news.py
[2025-08-06T15:31:06.832+0000] {processor.py:743} INFO - Processing file /opt/airflow/dags/crawl_news.py for tasks to queue
[2025-08-06T15:31:06.833+0000] {logging_mixin.py:137} INFO - [2025-08-06T15:31:06.833+0000] {dagbag.py:538} INFO - Filling up the DagBag from /opt/airflow/dags/crawl_news.py
[2025-08-06T15:31:06.846+0000] {logging_mixin.py:137} INFO - [2025-08-06T15:31:06.845+0000] {dagbag.py:343} ERROR - Failed to import: /opt/airflow/dags/crawl_news.py
Traceback (most recent call last):
  File "/home/airflow/.local/lib/python3.7/site-packages/airflow/models/dagbag.py", line 339, in parse
    loader.exec_module(new_module)
  File "<frozen importlib._bootstrap_external>", line 728, in exec_module
  File "<frozen importlib._bootstrap>", line 219, in _call_with_frames_removed
  File "/opt/airflow/dags/crawl_news.py", line 4, in <module>
    from airflow.operators.bash import PythonOperator
ImportError: cannot import name 'PythonOperator' from 'airflow.operators.bash' (/home/airflow/.local/lib/python3.7/site-packages/airflow/operators/bash.py)
[2025-08-06T15:31:06.847+0000] {processor.py:755} WARNING - No viable dags retrieved from /opt/airflow/dags/crawl_news.py
[2025-08-06T15:31:06.864+0000] {processor.py:175} INFO - Processing /opt/airflow/dags/crawl_news.py took 0.037 seconds
[2025-08-06T15:31:37.151+0000] {processor.py:153} INFO - Started process (PID=1210) to work on /opt/airflow/dags/crawl_news.py
[2025-08-06T15:31:37.155+0000] {processor.py:743} INFO - Processing file /opt/airflow/dags/crawl_news.py for tasks to queue
[2025-08-06T15:31:37.158+0000] {logging_mixin.py:137} INFO - [2025-08-06T15:31:37.158+0000] {dagbag.py:538} INFO - Filling up the DagBag from /opt/airflow/dags/crawl_news.py
[2025-08-06T15:31:37.168+0000] {logging_mixin.py:137} INFO - [2025-08-06T15:31:37.166+0000] {dagbag.py:343} ERROR - Failed to import: /opt/airflow/dags/crawl_news.py
Traceback (most recent call last):
  File "/home/airflow/.local/lib/python3.7/site-packages/airflow/models/dagbag.py", line 339, in parse
    loader.exec_module(new_module)
  File "<frozen importlib._bootstrap_external>", line 728, in exec_module
  File "<frozen importlib._bootstrap>", line 219, in _call_with_frames_removed
  File "/opt/airflow/dags/crawl_news.py", line 4, in <module>
    from airflow.operators.bash import PythonOperator
ImportError: cannot import name 'PythonOperator' from 'airflow.operators.bash' (/home/airflow/.local/lib/python3.7/site-packages/airflow/operators/bash.py)
[2025-08-06T15:31:37.168+0000] {processor.py:755} WARNING - No viable dags retrieved from /opt/airflow/dags/crawl_news.py
[2025-08-06T15:31:37.186+0000] {processor.py:175} INFO - Processing /opt/airflow/dags/crawl_news.py took 0.039 seconds
[2025-08-06T15:32:07.484+0000] {processor.py:153} INFO - Started process (PID=1244) to work on /opt/airflow/dags/crawl_news.py
[2025-08-06T15:32:07.485+0000] {processor.py:743} INFO - Processing file /opt/airflow/dags/crawl_news.py for tasks to queue
[2025-08-06T15:32:07.487+0000] {logging_mixin.py:137} INFO - [2025-08-06T15:32:07.487+0000] {dagbag.py:538} INFO - Filling up the DagBag from /opt/airflow/dags/crawl_news.py
[2025-08-06T15:32:07.498+0000] {logging_mixin.py:137} INFO - [2025-08-06T15:32:07.496+0000] {dagbag.py:343} ERROR - Failed to import: /opt/airflow/dags/crawl_news.py
Traceback (most recent call last):
  File "/home/airflow/.local/lib/python3.7/site-packages/airflow/models/dagbag.py", line 339, in parse
    loader.exec_module(new_module)
  File "<frozen importlib._bootstrap_external>", line 728, in exec_module
  File "<frozen importlib._bootstrap>", line 219, in _call_with_frames_removed
  File "/opt/airflow/dags/crawl_news.py", line 4, in <module>
    from airflow.operators.bash import PythonOperator
ImportError: cannot import name 'PythonOperator' from 'airflow.operators.bash' (/home/airflow/.local/lib/python3.7/site-packages/airflow/operators/bash.py)
[2025-08-06T15:32:07.498+0000] {processor.py:755} WARNING - No viable dags retrieved from /opt/airflow/dags/crawl_news.py
[2025-08-06T15:32:07.516+0000] {processor.py:175} INFO - Processing /opt/airflow/dags/crawl_news.py took 0.035 seconds
[2025-08-06T15:32:37.779+0000] {processor.py:153} INFO - Started process (PID=1294) to work on /opt/airflow/dags/crawl_news.py
[2025-08-06T15:32:37.780+0000] {processor.py:743} INFO - Processing file /opt/airflow/dags/crawl_news.py for tasks to queue
[2025-08-06T15:32:37.780+0000] {logging_mixin.py:137} INFO - [2025-08-06T15:32:37.780+0000] {dagbag.py:538} INFO - Filling up the DagBag from /opt/airflow/dags/crawl_news.py
[2025-08-06T15:32:37.799+0000] {logging_mixin.py:137} INFO - [2025-08-06T15:32:37.797+0000] {dagbag.py:343} ERROR - Failed to import: /opt/airflow/dags/crawl_news.py
Traceback (most recent call last):
  File "/home/airflow/.local/lib/python3.7/site-packages/airflow/models/dagbag.py", line 339, in parse
    loader.exec_module(new_module)
  File "<frozen importlib._bootstrap_external>", line 728, in exec_module
  File "<frozen importlib._bootstrap>", line 219, in _call_with_frames_removed
  File "/opt/airflow/dags/crawl_news.py", line 4, in <module>
    from airflow.operators.bash import PythonOperator
ImportError: cannot import name 'PythonOperator' from 'airflow.operators.bash' (/home/airflow/.local/lib/python3.7/site-packages/airflow/operators/bash.py)
[2025-08-06T15:32:37.799+0000] {processor.py:755} WARNING - No viable dags retrieved from /opt/airflow/dags/crawl_news.py
[2025-08-06T15:32:37.822+0000] {processor.py:175} INFO - Processing /opt/airflow/dags/crawl_news.py took 0.047 seconds
[2025-08-06T15:33:08.106+0000] {processor.py:153} INFO - Started process (PID=1344) to work on /opt/airflow/dags/crawl_news.py
[2025-08-06T15:33:08.114+0000] {processor.py:743} INFO - Processing file /opt/airflow/dags/crawl_news.py for tasks to queue
[2025-08-06T15:33:08.115+0000] {logging_mixin.py:137} INFO - [2025-08-06T15:33:08.115+0000] {dagbag.py:538} INFO - Filling up the DagBag from /opt/airflow/dags/crawl_news.py
[2025-08-06T15:33:08.123+0000] {logging_mixin.py:137} INFO - [2025-08-06T15:33:08.121+0000] {dagbag.py:343} ERROR - Failed to import: /opt/airflow/dags/crawl_news.py
Traceback (most recent call last):
  File "/home/airflow/.local/lib/python3.7/site-packages/airflow/models/dagbag.py", line 339, in parse
    loader.exec_module(new_module)
  File "<frozen importlib._bootstrap_external>", line 728, in exec_module
  File "<frozen importlib._bootstrap>", line 219, in _call_with_frames_removed
  File "/opt/airflow/dags/crawl_news.py", line 4, in <module>
    from airflow.operators.bash import PythonOperator
ImportError: cannot import name 'PythonOperator' from 'airflow.operators.bash' (/home/airflow/.local/lib/python3.7/site-packages/airflow/operators/bash.py)
[2025-08-06T15:33:08.123+0000] {processor.py:755} WARNING - No viable dags retrieved from /opt/airflow/dags/crawl_news.py
[2025-08-06T15:33:08.142+0000] {processor.py:175} INFO - Processing /opt/airflow/dags/crawl_news.py took 0.040 seconds
[2025-08-06T15:33:38.453+0000] {processor.py:153} INFO - Started process (PID=1378) to work on /opt/airflow/dags/crawl_news.py
[2025-08-06T15:33:38.454+0000] {processor.py:743} INFO - Processing file /opt/airflow/dags/crawl_news.py for tasks to queue
[2025-08-06T15:33:38.455+0000] {logging_mixin.py:137} INFO - [2025-08-06T15:33:38.455+0000] {dagbag.py:538} INFO - Filling up the DagBag from /opt/airflow/dags/crawl_news.py
[2025-08-06T15:33:38.468+0000] {logging_mixin.py:137} INFO - [2025-08-06T15:33:38.465+0000] {dagbag.py:343} ERROR - Failed to import: /opt/airflow/dags/crawl_news.py
Traceback (most recent call last):
  File "/home/airflow/.local/lib/python3.7/site-packages/airflow/models/dagbag.py", line 339, in parse
    loader.exec_module(new_module)
  File "<frozen importlib._bootstrap_external>", line 728, in exec_module
  File "<frozen importlib._bootstrap>", line 219, in _call_with_frames_removed
  File "/opt/airflow/dags/crawl_news.py", line 4, in <module>
    from airflow.operators.bash import PythonOperator
ImportError: cannot import name 'PythonOperator' from 'airflow.operators.bash' (/home/airflow/.local/lib/python3.7/site-packages/airflow/operators/bash.py)
[2025-08-06T15:33:38.469+0000] {processor.py:755} WARNING - No viable dags retrieved from /opt/airflow/dags/crawl_news.py
[2025-08-06T15:33:38.484+0000] {processor.py:175} INFO - Processing /opt/airflow/dags/crawl_news.py took 0.034 seconds
[2025-08-06T15:34:08.774+0000] {processor.py:153} INFO - Started process (PID=1428) to work on /opt/airflow/dags/crawl_news.py
[2025-08-06T15:34:08.775+0000] {processor.py:743} INFO - Processing file /opt/airflow/dags/crawl_news.py for tasks to queue
[2025-08-06T15:34:08.776+0000] {logging_mixin.py:137} INFO - [2025-08-06T15:34:08.775+0000] {dagbag.py:538} INFO - Filling up the DagBag from /opt/airflow/dags/crawl_news.py
[2025-08-06T15:34:08.784+0000] {logging_mixin.py:137} INFO - [2025-08-06T15:34:08.783+0000] {dagbag.py:343} ERROR - Failed to import: /opt/airflow/dags/crawl_news.py
Traceback (most recent call last):
  File "/home/airflow/.local/lib/python3.7/site-packages/airflow/models/dagbag.py", line 339, in parse
    loader.exec_module(new_module)
  File "<frozen importlib._bootstrap_external>", line 728, in exec_module
  File "<frozen importlib._bootstrap>", line 219, in _call_with_frames_removed
  File "/opt/airflow/dags/crawl_news.py", line 4, in <module>
    from airflow.operators.bash import PythonOperator
ImportError: cannot import name 'PythonOperator' from 'airflow.operators.bash' (/home/airflow/.local/lib/python3.7/site-packages/airflow/operators/bash.py)
[2025-08-06T15:34:08.785+0000] {processor.py:755} WARNING - No viable dags retrieved from /opt/airflow/dags/crawl_news.py
[2025-08-06T15:34:08.802+0000] {processor.py:175} INFO - Processing /opt/airflow/dags/crawl_news.py took 0.032 seconds
[2025-08-06T15:34:39.112+0000] {processor.py:153} INFO - Started process (PID=1478) to work on /opt/airflow/dags/crawl_news.py
[2025-08-06T15:34:39.113+0000] {processor.py:743} INFO - Processing file /opt/airflow/dags/crawl_news.py for tasks to queue
[2025-08-06T15:34:39.115+0000] {logging_mixin.py:137} INFO - [2025-08-06T15:34:39.115+0000] {dagbag.py:538} INFO - Filling up the DagBag from /opt/airflow/dags/crawl_news.py
[2025-08-06T15:34:39.125+0000] {logging_mixin.py:137} INFO - [2025-08-06T15:34:39.124+0000] {dagbag.py:343} ERROR - Failed to import: /opt/airflow/dags/crawl_news.py
Traceback (most recent call last):
  File "/home/airflow/.local/lib/python3.7/site-packages/airflow/models/dagbag.py", line 339, in parse
    loader.exec_module(new_module)
  File "<frozen importlib._bootstrap_external>", line 728, in exec_module
  File "<frozen importlib._bootstrap>", line 219, in _call_with_frames_removed
  File "/opt/airflow/dags/crawl_news.py", line 4, in <module>
    from airflow.operators.bash import PythonOperator
ImportError: cannot import name 'PythonOperator' from 'airflow.operators.bash' (/home/airflow/.local/lib/python3.7/site-packages/airflow/operators/bash.py)
[2025-08-06T15:34:39.126+0000] {processor.py:755} WARNING - No viable dags retrieved from /opt/airflow/dags/crawl_news.py
[2025-08-06T15:34:39.144+0000] {processor.py:175} INFO - Processing /opt/airflow/dags/crawl_news.py took 0.035 seconds
[2025-08-06T15:35:09.447+0000] {processor.py:153} INFO - Started process (PID=1511) to work on /opt/airflow/dags/crawl_news.py
[2025-08-06T15:35:09.448+0000] {processor.py:743} INFO - Processing file /opt/airflow/dags/crawl_news.py for tasks to queue
[2025-08-06T15:35:09.448+0000] {logging_mixin.py:137} INFO - [2025-08-06T15:35:09.448+0000] {dagbag.py:538} INFO - Filling up the DagBag from /opt/airflow/dags/crawl_news.py
[2025-08-06T15:35:09.459+0000] {logging_mixin.py:137} INFO - [2025-08-06T15:35:09.455+0000] {dagbag.py:343} ERROR - Failed to import: /opt/airflow/dags/crawl_news.py
Traceback (most recent call last):
  File "/home/airflow/.local/lib/python3.7/site-packages/airflow/models/dagbag.py", line 339, in parse
    loader.exec_module(new_module)
  File "<frozen importlib._bootstrap_external>", line 728, in exec_module
  File "<frozen importlib._bootstrap>", line 219, in _call_with_frames_removed
  File "/opt/airflow/dags/crawl_news.py", line 4, in <module>
    from airflow.operators.bash import PythonOperator
ImportError: cannot import name 'PythonOperator' from 'airflow.operators.bash' (/home/airflow/.local/lib/python3.7/site-packages/airflow/operators/bash.py)
[2025-08-06T15:35:09.462+0000] {processor.py:755} WARNING - No viable dags retrieved from /opt/airflow/dags/crawl_news.py
[2025-08-06T15:35:09.478+0000] {processor.py:175} INFO - Processing /opt/airflow/dags/crawl_news.py took 0.034 seconds
[2025-08-06T15:35:39.781+0000] {processor.py:153} INFO - Started process (PID=1561) to work on /opt/airflow/dags/crawl_news.py
[2025-08-06T15:35:39.782+0000] {processor.py:743} INFO - Processing file /opt/airflow/dags/crawl_news.py for tasks to queue
[2025-08-06T15:35:39.783+0000] {logging_mixin.py:137} INFO - [2025-08-06T15:35:39.782+0000] {dagbag.py:538} INFO - Filling up the DagBag from /opt/airflow/dags/crawl_news.py
[2025-08-06T15:35:39.796+0000] {logging_mixin.py:137} INFO - [2025-08-06T15:35:39.795+0000] {dagbag.py:343} ERROR - Failed to import: /opt/airflow/dags/crawl_news.py
Traceback (most recent call last):
  File "/home/airflow/.local/lib/python3.7/site-packages/airflow/models/dagbag.py", line 339, in parse
    loader.exec_module(new_module)
  File "<frozen importlib._bootstrap_external>", line 728, in exec_module
  File "<frozen importlib._bootstrap>", line 219, in _call_with_frames_removed
  File "/opt/airflow/dags/crawl_news.py", line 4, in <module>
    from airflow.operators.bash import PythonOperator
ImportError: cannot import name 'PythonOperator' from 'airflow.operators.bash' (/home/airflow/.local/lib/python3.7/site-packages/airflow/operators/bash.py)
[2025-08-06T15:35:39.796+0000] {processor.py:755} WARNING - No viable dags retrieved from /opt/airflow/dags/crawl_news.py
[2025-08-06T15:35:39.814+0000] {processor.py:175} INFO - Processing /opt/airflow/dags/crawl_news.py took 0.037 seconds
[2025-08-06T15:36:10.113+0000] {processor.py:153} INFO - Started process (PID=1611) to work on /opt/airflow/dags/crawl_news.py
[2025-08-06T15:36:10.114+0000] {processor.py:743} INFO - Processing file /opt/airflow/dags/crawl_news.py for tasks to queue
[2025-08-06T15:36:10.116+0000] {logging_mixin.py:137} INFO - [2025-08-06T15:36:10.116+0000] {dagbag.py:538} INFO - Filling up the DagBag from /opt/airflow/dags/crawl_news.py
[2025-08-06T15:36:10.128+0000] {logging_mixin.py:137} INFO - [2025-08-06T15:36:10.126+0000] {dagbag.py:343} ERROR - Failed to import: /opt/airflow/dags/crawl_news.py
Traceback (most recent call last):
  File "/home/airflow/.local/lib/python3.7/site-packages/airflow/models/dagbag.py", line 339, in parse
    loader.exec_module(new_module)
  File "<frozen importlib._bootstrap_external>", line 728, in exec_module
  File "<frozen importlib._bootstrap>", line 219, in _call_with_frames_removed
  File "/opt/airflow/dags/crawl_news.py", line 4, in <module>
    from airflow.operators.bash import PythonOperator
ImportError: cannot import name 'PythonOperator' from 'airflow.operators.bash' (/home/airflow/.local/lib/python3.7/site-packages/airflow/operators/bash.py)
[2025-08-06T15:36:10.128+0000] {processor.py:755} WARNING - No viable dags retrieved from /opt/airflow/dags/crawl_news.py
[2025-08-06T15:36:10.149+0000] {processor.py:175} INFO - Processing /opt/airflow/dags/crawl_news.py took 0.039 seconds
[2025-08-06T15:36:40.436+0000] {processor.py:153} INFO - Started process (PID=1654) to work on /opt/airflow/dags/crawl_news.py
[2025-08-06T15:36:40.436+0000] {processor.py:743} INFO - Processing file /opt/airflow/dags/crawl_news.py for tasks to queue
[2025-08-06T15:36:40.437+0000] {logging_mixin.py:137} INFO - [2025-08-06T15:36:40.437+0000] {dagbag.py:538} INFO - Filling up the DagBag from /opt/airflow/dags/crawl_news.py
[2025-08-06T15:36:40.446+0000] {logging_mixin.py:137} INFO - [2025-08-06T15:36:40.445+0000] {dagbag.py:343} ERROR - Failed to import: /opt/airflow/dags/crawl_news.py
Traceback (most recent call last):
  File "/home/airflow/.local/lib/python3.7/site-packages/airflow/models/dagbag.py", line 339, in parse
    loader.exec_module(new_module)
  File "<frozen importlib._bootstrap_external>", line 728, in exec_module
  File "<frozen importlib._bootstrap>", line 219, in _call_with_frames_removed
  File "/opt/airflow/dags/crawl_news.py", line 4, in <module>
    from airflow.operators.bash import PythonOperator
ImportError: cannot import name 'PythonOperator' from 'airflow.operators.bash' (/home/airflow/.local/lib/python3.7/site-packages/airflow/operators/bash.py)
[2025-08-06T15:36:40.446+0000] {processor.py:755} WARNING - No viable dags retrieved from /opt/airflow/dags/crawl_news.py
[2025-08-06T15:36:40.460+0000] {processor.py:175} INFO - Processing /opt/airflow/dags/crawl_news.py took 0.027 seconds
[2025-08-06T15:37:10.727+0000] {processor.py:153} INFO - Started process (PID=1695) to work on /opt/airflow/dags/crawl_news.py
[2025-08-06T15:37:10.728+0000] {processor.py:743} INFO - Processing file /opt/airflow/dags/crawl_news.py for tasks to queue
[2025-08-06T15:37:10.728+0000] {logging_mixin.py:137} INFO - [2025-08-06T15:37:10.728+0000] {dagbag.py:538} INFO - Filling up the DagBag from /opt/airflow/dags/crawl_news.py
[2025-08-06T15:37:10.743+0000] {logging_mixin.py:137} INFO - [2025-08-06T15:37:10.738+0000] {dagbag.py:343} ERROR - Failed to import: /opt/airflow/dags/crawl_news.py
Traceback (most recent call last):
  File "/home/airflow/.local/lib/python3.7/site-packages/airflow/models/dagbag.py", line 339, in parse
    loader.exec_module(new_module)
  File "<frozen importlib._bootstrap_external>", line 728, in exec_module
  File "<frozen importlib._bootstrap>", line 219, in _call_with_frames_removed
  File "/opt/airflow/dags/crawl_news.py", line 4, in <module>
    from airflow.operators.bash import PythonOperator
ImportError: cannot import name 'PythonOperator' from 'airflow.operators.bash' (/home/airflow/.local/lib/python3.7/site-packages/airflow/operators/bash.py)
[2025-08-06T15:37:10.743+0000] {processor.py:755} WARNING - No viable dags retrieved from /opt/airflow/dags/crawl_news.py
[2025-08-06T15:37:10.760+0000] {processor.py:175} INFO - Processing /opt/airflow/dags/crawl_news.py took 0.036 seconds
[2025-08-06T15:37:41.091+0000] {processor.py:153} INFO - Started process (PID=1744) to work on /opt/airflow/dags/crawl_news.py
[2025-08-06T15:37:41.097+0000] {processor.py:743} INFO - Processing file /opt/airflow/dags/crawl_news.py for tasks to queue
[2025-08-06T15:37:41.099+0000] {logging_mixin.py:137} INFO - [2025-08-06T15:37:41.099+0000] {dagbag.py:538} INFO - Filling up the DagBag from /opt/airflow/dags/crawl_news.py
[2025-08-06T15:37:41.109+0000] {logging_mixin.py:137} INFO - [2025-08-06T15:37:41.107+0000] {dagbag.py:343} ERROR - Failed to import: /opt/airflow/dags/crawl_news.py
Traceback (most recent call last):
  File "/home/airflow/.local/lib/python3.7/site-packages/airflow/models/dagbag.py", line 339, in parse
    loader.exec_module(new_module)
  File "<frozen importlib._bootstrap_external>", line 728, in exec_module
  File "<frozen importlib._bootstrap>", line 219, in _call_with_frames_removed
  File "/opt/airflow/dags/crawl_news.py", line 4, in <module>
    from airflow.operators.bash import PythonOperator
ImportError: cannot import name 'PythonOperator' from 'airflow.operators.bash' (/home/airflow/.local/lib/python3.7/site-packages/airflow/operators/bash.py)
[2025-08-06T15:37:41.109+0000] {processor.py:755} WARNING - No viable dags retrieved from /opt/airflow/dags/crawl_news.py
[2025-08-06T15:37:41.125+0000] {processor.py:175} INFO - Processing /opt/airflow/dags/crawl_news.py took 0.037 seconds
[2025-08-06T15:38:11.393+0000] {processor.py:153} INFO - Started process (PID=1794) to work on /opt/airflow/dags/crawl_news.py
[2025-08-06T15:38:11.393+0000] {processor.py:743} INFO - Processing file /opt/airflow/dags/crawl_news.py for tasks to queue
[2025-08-06T15:38:11.394+0000] {logging_mixin.py:137} INFO - [2025-08-06T15:38:11.394+0000] {dagbag.py:538} INFO - Filling up the DagBag from /opt/airflow/dags/crawl_news.py
[2025-08-06T15:38:11.405+0000] {logging_mixin.py:137} INFO - [2025-08-06T15:38:11.401+0000] {dagbag.py:343} ERROR - Failed to import: /opt/airflow/dags/crawl_news.py
Traceback (most recent call last):
  File "/home/airflow/.local/lib/python3.7/site-packages/airflow/models/dagbag.py", line 339, in parse
    loader.exec_module(new_module)
  File "<frozen importlib._bootstrap_external>", line 728, in exec_module
  File "<frozen importlib._bootstrap>", line 219, in _call_with_frames_removed
  File "/opt/airflow/dags/crawl_news.py", line 4, in <module>
    from airflow.operators.bash import PythonOperator
ImportError: cannot import name 'PythonOperator' from 'airflow.operators.bash' (/home/airflow/.local/lib/python3.7/site-packages/airflow/operators/bash.py)
[2025-08-06T15:38:11.407+0000] {processor.py:755} WARNING - No viable dags retrieved from /opt/airflow/dags/crawl_news.py
[2025-08-06T15:38:11.425+0000] {processor.py:175} INFO - Processing /opt/airflow/dags/crawl_news.py took 0.035 seconds
[2025-08-06T15:38:41.737+0000] {processor.py:153} INFO - Started process (PID=1828) to work on /opt/airflow/dags/crawl_news.py
[2025-08-06T15:38:41.738+0000] {processor.py:743} INFO - Processing file /opt/airflow/dags/crawl_news.py for tasks to queue
[2025-08-06T15:38:41.739+0000] {logging_mixin.py:137} INFO - [2025-08-06T15:38:41.739+0000] {dagbag.py:538} INFO - Filling up the DagBag from /opt/airflow/dags/crawl_news.py
[2025-08-06T15:38:41.761+0000] {logging_mixin.py:137} INFO - [2025-08-06T15:38:41.756+0000] {dagbag.py:343} ERROR - Failed to import: /opt/airflow/dags/crawl_news.py
Traceback (most recent call last):
  File "/home/airflow/.local/lib/python3.7/site-packages/airflow/models/dagbag.py", line 339, in parse
    loader.exec_module(new_module)
  File "<frozen importlib._bootstrap_external>", line 728, in exec_module
  File "<frozen importlib._bootstrap>", line 219, in _call_with_frames_removed
  File "/opt/airflow/dags/crawl_news.py", line 4, in <module>
    from airflow.operators.bash import PythonOperator
ImportError: cannot import name 'PythonOperator' from 'airflow.operators.bash' (/home/airflow/.local/lib/python3.7/site-packages/airflow/operators/bash.py)
[2025-08-06T15:38:41.763+0000] {processor.py:755} WARNING - No viable dags retrieved from /opt/airflow/dags/crawl_news.py
[2025-08-06T15:38:41.780+0000] {processor.py:175} INFO - Processing /opt/airflow/dags/crawl_news.py took 0.045 seconds
[2025-08-06T15:39:12.052+0000] {processor.py:153} INFO - Started process (PID=1878) to work on /opt/airflow/dags/crawl_news.py
[2025-08-06T15:39:12.052+0000] {processor.py:743} INFO - Processing file /opt/airflow/dags/crawl_news.py for tasks to queue
[2025-08-06T15:39:12.052+0000] {logging_mixin.py:137} INFO - [2025-08-06T15:39:12.052+0000] {dagbag.py:538} INFO - Filling up the DagBag from /opt/airflow/dags/crawl_news.py
[2025-08-06T15:39:12.060+0000] {logging_mixin.py:137} INFO - [2025-08-06T15:39:12.059+0000] {dagbag.py:343} ERROR - Failed to import: /opt/airflow/dags/crawl_news.py
Traceback (most recent call last):
  File "/home/airflow/.local/lib/python3.7/site-packages/airflow/models/dagbag.py", line 339, in parse
    loader.exec_module(new_module)
  File "<frozen importlib._bootstrap_external>", line 728, in exec_module
  File "<frozen importlib._bootstrap>", line 219, in _call_with_frames_removed
  File "/opt/airflow/dags/crawl_news.py", line 4, in <module>
    from airflow.operators.bash import PythonOperator
ImportError: cannot import name 'PythonOperator' from 'airflow.operators.bash' (/home/airflow/.local/lib/python3.7/site-packages/airflow/operators/bash.py)
[2025-08-06T15:39:12.060+0000] {processor.py:755} WARNING - No viable dags retrieved from /opt/airflow/dags/crawl_news.py
[2025-08-06T15:39:12.072+0000] {processor.py:175} INFO - Processing /opt/airflow/dags/crawl_news.py took 0.022 seconds
[2025-08-06T15:39:42.371+0000] {processor.py:153} INFO - Started process (PID=1928) to work on /opt/airflow/dags/crawl_news.py
[2025-08-06T15:39:42.379+0000] {processor.py:743} INFO - Processing file /opt/airflow/dags/crawl_news.py for tasks to queue
[2025-08-06T15:39:42.380+0000] {logging_mixin.py:137} INFO - [2025-08-06T15:39:42.379+0000] {dagbag.py:538} INFO - Filling up the DagBag from /opt/airflow/dags/crawl_news.py
[2025-08-06T15:39:42.388+0000] {logging_mixin.py:137} INFO - [2025-08-06T15:39:42.386+0000] {dagbag.py:343} ERROR - Failed to import: /opt/airflow/dags/crawl_news.py
Traceback (most recent call last):
  File "/home/airflow/.local/lib/python3.7/site-packages/airflow/models/dagbag.py", line 339, in parse
    loader.exec_module(new_module)
  File "<frozen importlib._bootstrap_external>", line 728, in exec_module
  File "<frozen importlib._bootstrap>", line 219, in _call_with_frames_removed
  File "/opt/airflow/dags/crawl_news.py", line 4, in <module>
    from airflow.operators.bash import PythonOperator
ImportError: cannot import name 'PythonOperator' from 'airflow.operators.bash' (/home/airflow/.local/lib/python3.7/site-packages/airflow/operators/bash.py)
[2025-08-06T15:39:42.388+0000] {processor.py:755} WARNING - No viable dags retrieved from /opt/airflow/dags/crawl_news.py
[2025-08-06T15:39:42.407+0000] {processor.py:175} INFO - Processing /opt/airflow/dags/crawl_news.py took 0.040 seconds
[2025-08-06T15:40:12.705+0000] {processor.py:153} INFO - Started process (PID=1962) to work on /opt/airflow/dags/crawl_news.py
[2025-08-06T15:40:12.709+0000] {processor.py:743} INFO - Processing file /opt/airflow/dags/crawl_news.py for tasks to queue
[2025-08-06T15:40:12.710+0000] {logging_mixin.py:137} INFO - [2025-08-06T15:40:12.710+0000] {dagbag.py:538} INFO - Filling up the DagBag from /opt/airflow/dags/crawl_news.py
[2025-08-06T15:40:12.720+0000] {logging_mixin.py:137} INFO - [2025-08-06T15:40:12.719+0000] {dagbag.py:343} ERROR - Failed to import: /opt/airflow/dags/crawl_news.py
Traceback (most recent call last):
  File "/home/airflow/.local/lib/python3.7/site-packages/airflow/models/dagbag.py", line 339, in parse
    loader.exec_module(new_module)
  File "<frozen importlib._bootstrap_external>", line 728, in exec_module
  File "<frozen importlib._bootstrap>", line 219, in _call_with_frames_removed
  File "/opt/airflow/dags/crawl_news.py", line 4, in <module>
    from airflow.operators.bash import PythonOperator
ImportError: cannot import name 'PythonOperator' from 'airflow.operators.bash' (/home/airflow/.local/lib/python3.7/site-packages/airflow/operators/bash.py)
[2025-08-06T15:40:12.721+0000] {processor.py:755} WARNING - No viable dags retrieved from /opt/airflow/dags/crawl_news.py
[2025-08-06T15:40:12.738+0000] {processor.py:175} INFO - Processing /opt/airflow/dags/crawl_news.py took 0.036 seconds
[2025-08-06T15:40:43.001+0000] {processor.py:153} INFO - Started process (PID=2012) to work on /opt/airflow/dags/crawl_news.py
[2025-08-06T15:40:43.002+0000] {processor.py:743} INFO - Processing file /opt/airflow/dags/crawl_news.py for tasks to queue
[2025-08-06T15:40:43.004+0000] {logging_mixin.py:137} INFO - [2025-08-06T15:40:43.003+0000] {dagbag.py:538} INFO - Filling up the DagBag from /opt/airflow/dags/crawl_news.py
[2025-08-06T15:40:43.017+0000] {logging_mixin.py:137} INFO - [2025-08-06T15:40:43.015+0000] {dagbag.py:343} ERROR - Failed to import: /opt/airflow/dags/crawl_news.py
Traceback (most recent call last):
  File "/home/airflow/.local/lib/python3.7/site-packages/airflow/models/dagbag.py", line 339, in parse
    loader.exec_module(new_module)
  File "<frozen importlib._bootstrap_external>", line 728, in exec_module
  File "<frozen importlib._bootstrap>", line 219, in _call_with_frames_removed
  File "/opt/airflow/dags/crawl_news.py", line 4, in <module>
    from airflow.operators.bash import PythonOperator
ImportError: cannot import name 'PythonOperator' from 'airflow.operators.bash' (/home/airflow/.local/lib/python3.7/site-packages/airflow/operators/bash.py)
[2025-08-06T15:40:43.018+0000] {processor.py:755} WARNING - No viable dags retrieved from /opt/airflow/dags/crawl_news.py
[2025-08-06T15:40:43.046+0000] {processor.py:175} INFO - Processing /opt/airflow/dags/crawl_news.py took 0.048 seconds
[2025-08-06T15:41:13.334+0000] {processor.py:153} INFO - Started process (PID=2062) to work on /opt/airflow/dags/crawl_news.py
[2025-08-06T15:41:13.335+0000] {processor.py:743} INFO - Processing file /opt/airflow/dags/crawl_news.py for tasks to queue
[2025-08-06T15:41:13.336+0000] {logging_mixin.py:137} INFO - [2025-08-06T15:41:13.336+0000] {dagbag.py:538} INFO - Filling up the DagBag from /opt/airflow/dags/crawl_news.py
[2025-08-06T15:41:13.352+0000] {logging_mixin.py:137} INFO - [2025-08-06T15:41:13.350+0000] {dagbag.py:343} ERROR - Failed to import: /opt/airflow/dags/crawl_news.py
Traceback (most recent call last):
  File "/home/airflow/.local/lib/python3.7/site-packages/airflow/models/dagbag.py", line 339, in parse
    loader.exec_module(new_module)
  File "<frozen importlib._bootstrap_external>", line 728, in exec_module
  File "<frozen importlib._bootstrap>", line 219, in _call_with_frames_removed
  File "/opt/airflow/dags/crawl_news.py", line 4, in <module>
    from airflow.operators.bash import PythonOperator
ImportError: cannot import name 'PythonOperator' from 'airflow.operators.bash' (/home/airflow/.local/lib/python3.7/site-packages/airflow/operators/bash.py)
[2025-08-06T15:41:13.352+0000] {processor.py:755} WARNING - No viable dags retrieved from /opt/airflow/dags/crawl_news.py
[2025-08-06T15:41:13.373+0000] {processor.py:175} INFO - Processing /opt/airflow/dags/crawl_news.py took 0.043 seconds
[2025-08-06T15:41:43.675+0000] {processor.py:153} INFO - Started process (PID=2096) to work on /opt/airflow/dags/crawl_news.py
[2025-08-06T15:41:43.676+0000] {processor.py:743} INFO - Processing file /opt/airflow/dags/crawl_news.py for tasks to queue
[2025-08-06T15:41:43.677+0000] {logging_mixin.py:137} INFO - [2025-08-06T15:41:43.677+0000] {dagbag.py:538} INFO - Filling up the DagBag from /opt/airflow/dags/crawl_news.py
[2025-08-06T15:41:43.686+0000] {logging_mixin.py:137} INFO - [2025-08-06T15:41:43.685+0000] {dagbag.py:343} ERROR - Failed to import: /opt/airflow/dags/crawl_news.py
Traceback (most recent call last):
  File "/home/airflow/.local/lib/python3.7/site-packages/airflow/models/dagbag.py", line 339, in parse
    loader.exec_module(new_module)
  File "<frozen importlib._bootstrap_external>", line 728, in exec_module
  File "<frozen importlib._bootstrap>", line 219, in _call_with_frames_removed
  File "/opt/airflow/dags/crawl_news.py", line 4, in <module>
    from airflow.operators.bash import PythonOperator
ImportError: cannot import name 'PythonOperator' from 'airflow.operators.bash' (/home/airflow/.local/lib/python3.7/site-packages/airflow/operators/bash.py)
[2025-08-06T15:41:43.687+0000] {processor.py:755} WARNING - No viable dags retrieved from /opt/airflow/dags/crawl_news.py
[2025-08-06T15:41:43.706+0000] {processor.py:175} INFO - Processing /opt/airflow/dags/crawl_news.py took 0.035 seconds
[2025-08-06T15:42:13.977+0000] {processor.py:153} INFO - Started process (PID=2146) to work on /opt/airflow/dags/crawl_news.py
[2025-08-06T15:42:13.978+0000] {processor.py:743} INFO - Processing file /opt/airflow/dags/crawl_news.py for tasks to queue
[2025-08-06T15:42:13.979+0000] {logging_mixin.py:137} INFO - [2025-08-06T15:42:13.979+0000] {dagbag.py:538} INFO - Filling up the DagBag from /opt/airflow/dags/crawl_news.py
[2025-08-06T15:42:13.999+0000] {logging_mixin.py:137} INFO - [2025-08-06T15:42:13.990+0000] {dagbag.py:343} ERROR - Failed to import: /opt/airflow/dags/crawl_news.py
Traceback (most recent call last):
  File "/home/airflow/.local/lib/python3.7/site-packages/airflow/models/dagbag.py", line 339, in parse
    loader.exec_module(new_module)
  File "<frozen importlib._bootstrap_external>", line 728, in exec_module
  File "<frozen importlib._bootstrap>", line 219, in _call_with_frames_removed
  File "/opt/airflow/dags/crawl_news.py", line 4, in <module>
    from airflow.operators.bash import PythonOperator
ImportError: cannot import name 'PythonOperator' from 'airflow.operators.bash' (/home/airflow/.local/lib/python3.7/site-packages/airflow/operators/bash.py)
[2025-08-06T15:42:14.002+0000] {processor.py:755} WARNING - No viable dags retrieved from /opt/airflow/dags/crawl_news.py
[2025-08-06T15:42:14.041+0000] {processor.py:175} INFO - Processing /opt/airflow/dags/crawl_news.py took 0.069 seconds
[2025-08-06T15:42:44.338+0000] {processor.py:153} INFO - Started process (PID=2195) to work on /opt/airflow/dags/crawl_news.py
[2025-08-06T15:42:44.340+0000] {processor.py:743} INFO - Processing file /opt/airflow/dags/crawl_news.py for tasks to queue
[2025-08-06T15:42:44.342+0000] {logging_mixin.py:137} INFO - [2025-08-06T15:42:44.342+0000] {dagbag.py:538} INFO - Filling up the DagBag from /opt/airflow/dags/crawl_news.py
[2025-08-06T15:42:44.351+0000] {logging_mixin.py:137} INFO - [2025-08-06T15:42:44.350+0000] {dagbag.py:343} ERROR - Failed to import: /opt/airflow/dags/crawl_news.py
Traceback (most recent call last):
  File "/home/airflow/.local/lib/python3.7/site-packages/airflow/models/dagbag.py", line 339, in parse
    loader.exec_module(new_module)
  File "<frozen importlib._bootstrap_external>", line 728, in exec_module
  File "<frozen importlib._bootstrap>", line 219, in _call_with_frames_removed
  File "/opt/airflow/dags/crawl_news.py", line 4, in <module>
    from airflow.operators.bash import PythonOperator
ImportError: cannot import name 'PythonOperator' from 'airflow.operators.bash' (/home/airflow/.local/lib/python3.7/site-packages/airflow/operators/bash.py)
[2025-08-06T15:42:44.352+0000] {processor.py:755} WARNING - No viable dags retrieved from /opt/airflow/dags/crawl_news.py
[2025-08-06T15:42:44.367+0000] {processor.py:175} INFO - Processing /opt/airflow/dags/crawl_news.py took 0.032 seconds
[2025-08-06T15:43:14.660+0000] {processor.py:153} INFO - Started process (PID=2229) to work on /opt/airflow/dags/crawl_news.py
[2025-08-06T15:43:14.660+0000] {processor.py:743} INFO - Processing file /opt/airflow/dags/crawl_news.py for tasks to queue
[2025-08-06T15:43:14.661+0000] {logging_mixin.py:137} INFO - [2025-08-06T15:43:14.661+0000] {dagbag.py:538} INFO - Filling up the DagBag from /opt/airflow/dags/crawl_news.py
[2025-08-06T15:43:14.673+0000] {logging_mixin.py:137} INFO - [2025-08-06T15:43:14.672+0000] {dagbag.py:343} ERROR - Failed to import: /opt/airflow/dags/crawl_news.py
Traceback (most recent call last):
  File "/home/airflow/.local/lib/python3.7/site-packages/airflow/models/dagbag.py", line 339, in parse
    loader.exec_module(new_module)
  File "<frozen importlib._bootstrap_external>", line 728, in exec_module
  File "<frozen importlib._bootstrap>", line 219, in _call_with_frames_removed
  File "/opt/airflow/dags/crawl_news.py", line 4, in <module>
    from airflow.operators.bash import PythonOperator
ImportError: cannot import name 'PythonOperator' from 'airflow.operators.bash' (/home/airflow/.local/lib/python3.7/site-packages/airflow/operators/bash.py)
[2025-08-06T15:43:14.673+0000] {processor.py:755} WARNING - No viable dags retrieved from /opt/airflow/dags/crawl_news.py
[2025-08-06T15:43:14.691+0000] {processor.py:175} INFO - Processing /opt/airflow/dags/crawl_news.py took 0.033 seconds
[2025-08-06T15:43:44.973+0000] {processor.py:153} INFO - Started process (PID=2278) to work on /opt/airflow/dags/crawl_news.py
[2025-08-06T15:43:44.974+0000] {processor.py:743} INFO - Processing file /opt/airflow/dags/crawl_news.py for tasks to queue
[2025-08-06T15:43:44.978+0000] {logging_mixin.py:137} INFO - [2025-08-06T15:43:44.977+0000] {dagbag.py:538} INFO - Filling up the DagBag from /opt/airflow/dags/crawl_news.py
[2025-08-06T15:43:44.986+0000] {logging_mixin.py:137} INFO - [2025-08-06T15:43:44.984+0000] {dagbag.py:343} ERROR - Failed to import: /opt/airflow/dags/crawl_news.py
Traceback (most recent call last):
  File "/home/airflow/.local/lib/python3.7/site-packages/airflow/models/dagbag.py", line 339, in parse
    loader.exec_module(new_module)
  File "<frozen importlib._bootstrap_external>", line 728, in exec_module
  File "<frozen importlib._bootstrap>", line 219, in _call_with_frames_removed
  File "/opt/airflow/dags/crawl_news.py", line 4, in <module>
    from airflow.operators.bash import PythonOperator
ImportError: cannot import name 'PythonOperator' from 'airflow.operators.bash' (/home/airflow/.local/lib/python3.7/site-packages/airflow/operators/bash.py)
[2025-08-06T15:43:44.986+0000] {processor.py:755} WARNING - No viable dags retrieved from /opt/airflow/dags/crawl_news.py
[2025-08-06T15:43:45.007+0000] {processor.py:175} INFO - Processing /opt/airflow/dags/crawl_news.py took 0.037 seconds
[2025-08-06T15:44:15.285+0000] {processor.py:153} INFO - Started process (PID=2328) to work on /opt/airflow/dags/crawl_news.py
[2025-08-06T15:44:15.286+0000] {processor.py:743} INFO - Processing file /opt/airflow/dags/crawl_news.py for tasks to queue
[2025-08-06T15:44:15.290+0000] {logging_mixin.py:137} INFO - [2025-08-06T15:44:15.290+0000] {dagbag.py:538} INFO - Filling up the DagBag from /opt/airflow/dags/crawl_news.py
[2025-08-06T15:44:15.302+0000] {logging_mixin.py:137} INFO - [2025-08-06T15:44:15.300+0000] {dagbag.py:343} ERROR - Failed to import: /opt/airflow/dags/crawl_news.py
Traceback (most recent call last):
  File "/home/airflow/.local/lib/python3.7/site-packages/airflow/models/dagbag.py", line 339, in parse
    loader.exec_module(new_module)
  File "<frozen importlib._bootstrap_external>", line 728, in exec_module
  File "<frozen importlib._bootstrap>", line 219, in _call_with_frames_removed
  File "/opt/airflow/dags/crawl_news.py", line 4, in <module>
    from airflow.operators.bash import PythonOperator
ImportError: cannot import name 'PythonOperator' from 'airflow.operators.bash' (/home/airflow/.local/lib/python3.7/site-packages/airflow/operators/bash.py)
[2025-08-06T15:44:15.302+0000] {processor.py:755} WARNING - No viable dags retrieved from /opt/airflow/dags/crawl_news.py
[2025-08-06T15:44:15.322+0000] {processor.py:175} INFO - Processing /opt/airflow/dags/crawl_news.py took 0.040 seconds
[2025-08-06T15:44:45.639+0000] {processor.py:153} INFO - Started process (PID=2362) to work on /opt/airflow/dags/crawl_news.py
[2025-08-06T15:44:45.643+0000] {processor.py:743} INFO - Processing file /opt/airflow/dags/crawl_news.py for tasks to queue
[2025-08-06T15:44:45.644+0000] {logging_mixin.py:137} INFO - [2025-08-06T15:44:45.644+0000] {dagbag.py:538} INFO - Filling up the DagBag from /opt/airflow/dags/crawl_news.py
[2025-08-06T15:44:45.653+0000] {logging_mixin.py:137} INFO - [2025-08-06T15:44:45.652+0000] {dagbag.py:343} ERROR - Failed to import: /opt/airflow/dags/crawl_news.py
Traceback (most recent call last):
  File "/home/airflow/.local/lib/python3.7/site-packages/airflow/models/dagbag.py", line 339, in parse
    loader.exec_module(new_module)
  File "<frozen importlib._bootstrap_external>", line 728, in exec_module
  File "<frozen importlib._bootstrap>", line 219, in _call_with_frames_removed
  File "/opt/airflow/dags/crawl_news.py", line 4, in <module>
    from airflow.operators.bash import PythonOperator
ImportError: cannot import name 'PythonOperator' from 'airflow.operators.bash' (/home/airflow/.local/lib/python3.7/site-packages/airflow/operators/bash.py)
[2025-08-06T15:44:45.653+0000] {processor.py:755} WARNING - No viable dags retrieved from /opt/airflow/dags/crawl_news.py
[2025-08-06T15:44:45.669+0000] {processor.py:175} INFO - Processing /opt/airflow/dags/crawl_news.py took 0.034 seconds
[2025-08-06T15:45:15.982+0000] {processor.py:153} INFO - Started process (PID=2412) to work on /opt/airflow/dags/crawl_news.py
[2025-08-06T15:45:15.984+0000] {processor.py:743} INFO - Processing file /opt/airflow/dags/crawl_news.py for tasks to queue
[2025-08-06T15:45:15.984+0000] {logging_mixin.py:137} INFO - [2025-08-06T15:45:15.984+0000] {dagbag.py:538} INFO - Filling up the DagBag from /opt/airflow/dags/crawl_news.py
[2025-08-06T15:45:16.000+0000] {logging_mixin.py:137} INFO - [2025-08-06T15:45:15.998+0000] {dagbag.py:343} ERROR - Failed to import: /opt/airflow/dags/crawl_news.py
Traceback (most recent call last):
  File "/home/airflow/.local/lib/python3.7/site-packages/airflow/models/dagbag.py", line 339, in parse
    loader.exec_module(new_module)
  File "<frozen importlib._bootstrap_external>", line 728, in exec_module
  File "<frozen importlib._bootstrap>", line 219, in _call_with_frames_removed
  File "/opt/airflow/dags/crawl_news.py", line 4, in <module>
    from airflow.operators.bash import PythonOperator
ImportError: cannot import name 'PythonOperator' from 'airflow.operators.bash' (/home/airflow/.local/lib/python3.7/site-packages/airflow/operators/bash.py)
[2025-08-06T15:45:16.000+0000] {processor.py:755} WARNING - No viable dags retrieved from /opt/airflow/dags/crawl_news.py
[2025-08-06T15:45:16.023+0000] {processor.py:175} INFO - Processing /opt/airflow/dags/crawl_news.py took 0.044 seconds
[2025-08-06T15:45:46.347+0000] {processor.py:153} INFO - Started process (PID=2462) to work on /opt/airflow/dags/crawl_news.py
[2025-08-06T15:45:46.348+0000] {processor.py:743} INFO - Processing file /opt/airflow/dags/crawl_news.py for tasks to queue
[2025-08-06T15:45:46.356+0000] {logging_mixin.py:137} INFO - [2025-08-06T15:45:46.356+0000] {dagbag.py:538} INFO - Filling up the DagBag from /opt/airflow/dags/crawl_news.py
[2025-08-06T15:45:46.362+0000] {logging_mixin.py:137} INFO - [2025-08-06T15:45:46.361+0000] {dagbag.py:343} ERROR - Failed to import: /opt/airflow/dags/crawl_news.py
Traceback (most recent call last):
  File "/home/airflow/.local/lib/python3.7/site-packages/airflow/models/dagbag.py", line 339, in parse
    loader.exec_module(new_module)
  File "<frozen importlib._bootstrap_external>", line 728, in exec_module
  File "<frozen importlib._bootstrap>", line 219, in _call_with_frames_removed
  File "/opt/airflow/dags/crawl_news.py", line 4, in <module>
    from airflow.operators.bash import PythonOperator
ImportError: cannot import name 'PythonOperator' from 'airflow.operators.bash' (/home/airflow/.local/lib/python3.7/site-packages/airflow/operators/bash.py)
[2025-08-06T15:45:46.362+0000] {processor.py:755} WARNING - No viable dags retrieved from /opt/airflow/dags/crawl_news.py
[2025-08-06T15:45:46.378+0000] {processor.py:175} INFO - Processing /opt/airflow/dags/crawl_news.py took 0.034 seconds
[2025-08-06T15:46:16.624+0000] {processor.py:153} INFO - Started process (PID=2496) to work on /opt/airflow/dags/crawl_news.py
[2025-08-06T15:46:16.625+0000] {processor.py:743} INFO - Processing file /opt/airflow/dags/crawl_news.py for tasks to queue
[2025-08-06T15:46:16.626+0000] {logging_mixin.py:137} INFO - [2025-08-06T15:46:16.626+0000] {dagbag.py:538} INFO - Filling up the DagBag from /opt/airflow/dags/crawl_news.py
[2025-08-06T15:46:16.637+0000] {logging_mixin.py:137} INFO - [2025-08-06T15:46:16.636+0000] {dagbag.py:343} ERROR - Failed to import: /opt/airflow/dags/crawl_news.py
Traceback (most recent call last):
  File "/home/airflow/.local/lib/python3.7/site-packages/airflow/models/dagbag.py", line 339, in parse
    loader.exec_module(new_module)
  File "<frozen importlib._bootstrap_external>", line 728, in exec_module
  File "<frozen importlib._bootstrap>", line 219, in _call_with_frames_removed
  File "/opt/airflow/dags/crawl_news.py", line 4, in <module>
    from airflow.operators.bash import PythonOperator
ImportError: cannot import name 'PythonOperator' from 'airflow.operators.bash' (/home/airflow/.local/lib/python3.7/site-packages/airflow/operators/bash.py)
[2025-08-06T15:46:16.638+0000] {processor.py:755} WARNING - No viable dags retrieved from /opt/airflow/dags/crawl_news.py
[2025-08-06T15:46:16.659+0000] {processor.py:175} INFO - Processing /opt/airflow/dags/crawl_news.py took 0.038 seconds
[2025-08-06T15:46:46.907+0000] {processor.py:153} INFO - Started process (PID=2546) to work on /opt/airflow/dags/crawl_news.py
[2025-08-06T15:46:46.908+0000] {processor.py:743} INFO - Processing file /opt/airflow/dags/crawl_news.py for tasks to queue
[2025-08-06T15:46:46.909+0000] {logging_mixin.py:137} INFO - [2025-08-06T15:46:46.909+0000] {dagbag.py:538} INFO - Filling up the DagBag from /opt/airflow/dags/crawl_news.py
[2025-08-06T15:46:46.927+0000] {logging_mixin.py:137} INFO - [2025-08-06T15:46:46.926+0000] {dagbag.py:343} ERROR - Failed to import: /opt/airflow/dags/crawl_news.py
Traceback (most recent call last):
  File "/home/airflow/.local/lib/python3.7/site-packages/airflow/models/dagbag.py", line 339, in parse
    loader.exec_module(new_module)
  File "<frozen importlib._bootstrap_external>", line 728, in exec_module
  File "<frozen importlib._bootstrap>", line 219, in _call_with_frames_removed
  File "/opt/airflow/dags/crawl_news.py", line 4, in <module>
    from airflow.operators.bash import PythonOperator
ImportError: cannot import name 'PythonOperator' from 'airflow.operators.bash' (/home/airflow/.local/lib/python3.7/site-packages/airflow/operators/bash.py)
[2025-08-06T15:46:46.927+0000] {processor.py:755} WARNING - No viable dags retrieved from /opt/airflow/dags/crawl_news.py
[2025-08-06T15:46:46.944+0000] {processor.py:175} INFO - Processing /opt/airflow/dags/crawl_news.py took 0.038 seconds
[2025-08-06T15:47:17.357+0000] {processor.py:153} INFO - Started process (PID=2596) to work on /opt/airflow/dags/crawl_news.py
[2025-08-06T15:47:17.359+0000] {processor.py:743} INFO - Processing file /opt/airflow/dags/crawl_news.py for tasks to queue
[2025-08-06T15:47:17.360+0000] {logging_mixin.py:137} INFO - [2025-08-06T15:47:17.360+0000] {dagbag.py:538} INFO - Filling up the DagBag from /opt/airflow/dags/crawl_news.py
[2025-08-06T15:47:17.379+0000] {logging_mixin.py:137} INFO - [2025-08-06T15:47:17.373+0000] {dagbag.py:343} ERROR - Failed to import: /opt/airflow/dags/crawl_news.py
Traceback (most recent call last):
  File "/home/airflow/.local/lib/python3.7/site-packages/airflow/models/dagbag.py", line 339, in parse
    loader.exec_module(new_module)
  File "<frozen importlib._bootstrap_external>", line 728, in exec_module
  File "<frozen importlib._bootstrap>", line 219, in _call_with_frames_removed
  File "/opt/airflow/dags/crawl_news.py", line 4, in <module>
    from airflow.operators.bash import PythonOperator
ImportError: cannot import name 'PythonOperator' from 'airflow.operators.bash' (/home/airflow/.local/lib/python3.7/site-packages/airflow/operators/bash.py)
[2025-08-06T15:47:17.383+0000] {processor.py:755} WARNING - No viable dags retrieved from /opt/airflow/dags/crawl_news.py
[2025-08-06T15:47:17.406+0000] {processor.py:175} INFO - Processing /opt/airflow/dags/crawl_news.py took 0.053 seconds
[2025-08-06T17:21:05.468+0000] {processor.py:153} INFO - Started process (PID=2630) to work on /opt/airflow/dags/crawl_news.py
[2025-08-06T17:21:05.469+0000] {processor.py:743} INFO - Processing file /opt/airflow/dags/crawl_news.py for tasks to queue
[2025-08-06T17:21:05.470+0000] {logging_mixin.py:137} INFO - [2025-08-06T17:21:05.470+0000] {dagbag.py:538} INFO - Filling up the DagBag from /opt/airflow/dags/crawl_news.py
[2025-08-06T17:21:05.479+0000] {logging_mixin.py:137} INFO - [2025-08-06T17:21:05.479+0000] {dagbag.py:343} ERROR - Failed to import: /opt/airflow/dags/crawl_news.py
Traceback (most recent call last):
  File "/home/airflow/.local/lib/python3.7/site-packages/airflow/models/dagbag.py", line 339, in parse
    loader.exec_module(new_module)
  File "<frozen importlib._bootstrap_external>", line 728, in exec_module
  File "<frozen importlib._bootstrap>", line 219, in _call_with_frames_removed
  File "/opt/airflow/dags/crawl_news.py", line 4, in <module>
    from airflow.operators.bash import PythonOperator
ImportError: cannot import name 'PythonOperator' from 'airflow.operators.bash' (/home/airflow/.local/lib/python3.7/site-packages/airflow/operators/bash.py)
[2025-08-06T17:21:05.480+0000] {processor.py:755} WARNING - No viable dags retrieved from /opt/airflow/dags/crawl_news.py
[2025-08-06T17:21:05.496+0000] {processor.py:175} INFO - Processing /opt/airflow/dags/crawl_news.py took 0.029 seconds
[2025-08-06T19:06:49.131+0000] {processor.py:153} INFO - Started process (PID=2664) to work on /opt/airflow/dags/crawl_news.py
[2025-08-06T19:06:49.133+0000] {processor.py:743} INFO - Processing file /opt/airflow/dags/crawl_news.py for tasks to queue
[2025-08-06T19:06:49.134+0000] {logging_mixin.py:137} INFO - [2025-08-06T19:06:49.134+0000] {dagbag.py:538} INFO - Filling up the DagBag from /opt/airflow/dags/crawl_news.py
[2025-08-06T19:06:49.172+0000] {logging_mixin.py:137} INFO - [2025-08-06T19:06:49.163+0000] {dagbag.py:343} ERROR - Failed to import: /opt/airflow/dags/crawl_news.py
Traceback (most recent call last):
  File "/home/airflow/.local/lib/python3.7/site-packages/airflow/models/dagbag.py", line 339, in parse
    loader.exec_module(new_module)
  File "<frozen importlib._bootstrap_external>", line 728, in exec_module
  File "<frozen importlib._bootstrap>", line 219, in _call_with_frames_removed
  File "/opt/airflow/dags/crawl_news.py", line 4, in <module>
    from airflow.operators.bash import PythonOperator
ImportError: cannot import name 'PythonOperator' from 'airflow.operators.bash' (/home/airflow/.local/lib/python3.7/site-packages/airflow/operators/bash.py)
[2025-08-06T19:06:49.173+0000] {processor.py:755} WARNING - No viable dags retrieved from /opt/airflow/dags/crawl_news.py
[2025-08-06T19:06:49.222+0000] {processor.py:175} INFO - Processing /opt/airflow/dags/crawl_news.py took 0.098 seconds
[2025-08-06T20:30:19.553+0000] {processor.py:153} INFO - Started process (PID=2714) to work on /opt/airflow/dags/crawl_news.py
[2025-08-06T20:30:19.554+0000] {processor.py:743} INFO - Processing file /opt/airflow/dags/crawl_news.py for tasks to queue
[2025-08-06T20:30:19.555+0000] {logging_mixin.py:137} INFO - [2025-08-06T20:30:19.555+0000] {dagbag.py:538} INFO - Filling up the DagBag from /opt/airflow/dags/crawl_news.py
[2025-08-06T20:30:19.566+0000] {logging_mixin.py:137} INFO - [2025-08-06T20:30:19.561+0000] {dagbag.py:343} ERROR - Failed to import: /opt/airflow/dags/crawl_news.py
Traceback (most recent call last):
  File "/home/airflow/.local/lib/python3.7/site-packages/airflow/models/dagbag.py", line 339, in parse
    loader.exec_module(new_module)
  File "<frozen importlib._bootstrap_external>", line 728, in exec_module
  File "<frozen importlib._bootstrap>", line 219, in _call_with_frames_removed
  File "/opt/airflow/dags/crawl_news.py", line 4, in <module>
    from airflow.operators.bash import PythonOperator
ImportError: cannot import name 'PythonOperator' from 'airflow.operators.bash' (/home/airflow/.local/lib/python3.7/site-packages/airflow/operators/bash.py)
[2025-08-06T20:30:19.568+0000] {processor.py:755} WARNING - No viable dags retrieved from /opt/airflow/dags/crawl_news.py
[2025-08-06T20:30:19.593+0000] {processor.py:175} INFO - Processing /opt/airflow/dags/crawl_news.py took 0.045 seconds
[2025-08-06T21:59:05.732+0000] {processor.py:153} INFO - Started process (PID=2754) to work on /opt/airflow/dags/crawl_news.py
[2025-08-06T21:59:05.733+0000] {processor.py:743} INFO - Processing file /opt/airflow/dags/crawl_news.py for tasks to queue
[2025-08-06T21:59:05.734+0000] {logging_mixin.py:137} INFO - [2025-08-06T21:59:05.733+0000] {dagbag.py:538} INFO - Filling up the DagBag from /opt/airflow/dags/crawl_news.py
[2025-08-06T21:59:05.744+0000] {logging_mixin.py:137} INFO - [2025-08-06T21:59:05.742+0000] {dagbag.py:343} ERROR - Failed to import: /opt/airflow/dags/crawl_news.py
Traceback (most recent call last):
  File "/home/airflow/.local/lib/python3.7/site-packages/airflow/models/dagbag.py", line 339, in parse
    loader.exec_module(new_module)
  File "<frozen importlib._bootstrap_external>", line 728, in exec_module
  File "<frozen importlib._bootstrap>", line 219, in _call_with_frames_removed
  File "/opt/airflow/dags/crawl_news.py", line 4, in <module>
    from airflow.operators.bash import PythonOperator
ImportError: cannot import name 'PythonOperator' from 'airflow.operators.bash' (/home/airflow/.local/lib/python3.7/site-packages/airflow/operators/bash.py)
[2025-08-06T21:59:05.745+0000] {processor.py:755} WARNING - No viable dags retrieved from /opt/airflow/dags/crawl_news.py
[2025-08-06T21:59:05.771+0000] {processor.py:175} INFO - Processing /opt/airflow/dags/crawl_news.py took 0.041 seconds
[2025-08-06T23:30:19.964+0000] {processor.py:153} INFO - Started process (PID=2798) to work on /opt/airflow/dags/crawl_news.py
[2025-08-06T23:30:19.966+0000] {processor.py:743} INFO - Processing file /opt/airflow/dags/crawl_news.py for tasks to queue
[2025-08-06T23:30:19.966+0000] {logging_mixin.py:137} INFO - [2025-08-06T23:30:19.966+0000] {dagbag.py:538} INFO - Filling up the DagBag from /opt/airflow/dags/crawl_news.py
[2025-08-06T23:30:19.986+0000] {logging_mixin.py:137} INFO - [2025-08-06T23:30:19.982+0000] {dagbag.py:343} ERROR - Failed to import: /opt/airflow/dags/crawl_news.py
Traceback (most recent call last):
  File "/home/airflow/.local/lib/python3.7/site-packages/airflow/models/dagbag.py", line 339, in parse
    loader.exec_module(new_module)
  File "<frozen importlib._bootstrap_external>", line 728, in exec_module
  File "<frozen importlib._bootstrap>", line 219, in _call_with_frames_removed
  File "/opt/airflow/dags/crawl_news.py", line 4, in <module>
    from airflow.operators.bash import PythonOperator
ImportError: cannot import name 'PythonOperator' from 'airflow.operators.bash' (/home/airflow/.local/lib/python3.7/site-packages/airflow/operators/bash.py)
[2025-08-06T23:30:19.987+0000] {processor.py:755} WARNING - No viable dags retrieved from /opt/airflow/dags/crawl_news.py
[2025-08-06T23:30:20.005+0000] {processor.py:175} INFO - Processing /opt/airflow/dags/crawl_news.py took 0.043 seconds
