[2025-08-06T15:34:53.766+0000] {taskinstance.py:1087} INFO - Dependencies all met for <TaskInstance: number_counting_dag.count_10 scheduled__2025-08-05T15:34:39.195887+00:00 [queued]>
[2025-08-06T15:34:53.772+0000] {taskinstance.py:1087} INFO - Dependencies all met for <TaskInstance: number_counting_dag.count_10 scheduled__2025-08-05T15:34:39.195887+00:00 [queued]>
[2025-08-06T15:34:53.772+0000] {taskinstance.py:1283} INFO - 
--------------------------------------------------------------------------------
[2025-08-06T15:34:53.772+0000] {taskinstance.py:1284} INFO - Starting attempt 1 of 2
[2025-08-06T15:34:53.772+0000] {taskinstance.py:1285} INFO - 
--------------------------------------------------------------------------------
[2025-08-06T15:34:53.779+0000] {taskinstance.py:1304} INFO - Executing <Task(BashOperator): count_10> on 2025-08-05 15:34:39.195887+00:00
[2025-08-06T15:34:53.782+0000] {standard_task_runner.py:55} INFO - Started process 1478 to run task
[2025-08-06T15:34:53.785+0000] {standard_task_runner.py:82} INFO - Running: ['***', 'tasks', 'run', 'number_counting_dag', 'count_10', 'scheduled__2025-08-05T15:34:39.195887+00:00', '--job-id', '3', '--raw', '--subdir', 'DAGS_FOLDER/count.py', '--cfg-path', '/tmp/tmp37v55gsb']
[2025-08-06T15:34:53.786+0000] {standard_task_runner.py:83} INFO - Job 3: Subtask count_10
[2025-08-06T15:34:53.822+0000] {task_command.py:389} INFO - Running <TaskInstance: number_counting_dag.count_10 scheduled__2025-08-05T15:34:39.195887+00:00 [running]> on host ac9b20df240e
[2025-08-06T15:34:53.859+0000] {taskinstance.py:1513} INFO - Exporting the following env vars:
AIRFLOW_CTX_DAG_EMAIL=***@example.com
AIRFLOW_CTX_DAG_OWNER=***
AIRFLOW_CTX_DAG_ID=number_counting_dag
AIRFLOW_CTX_TASK_ID=count_10
AIRFLOW_CTX_EXECUTION_DATE=2025-08-05T15:34:39.195887+00:00
AIRFLOW_CTX_TRY_NUMBER=1
AIRFLOW_CTX_DAG_RUN_ID=scheduled__2025-08-05T15:34:39.195887+00:00
[2025-08-06T15:34:53.860+0000] {subprocess.py:63} INFO - Tmp dir root location: 
 /tmp
[2025-08-06T15:34:53.860+0000] {subprocess.py:75} INFO - Running command: ['/bin/bash', '-c', 'for i in {1..10}; do echo $i; sleep 1; done']
[2025-08-06T15:34:53.866+0000] {subprocess.py:86} INFO - Output:
[2025-08-06T15:34:53.868+0000] {subprocess.py:93} INFO - 1
[2025-08-06T15:34:54.872+0000] {subprocess.py:93} INFO - 2
[2025-08-06T15:34:55.876+0000] {subprocess.py:93} INFO - 3
[2025-08-06T15:34:56.880+0000] {subprocess.py:93} INFO - 4
[2025-08-06T15:34:57.882+0000] {subprocess.py:93} INFO - 5
[2025-08-06T15:34:58.884+0000] {subprocess.py:93} INFO - 6
[2025-08-06T15:34:59.886+0000] {subprocess.py:93} INFO - 7
[2025-08-06T15:35:00.890+0000] {subprocess.py:93} INFO - 8
[2025-08-06T15:35:01.893+0000] {subprocess.py:93} INFO - 9
[2025-08-06T15:35:02.899+0000] {subprocess.py:93} INFO - 10
[2025-08-06T15:35:03.904+0000] {subprocess.py:97} INFO - Command exited with return code 0
[2025-08-06T15:35:03.943+0000] {taskinstance.py:1327} INFO - Marking task as SUCCESS. dag_id=number_counting_dag, task_id=count_10, execution_date=20250805T153439, start_date=20250806T153453, end_date=20250806T153503
[2025-08-06T15:35:03.975+0000] {local_task_job.py:159} INFO - Task exited with return code 0
[2025-08-06T15:35:03.993+0000] {taskinstance.py:2582} INFO - 1 downstream tasks scheduled from follow-on schedule check
