[2025-08-09T17:22:30.879+0000] {taskinstance.py:1087} INFO - Dependencies all met for <TaskInstance: number_counting_dag.count_30 scheduled__2025-08-08T17:22:08.605514+00:00 [queued]>
[2025-08-09T17:22:30.884+0000] {taskinstance.py:1087} INFO - Dependencies all met for <TaskInstance: number_counting_dag.count_30 scheduled__2025-08-08T17:22:08.605514+00:00 [queued]>
[2025-08-09T17:22:30.884+0000] {taskinstance.py:1283} INFO - 
--------------------------------------------------------------------------------
[2025-08-09T17:22:30.884+0000] {taskinstance.py:1284} INFO - Starting attempt 1 of 2
[2025-08-09T17:22:30.884+0000] {taskinstance.py:1285} INFO - 
--------------------------------------------------------------------------------
[2025-08-09T17:22:30.890+0000] {taskinstance.py:1304} INFO - Executing <Task(BashOperator): count_30> on 2025-08-08 17:22:08.605514+00:00
[2025-08-09T17:22:30.892+0000] {standard_task_runner.py:55} INFO - Started process 5014 to run task
[2025-08-09T17:22:30.894+0000] {standard_task_runner.py:82} INFO - Running: ['***', 'tasks', 'run', 'number_counting_dag', 'count_30', 'scheduled__2025-08-08T17:22:08.605514+00:00', '--job-id', '14', '--raw', '--subdir', 'DAGS_FOLDER/count.py', '--cfg-path', '/tmp/tmp38k6nltx']
[2025-08-09T17:22:30.895+0000] {standard_task_runner.py:83} INFO - Job 14: Subtask count_30
[2025-08-09T17:22:30.926+0000] {task_command.py:389} INFO - Running <TaskInstance: number_counting_dag.count_30 scheduled__2025-08-08T17:22:08.605514+00:00 [running]> on host ac9b20df240e
[2025-08-09T17:22:30.966+0000] {taskinstance.py:1513} INFO - Exporting the following env vars:
AIRFLOW_CTX_DAG_EMAIL=***@example.com
AIRFLOW_CTX_DAG_OWNER=***
AIRFLOW_CTX_DAG_ID=number_counting_dag
AIRFLOW_CTX_TASK_ID=count_30
AIRFLOW_CTX_EXECUTION_DATE=2025-08-08T17:22:08.605514+00:00
AIRFLOW_CTX_TRY_NUMBER=1
AIRFLOW_CTX_DAG_RUN_ID=scheduled__2025-08-08T17:22:08.605514+00:00
[2025-08-09T17:22:30.967+0000] {subprocess.py:63} INFO - Tmp dir root location: 
 /tmp
[2025-08-09T17:22:30.967+0000] {subprocess.py:75} INFO - Running command: ['/bin/bash', '-c', 'for i in {21..30}; do echo $i; sleep 1; done']
[2025-08-09T17:22:30.973+0000] {subprocess.py:86} INFO - Output:
[2025-08-09T17:22:30.974+0000] {subprocess.py:93} INFO - 21
[2025-08-09T17:22:31.976+0000] {subprocess.py:93} INFO - 22
[2025-08-09T17:22:32.978+0000] {subprocess.py:93} INFO - 23
[2025-08-09T17:22:33.981+0000] {subprocess.py:93} INFO - 24
[2025-08-09T17:22:34.985+0000] {subprocess.py:93} INFO - 25
[2025-08-09T17:22:35.989+0000] {subprocess.py:93} INFO - 26
[2025-08-09T17:22:36.992+0000] {subprocess.py:93} INFO - 27
[2025-08-09T17:22:37.996+0000] {subprocess.py:93} INFO - 28
[2025-08-09T18:45:29.211+0000] {subprocess.py:93} INFO - 29
[2025-08-09T18:45:30.226+0000] {subprocess.py:93} INFO - 30
[2025-08-09T18:45:31.232+0000] {subprocess.py:97} INFO - Command exited with return code 0
[2025-08-09T18:45:31.261+0000] {taskinstance.py:1327} INFO - Marking task as SUCCESS. dag_id=number_counting_dag, task_id=count_30, execution_date=20250808T172208, start_date=20250809T172230, end_date=20250809T184531
[2025-08-09T18:45:31.306+0000] {local_task_job.py:159} INFO - Task exited with return code 0
[2025-08-09T18:45:31.320+0000] {taskinstance.py:2582} INFO - 0 downstream tasks scheduled from follow-on schedule check
